#
# A fatal error has been detected by the Java Runtime Environment:
#
#  EXCEPTION_ACCESS_VIOLATION (0xc0000005) at pc=0x000000006eff6d89, pid=7124, tid=0x0000000000000838
#
# JRE version: Java(TM) SE Runtime Environment (8.0_92-b14) (build 1.8.0_92-b14)
# Java VM: Java HotSpot(TM) 64-Bit Server VM (25.92-b14 mixed mode windows-amd64 compressed oops)
# Problematic frame:
# C  [jfxwebkit.dll+0xb96d89]
#
# Failed to write core dump. Minidumps are not enabled by default on client versions of Windows
#
# If you would like to submit a bug report, please visit:
#   http://bugreport.java.com/bugreport/crash.jsp
# The crash happened outside the Java Virtual Machine in native code.
# See problematic frame for where to report the bug.
#

---------------  T H R E A D  ---------------

Current thread (0x000000000d8c5800):  JavaThread "pool-3-thread-1" [_thread_in_native, id=2104, stack(0x00000000215d0000,0x00000000216d0000)]

siginfo: ExceptionCode=0xc0000005, writing address 0x00000000bbadbeef

Registers:
RAX=0x0000000000000000, RBX=0x0000000029504520, RCX=0x48b4e0fb11b00000, RDX=0x0000000000000002
RSP=0x00000000216cd760, RBP=0x0000000000000000, RSI=0x000000001f119240, RDI=0x00000000216cd830
R8 =0x00000000216cd260, R9 =0x00007ffae64e0000, R10=0x0000000000000000, R11=0x0000000000000200
R12=0x0000000000000002, R13=0x0000000000000000, R14=0x0000000000000001, R15=0x000000007fffffff
RIP=0x000000006eff6d89, EFLAGS=0x0000000000010246

Top of Stack: (sp=0x00000000216cd760)
0x00000000216cd760:   0000000000000000 0000000000000090
0x00000000216cd770:   0000000000000009 00007ffb06605bd4
0x00000000216cd780:   0000000029504520 000000006f0af743
0x00000000216cd790:   0000000000000080 0000000000000000
0x00000000216cd7a0:   000000000000000a 0000000000000000
0x00000000216cd7b0:   fffffffffffffffe 00000000001802e4
0x00000000216cd7c0:   0000000000000000 0000000000000000
0x00000000216cd7d0:   000000001fdff8c0 0000000000000000
0x00000000216cd7e0:   0000000000000000 000000006f02c424
0x00000000216cd7f0:   000000001f0c6560 00000000216cd9d0
0x00000000216cd800:   0000000000000000 00007ffae6546a57
0x00000000216cd810:   0000000000000002 000000006f0b20fd
0x00000000216cd820:   0000000000000011 0000000000000000
0x00000000216cd830:   0000000000000000 000000006efd7bac
0x00000000216cd840:   000000000000000a fffffffffffffffe
0x00000000216cd850:   00000000293b5d80 000000006f002dd7 

Instructions: (pc=0x000000006eff6d89)
0x000000006eff6d69:   83 c4 20 5b c3 cc cc 48 83 ec 28 48 8b 05 e5 b7
0x000000006eff6d79:   8c 01 48 85 c0 74 02 ff d0 e8 a9 07 00 00 33 c0
0x000000006eff6d89:   a3 ef be ad bb 00 00 00 00 48 83 c4 28 48 ff e0
0x000000006eff6d99:   cc cc cc cc cc cc cc 48 83 ec 28 48 8b 05 b5 b7 


Register to memory mapping:

RAX=0x0000000000000000 is an unknown value
RBX=0x0000000029504520 is an unknown value
RCX=0x48b4e0fb11b00000 is an unknown value
RDX=0x0000000000000002 is an unknown value
RSP=0x00000000216cd760 is pointing into the stack for thread: 0x000000000d8c5800
RBP=0x0000000000000000 is an unknown value
RSI=0x000000001f119240 is an unknown value
RDI=0x00000000216cd830 is pointing into the stack for thread: 0x000000000d8c5800
R8 =0x00000000216cd260 is pointing into the stack for thread: 0x000000000d8c5800
R9 =0x00007ffae64e0000 is an unknown value
R10=0x0000000000000000 is an unknown value
R11=0x0000000000000200 is an unknown value
R12=0x0000000000000002 is an unknown value
R13=0x0000000000000000 is an unknown value
R14=0x0000000000000001 is an unknown value
R15=0x000000007fffffff is an unknown value


Stack: [0x00000000215d0000,0x00000000216d0000],  sp=0x00000000216cd760,  free space=1013k
Native frames: (J=compiled Java code, j=interpreted, Vv=VM code, C=native code)

Java frames: (J=compiled Java code, j=interpreted, Vv=VM code)
J 2754  com.sun.webkit.dom.JSObject.callImpl(JILjava/lang/String;[Ljava/lang/Object;Ljava/security/AccessControlContext;)Ljava/lang/Object; (0 bytes) @ 0x000000000f8e8f92 [0x000000000f8e8f00+0x92]
J 2753 C1 com.sun.webkit.dom.JSObject.call(Ljava/lang/String;[Ljava/lang/Object;)Ljava/lang/Object; (17 bytes) @ 0x000000000f8ee5ec [0x000000000f8ee300+0x2ec]
J 2752 C1 com.lynden.gmapsfx.javascript.JavascriptObject.invokeJavascript(Ljava/lang/String;[Ljava/lang/Object;)Ljava/lang/Object; (101 bytes) @ 0x000000000f8ef78c [0x000000000f8eec20+0xb6c]
J 2815 C1 com.lynden.gmapsfx.javascript.object.Marker.setMap(Lcom/lynden/gmapsfx/javascript/object/GoogleMap;)V (16 bytes) @ 0x000000000f9155ec [0x000000000f915340+0x2ac]
j  com.lynden.gmapsfx.javascript.object.GoogleMap.removeMarker(Lcom/lynden/gmapsfx/javascript/object/Marker;)V+2
j  com.busenzo.gui.FXMLDocumentController.clearBusMarkers()V+50
j  com.busenzo.gui.FXMLDocumentController.reloadData()V+24
j  com.busenzo.gui.FXMLDocumentController$1.run()V+4
j  java.util.concurrent.Executors$RunnableAdapter.call()Ljava/lang/Object;+4
j  java.util.concurrent.FutureTask.runAndReset()Z+47
j  java.util.concurrent.ScheduledThreadPoolExecutor$ScheduledFutureTask.access$301(Ljava/util/concurrent/ScheduledThreadPoolExecutor$ScheduledFutureTask;)Z+1
j  java.util.concurrent.ScheduledThreadPoolExecutor$ScheduledFutureTask.run()V+37
j  java.util.concurrent.ThreadPoolExecutor.runWorker(Ljava/util/concurrent/ThreadPoolExecutor$Worker;)V+95
j  java.util.concurrent.ThreadPoolExecutor$Worker.run()V+5
j  java.lang.Thread.run()V+11
v  ~StubRoutines::call_stub

---------------  P R O C E S S  ---------------

Java Threads: ( => current thread )
  0x0000000021061000 JavaThread "URL-Loader-20" daemon [_thread_blocked, id=4372, stack(0x000000002d9b0000,0x000000002dab0000)]
  0x000000002105e000 JavaThread "URL-Loader-19" daemon [_thread_blocked, id=4048, stack(0x000000002d6b0000,0x000000002d7b0000)]
  0x000000002105c800 JavaThread "URL-Loader-18" daemon [_thread_blocked, id=2228, stack(0x000000002d430000,0x000000002d530000)]
  0x0000000021056800 JavaThread "URL-Loader-17" daemon [_thread_blocked, id=416, stack(0x000000002d330000,0x000000002d430000)]
  0x000000002105d000 JavaThread "URL-Loader-16" daemon [_thread_blocked, id=2612, stack(0x000000002d050000,0x000000002d150000)]
  0x000000002105b000 JavaThread "URL-Loader-15" daemon [_thread_blocked, id=1832, stack(0x000000002cb40000,0x000000002cc40000)]
  0x0000000021055800 JavaThread "URL-Loader-14" daemon [_thread_blocked, id=3364, stack(0x000000002c860000,0x000000002c960000)]
  0x0000000021053800 JavaThread "URL-Loader-13" daemon [_thread_blocked, id=3956, stack(0x000000002c760000,0x000000002c860000)]
  0x000000002105a000 JavaThread "URL-Loader-12" daemon [_thread_blocked, id=8968, stack(0x000000002c660000,0x000000002c760000)]
  0x0000000021055000 JavaThread "URL-Loader-11" daemon [_thread_blocked, id=3512, stack(0x000000002c560000,0x000000002c660000)]
  0x0000000021058800 JavaThread "URL-Loader-10" daemon [_thread_blocked, id=4268, stack(0x000000002c2c0000,0x000000002c3c0000)]
  0x0000000021058000 JavaThread "URL-Loader-9" daemon [_thread_blocked, id=7448, stack(0x000000002c160000,0x000000002c260000)]
  0x0000000021059800 JavaThread "URL-Loader-8" daemon [_thread_blocked, id=10112, stack(0x000000002ab50000,0x000000002ac50000)]
  0x000000000c970800 JavaThread "URL-Loader-7" daemon [_thread_blocked, id=7048, stack(0x000000002aa30000,0x000000002ab30000)]
  0x000000000c96d800 JavaThread "URL-Loader-6" daemon [_thread_blocked, id=9896, stack(0x0000000027500000,0x0000000027600000)]
  0x000000000c96d000 JavaThread "URL-Loader-5" daemon [_thread_blocked, id=8820, stack(0x0000000027400000,0x0000000027500000)]
  0x000000000c970000 JavaThread "URL-Loader-4" daemon [_thread_blocked, id=1572, stack(0x0000000027300000,0x0000000027400000)]
  0x000000000c96c000 JavaThread "URL-Loader-3" daemon [_thread_blocked, id=6264, stack(0x0000000027200000,0x0000000027300000)]
  0x000000000c96f000 JavaThread "URL-Loader-2" daemon [_thread_blocked, id=10176, stack(0x0000000026e40000,0x0000000026f40000)]
  0x000000000c96e800 JavaThread "Watchdog-Timer-1" daemon [_thread_blocked, id=7204, stack(0x0000000026880000,0x0000000026980000)]
  0x000000000c96a800 JavaThread "URL-Loader-1" daemon [_thread_blocked, id=9864, stack(0x0000000024c00000,0x0000000024d00000)]
  0x000000000dc87800 JavaThread "Prism Font Disposer" daemon [_thread_blocked, id=7952, stack(0x0000000022f30000,0x0000000023030000)]
=>0x000000000d8c5800 JavaThread "pool-3-thread-1" [_thread_in_native, id=2104, stack(0x00000000215d0000,0x00000000216d0000)]
  0x000000000d97c000 JavaThread "Keep-Alive-Timer" daemon [_thread_blocked, id=6800, stack(0x0000000020200000,0x0000000020300000)]
  0x000000000d765800 JavaThread "Disposer" daemon [_thread_blocked, id=2580, stack(0x000000001fe00000,0x000000001ff00000)]
  0x000000000d64a800 JavaThread "Thread-3" daemon [_thread_in_native, id=6756, stack(0x000000001f1c0000,0x000000001f2c0000)]
  0x000000000d689000 JavaThread "JavaFX-Launcher" [_thread_blocked, id=3908, stack(0x000000001f2c0000,0x000000001f3c0000)]
  0x000000000d5b6000 JavaThread "JavaFX Application Thread" [_thread_in_native, id=4784, stack(0x000000000e200000,0x000000000e300000)]
  0x000000000d5d6800 JavaThread "Thread-1" daemon [_thread_blocked, id=4720, stack(0x000000000e100000,0x000000000e200000)]
  0x000000000d5dd000 JavaThread "QuantumRenderer-0" daemon [_thread_blocked, id=7280, stack(0x000000000dd30000,0x000000000de30000)]
  0x000000000c7e7800 JavaThread "Service Thread" daemon [_thread_blocked, id=4360, stack(0x000000000d330000,0x000000000d430000)]
  0x000000000c758800 JavaThread "C1 CompilerThread3" daemon [_thread_blocked, id=8980, stack(0x000000000d230000,0x000000000d330000)]
  0x000000000c751000 JavaThread "C2 CompilerThread2" daemon [_thread_in_native, id=736, stack(0x000000000d130000,0x000000000d230000)]
  0x000000000c74e000 JavaThread "C2 CompilerThread1" daemon [_thread_in_native, id=7296, stack(0x000000000d030000,0x000000000d130000)]
  0x000000000c749800 JavaThread "C2 CompilerThread0" daemon [_thread_blocked, id=6612, stack(0x000000000cf30000,0x000000000d030000)]
  0x000000000c748000 JavaThread "Attach Listener" daemon [_thread_blocked, id=3848, stack(0x000000000ce30000,0x000000000cf30000)]
  0x000000000c745000 JavaThread "Signal Dispatcher" daemon [_thread_blocked, id=8756, stack(0x000000000cd30000,0x000000000ce30000)]
  0x000000000234d800 JavaThread "Finalizer" daemon [_thread_blocked, id=3208, stack(0x000000000cb20000,0x000000000cc20000)]
  0x0000000002344800 JavaThread "Reference Handler" daemon [_thread_blocked, id=4384, stack(0x000000000c620000,0x000000000c720000)]
  0x0000000002250800 JavaThread "main" [_thread_blocked, id=4960, stack(0x0000000002150000,0x0000000002250000)]

Other Threads:
  0x000000000a849800 VMThread [stack: 0x000000000c520000,0x000000000c620000] [id=3832]
  0x000000000c801800 WatcherThread [stack: 0x000000000d430000,0x000000000d530000] [id=10072]

VM state:not at safepoint (normal execution)

VM Mutex/Monitor currently owned by a thread: None

Heap:
 PSYoungGen      total 57344K, used 50696K [0x0000000780780000, 0x0000000786d80000, 0x00000007c0000000)
  eden space 49152K, 86% used [0x0000000780780000,0x0000000783107a28,0x0000000783780000)
  from space 8192K, 99% used [0x0000000783780000,0x0000000783f7a918,0x0000000783f80000)
  to   space 8192K, 0% used [0x0000000786580000,0x0000000786580000,0x0000000786d80000)
 ParOldGen       total 64000K, used 8372K [0x0000000701600000, 0x0000000705480000, 0x0000000780780000)
  object space 64000K, 13% used [0x0000000701600000,0x0000000701e2d120,0x0000000705480000)
 Metaspace       used 25159K, capacity 26534K, committed 26880K, reserved 1073152K
  class space    used 3455K, capacity 3746K, committed 3840K, reserved 1048576K

Card table byte_map: [0x0000000002710000,0x0000000002d10000] byte_map_base: 0xfffffffffef05000

Marking Bits: (ParMarkBitMap*) 0x00000000716d64f0
 Begin Bits: [0x0000000003910000, 0x00000000068b8000)
 End Bits:   [0x00000000068b8000, 0x0000000009860000)

Polling page: 0x0000000002080000

CodeCache: size=245760Kb used=10411Kb max_used=10415Kb free=235348Kb
 bounds [0x000000000f010000, 0x000000000fa60000, 0x000000001e010000]
 total_blobs=4098 nmethods=3318 adapters=691
 compilation: enabled

Compilation events (10 events):
Event: 14.477 Thread 0x000000000c749800 nmethod 3808 0x000000000f986bd0 code [0x000000000f986d40, 0x000000000f9870b8]
Event: 14.477 Thread 0x000000000c758800 nmethod 3805 0x000000000f5d5bd0 code [0x000000000f5d5d40, 0x000000000f5d6150]
Event: 14.477 Thread 0x000000000c758800 3800       1       java.text.ParsePosition::getErrorIndex (5 bytes)
Event: 14.477 Thread 0x000000000c758800 nmethod 3800 0x000000000f986910 code [0x000000000f986a60, 0x000000000f986b70]
Event: 14.477 Thread 0x000000000c758800 3801       1       java.time.format.DateTimeFormatter::getChronology (5 bytes)
Event: 14.477 Thread 0x000000000c758800 nmethod 3801 0x000000000f960890 code [0x000000000f9609e0, 0x000000000f960af0]
Event: 14.477 Thread 0x000000000c758800 3802       1       java.time.format.DateTimeFormatter::getZone (5 bytes)
Event: 14.477 Thread 0x000000000c758800 nmethod 3802 0x000000000f7e52d0 code [0x000000000f7e5420, 0x000000000f7e5530]
Event: 14.477 Thread 0x000000000c758800 3807       1       com.busenzo.domein.Rit::getVerwachteAankomstTijd (5 bytes)
Event: 14.477 Thread 0x000000000c758800 nmethod 3807 0x000000000f93bb10 code [0x000000000f93bc60, 0x000000000f93bd70]

GC Heap History (8 events):
Event: 3.443 GC heap before
{Heap before GC invocations=1 (full 0):
 PSYoungGen      total 57344K, used 49152K [0x0000000780780000, 0x0000000784780000, 0x00000007c0000000)
  eden space 49152K, 100% used [0x0000000780780000,0x0000000783780000,0x0000000783780000)
  from space 8192K, 0% used [0x0000000783f80000,0x0000000783f80000,0x0000000784780000)
  to   space 8192K, 0% used [0x0000000783780000,0x0000000783780000,0x0000000783f80000)
 ParOldGen       total 131072K, used 0K [0x0000000701600000, 0x0000000709600000, 0x0000000780780000)
  object space 131072K, 0% used [0x0000000701600000,0x0000000701600000,0x0000000709600000)
 Metaspace       used 19001K, capacity 20216K, committed 20480K, reserved 1067008K
  class space    used 2807K, capacity 3047K, committed 3072K, reserved 1048576K
Event: 3.453 GC heap after
Heap after GC invocations=1 (full 0):
 PSYoungGen      total 57344K, used 6224K [0x0000000780780000, 0x0000000784780000, 0x00000007c0000000)
  eden space 49152K, 0% used [0x0000000780780000,0x0000000780780000,0x0000000783780000)
  from space 8192K, 75% used [0x0000000783780000,0x0000000783d94050,0x0000000783f80000)
  to   space 8192K, 0% used [0x0000000783f80000,0x0000000783f80000,0x0000000784780000)
 ParOldGen       total 131072K, used 216K [0x0000000701600000, 0x0000000709600000, 0x0000000780780000)
  object space 131072K, 0% used [0x0000000701600000,0x0000000701636020,0x0000000709600000)
 Metaspace       used 19001K, capacity 20216K, committed 20480K, reserved 1067008K
  class space    used 2807K, capacity 3047K, committed 3072K, reserved 1048576K
}
Event: 3.510 GC heap before
{Heap before GC invocations=2 (full 0):
 PSYoungGen      total 57344K, used 8683K [0x0000000780780000, 0x0000000784780000, 0x00000007c0000000)
  eden space 49152K, 5% used [0x0000000780780000,0x00000007809e6c28,0x0000000783780000)
  from space 8192K, 75% used [0x0000000783780000,0x0000000783d94050,0x0000000783f80000)
  to   space 8192K, 0% used [0x0000000783f80000,0x0000000783f80000,0x0000000784780000)
 ParOldGen       total 131072K, used 216K [0x0000000701600000, 0x0000000709600000, 0x0000000780780000)
  object space 131072K, 0% used [0x0000000701600000,0x0000000701636020,0x0000000709600000)
 Metaspace       used 20025K, capacity 21208K, committed 21296K, reserved 1067008K
  class space    used 2930K, capacity 3163K, committed 3200K, reserved 1048576K
Event: 3.517 GC heap after
Heap after GC invocations=2 (full 0):
 PSYoungGen      total 57344K, used 6210K [0x0000000780780000, 0x0000000787780000, 0x00000007c0000000)
  eden space 49152K, 0% used [0x0000000780780000,0x0000000780780000,0x0000000783780000)
  from space 8192K, 75% used [0x0000000783f80000,0x0000000784590ad0,0x0000000784780000)
  to   space 8192K, 0% used [0x0000000783780000,0x0000000783780000,0x0000000783f80000)
 ParOldGen       total 131072K, used 224K [0x0000000701600000, 0x0000000709600000, 0x0000000780780000)
  object space 131072K, 0% used [0x0000000701600000,0x0000000701638020,0x0000000709600000)
 Metaspace       used 20025K, capacity 21208K, committed 21296K, reserved 1067008K
  class space    used 2930K, capacity 3163K, committed 3200K, reserved 1048576K
}
Event: 3.517 GC heap before
{Heap before GC invocations=3 (full 1):
 PSYoungGen      total 57344K, used 6210K [0x0000000780780000, 0x0000000787780000, 0x00000007c0000000)
  eden space 49152K, 0% used [0x0000000780780000,0x0000000780780000,0x0000000783780000)
  from space 8192K, 75% used [0x0000000783f80000,0x0000000784590ad0,0x0000000784780000)
  to   space 8192K, 0% used [0x0000000783780000,0x0000000783780000,0x0000000783f80000)
 ParOldGen       total 131072K, used 224K [0x0000000701600000, 0x0000000709600000, 0x0000000780780000)
  object space 131072K, 0% used [0x0000000701600000,0x0000000701638020,0x0000000709600000)
 Metaspace       used 20025K, capacity 21208K, committed 21296K, reserved 1067008K
  class space    used 2930K, capacity 3163K, committed 3200K, reserved 1048576K
Event: 3.553 GC heap after
Heap after GC invocations=3 (full 1):
 PSYoungGen      total 57344K, used 0K [0x0000000780780000, 0x0000000787780000, 0x00000007c0000000)
  eden space 49152K, 0% used [0x0000000780780000,0x0000000780780000,0x0000000783780000)
  from space 8192K, 0% used [0x0000000783f80000,0x0000000783f80000,0x0000000784780000)
  to   space 8192K, 0% used [0x0000000783780000,0x0000000783780000,0x0000000783f80000)
 ParOldGen       total 64000K, used 6266K [0x0000000701600000, 0x0000000705480000, 0x0000000780780000)
  object space 64000K, 9% used [0x0000000701600000,0x0000000701c1e938,0x0000000705480000)
 Metaspace       used 20025K, capacity 21208K, committed 21296K, reserved 1067008K
  class space    used 2930K, capacity 3163K, committed 3200K, reserved 1048576K
}
Event: 5.617 GC heap before
{Heap before GC invocations=4 (full 1):
 PSYoungGen      total 57344K, used 49152K [0x0000000780780000, 0x0000000787780000, 0x00000007c0000000)
  eden space 49152K, 100% used [0x0000000780780000,0x0000000783780000,0x0000000783780000)
  from space 8192K, 0% used [0x0000000783f80000,0x0000000783f80000,0x0000000784780000)
  to   space 8192K, 0% used [0x0000000783780000,0x0000000783780000,0x0000000783f80000)
 ParOldGen       total 64000K, used 6266K [0x0000000701600000, 0x0000000705480000, 0x0000000780780000)
  object space 64000K, 9% used [0x0000000701600000,0x0000000701c1e938,0x0000000705480000)
 Metaspace       used 23942K, capacity 25240K, committed 25472K, reserved 1071104K
  class space    used 3370K, capacity 3657K, committed 3712K, reserved 1048576K
Event: 5.623 GC heap after
Heap after GC invocations=4 (full 1):
 PSYoungGen      total 57344K, used 8170K [0x0000000780780000, 0x0000000786d80000, 0x00000007c0000000)
  eden space 49152K, 0% used [0x0000000780780000,0x0000000780780000,0x0000000783780000)
  from space 8192K, 99% used [0x0000000783780000,0x0000000783f7a918,0x0000000783f80000)
  to   space 8192K, 0% used [0x0000000786580000,0x0000000786580000,0x0000000786d80000)
 ParOldGen       total 64000K, used 8372K [0x0000000701600000, 0x0000000705480000, 0x0000000780780000)
  object space 64000K, 13% used [0x0000000701600000,0x0000000701e2d120,0x0000000705480000)
 Metaspace       used 23942K, capacity 25240K, committed 25472K, reserved 1071104K
  class space    used 3370K, capacity 3657K, committed 3712K, reserved 1048576K
}

Deoptimization events (10 events):
Event: 7.399 Thread 0x000000002470e800 Uncommon trap: reason=unstable_if action=reinterpret pc=0x000000000f92d4e4 method=java.util.concurrent.locks.AbstractQueuedSynchronizer$ConditionObject.awaitNanos(J)J @ 53
Event: 9.408 Thread 0x000000000d5b6000 Uncommon trap: reason=unstable_if action=reinterpret pc=0x000000000f6fce7c method=javafx.scene.Node.updateBounds()V @ 116
Event: 9.409 Thread 0x000000000d5b6000 Uncommon trap: reason=unstable_if action=reinterpret pc=0x000000000f6fce7c method=javafx.scene.Node.updateBounds()V @ 116
Event: 9.409 Thread 0x000000000d5b6000 Uncommon trap: reason=unstable_if action=reinterpret pc=0x000000000f6fce7c method=javafx.scene.Node.updateBounds()V @ 116
Event: 9.409 Thread 0x000000000d5b6000 Uncommon trap: reason=unstable_if action=reinterpret pc=0x000000000f6fce7c method=javafx.scene.Node.updateBounds()V @ 116
Event: 9.543 Thread 0x000000000d5b6000 Uncommon trap: reason=unstable_if action=reinterpret pc=0x000000000f45264c method=javafx.scene.Node.updateBounds()V @ 116
Event: 10.376 Thread 0x000000000d5b6000 Uncommon trap: reason=bimorphic action=maybe_recompile pc=0x000000000f2543bc method=java.io.FilterInputStream.read([B)I @ 5
Event: 10.376 Thread 0x000000000d5b6000 Uncommon trap: reason=bimorphic action=maybe_recompile pc=0x000000000f2543bc method=java.io.FilterInputStream.read([B)I @ 5
Event: 10.376 Thread 0x000000000d5b6000 Uncommon trap: reason=bimorphic action=maybe_recompile pc=0x000000000f2543bc method=java.io.FilterInputStream.read([B)I @ 5
Event: 10.379 Thread 0x000000000d5b6000 Uncommon trap: reason=unstable_if action=reinterpret pc=0x000000000f34970c method=com.sun.javafx.iio.png.PNGImageLoader2.copy([B[BIII)V @ 10

Internal exceptions (10 events):
Event: 0.882 Thread 0x000000000d5b6000 Implicit null exception at 0x000000000f383719 to 0x000000000f383759
Event: 3.161 Thread 0x000000000d5b6000 Implicit null exception at 0x000000000f494bad to 0x000000000f494bf5
Event: 3.322 Thread 0x000000000d5b6000 Implicit null exception at 0x000000000f54e271 to 0x000000000f54e8b5
Event: 3.931 Thread 0x000000000c96a800 Implicit null exception at 0x000000000f771f9d to 0x000000000f7720f9
Event: 4.113 Thread 0x000000000d5b6000 Exception <a 'java/io/FileNotFoundException'> (0x0000000781d31930) thrown at [D:\re\workspace\8-2-build-windows-amd64-cygwin\jdk8u92\6642\hotspot\src\share\vm\prims\jni.cpp, line 709]
Event: 4.115 Thread 0x000000000d5b6000 Exception <a 'java/io/FileNotFoundException'> (0x0000000781d44060) thrown at [D:\re\workspace\8-2-build-windows-amd64-cygwin\jdk8u92\6642\hotspot\src\share\vm\prims\jni.cpp, line 709]
Event: 4.117 Thread 0x000000000d5b6000 Exception <a 'java/io/FileNotFoundException'> (0x0000000781d57468) thrown at [D:\re\workspace\8-2-build-windows-amd64-cygwin\jdk8u92\6642\hotspot\src\share\vm\prims\jni.cpp, line 709]
Event: 4.117 Thread 0x000000000d5b6000 Exception <a 'java/io/FileNotFoundException'> (0x0000000781d587a0) thrown at [D:\re\workspace\8-2-build-windows-amd64-cygwin\jdk8u92\6642\hotspot\src\share\vm\prims\jni.cpp, line 709]
Event: 4.174 Thread 0x000000000c96f000 Implicit null exception at 0x000000000f773d68 to 0x000000000f773e21
Event: 5.724 Thread 0x000000000d5b6000 Implicit null exception at 0x000000000f90a03a to 0x000000000f90a2a1

Events (10 events):
Event: 14.470 Thread 0x000000000c758800 flushing nmethod 0x000000000f7f5510
Event: 14.470 Thread 0x000000000c758800 flushing nmethod 0x000000000f7f5b10
Event: 14.471 Thread 0x000000000c758800 flushing nmethod 0x000000000f80cad0
Event: 14.471 Thread 0x000000000c758800 flushing nmethod 0x000000000f84a3d0
Event: 14.476 Thread 0x000000000c758800 flushing nmethod 0x000000000f93b850
Event: 14.476 Thread 0x000000000c758800 flushing nmethod 0x000000000f9606d0
Event: 14.476 Thread 0x000000000c758800 flushing nmethod 0x000000000f976010
Event: 14.476 Thread 0x000000000c758800 flushing nmethod 0x000000000f976350
Event: 14.476 Thread 0x000000000c758800 flushing nmethod 0x000000000f97f210
Event: 14.476 Thread 0x000000000c758800 flushing nmethod 0x000000000f986910


Dynamic libraries:
0x00007ff6db2c0000 - 0x00007ff6db2f7000 	C:\Program Files\Java\jdk1.8.0_92\jre\bin\java.exe
0x00007ffb065e0000 - 0x00007ffb067a1000 	C:\WINDOWS\SYSTEM32\ntdll.dll
0x00007ffb03eb0000 - 0x00007ffb03f5d000 	C:\WINDOWS\system32\KERNEL32.DLL
0x00007ffb02e00000 - 0x00007ffb02fe8000 	C:\WINDOWS\system32\KERNELBASE.dll
0x00007ffb060b0000 - 0x00007ffb06157000 	C:\WINDOWS\system32\ADVAPI32.dll
0x00007ffb04880000 - 0x00007ffb0491d000 	C:\WINDOWS\system32\msvcrt.dll
0x00007ffb03e50000 - 0x00007ffb03eab000 	C:\WINDOWS\system32\sechost.dll
0x00007ffb03d30000 - 0x00007ffb03e4c000 	C:\WINDOWS\system32\RPCRT4.dll
0x00007ffb045d0000 - 0x00007ffb04726000 	C:\WINDOWS\system32\USER32.dll
0x00007ffb06270000 - 0x00007ffb063f6000 	C:\WINDOWS\system32\GDI32.dll
0x00007ffafe0c0000 - 0x00007ffafe334000 	C:\WINDOWS\WinSxS\amd64_microsoft.windows.common-controls_6595b64144ccf1df_6.0.10586.0_none_8c15ae12515e1c22\COMCTL32.dll
0x00007ffb039e0000 - 0x00007ffb03c5d000 	C:\WINDOWS\system32\combase.dll
0x00007ffb03010000 - 0x00007ffb0307a000 	C:\WINDOWS\system32\bcryptPrimitives.dll
0x00007ffb04730000 - 0x00007ffb0476b000 	C:\WINDOWS\system32\IMM32.DLL
0x00007ffb02af0000 - 0x00007ffb02b21000 	C:\Windows\system32\nvinitx.dll
0x00007ffb02ae0000 - 0x00007ffb02aea000 	C:\WINDOWS\SYSTEM32\VERSION.dll
0x000000000f000000 - 0x000000000f006000 	C:\Program Files\NVIDIA Corporation\CoProcManager\_etoured.dll
0x00007ffb00eb0000 - 0x00007ffb00ee2000 	C:\Program Files\NVIDIA Corporation\CoProcManager\nvd3d9wrapx.dll
0x00007ffb04120000 - 0x00007ffb04549000 	C:\WINDOWS\system32\SETUPAPI.dll
0x00007ffb02d50000 - 0x00007ffb02d93000 	C:\WINDOWS\system32\CFGMGR32.dll
0x00007ffb00e80000 - 0x00007ffb00ea2000 	C:\Program Files\NVIDIA Corporation\CoProcManager\nvdxgiwrapx.dll
0x0000000070de0000 - 0x0000000070eb2000 	C:\Program Files\Java\jdk1.8.0_92\jre\bin\msvcr100.dll
0x0000000070ec0000 - 0x0000000071756000 	C:\Program Files\Java\jdk1.8.0_92\jre\bin\server\jvm.dll
0x00007ffb06480000 - 0x00007ffb06488000 	C:\WINDOWS\system32\PSAPI.DLL
0x00007ffb00e30000 - 0x00007ffb00e53000 	C:\WINDOWS\SYSTEM32\WINMM.dll
0x00007ffafea90000 - 0x00007ffafea99000 	C:\WINDOWS\SYSTEM32\WSOCK32.dll
0x00007ffb06400000 - 0x00007ffb0646b000 	C:\WINDOWS\system32\WS2_32.dll
0x00007ffb00dd0000 - 0x00007ffb00dfc000 	C:\WINDOWS\SYSTEM32\winmmbase.dll
0x0000000070d90000 - 0x0000000070d9f000 	C:\Program Files\Java\jdk1.8.0_92\jre\bin\verify.dll
0x0000000070d60000 - 0x0000000070d89000 	C:\Program Files\Java\jdk1.8.0_92\jre\bin\java.dll
0x0000000070d40000 - 0x0000000070d56000 	C:\Program Files\Java\jdk1.8.0_92\jre\bin\zip.dll
0x00007ffb04980000 - 0x00007ffb05edc000 	C:\WINDOWS\system32\SHELL32.dll
0x00007ffb032e0000 - 0x00007ffb03924000 	C:\WINDOWS\system32\windows.storage.dll
0x00007ffb04820000 - 0x00007ffb04872000 	C:\WINDOWS\system32\shlwapi.dll
0x00007ffb02c60000 - 0x00007ffb02c6f000 	C:\WINDOWS\system32\kernel.appcore.dll
0x00007ffb02c90000 - 0x00007ffb02d45000 	C:\WINDOWS\system32\shcore.dll
0x00007ffb02c10000 - 0x00007ffb02c5b000 	C:\WINDOWS\system32\powrprof.dll
0x00007ffb02c70000 - 0x00007ffb02c84000 	C:\WINDOWS\system32\profapi.dll
0x00007ffae64e0000 - 0x00007ffae65cf000 	C:\Program Files\Java\jdk1.8.0_92\jre\bin\msvcr120.dll
0x00007ffaf0190000 - 0x00007ffaf0236000 	C:\Program Files\Java\jdk1.8.0_92\jre\bin\msvcp120.dll
0x0000000070a50000 - 0x0000000070a72000 	C:\Program Files\Java\jdk1.8.0_92\jre\bin\prism_d3d.dll
0x00007ffaf5120000 - 0x00007ffaf5330000 	C:\WINDOWS\system32\d3d9.dll
0x00007ffb001a0000 - 0x00007ffb001c2000 	C:\WINDOWS\SYSTEM32\dwmapi.dll
0x00007ffb01680000 - 0x00007ffb016a7000 	C:\WINDOWS\SYSTEM32\DEVOBJ.dll
0x000000000de30000 - 0x000000000de85000 	C:\WINDOWS\system32\WINTRUST.dll
0x00007ffb02c00000 - 0x00007ffb02c10000 	C:\WINDOWS\system32\MSASN1.dll
0x00007ffb03080000 - 0x00007ffb03248000 	C:\WINDOWS\system32\CRYPT32.dll
0x00007ffb01530000 - 0x00007ffb015c6000 	C:\WINDOWS\system32\uxtheme.dll
0x00007ffafd400000 - 0x00007ffafd525000 	C:\WINDOWS\SYSTEM32\nvumdshimx.dll
0x00007ffadde40000 - 0x00007ffadea60000 	C:\WINDOWS\system32\igdumd64.dll
0x0000000070a00000 - 0x0000000070a43000 	C:\Program Files\Java\jdk1.8.0_92\jre\bin\glass.dll
0x00007ffb06160000 - 0x00007ffb0626b000 	C:\WINDOWS\system32\COMDLG32.dll
0x00007ffb03250000 - 0x00007ffb032d6000 	C:\WINDOWS\system32\FirewallAPI.dll
0x00007ffb02ff0000 - 0x00007ffb03007000 	C:\WINDOWS\system32\NETAPI32.dll
0x00007ffb06490000 - 0x00007ffb065d3000 	C:\WINDOWS\system32\ole32.dll
0x00007ffb03c60000 - 0x00007ffb03d21000 	C:\WINDOWS\system32\OLEAUT32.dll
0x00007ffb00d70000 - 0x00007ffb00d7c000 	C:\WINDOWS\SYSTEM32\DAVHLPR.DLL
0x00007ffb01930000 - 0x00007ffb01962000 	C:\WINDOWS\SYSTEM32\fwbase.dll
0x00007ffb03f60000 - 0x00007ffb040ba000 	C:\WINDOWS\system32\MSCTF.dll
0x000000006e460000 - 0x00000000709f1000 	C:\Program Files\Java\jdk1.8.0_92\jre\bin\jfxwebkit.dll
0x00007ffb02530000 - 0x00007ffb02547000 	C:\WINDOWS\SYSTEM32\CRYPTSP.dll
0x00007ffb021c0000 - 0x00007ffb021f4000 	C:\WINDOWS\system32\rsaenh.dll
0x00007ffb02b30000 - 0x00007ffb02b59000 	C:\WINDOWS\SYSTEM32\bcrypt.dll
0x00007ffb02650000 - 0x00007ffb0265b000 	C:\WINDOWS\SYSTEM32\CRYPTBASE.dll
0x0000000070d20000 - 0x0000000070d3a000 	C:\Program Files\Java\jdk1.8.0_92\jre\bin\net.dll
0x00007ffb02480000 - 0x00007ffb024dc000 	C:\WINDOWS\system32\mswsock.dll
0x0000000070d00000 - 0x0000000070d11000 	C:\Program Files\Java\jdk1.8.0_92\jre\bin\nio.dll
0x000000006e440000 - 0x000000006e454000 	C:\Program Files\Java\jdk1.8.0_92\jre\bin\javafx_font.dll
0x00007ffaf84e0000 - 0x00007ffaf8740000 	C:\WINDOWS\SYSTEM32\dwrite.dll
0x00007ffb04770000 - 0x00007ffb04817000 	C:\WINDOWS\system32\clbcatq.dll
0x00007ffafc1c0000 - 0x00007ffafc371000 	C:\WINDOWS\SYSTEM32\WindowsCodecs.dll
0x00007ffaf6840000 - 0x00007ffaf688a000 	C:\WINDOWS\system32\dataexchange.dll
0x00007ffaffee0000 - 0x00007ffb00188000 	C:\WINDOWS\system32\d3d11.dll
0x00007ffb00fb0000 - 0x00007ffb01093000 	C:\WINDOWS\system32\dcomp.dll
0x00007ffaffe30000 - 0x00007ffaffed2000 	C:\WINDOWS\system32\dxgi.dll
0x00007ffb016d0000 - 0x00007ffb017d0000 	C:\WINDOWS\system32\twinapi.appcore.dll
0x00007ffafd910000 - 0x00007ffafd944000 	C:\Program Files\Common Files\Microsoft Shared\Ink\rtscom.dll
0x000000006e410000 - 0x000000006e434000 	C:\Program Files\Java\jdk1.8.0_92\jre\bin\sunec.dll
0x000000006e3f0000 - 0x000000006e401000 	C:\Program Files\Java\jdk1.8.0_92\jre\bin\prism_common.dll
0x00007ffb02310000 - 0x00007ffb0232f000 	C:\WINDOWS\SYSTEM32\USERENV.dll
0x00007ffaff390000 - 0x00007ffaff3c8000 	C:\WINDOWS\SYSTEM32\IPHLPAPI.DLL
0x00007ffb06470000 - 0x00007ffb06478000 	C:\WINDOWS\system32\NSI.dll
0x00007ffafabd0000 - 0x00007ffafabe6000 	C:\WINDOWS\SYSTEM32\dhcpcsvc6.DLL
0x00007ffafab60000 - 0x00007ffafab7a000 	C:\WINDOWS\SYSTEM32\dhcpcsvc.DLL
0x000000006e3e0000 - 0x000000006e3eb000 	C:\Program Files\Java\jdk1.8.0_92\jre\bin\sunmscapi.dll
0x00007ffaf16f0000 - 0x00007ffaf1706000 	C:\WINDOWS\system32\napinsp.dll
0x00007ffaf2bc0000 - 0x00007ffaf2bda000 	C:\WINDOWS\system32\pnrpnsp.dll
0x00007ffb00aa0000 - 0x00007ffb00ab8000 	C:\WINDOWS\system32\NLAapi.dll
0x00007ffb015d0000 - 0x00007ffb0167a000 	C:\WINDOWS\SYSTEM32\DNSAPI.dll
0x00007ffaf57f0000 - 0x00007ffaf57fd000 	C:\WINDOWS\System32\winrnr.dll
0x00007ffafeb50000 - 0x00007ffafeb65000 	C:\WINDOWS\System32\wshbth.dll
0x00007ffaf67f0000 - 0x00007ffaf67fa000 	C:\Windows\System32\rasadhlp.dll
0x00007ffafac40000 - 0x00007ffafaca7000 	C:\WINDOWS\System32\fwpuclnt.dll
0x00007ffae4bd0000 - 0x00007ffae4d5c000 	C:\WINDOWS\SYSTEM32\dbghelp.dll

VM Arguments:
jvm_args: -Dfile.encoding=UTF-8 
java_command: com.busenzo.gui.BusTracker
java_class_path (initial): C:\Users\Jean Paul\Documents\NetBeansProjects\busTracking\Bus-Tracker\GMapsFX-2.0.5-SNAPSHOT.jar;C:\Program Files\NetBeans 8.1\platform\modules\ext\junit-4.12.jar;C:\Users\Jean Paul\Documents\NetBeansProjects\busTracking\Bus-Tracker\json-simple-1.1.1.jar;C:\Users\Jean Paul\Documents\NetBeansProjects\busTracking\Bus-Tracker\build\classes
Launcher Type: SUN_STANDARD

Environment Variables:
PATH=C:\ProgramData\Oracle\Java\javapath;C:\app\JeanPaul\product\12.1.0\dbhome_2\bin;C:\app\jeanpaul\product\12.1.0\dbhome_1\bin;C:\Program Files (x86)\NVIDIA Corporation\PhysX\Common;C:\WINDOWS\system32;C:\WINDOWS;C:\WINDOWS\System32\Wbem;C:\WINDOWS\System32\WindowsPowerShell\v1.0\;C:\Program Files (x86)\Windows Kits\8.1\Windows Performance Toolkit\;C:\Program Files\Microsoft SQL Server\110\Tools\Binn\;C:\Users\Jean Paul\.dnx\bin;C:\Program Files\Microsoft DNX\Dnvm\;C:\Program Files\Microsoft SQL Server\120\Tools\Binn\;C:\Program Files\Microsoft\Web Platform Installer\;C:\Program Files (x86)\Windows Live\Shared;C:\Program Files (x86)\Bitvise SSH Client;C:\Program Files (x86)\GNU\GnuPG\pub;C:\Program Files (x86)\Skype\Phone\;C:\Go\bin;C:\Users\Jean Paul\.dnx\bin;C:\Users\Jean Paul\AppData\Local\atom\bin
USERNAME=Jean Paul
OS=Windows_NT
PROCESSOR_IDENTIFIER=Intel64 Family 6 Model 42 Stepping 7, GenuineIntel



---------------  S Y S T E M  ---------------

OS: Windows 10.0 , 64 bit Build 10586 (10.0.10586.0)

CPU:total 8 (4 cores per cpu, 2 threads per core) family 6 model 42 stepping 7, cmov, cx8, fxsr, mmx, sse, sse2, sse3, ssse3, sse4.1, sse4.2, popcnt, avx, aes, clmul, ht, tsc, tscinvbit

Memory: 4k page, physical 12492496k(7664332k free), swap 14393040k(9117444k free)

vm_info: Java HotSpot(TM) 64-Bit Server VM (25.92-b14) for windows-amd64 JRE (1.8.0_92-b14), built on Mar 31 2016 21:03:04 by "java_re" with MS VC++ 10.0 (VS2010)

time: Wed May 25 11:39:34 2016
elapsed time: 14 seconds (0d 0h 0m 14s)

