#
# A fatal error has been detected by the Java Runtime Environment:
#
#  EXCEPTION_ACCESS_VIOLATION (0xc0000005) at pc=0x000000006e1d6d89, pid=6360, tid=0x0000000000002bc0
#
# JRE version: Java(TM) SE Runtime Environment (8.0_92-b14) (build 1.8.0_92-b14)
# Java VM: Java HotSpot(TM) 64-Bit Server VM (25.92-b14 mixed mode windows-amd64 compressed oops)
# Problematic frame:
# C  [jfxwebkit.dll+0xb96d89]
#
# Failed to write core dump. Minidumps are not enabled by default on client versions of Windows
#
# If you would like to submit a bug report, please visit:
#   http://bugreport.java.com/bugreport/crash.jsp
# The crash happened outside the Java Virtual Machine in native code.
# See problematic frame for where to report the bug.
#

---------------  T H R E A D  ---------------

Current thread (0x000000000d60e800):  JavaThread "JavaFX Application Thread" [_thread_in_native, id=11200, stack(0x000000000e240000,0x000000000e340000)]

siginfo: ExceptionCode=0xc0000005, writing address 0x00000000bbadbeef

Registers:
RAX=0x0000000000000000, RBX=0x000000000efef9b0, RCX=0x2fc71383ac300000, RDX=0x0000000000000002
RSP=0x000000000e33d530, RBP=0x000000001f21a650, RSI=0x000000000efef9b0, RDI=0x000000000e33d5b8
R8 =0x000000000e33d030, R9 =0x00007ffd43ce0000, R10=0x0000000000000000, R11=0x0000000000000200
R12=0x0000000000000002, R13=0x0000000024fb4ab0, R14=0x000000000e33d7f0, R15=0x0000000000000001
RIP=0x000000006e1d6d89, EFLAGS=0x0000000000010246

Top of Stack: (sp=0x000000000e33d530)
0x000000000e33d530:   000000001f226280 00000007c038a880
0x000000000e33d540:   00000007c00f2210 00000007c00f2210
0x000000000e33d550:   fffffffffffffffe 000000006e22756f
0x000000000e33d560:   000000000efef9b0 000000006e1e2dd7
0x000000000e33d570:   0000000000000000 000000006ff4ceb7
0x000000000e33d580:   000000001f21a650 000000006e226f0a
0x000000000e33d590:   000000000efef9b0 000000006ff45750
0x000000000e33d5a0:   000000001f21a650 000000006e22a17e
0x000000000e33d5b0:   fffffffffffffffe 000000001f21a650
0x000000000e33d5c0:   000000000e33d670 00000000701ab03b
0x000000000e33d5d0:   000000000e33d7d8 000000006e290fb7
0x000000000e33d5e0:   000000000e33d7d8 000000000e33d7d8
0x000000000e33d5f0:   000000000efef9b0 00000000001802b0
0x000000000e33d600:   00000000ffffffff 0000000000000040
0x000000000e33d610:   0000000000180cc0 000000000d60e800
0x000000000e33d620:   00000000ffffffff 0000000000000000 

Instructions: (pc=0x000000006e1d6d89)
0x000000006e1d6d69:   83 c4 20 5b c3 cc cc 48 83 ec 28 48 8b 05 e5 b7
0x000000006e1d6d79:   8c 01 48 85 c0 74 02 ff d0 e8 a9 07 00 00 33 c0
0x000000006e1d6d89:   a3 ef be ad bb 00 00 00 00 48 83 c4 28 48 ff e0
0x000000006e1d6d99:   cc cc cc cc cc cc cc 48 83 ec 28 48 8b 05 b5 b7 


Register to memory mapping:

RAX=0x0000000000000000 is an unknown value
RBX=0x000000000efef9b0 is an unknown value
RCX=0x2fc71383ac300000 is an unknown value
RDX=0x0000000000000002 is an unknown value
RSP=0x000000000e33d530 is pointing into the stack for thread: 0x000000000d60e800
RBP=0x000000001f21a650 is an unknown value
RSI=0x000000000efef9b0 is an unknown value
RDI=0x000000000e33d5b8 is pointing into the stack for thread: 0x000000000d60e800
R8 =0x000000000e33d030 is pointing into the stack for thread: 0x000000000d60e800
R9 =0x00007ffd43ce0000 is an unknown value
R10=0x0000000000000000 is an unknown value
R11=0x0000000000000200 is an unknown value
R12=0x0000000000000002 is an unknown value
R13=0x0000000024fb4ab0 is an unknown value
R14=0x000000000e33d7f0 is pointing into the stack for thread: 0x000000000d60e800
R15=0x0000000000000001 is an unknown value


Stack: [0x000000000e240000,0x000000000e340000],  sp=0x000000000e33d530,  free space=1013k
Native frames: (J=compiled Java code, j=interpreted, Vv=VM code, C=native code)
C  [jfxwebkit.dll+0xb96d89]
C  [jfxwebkit.dll+0xbe756f]
C  [jfxwebkit.dll+0xbe6f0a]
C  [jfxwebkit.dll+0xc50fb7]
C  [jfxwebkit.dll+0xbe4495]
C  [jfxwebkit.dll+0xc2a8cc]
C  [jfxwebkit.dll+0x895a55]
C  0x000000000f888990

Java frames: (J=compiled Java code, j=interpreted, Vv=VM code)
J 2655  com.sun.webkit.dom.JSObject.callImpl(JILjava/lang/String;[Ljava/lang/Object;Ljava/security/AccessControlContext;)Ljava/lang/Object; (0 bytes) @ 0x000000000f888912 [0x000000000f888880+0x92]
J 2654 C1 com.sun.webkit.dom.JSObject.call(Ljava/lang/String;[Ljava/lang/Object;)Ljava/lang/Object; (17 bytes) @ 0x000000000f8912ec [0x000000000f891000+0x2ec]
J 2653 C1 com.lynden.gmapsfx.javascript.JavascriptObject.invokeJavascript(Ljava/lang/String;[Ljava/lang/Object;)Ljava/lang/Object; (101 bytes) @ 0x000000000f89048c [0x000000000f88f920+0xb6c]
J 2710 C1 com.lynden.gmapsfx.javascript.object.Marker.setMap(Lcom/lynden/gmapsfx/javascript/object/GoogleMap;)V (16 bytes) @ 0x000000000f8b082c [0x000000000f8b0580+0x2ac]
j  com.lynden.gmapsfx.javascript.object.GoogleMap.removeMarker(Lcom/lynden/gmapsfx/javascript/object/Marker;)V+2
j  com.busenzo.gui.FXMLDocumentController.clearBusMarkers()V+50
j  com.busenzo.gui.FXMLDocumentController.access$700(Lcom/busenzo/gui/FXMLDocumentController;)V+1
j  com.busenzo.gui.FXMLDocumentController$6.run()V+7
J 3344 C1 com.sun.javafx.application.PlatformImpl$$Lambda$50.run()Ljava/lang/Object; (8 bytes) @ 0x000000000f33a2cc [0x000000000f33a180+0x14c]
v  ~StubRoutines::call_stub
J 2462  java.security.AccessController.doPrivileged(Ljava/security/PrivilegedAction;Ljava/security/AccessControlContext;)Ljava/lang/Object; (0 bytes) @ 0x000000000f8004e6 [0x000000000f800480+0x66]
J 3153 C1 com.sun.javafx.application.PlatformImpl.lambda$runLater$174(Ljava/lang/Runnable;Ljava/security/AccessControlContext;)V (38 bytes) @ 0x000000000f9cbc74 [0x000000000f9cb8e0+0x394]
J 3152 C1 com.sun.javafx.application.PlatformImpl$$Lambda$49.run()V (12 bytes) @ 0x000000000f9cb18c [0x000000000f9cb100+0x8c]
J 2993 C1 com.sun.glass.ui.InvokeLaterDispatcher$Future.run()V (91 bytes) @ 0x000000000f1d8854 [0x000000000f1d8740+0x114]
v  ~StubRoutines::call_stub
j  com.sun.glass.ui.win.WinApplication._runLoop(Ljava/lang/Runnable;)V+0
j  com.sun.glass.ui.win.WinApplication.lambda$null$148(ILjava/lang/Runnable;)V+8
j  com.sun.glass.ui.win.WinApplication$$Lambda$38.run()V+12
j  java.lang.Thread.run()V+11
v  ~StubRoutines::call_stub

---------------  P R O C E S S  ---------------

Java Threads: ( => current thread )
  0x0000000024548800 JavaThread "URL-Loader-20" daemon [_thread_blocked, id=8096, stack(0x000000002d7a0000,0x000000002d8a0000)]
  0x000000002454c000 JavaThread "URL-Loader-19" daemon [_thread_blocked, id=9712, stack(0x000000002d6a0000,0x000000002d7a0000)]
  0x0000000024541000 JavaThread "URL-Loader-18" daemon [_thread_blocked, id=10192, stack(0x000000002d400000,0x000000002d500000)]
  0x0000000024540000 JavaThread "URL-Loader-17" daemon [_thread_blocked, id=5000, stack(0x000000002d300000,0x000000002d400000)]
  0x0000000024546000 JavaThread "URL-Loader-16" daemon [_thread_blocked, id=8928, stack(0x000000002d100000,0x000000002d200000)]
  0x0000000024547000 JavaThread "URL-Loader-15" daemon [_thread_blocked, id=2088, stack(0x000000002c9d0000,0x000000002cad0000)]
  0x0000000024542800 JavaThread "URL-Loader-14" daemon [_thread_blocked, id=8280, stack(0x000000002c810000,0x000000002c910000)]
  0x0000000024541800 JavaThread "URL-Loader-13" daemon [_thread_blocked, id=7260, stack(0x000000002c6f0000,0x000000002c7f0000)]
  0x0000000024545800 JavaThread "URL-Loader-12" daemon [_thread_blocked, id=9416, stack(0x000000002c5f0000,0x000000002c6f0000)]
  0x0000000024544800 JavaThread "URL-Loader-11" daemon [_thread_blocked, id=1524, stack(0x000000002c4f0000,0x000000002c5f0000)]
  0x0000000024544000 JavaThread "URL-Loader-10" daemon [_thread_blocked, id=8924, stack(0x000000002c250000,0x000000002c350000)]
  0x0000000024543000 JavaThread "URL-Loader-9" daemon [_thread_blocked, id=7264, stack(0x000000002c0f0000,0x000000002c1f0000)]
  0x00000000206a2800 JavaThread "URL-Loader-8" daemon [_thread_blocked, id=6392, stack(0x000000002ab20000,0x000000002ac20000)]
  0x00000000206a9800 JavaThread "URL-Loader-7" daemon [_thread_blocked, id=10988, stack(0x000000002aa00000,0x000000002ab00000)]
  0x00000000206a8800 JavaThread "URL-Loader-6" daemon [_thread_blocked, id=3472, stack(0x00000000274d0000,0x00000000275d0000)]
  0x00000000206a5800 JavaThread "URL-Loader-5" daemon [_thread_blocked, id=9376, stack(0x00000000273d0000,0x00000000274d0000)]
  0x00000000206a8000 JavaThread "URL-Loader-4" daemon [_thread_blocked, id=7352, stack(0x00000000272d0000,0x00000000273d0000)]
  0x00000000206a4000 JavaThread "URL-Loader-3" daemon [_thread_blocked, id=5732, stack(0x00000000271d0000,0x00000000272d0000)]
  0x00000000206a7000 JavaThread "URL-Loader-2" daemon [_thread_blocked, id=7052, stack(0x0000000026e10000,0x0000000026f10000)]
  0x00000000206a5000 JavaThread "Watchdog-Timer-1" daemon [_thread_blocked, id=2476, stack(0x0000000026870000,0x0000000026970000)]
  0x00000000206a6800 JavaThread "URL-Loader-1" daemon [_thread_blocked, id=6624, stack(0x00000000249b0000,0x0000000024ab0000)]
  0x000000000db38800 JavaThread "Prism Font Disposer" daemon [_thread_blocked, id=9132, stack(0x0000000022ee0000,0x0000000022fe0000)]
  0x000000000dd7e000 JavaThread "pool-3-thread-1" [_thread_blocked, id=3780, stack(0x00000000216d0000,0x00000000217d0000)]
  0x000000000d934000 JavaThread "Keep-Alive-Timer" daemon [_thread_blocked, id=9568, stack(0x0000000020300000,0x0000000020400000)]
  0x000000000d7b3000 JavaThread "Disposer" daemon [_thread_blocked, id=376, stack(0x000000001ff00000,0x0000000020000000)]
  0x000000000d67e800 JavaThread "Thread-3" daemon [_thread_in_native, id=5084, stack(0x000000001f2c0000,0x000000001f3c0000)]
  0x000000000d678800 JavaThread "JavaFX-Launcher" [_thread_blocked, id=9084, stack(0x000000001f3c0000,0x000000001f4c0000)]
=>0x000000000d60e800 JavaThread "JavaFX Application Thread" [_thread_in_native, id=11200, stack(0x000000000e240000,0x000000000e340000)]
  0x000000000d61d800 JavaThread "Thread-1" daemon [_thread_blocked, id=5928, stack(0x000000000e0c0000,0x000000000e1c0000)]
  0x000000000d612800 JavaThread "QuantumRenderer-0" daemon [_thread_blocked, id=4168, stack(0x000000000dd80000,0x000000000de80000)]
  0x000000000c842800 JavaThread "Service Thread" daemon [_thread_blocked, id=5216, stack(0x000000000d380000,0x000000000d480000)]
  0x000000000c7b7000 JavaThread "C1 CompilerThread3" daemon [_thread_blocked, id=96, stack(0x000000000d280000,0x000000000d380000)]
  0x000000000c7b3800 JavaThread "C2 CompilerThread2" daemon [_thread_in_native, id=3668, stack(0x000000000d180000,0x000000000d280000)]
  0x000000000c7b2000 JavaThread "C2 CompilerThread1" daemon [_thread_blocked, id=3600, stack(0x000000000d080000,0x000000000d180000)]
  0x000000000c7aa000 JavaThread "C2 CompilerThread0" daemon [_thread_blocked, id=4000, stack(0x000000000cf80000,0x000000000d080000)]
  0x000000000c7a9000 JavaThread "Attach Listener" daemon [_thread_blocked, id=11260, stack(0x000000000ce80000,0x000000000cf80000)]
  0x000000000c7a6000 JavaThread "Signal Dispatcher" daemon [_thread_blocked, id=8104, stack(0x000000000cd80000,0x000000000ce80000)]
  0x0000000002369800 JavaThread "Finalizer" daemon [_thread_blocked, id=9324, stack(0x000000000cb80000,0x000000000cc80000)]
  0x0000000002366000 JavaThread "Reference Handler" daemon [_thread_blocked, id=10792, stack(0x000000000c680000,0x000000000c780000)]
  0x0000000002270800 JavaThread "main" [_thread_blocked, id=9640, stack(0x0000000002170000,0x0000000002270000)]

Other Threads:
  0x000000000a8a9800 VMThread [stack: 0x000000000c580000,0x000000000c680000] [id=7004]
  0x000000000c7de000 WatcherThread [stack: 0x000000000d480000,0x000000000d580000] [id=920]

VM state:not at safepoint (normal execution)

VM Mutex/Monitor currently owned by a thread: None

Heap:
 PSYoungGen      total 94208K, used 39757K [0x0000000780780000, 0x0000000786e00000, 0x00000007c0000000)
  eden space 86016K, 36% used [0x0000000780780000,0x00000007826565e8,0x0000000785b80000)
  from space 8192K, 99% used [0x0000000786600000,0x0000000786dfcfc8,0x0000000786e00000)
  to   space 8192K, 0% used [0x0000000785e00000,0x0000000785e00000,0x0000000786600000)
 ParOldGen       total 63488K, used 13689K [0x0000000701600000, 0x0000000705400000, 0x0000000780780000)
  object space 63488K, 21% used [0x0000000701600000,0x000000070235e4a0,0x0000000705400000)
 Metaspace       used 25525K, capacity 26938K, committed 27136K, reserved 1073152K
  class space    used 3488K, capacity 3770K, committed 3840K, reserved 1048576K

Card table byte_map: [0x0000000002730000,0x0000000002d30000] byte_map_base: 0xfffffffffef25000

Marking Bits: (ParMarkBitMap*) 0x00000000706a64f0
 Begin Bits: [0x0000000003930000, 0x00000000068d8000)
 End Bits:   [0x00000000068d8000, 0x0000000009880000)

Polling page: 0x0000000000910000

CodeCache: size=245760Kb used=11312Kb max_used=11312Kb free=234447Kb
 bounds [0x000000000f010000, 0x000000000fb30000, 0x000000001e010000]
 total_blobs=4494 nmethods=3704 adapters=701
 compilation: enabled

Compilation events (10 events):
Event: 12.176 Thread 0x000000000c7b7000 nmethod 4233 0x000000000f7d3f50 code [0x000000000f7d40e0, 0x000000000f7d4578]
Event: 12.176 Thread 0x000000000c7b7000 4234       3       sun.nio.cs.UTF_8::updatePositions (23 bytes)
Event: 12.176 Thread 0x000000000c7b7000 nmethod 4234 0x000000000f48d950 code [0x000000000f48dae0, 0x000000000f48df18]
Event: 12.177 Thread 0x000000000c7b7000 4235       3       java.time.format.DateTimeParseContext::setParsedField (54 bytes)
Event: 12.177 Thread 0x000000000c7b2000 4238       4       java.lang.Enum::hashCode (5 bytes)
Event: 12.177 Thread 0x000000000c7b7000 nmethod 4235 0x000000000fb20d10 code [0x000000000fb20f20, 0x000000000fb21b08]
Event: 12.177 Thread 0x000000000c7b7000 4239   !   3       sun.misc.FloatingDecimal::readJavaFormatString (794 bytes)
Event: 12.177 Thread 0x000000000c7b2000 nmethod 4238 0x000000000fa310d0 code [0x000000000fa31220, 0x000000000fa312c8]
Event: 12.181 Thread 0x000000000c7b7000 nmethod 4239 0x000000000fb23950 code [0x000000000fb23f00, 0x000000000fb280b8]
Event: 12.181 Thread 0x000000000c7b7000 4242       3       java.util.HashMap$HashIterator::<init> (79 bytes)

GC Heap History (10 events):
Event: 2.499 GC heap before
{Heap before GC invocations=1 (full 0):
 PSYoungGen      total 57344K, used 49152K [0x0000000780780000, 0x0000000784780000, 0x00000007c0000000)
  eden space 49152K, 100% used [0x0000000780780000,0x0000000783780000,0x0000000783780000)
  from space 8192K, 0% used [0x0000000783f80000,0x0000000783f80000,0x0000000784780000)
  to   space 8192K, 0% used [0x0000000783780000,0x0000000783780000,0x0000000783f80000)
 ParOldGen       total 131072K, used 0K [0x0000000701600000, 0x0000000709600000, 0x0000000780780000)
  object space 131072K, 0% used [0x0000000701600000,0x0000000701600000,0x0000000709600000)
 Metaspace       used 19112K, capacity 20328K, committed 20480K, reserved 1067008K
  class space    used 2835K, capacity 3065K, committed 3072K, reserved 1048576K
Event: 2.509 GC heap after
Heap after GC invocations=1 (full 0):
 PSYoungGen      total 57344K, used 6418K [0x0000000780780000, 0x0000000784780000, 0x00000007c0000000)
  eden space 49152K, 0% used [0x0000000780780000,0x0000000780780000,0x0000000783780000)
  from space 8192K, 78% used [0x0000000783780000,0x0000000783dc4ad0,0x0000000783f80000)
  to   space 8192K, 0% used [0x0000000783f80000,0x0000000783f80000,0x0000000784780000)
 ParOldGen       total 131072K, used 88K [0x0000000701600000, 0x0000000709600000, 0x0000000780780000)
  object space 131072K, 0% used [0x0000000701600000,0x0000000701616010,0x0000000709600000)
 Metaspace       used 19112K, capacity 20328K, committed 20480K, reserved 1067008K
  class space    used 2835K, capacity 3065K, committed 3072K, reserved 1048576K
}
Event: 2.548 GC heap before
{Heap before GC invocations=2 (full 0):
 PSYoungGen      total 57344K, used 9258K [0x0000000780780000, 0x0000000784780000, 0x00000007c0000000)
  eden space 49152K, 5% used [0x0000000780780000,0x0000000780a45de0,0x0000000783780000)
  from space 8192K, 78% used [0x0000000783780000,0x0000000783dc4ad0,0x0000000783f80000)
  to   space 8192K, 0% used [0x0000000783f80000,0x0000000783f80000,0x0000000784780000)
 ParOldGen       total 131072K, used 88K [0x0000000701600000, 0x0000000709600000, 0x0000000780780000)
  object space 131072K, 0% used [0x0000000701600000,0x0000000701616010,0x0000000709600000)
 Metaspace       used 20022K, capacity 21210K, committed 21296K, reserved 1067008K
  class space    used 2936K, capacity 3164K, committed 3200K, reserved 1048576K
Event: 2.556 GC heap after
Heap after GC invocations=2 (full 0):
 PSYoungGen      total 57344K, used 6338K [0x0000000780780000, 0x0000000787780000, 0x00000007c0000000)
  eden space 49152K, 0% used [0x0000000780780000,0x0000000780780000,0x0000000783780000)
  from space 8192K, 77% used [0x0000000783f80000,0x00000007845b0ae0,0x0000000784780000)
  to   space 8192K, 0% used [0x0000000783780000,0x0000000783780000,0x0000000783f80000)
 ParOldGen       total 131072K, used 96K [0x0000000701600000, 0x0000000709600000, 0x0000000780780000)
  object space 131072K, 0% used [0x0000000701600000,0x0000000701618010,0x0000000709600000)
 Metaspace       used 20022K, capacity 21210K, committed 21296K, reserved 1067008K
  class space    used 2936K, capacity 3164K, committed 3200K, reserved 1048576K
}
Event: 2.556 GC heap before
{Heap before GC invocations=3 (full 1):
 PSYoungGen      total 57344K, used 6338K [0x0000000780780000, 0x0000000787780000, 0x00000007c0000000)
  eden space 49152K, 0% used [0x0000000780780000,0x0000000780780000,0x0000000783780000)
  from space 8192K, 77% used [0x0000000783f80000,0x00000007845b0ae0,0x0000000784780000)
  to   space 8192K, 0% used [0x0000000783780000,0x0000000783780000,0x0000000783f80000)
 ParOldGen       total 131072K, used 96K [0x0000000701600000, 0x0000000709600000, 0x0000000780780000)
  object space 131072K, 0% used [0x0000000701600000,0x0000000701618010,0x0000000709600000)
 Metaspace       used 20022K, capacity 21210K, committed 21296K, reserved 1067008K
  class space    used 2936K, capacity 3164K, committed 3200K, reserved 1048576K
Event: 2.593 GC heap after
Heap after GC invocations=3 (full 1):
 PSYoungGen      total 57344K, used 0K [0x0000000780780000, 0x0000000787780000, 0x00000007c0000000)
  eden space 49152K, 0% used [0x0000000780780000,0x0000000780780000,0x0000000783780000)
  from space 8192K, 0% used [0x0000000783f80000,0x0000000783f80000,0x0000000784780000)
  to   space 8192K, 0% used [0x0000000783780000,0x0000000783780000,0x0000000783f80000)
 ParOldGen       total 63488K, used 6264K [0x0000000701600000, 0x0000000705400000, 0x0000000780780000)
  object space 63488K, 9% used [0x0000000701600000,0x0000000701c1e280,0x0000000705400000)
 Metaspace       used 20022K, capacity 21210K, committed 21296K, reserved 1067008K
  class space    used 2936K, capacity 3164K, committed 3200K, reserved 1048576K
}
Event: 4.654 GC heap before
{Heap before GC invocations=4 (full 1):
 PSYoungGen      total 57344K, used 49152K [0x0000000780780000, 0x0000000787780000, 0x00000007c0000000)
  eden space 49152K, 100% used [0x0000000780780000,0x0000000783780000,0x0000000783780000)
  from space 8192K, 0% used [0x0000000783f80000,0x0000000783f80000,0x0000000784780000)
  to   space 8192K, 0% used [0x0000000783780000,0x0000000783780000,0x0000000783f80000)
 ParOldGen       total 63488K, used 6264K [0x0000000701600000, 0x0000000705400000, 0x0000000780780000)
  object space 63488K, 9% used [0x0000000701600000,0x0000000701c1e280,0x0000000705400000)
 Metaspace       used 23870K, capacity 25172K, committed 25472K, reserved 1071104K
  class space    used 3372K, capacity 3657K, committed 3712K, reserved 1048576K
Event: 4.660 GC heap after
Heap after GC invocations=4 (full 1):
 PSYoungGen      total 57344K, used 8172K [0x0000000780780000, 0x0000000786e00000, 0x00000007c0000000)
  eden space 49152K, 0% used [0x0000000780780000,0x0000000780780000,0x0000000783780000)
  from space 8192K, 99% used [0x0000000783780000,0x0000000783f7b1c0,0x0000000783f80000)
  to   space 8192K, 0% used [0x0000000786600000,0x0000000786600000,0x0000000786e00000)
 ParOldGen       total 63488K, used 8351K [0x0000000701600000, 0x0000000705400000, 0x0000000780780000)
  object space 63488K, 13% used [0x0000000701600000,0x0000000701e27c10,0x0000000705400000)
 Metaspace       used 23870K, capacity 25172K, committed 25472K, reserved 1071104K
  class space    used 3372K, capacity 3657K, committed 3712K, reserved 1048576K
}
Event: 9.551 GC heap before
{Heap before GC invocations=5 (full 1):
 PSYoungGen      total 57344K, used 57324K [0x0000000780780000, 0x0000000786e00000, 0x00000007c0000000)
  eden space 49152K, 100% used [0x0000000780780000,0x0000000783780000,0x0000000783780000)
  from space 8192K, 99% used [0x0000000783780000,0x0000000783f7b1c0,0x0000000783f80000)
  to   space 8192K, 0% used [0x0000000786600000,0x0000000786600000,0x0000000786e00000)
 ParOldGen       total 63488K, used 8351K [0x0000000701600000, 0x0000000705400000, 0x0000000780780000)
  object space 63488K, 13% used [0x0000000701600000,0x0000000701e27c10,0x0000000705400000)
 Metaspace       used 25286K, capacity 26652K, committed 26880K, reserved 1073152K
  class space    used 3481K, capacity 3759K, committed 3840K, reserved 1048576K
Event: 9.559 GC heap after
Heap after GC invocations=5 (full 1):
 PSYoungGen      total 94208K, used 8179K [0x0000000780780000, 0x0000000786e00000, 0x00000007c0000000)
  eden space 86016K, 0% used [0x0000000780780000,0x0000000780780000,0x0000000785b80000)
  from space 8192K, 99% used [0x0000000786600000,0x0000000786dfcfc8,0x0000000786e00000)
  to   space 8192K, 0% used [0x0000000785e00000,0x0000000785e00000,0x0000000786600000)
 ParOldGen       total 63488K, used 13689K [0x0000000701600000, 0x0000000705400000, 0x0000000780780000)
  object space 63488K, 21% used [0x0000000701600000,0x000000070235e4a0,0x0000000705400000)
 Metaspace       used 25286K, capacity 26652K, committed 26880K, reserved 1073152K
  class space    used 3481K, capacity 3759K, committed 3840K, reserved 1048576K
}

Deoptimization events (10 events):
Event: 6.467 Thread 0x0000000024556000 Uncommon trap: reason=unstable_if action=reinterpret pc=0x000000000f8cdea4 method=java.util.concurrent.locks.AbstractQueuedSynchronizer$ConditionObject.awaitNanos(J)J @ 53
Event: 6.597 Thread 0x0000000024559800 Uncommon trap: reason=unstable_if action=reinterpret pc=0x000000000f8cdea4 method=java.util.concurrent.locks.AbstractQueuedSynchronizer$ConditionObject.awaitNanos(J)J @ 53
Event: 6.893 Thread 0x000000000d60e800 Uncommon trap: reason=bimorphic action=maybe_recompile pc=0x000000000f3f5f7c method=java.io.FilterInputStream.read([B)I @ 5
Event: 6.893 Thread 0x000000000d60e800 Uncommon trap: reason=bimorphic action=maybe_recompile pc=0x000000000f3f5f7c method=java.io.FilterInputStream.read([B)I @ 5
Event: 6.893 Thread 0x000000000d60e800 Uncommon trap: reason=bimorphic action=maybe_recompile pc=0x000000000f3f5f7c method=java.io.FilterInputStream.read([B)I @ 5
Event: 9.257 Thread 0x000000000d612800 Uncommon trap: reason=unstable_if action=reinterpret pc=0x000000000f13485c method=com.sun.javafx.geom.transform.AffineBase.updateState2D()V @ 24
Event: 9.707 Thread 0x000000000d612800 Uncommon trap: reason=unstable_if action=reinterpret pc=0x000000000f6a6580 method=com.sun.prism.d3d.D3DTextureResource.isValid()Z @ 4
Event: 10.143 Thread 0x000000000d60e800 Uncommon trap: reason=unstable_if action=reinterpret pc=0x000000000f565fa4 method=jdk.internal.org.objectweb.asm.Item.isEqualTo(Ljdk/internal/org/objectweb/asm/Item;)Z @ 331
Event: 12.176 Thread 0x000000000dd7e000 Uncommon trap: reason=unstable_if action=reinterpret pc=0x000000000f82b228 method=java.util.HashMap$HashIterator.<init>(Ljava/util/HashMap;)V @ 45
Event: 12.182 Thread 0x000000000dd7e000 Uncommon trap: reason=unstable_if action=reinterpret pc=0x000000000f8118c8 method=java.util.concurrent.locks.AbstractQueuedSynchronizer.transferForSignal(Ljava/util/concurrent/locks/AbstractQueuedSynchronizer$Node;)Z @ 7

Internal exceptions (10 events):
Event: 0.945 Thread 0x000000000d60e800 Implicit null exception at 0x000000000f36c359 to 0x000000000f36c399
Event: 0.945 Thread 0x000000000d60e800 Implicit null exception at 0x000000000f36bfd9 to 0x000000000f36c019
Event: 2.194 Thread 0x000000000d60e800 Implicit null exception at 0x000000000f46f16d to 0x000000000f46f1b5
Event: 2.354 Thread 0x000000000d60e800 Implicit null exception at 0x000000000f526031 to 0x000000000f526681
Event: 3.233 Thread 0x000000000d60e800 Exception <a 'java/io/FileNotFoundException'> (0x00000007809c9d68) thrown at [D:\re\workspace\8-2-build-windows-amd64-cygwin\jdk8u92\6642\hotspot\src\share\vm\prims\jni.cpp, line 709]
Event: 3.235 Thread 0x000000000d60e800 Exception <a 'java/io/FileNotFoundException'> (0x0000000781db25a0) thrown at [D:\re\workspace\8-2-build-windows-amd64-cygwin\jdk8u92\6642\hotspot\src\share\vm\prims\jni.cpp, line 709]
Event: 3.236 Thread 0x000000000d60e800 Exception <a 'java/io/FileNotFoundException'> (0x0000000781dc57c0) thrown at [D:\re\workspace\8-2-build-windows-amd64-cygwin\jdk8u92\6642\hotspot\src\share\vm\prims\jni.cpp, line 709]
Event: 3.237 Thread 0x000000000d60e800 Exception <a 'java/io/FileNotFoundException'> (0x0000000781dc6910) thrown at [D:\re\workspace\8-2-build-windows-amd64-cygwin\jdk8u92\6642\hotspot\src\share\vm\prims\jni.cpp, line 709]
Event: 4.785 Thread 0x000000000d60e800 Implicit null exception at 0x000000000f8a557a to 0x000000000f8a57e1
Event: 9.707 Thread 0x000000000d612800 Implicit null exception at 0x000000000f6a6510 to 0x000000000f6a656d

Events (10 events):
Event: 12.062 Thread 0x000000000c7b7000 flushing nmethod 0x000000000f81dd10
Event: 12.062 Thread 0x000000000c7b7000 flushing nmethod 0x000000000f81e350
Event: 12.140 Thread 0x000000000c7b7000 flushing nmethod 0x000000000f992010
Event: 12.176 Thread 0x000000000dd7e000 Uncommon trap: trap_request=0xffffff65 fr.pc=0x000000000f82b228
Event: 12.176 Thread 0x000000000dd7e000 DEOPT PACKING pc=0x000000000f82b228 sp=0x00000000217cee20
Event: 12.176 Thread 0x000000000dd7e000 DEOPT UNPACKING pc=0x000000000f05582a sp=0x00000000217cedc0 mode 2
Event: 12.181 loading class com/busenzo/gui/FXMLDocumentController$6
Event: 12.181 loading class com/busenzo/gui/FXMLDocumentController$6 done
Event: 12.182 Thread 0x000000000dd7e000 Uncommon trap: trap_request=0xffffff65 fr.pc=0x000000000f8118c8
Event: 12.182 Thread 0x000000000dd7e000 DEOPT PACKING pc=0x000000000f8118c8 sp=0x00000000217cf310


Dynamic libraries:
0x00007ff7f3e30000 - 0x00007ff7f3e67000 	C:\Program Files\Java\jdk1.8.0_92\jre\bin\java.exe
0x00007ffd5cd50000 - 0x00007ffd5cf11000 	C:\WINDOWS\SYSTEM32\ntdll.dll
0x00007ffd5c7b0000 - 0x00007ffd5c85d000 	C:\WINDOWS\system32\KERNEL32.DLL
0x00007ffd59f60000 - 0x00007ffd5a148000 	C:\WINDOWS\system32\KERNELBASE.dll
0x00007ffd5c350000 - 0x00007ffd5c3f7000 	C:\WINDOWS\system32\ADVAPI32.dll
0x00007ffd5c8d0000 - 0x00007ffd5c96d000 	C:\WINDOWS\system32\msvcrt.dll
0x00007ffd5a340000 - 0x00007ffd5a39b000 	C:\WINDOWS\system32\sechost.dll
0x00007ffd5a3a0000 - 0x00007ffd5a4bc000 	C:\WINDOWS\system32\RPCRT4.dll
0x00007ffd5cbf0000 - 0x00007ffd5cd46000 	C:\WINDOWS\system32\USER32.dll
0x00007ffd5ba90000 - 0x00007ffd5bc16000 	C:\WINDOWS\system32\GDI32.dll
0x00007ffd54320000 - 0x00007ffd54594000 	C:\WINDOWS\WinSxS\amd64_microsoft.windows.common-controls_6595b64144ccf1df_6.0.10586.0_none_8c15ae12515e1c22\COMCTL32.dll
0x00007ffd5c970000 - 0x00007ffd5cbed000 	C:\WINDOWS\system32\combase.dll
0x00007ffd59c50000 - 0x00007ffd59cba000 	C:\WINDOWS\system32\bcryptPrimitives.dll
0x00007ffd5bc20000 - 0x00007ffd5bc5b000 	C:\WINDOWS\system32\IMM32.DLL
0x00007ffd59260000 - 0x00007ffd59291000 	C:\Windows\system32\nvinitx.dll
0x00007ffd59250000 - 0x00007ffd5925a000 	C:\WINDOWS\SYSTEM32\VERSION.dll
0x000000000f000000 - 0x000000000f006000 	C:\Program Files\NVIDIA Corporation\CoProcManager\_etoured.dll
0x00007ffd577c0000 - 0x00007ffd577f2000 	C:\Program Files\NVIDIA Corporation\CoProcManager\nvd3d9wrapx.dll
0x00007ffd5bf20000 - 0x00007ffd5c349000 	C:\WINDOWS\system32\SETUPAPI.dll
0x00007ffd59a50000 - 0x00007ffd59a93000 	C:\WINDOWS\system32\CFGMGR32.dll
0x00007ffd57790000 - 0x00007ffd577b2000 	C:\Program Files\NVIDIA Corporation\CoProcManager\nvdxgiwrapx.dll
0x0000000070ee0000 - 0x0000000070fb2000 	C:\Program Files\Java\jdk1.8.0_92\jre\bin\msvcr100.dll
0x000000006fe90000 - 0x0000000070726000 	C:\Program Files\Java\jdk1.8.0_92\jre\bin\server\jvm.dll
0x00007ffd5a2d0000 - 0x00007ffd5a2d8000 	C:\WINDOWS\system32\PSAPI.DLL
0x00007ffd54a10000 - 0x00007ffd54a19000 	C:\WINDOWS\SYSTEM32\WSOCK32.dll
0x00007ffd575a0000 - 0x00007ffd575c3000 	C:\WINDOWS\SYSTEM32\WINMM.dll
0x00007ffd5c860000 - 0x00007ffd5c8cb000 	C:\WINDOWS\system32\WS2_32.dll
0x00007ffd57540000 - 0x00007ffd5756c000 	C:\WINDOWS\SYSTEM32\WINMMBASE.dll
0x0000000070e90000 - 0x0000000070e9f000 	C:\Program Files\Java\jdk1.8.0_92\jre\bin\verify.dll
0x0000000070e60000 - 0x0000000070e89000 	C:\Program Files\Java\jdk1.8.0_92\jre\bin\java.dll
0x0000000070e40000 - 0x0000000070e56000 	C:\Program Files\Java\jdk1.8.0_92\jre\bin\zip.dll
0x00007ffd5a4c0000 - 0x00007ffd5ba1c000 	C:\WINDOWS\system32\SHELL32.dll
0x00007ffd59400000 - 0x00007ffd59a44000 	C:\WINDOWS\system32\windows.storage.dll
0x00007ffd5a2e0000 - 0x00007ffd5a332000 	C:\WINDOWS\system32\shlwapi.dll
0x00007ffd59390000 - 0x00007ffd5939f000 	C:\WINDOWS\system32\kernel.appcore.dll
0x00007ffd59aa0000 - 0x00007ffd59b55000 	C:\WINDOWS\system32\shcore.dll
0x00007ffd593b0000 - 0x00007ffd593fb000 	C:\WINDOWS\system32\powrprof.dll
0x00007ffd59370000 - 0x00007ffd59384000 	C:\WINDOWS\system32\profapi.dll
0x00007ffd43ce0000 - 0x00007ffd43dcf000 	C:\Program Files\Java\jdk1.8.0_92\jre\bin\msvcr120.dll
0x00007ffd4fac0000 - 0x00007ffd4fb66000 	C:\Program Files\Java\jdk1.8.0_92\jre\bin\msvcp120.dll
0x000000006fc30000 - 0x000000006fc52000 	C:\Program Files\Java\jdk1.8.0_92\jre\bin\prism_d3d.dll
0x00007ffd4bce0000 - 0x00007ffd4bef0000 	C:\WINDOWS\system32\d3d9.dll
0x00007ffd56870000 - 0x00007ffd56892000 	C:\WINDOWS\SYSTEM32\dwmapi.dll
0x00007ffd57df0000 - 0x00007ffd57e17000 	C:\WINDOWS\SYSTEM32\DEVOBJ.dll
0x00007ffd59b60000 - 0x00007ffd59bb5000 	C:\WINDOWS\system32\WINTRUST.dll
0x00007ffd593a0000 - 0x00007ffd593b0000 	C:\WINDOWS\system32\MSASN1.dll
0x00007ffd59cc0000 - 0x00007ffd59e88000 	C:\WINDOWS\system32\CRYPT32.dll
0x00007ffd57ca0000 - 0x00007ffd57d36000 	C:\WINDOWS\system32\uxtheme.dll
0x00007ffd54650000 - 0x00007ffd54775000 	C:\WINDOWS\SYSTEM32\nvumdshimx.dll
0x00007ffd31840000 - 0x00007ffd32460000 	C:\WINDOWS\system32\igdumd64.dll
0x000000006fbe0000 - 0x000000006fc23000 	C:\Program Files\Java\jdk1.8.0_92\jre\bin\glass.dll
0x00007ffd5be10000 - 0x00007ffd5bf1b000 	C:\WINDOWS\system32\COMDLG32.dll
0x00007ffd59bc0000 - 0x00007ffd59c46000 	C:\WINDOWS\system32\FirewallAPI.dll
0x00000000020c0000 - 0x00000000020d7000 	C:\WINDOWS\system32\NETAPI32.dll
0x00007ffd5bc60000 - 0x00007ffd5bda3000 	C:\WINDOWS\system32\ole32.dll
0x00007ffd5a150000 - 0x00007ffd5a211000 	C:\WINDOWS\system32\OLEAUT32.dll
0x00007ffd56aa0000 - 0x00007ffd56aac000 	C:\WINDOWS\SYSTEM32\DAVHLPR.DLL
0x00007ffd580a0000 - 0x00007ffd580d2000 	C:\WINDOWS\SYSTEM32\fwbase.dll
0x00007ffd5c650000 - 0x00007ffd5c7aa000 	C:\WINDOWS\system32\MSCTF.dll
0x000000006d640000 - 0x000000006fbd1000 	C:\Program Files\Java\jdk1.8.0_92\jre\bin\jfxwebkit.dll
0x00007ffd58ca0000 - 0x00007ffd58cb7000 	C:\WINDOWS\SYSTEM32\CRYPTSP.dll
0x00007ffd58930000 - 0x00007ffd58964000 	C:\WINDOWS\system32\rsaenh.dll
0x00007ffd592a0000 - 0x00007ffd592c9000 	C:\WINDOWS\SYSTEM32\bcrypt.dll
0x00007ffd58dc0000 - 0x00007ffd58dcb000 	C:\WINDOWS\SYSTEM32\CRYPTBASE.dll
0x0000000070e20000 - 0x0000000070e3a000 	C:\Program Files\Java\jdk1.8.0_92\jre\bin\net.dll
0x00007ffd58bf0000 - 0x00007ffd58c4c000 	C:\WINDOWS\system32\mswsock.dll
0x0000000070e00000 - 0x0000000070e11000 	C:\Program Files\Java\jdk1.8.0_92\jre\bin\nio.dll
0x000000006d620000 - 0x000000006d634000 	C:\Program Files\Java\jdk1.8.0_92\jre\bin\javafx_font.dll
0x00007ffd507d0000 - 0x00007ffd50a30000 	C:\WINDOWS\SYSTEM32\dwrite.dll
0x00007ffd5a220000 - 0x00007ffd5a2c7000 	C:\WINDOWS\system32\clbcatq.dll
0x00007ffd55360000 - 0x00007ffd55511000 	C:\WINDOWS\SYSTEM32\WindowsCodecs.dll
0x00007ffd4d0a0000 - 0x00007ffd4d0ea000 	C:\WINDOWS\system32\dataexchange.dll
0x00007ffd56390000 - 0x00007ffd56638000 	C:\WINDOWS\system32\d3d11.dll
0x00007ffd57690000 - 0x00007ffd57773000 	C:\WINDOWS\system32\dcomp.dll
0x00007ffd562d0000 - 0x00007ffd56372000 	C:\WINDOWS\system32\dxgi.dll
0x00007ffd57e40000 - 0x00007ffd57f40000 	C:\WINDOWS\system32\twinapi.appcore.dll
0x00007ffd4e600000 - 0x00007ffd4e634000 	C:\Program Files\Common Files\Microsoft Shared\Ink\rtscom.dll
0x000000006fc70000 - 0x000000006fc94000 	C:\Program Files\Java\jdk1.8.0_92\jre\bin\sunec.dll
0x000000006d600000 - 0x000000006d611000 	C:\Program Files\Java\jdk1.8.0_92\jre\bin\prism_common.dll
0x00007ffd58a80000 - 0x00007ffd58a9f000 	C:\WINDOWS\SYSTEM32\USERENV.dll
0x00007ffd557f0000 - 0x00007ffd55828000 	C:\WINDOWS\SYSTEM32\IPHLPAPI.DLL
0x00007ffd5ba20000 - 0x00007ffd5ba28000 	C:\WINDOWS\system32\NSI.dll
0x00007ffd4f030000 - 0x00007ffd4f046000 	C:\WINDOWS\SYSTEM32\dhcpcsvc6.DLL
0x00007ffd4f010000 - 0x00007ffd4f02a000 	C:\WINDOWS\SYSTEM32\dhcpcsvc.DLL
0x000000006fc60000 - 0x000000006fc6b000 	C:\Program Files\Java\jdk1.8.0_92\jre\bin\sunmscapi.dll
0x00007ffd4c6e0000 - 0x00007ffd4c6f6000 	C:\WINDOWS\system32\napinsp.dll
0x00007ffd4c700000 - 0x00007ffd4c71a000 	C:\WINDOWS\system32\pnrpnsp.dll
0x00007ffd56c30000 - 0x00007ffd56c48000 	C:\WINDOWS\system32\NLAapi.dll
0x00007ffd57d40000 - 0x00007ffd57dea000 	C:\WINDOWS\SYSTEM32\DNSAPI.dll
0x00007ffd4c720000 - 0x00007ffd4c72d000 	C:\WINDOWS\System32\winrnr.dll
0x00007ffd555a0000 - 0x00007ffd555b5000 	C:\WINDOWS\System32\wshbth.dll
0x00007ffd4ca30000 - 0x00007ffd4ca3a000 	C:\Windows\System32\rasadhlp.dll
0x00007ffd4f140000 - 0x00007ffd4f1a7000 	C:\WINDOWS\System32\fwpuclnt.dll
0x00007ffd42110000 - 0x00007ffd4229c000 	C:\WINDOWS\SYSTEM32\dbghelp.dll

VM Arguments:
jvm_args: -Dfile.encoding=UTF-8 
java_command: com.busenzo.gui.BusTracker
java_class_path (initial): C:\Users\Jean Paul\Documents\NetBeansProjects\busTracking\Bus-Tracker\GMapsFX-2.0.5-SNAPSHOT.jar;C:\Program Files\NetBeans 8.1\platform\modules\ext\junit-4.12.jar;C:\Users\Jean Paul\Documents\NetBeansProjects\busTracking\Bus-Tracker\json-simple-1.1.1.jar;C:\Users\Jean Paul\Documents\NetBeansProjects\busTracking\Bus-Tracker\build\classes
Launcher Type: SUN_STANDARD

Environment Variables:
PATH=C:\ProgramData\Oracle\Java\javapath;C:\app\JeanPaul\product\12.1.0\dbhome_2\bin;C:\app\jeanpaul\product\12.1.0\dbhome_1\bin;C:\Program Files (x86)\NVIDIA Corporation\PhysX\Common;C:\WINDOWS\system32;C:\WINDOWS;C:\WINDOWS\System32\Wbem;C:\WINDOWS\System32\WindowsPowerShell\v1.0\;C:\Program Files (x86)\Windows Kits\8.1\Windows Performance Toolkit\;C:\Program Files\Microsoft SQL Server\110\Tools\Binn\;C:\WINDOWS\system32\config\systemprofile\.dnx\bin;C:\Program Files\Microsoft DNX\Dnvm\;C:\Program Files\Microsoft SQL Server\120\Tools\Binn\;C:\Program Files\Microsoft\Web Platform Installer\;C:\Program Files (x86)\Windows Live\Shared;C:\Program Files (x86)\Bitvise SSH Client;C:\Program Files (x86)\GNU\GnuPG\pub;C:\Program Files (x86)\Skype\Phone\;C:\Go\bin;C:\Users\Jean Paul\.dnx\bin;C:\Users\Jean Paul\AppData\Local\atom\bin
USERNAME=Jean Paul
OS=Windows_NT
PROCESSOR_IDENTIFIER=Intel64 Family 6 Model 42 Stepping 7, GenuineIntel



---------------  S Y S T E M  ---------------

OS: Windows 10.0 , 64 bit Build 10586 (10.0.10586.0)

CPU:total 8 (4 cores per cpu, 2 threads per core) family 6 model 42 stepping 7, cmov, cx8, fxsr, mmx, sse, sse2, sse3, ssse3, sse4.1, sse4.2, popcnt, avx, aes, clmul, ht, tsc, tscinvbit

Memory: 4k page, physical 12492496k(8751608k free), swap 14393040k(10568744k free)

vm_info: Java HotSpot(TM) 64-Bit Server VM (25.92-b14) for windows-amd64 JRE (1.8.0_92-b14), built on Mar 31 2016 21:03:04 by "java_re" with MS VC++ 10.0 (VS2010)

time: Sat May 28 20:21:34 2016
elapsed time: 12 seconds (0d 0h 0m 12s)

