#
# A fatal error has been detected by the Java Runtime Environment:
#
#  EXCEPTION_ACCESS_VIOLATION (0xc0000005) at pc=0x0000000075084999, pid=11424, tid=11224
#
# JRE version: Java(TM) SE Runtime Environment (8.0_60-b27) (build 1.8.0_60-b27)
# Java VM: Java HotSpot(TM) 64-Bit Server VM (25.60-b23 mixed mode windows-amd64 compressed oops)
# Problematic frame:
# C  [jfxwebkit.dll+0xb94999]
#
# Failed to write core dump. Minidumps are not enabled by default on client versions of Windows
#
# If you would like to submit a bug report, please visit:
#   http://bugreport.java.com/bugreport/crash.jsp
# The crash happened outside the Java Virtual Machine in native code.
# See problematic frame for where to report the bug.
#

---------------  T H R E A D  ---------------

Current thread (0x000000000dd1e000):  JavaThread "pool-3-thread-1" [_thread_in_native, id=11224, stack(0x00000000216c0000,0x00000000217c0000)]

siginfo: ExceptionCode=0xc0000005, writing address 0x00000000bbadbeef

Registers:
RAX=0x0000000000000000, RBX=0x000000001feefa40, RCX=0xc9fffd39cf3b0000, RDX=0x0000000000000002
RSP=0x00000000217bdac0, RBP=0x0000000000000000, RSI=0x00000000217be130, RDI=0x000000001feef9b0
R8 =0x00000000217bd5c0, R9 =0x00007ff841f60000, R10=0x0000000000000000, R11=0x0000000000000200
R12=0xffff000000000002, R13=0x000000001f20b910, R14=0x0000000023ab77b8, R15=0x0000000023ab7778
RIP=0x0000000075084999, EFLAGS=0x0000000000010246

Top of Stack: (sp=0x00000000217bdac0)
0x00000000217bdac0:   000000001f20b928 000000004817c0f0
0x00000000217bdad0:   00000000217bdaf0 0000000075234daa
0x00000000217bdae0:   000000001feefa40 000000007527821c
0x00000000217bdaf0:   000000001feef9b0 000000001feefdb0
0x00000000217bdb00:   000000003b9a2fd8 00000000752775af
0x00000000217bdb10:   000000004b0459c0 00000000217be310
0x00000000217bdb20:   00000000217be590 0000000023ab7778
0x00000000217bdb30:   badbeef00000007c 000000001feef910
0x00000000217bdb40:   000000001feef9b0 0000000000000008
0x00000000217bdb50:   0000000000000007 00000000217bdc70
0x00000000217bdb60:   000000001feefab0 000000007526ad6f
0x00000000217bdb70:   000000001feefa40 00000000217bdc70
0x00000000217bdb80:   000000001feef9b0 000000003b9a2f58
0x00000000217bdb90:   000000001feefab0 0000000000000007
0x00000000217bdba0:   0000000000000008 0000000000000002
0x00000000217bdbb0:   000000001feef9b0 0000000000000001 

Instructions: (pc=0x0000000075084999)
0x0000000075084979:   83 c4 20 5b c3 cc cc 48 83 ec 28 48 8b 05 25 ab
0x0000000075084989:   8c 01 48 85 c0 74 02 ff d0 e8 a9 07 00 00 33 c0
0x0000000075084999:   a3 ef be ad bb 00 00 00 00 48 83 c4 28 48 ff e0
0x00000000750849a9:   cc cc cc cc cc cc cc 48 83 ec 28 48 8b 05 f5 aa 


Register to memory mapping:

RAX=0x0000000000000000 is an unknown value
RBX=0x000000001feefa40 is an unknown value
RCX=0xc9fffd39cf3b0000 is an unknown value
RDX=0x0000000000000002 is an unknown value
RSP=0x00000000217bdac0 is pointing into the stack for thread: 0x000000000dd1e000
RBP=0x0000000000000000 is an unknown value
RSI=0x00000000217be130 is pointing into the stack for thread: 0x000000000dd1e000
RDI=0x000000001feef9b0 is an unknown value
R8 =0x00000000217bd5c0 is pointing into the stack for thread: 0x000000000dd1e000
R9 =0x00007ff841f60000 is an unknown value
R10=0x0000000000000000 is an unknown value
R11=0x0000000000000200 is an unknown value
R12=0xffff000000000002 is an unknown value
R13=0x000000001f20b910 is an unknown value
R14=0x0000000023ab77b8 is an unknown value
R15=0x0000000023ab7778 is an unknown value


Stack: [0x00000000216c0000,0x00000000217c0000],  sp=0x00000000217bdac0,  free space=1014k
Native frames: (J=compiled Java code, j=interpreted, Vv=VM code, C=native code)

Java frames: (J=compiled Java code, j=interpreted, Vv=VM code)
J 2646  com.sun.webkit.dom.JSObject.callImpl(JILjava/lang/String;[Ljava/lang/Object;Ljava/security/AccessControlContext;)Ljava/lang/Object; (0 bytes) @ 0x000000000f3adc92 [0x000000000f3adc00+0x92]
J 5151 C2 com.sun.webkit.dom.JSObject.call(Ljava/lang/String;[Ljava/lang/Object;)Ljava/lang/Object; (17 bytes) @ 0x000000000fe7f344 [0x000000000fe7f2e0+0x64]
j  com.lynden.gmapsfx.javascript.JavascriptObject.invokeJavascript(Ljava/lang/String;[Ljava/lang/Object;)Ljava/lang/Object;+94
J 2698 C1 com.lynden.gmapsfx.javascript.object.Marker.setMap(Lcom/lynden/gmapsfx/javascript/object/GoogleMap;)V (16 bytes) @ 0x000000000f35f7ac [0x000000000f35f500+0x2ac]
j  com.lynden.gmapsfx.javascript.object.GoogleMap.removeMarker(Lcom/lynden/gmapsfx/javascript/object/Marker;)V+2
j  com.busenzo.gui.FXMLDocumentController.clearBusMarkers()V+89
j  com.busenzo.gui.FXMLDocumentController.reloadData()V+16
j  com.busenzo.gui.FXMLDocumentController$1.run()V+4
J 3823 C1 java.util.concurrent.Executors$RunnableAdapter.call()Ljava/lang/Object; (14 bytes) @ 0x000000000f501214 [0x000000000f501100+0x114]
J 3887 C1 java.util.concurrent.FutureTask.runAndReset()Z (128 bytes) @ 0x000000000fa2c1ac [0x000000000fa2bf40+0x26c]
j  java.util.concurrent.ScheduledThreadPoolExecutor$ScheduledFutureTask.access$301(Ljava/util/concurrent/ScheduledThreadPoolExecutor$ScheduledFutureTask;)Z+1
j  java.util.concurrent.ScheduledThreadPoolExecutor$ScheduledFutureTask.run()V+37
j  java.util.concurrent.ThreadPoolExecutor.runWorker(Ljava/util/concurrent/ThreadPoolExecutor$Worker;)V+95
j  java.util.concurrent.ThreadPoolExecutor$Worker.run()V+5
j  java.lang.Thread.run()V+11
v  ~StubRoutines::call_stub

---------------  P R O C E S S  ---------------

Java Threads: ( => current thread )
  0x000000002056f800 JavaThread "URL-Loader-52" daemon [_thread_blocked, id=7424, stack(0x000000006bdf0000,0x000000006bef0000)]
  0x000000002056e800 JavaThread "URL-Loader-51" daemon [_thread_blocked, id=12164, stack(0x000000006bcf0000,0x000000006bdf0000)]
  0x000000002056e000 JavaThread "URL-Loader-50" daemon [_thread_blocked, id=12124, stack(0x000000006bbf0000,0x000000006bcf0000)]
  0x00000000206c8000 JavaThread "URL-Loader-49" daemon [_thread_blocked, id=6972, stack(0x000000006baf0000,0x000000006bbf0000)]
  0x00000000206c7800 JavaThread "URL-Loader-48" daemon [_thread_blocked, id=5360, stack(0x000000006b9f0000,0x000000006baf0000)]
  0x00000000206bd800 JavaThread "URL-Loader-47" daemon [_thread_blocked, id=7920, stack(0x000000006b8f0000,0x000000006b9f0000)]
  0x00000000206c6800 JavaThread "URL-Loader-46" daemon [_thread_blocked, id=9464, stack(0x000000006b7f0000,0x000000006b8f0000)]
  0x00000000206be800 JavaThread "URL-Loader-45" daemon [_thread_blocked, id=12988, stack(0x000000006b6f0000,0x000000006b7f0000)]
  0x00000000206c4800 JavaThread "URL-Loader-44" daemon [_thread_blocked, id=9812, stack(0x000000006b1f0000,0x000000006b2f0000)]
  0x00000000206c2000 JavaThread "URL-Loader-43" daemon [_thread_blocked, id=11112, stack(0x000000006b0f0000,0x000000006b1f0000)]
  0x00000000206c0000 JavaThread "URL-Loader-42" daemon [_thread_blocked, id=9000, stack(0x000000006aff0000,0x000000006b0f0000)]
  0x00000000206c6000 JavaThread "URL-Loader-41" daemon [_thread_blocked, id=11308, stack(0x000000006adf0000,0x000000006aef0000)]
  0x00000000206c5000 JavaThread "URL-Loader-40" daemon [_thread_blocked, id=12872, stack(0x000000006abf0000,0x000000006acf0000)]
  0x00000000206c3000 JavaThread "URL-Loader-39" daemon [_thread_blocked, id=12704, stack(0x000000006a9f0000,0x000000006aaf0000)]
  0x00000000206bb800 JavaThread "URL-Loader-38" daemon [_thread_blocked, id=8332, stack(0x000000006a7f0000,0x000000006a8f0000)]
  0x00000000206c0800 JavaThread "URL-Loader-37" daemon [_thread_blocked, id=5988, stack(0x000000006a5f0000,0x000000006a6f0000)]
  0x00000000206bc000 JavaThread "URL-Loader-36" daemon [_thread_blocked, id=10716, stack(0x000000006a3f0000,0x000000006a4f0000)]
  0x00000000206bf000 JavaThread "URL-Loader-35" daemon [_thread_blocked, id=12712, stack(0x000000006a1f0000,0x000000006a2f0000)]
  0x00000000206bd000 JavaThread "URL-Loader-34" daemon [_thread_blocked, id=4220, stack(0x0000000069ff0000,0x000000006a0f0000)]
  0x00000000206c1800 JavaThread "URL-Loader-33" daemon [_thread_blocked, id=12732, stack(0x0000000069df0000,0x0000000069ef0000)]
  0x00000000206b9000 JavaThread "Keep-Alive-Timer" daemon [_thread_blocked, id=1112, stack(0x0000000068df0000,0x0000000068ef0000)]
  0x0000000020570000 JavaThread "Watchdog-Timer-1" daemon [_thread_blocked, id=9864, stack(0x00000000258c0000,0x00000000259c0000)]
  0x000000000cc43000 JavaThread "Prism Font Disposer" daemon [_thread_blocked, id=1564, stack(0x0000000022eb0000,0x0000000022fb0000)]
=>0x000000000dd1e000 JavaThread "pool-3-thread-1" [_thread_in_native, id=11224, stack(0x00000000216c0000,0x00000000217c0000)]
  0x000000000d740800 JavaThread "Disposer" daemon [_thread_blocked, id=12464, stack(0x000000001fef0000,0x000000001fff0000)]
  0x000000000d5c7000 JavaThread "Thread-3" daemon [_thread_in_native, id=12676, stack(0x000000001f2b0000,0x000000001f3b0000)]
  0x000000000d656800 JavaThread "JavaFX-Launcher" [_thread_blocked, id=1324, stack(0x000000001f3b0000,0x000000001f4b0000)]
  0x000000000d5d4800 JavaThread "JavaFX Application Thread" [_thread_in_Java, id=7708, stack(0x000000000e230000,0x000000000e330000)]
  0x000000000d5d3800 JavaThread "Thread-1" daemon [_thread_in_Java, id=1652, stack(0x000000000e130000,0x000000000e230000)]
  0x000000000d5d1000 JavaThread "QuantumRenderer-0" daemon [_thread_blocked, id=10048, stack(0x000000000dd20000,0x000000000de20000)]
  0x000000000c9db800 JavaThread "Service Thread" daemon [_thread_blocked, id=6428, stack(0x000000000d320000,0x000000000d420000)]
  0x000000000c955000 JavaThread "C1 CompilerThread3" daemon [_thread_blocked, id=6580, stack(0x000000000d220000,0x000000000d320000)]
  0x000000000c950000 JavaThread "C2 CompilerThread2" daemon [_thread_blocked, id=5592, stack(0x000000000d120000,0x000000000d220000)]
  0x000000000c94b000 JavaThread "C2 CompilerThread1" daemon [_thread_blocked, id=2616, stack(0x000000000d020000,0x000000000d120000)]
  0x000000000c948000 JavaThread "C2 CompilerThread0" daemon [_thread_blocked, id=11908, stack(0x000000000cf20000,0x000000000d020000)]
  0x000000000c946800 JavaThread "Attach Listener" daemon [_thread_blocked, id=13120, stack(0x000000000ce20000,0x000000000cf20000)]
  0x000000000c945800 JavaThread "Signal Dispatcher" daemon [_thread_blocked, id=11612, stack(0x000000000cd20000,0x000000000ce20000)]
  0x000000000231a800 JavaThread "Finalizer" daemon [_thread_blocked, id=8380, stack(0x000000000c720000,0x000000000c820000)]
  0x0000000002312000 JavaThread "Reference Handler" daemon [_thread_blocked, id=9192, stack(0x000000000c620000,0x000000000c720000)]
  0x0000000002220800 JavaThread "main" [_thread_blocked, id=8572, stack(0x00000000020c0000,0x00000000021c0000)]

Other Threads:
  0x000000000a859800 VMThread [stack: 0x000000000c520000,0x000000000c620000] [id=8144]
  0x000000000c975000 WatcherThread [stack: 0x000000000d420000,0x000000000d520000] [id=3696]

VM state:not at safepoint (normal execution)

VM Mutex/Monitor currently owned by a thread: None

Heap:
 PSYoungGen      total 415744K, used 52720K [0x0000000780780000, 0x00000007a2880000, 0x00000007c0000000)
  eden space 376320K, 11% used [0x0000000780780000,0x00000007830d72c0,0x0000000797700000)
  from space 39424K, 26% used [0x0000000797700000,0x0000000798124d80,0x0000000799d80000)
  to   space 38912K, 0% used [0x00000007a0280000,0x00000007a0280000,0x00000007a2880000)
 ParOldGen       total 99840K, used 66881K [0x0000000701600000, 0x0000000707780000, 0x0000000780780000)
  object space 99840K, 66% used [0x0000000701600000,0x00000007057504d8,0x0000000707780000)
 Metaspace       used 26380K, capacity 27908K, committed 28160K, reserved 1073152K
  class space    used 3469K, capacity 3760K, committed 3840K, reserved 1048576K

Card table byte_map: [0x00000000026e0000,0x0000000002ce0000] byte_map_base: 0xfffffffffeed5000

Marking Bits: (ParMarkBitMap*) 0x000000007777a5b0
 Begin Bits: [0x00000000038e0000, 0x0000000006888000)
 End Bits:   [0x0000000006888000, 0x0000000009830000)

Polling page: 0x00000000021c0000

CodeCache: size=245760Kb used=15486Kb max_used=15637Kb free=230273Kb
 bounds [0x000000000f010000, 0x000000000ffa0000, 0x000000001e010000]
 total_blobs=5568 nmethods=4771 adapters=707
 compilation: enabled

Compilation events (10 events):
Event: 130.118 Thread 0x000000000c955000 5690       1       java.time.format.DateTimeFormatter::getChronology (5 bytes)
Event: 130.118 Thread 0x000000000c955000 nmethod 5690 0x000000000f8a5950 code [0x000000000f8a5aa0, 0x000000000f8a5bb0]
Event: 130.118 Thread 0x000000000c955000 5691       1       java.time.format.DateTimeFormatter::getZone (5 bytes)
Event: 130.118 Thread 0x000000000c955000 nmethod 5691 0x000000000f8a5690 code [0x000000000f8a57e0, 0x000000000f8a58f0]
Event: 130.426 Thread 0x000000000c955000 5692       3       com.sun.javafx.webkit.prism.WCPathImpl::clear (43 bytes)
Event: 130.426 Thread 0x000000000c955000 nmethod 5692 0x000000000f8a48d0 code [0x000000000f8a4aa0, 0x000000000f8a52f8]
Event: 130.426 Thread 0x000000000c955000 5693       3       com.sun.javafx.geom.Path2D::reset (41 bytes)
Event: 130.426 Thread 0x000000000c955000 nmethod 5693 0x000000000f8a4550 code [0x000000000f8a46a0, 0x000000000f8a4830]
Event: 130.729 Thread 0x000000000c955000 5694       3       java.util.concurrent.LinkedBlockingQueue::size (8 bytes)
Event: 130.729 Thread 0x000000000c955000 nmethod 5694 0x000000000f8a4150 code [0x000000000f8a42a0, 0x000000000f8a4490]

GC Heap History (10 events):
Event: 28.041 GC heap before
{Heap before GC invocations=8 (full 1):
 PSYoungGen      total 198656K, used 185395K [0x0000000780780000, 0x000000078f080000, 0x00000007c0000000)
  eden space 173056K, 100% used [0x0000000780780000,0x000000078b080000,0x000000078b080000)
  from space 25600K, 48% used [0x000000078d780000,0x000000078e38ce20,0x000000078f080000)
  to   space 32768K, 0% used [0x000000078b080000,0x000000078b080000,0x000000078d080000)
 ParOldGen       total 99840K, used 19323K [0x0000000701600000, 0x0000000707780000, 0x0000000780780000)
  object space 99840K, 19% used [0x0000000701600000,0x00000007028dee50,0x0000000707780000)
 Metaspace       used 23665K, capacity 24940K, committed 25088K, reserved 1071104K
  class space    used 3313K, capacity 3556K, committed 3584K, reserved 1048576K
Event: 28.063 GC heap after
Heap after GC invocations=8 (full 1):
 PSYoungGen      total 205824K, used 19906K [0x0000000780780000, 0x0000000796800000, 0x00000007c0000000)
  eden space 173056K, 0% used [0x0000000780780000,0x0000000780780000,0x000000078b080000)
  from space 32768K, 60% used [0x000000078b080000,0x000000078c3f0978,0x000000078d080000)
  to   space 32768K, 0% used [0x0000000794800000,0x0000000794800000,0x0000000796800000)
 ParOldGen       total 99840K, used 19331K [0x0000000701600000, 0x0000000707780000, 0x0000000780780000)
  object space 99840K, 19% used [0x0000000701600000,0x00000007028e0e50,0x0000000707780000)
 Metaspace       used 23665K, capacity 24940K, committed 25088K, reserved 1071104K
  class space    used 3313K, capacity 3556K, committed 3584K, reserved 1048576K
}
Event: 38.423 GC heap before
{Heap before GC invocations=9 (full 1):
 PSYoungGen      total 205824K, used 192962K [0x0000000780780000, 0x0000000796800000, 0x00000007c0000000)
  eden space 173056K, 100% used [0x0000000780780000,0x000000078b080000,0x000000078b080000)
  from space 32768K, 60% used [0x000000078b080000,0x000000078c3f0978,0x000000078d080000)
  to   space 32768K, 0% used [0x0000000794800000,0x0000000794800000,0x0000000796800000)
 ParOldGen       total 99840K, used 19331K [0x0000000701600000, 0x0000000707780000, 0x0000000780780000)
  object space 99840K, 19% used [0x0000000701600000,0x00000007028e0e50,0x0000000707780000)
 Metaspace       used 23665K, capacity 24940K, committed 25088K, reserved 1071104K
  class space    used 3313K, capacity 3556K, committed 3584K, reserved 1048576K
Event: 38.450 GC heap after
Heap after GC invocations=9 (full 1):
 PSYoungGen      total 314880K, used 27836K [0x0000000780780000, 0x0000000796480000, 0x00000007c0000000)
  eden space 285696K, 0% used [0x0000000780780000,0x0000000780780000,0x0000000791e80000)
  from space 29184K, 95% used [0x0000000794800000,0x000000079632f030,0x0000000796480000)
  to   space 35840K, 0% used [0x0000000791e80000,0x0000000791e80000,0x0000000794180000)
 ParOldGen       total 99840K, used 19331K [0x0000000701600000, 0x0000000707780000, 0x0000000780780000)
  object space 99840K, 19% used [0x0000000701600000,0x00000007028e0e50,0x0000000707780000)
 Metaspace       used 23665K, capacity 24940K, committed 25088K, reserved 1071104K
  class space    used 3313K, capacity 3556K, committed 3584K, reserved 1048576K
}
Event: 56.430 GC heap before
{Heap before GC invocations=10 (full 1):
 PSYoungGen      total 314880K, used 313532K [0x0000000780780000, 0x0000000796480000, 0x00000007c0000000)
  eden space 285696K, 100% used [0x0000000780780000,0x0000000791e80000,0x0000000791e80000)
  from space 29184K, 95% used [0x0000000794800000,0x000000079632f030,0x0000000796480000)
  to   space 35840K, 0% used [0x0000000791e80000,0x0000000791e80000,0x0000000794180000)
 ParOldGen       total 99840K, used 19331K [0x0000000701600000, 0x0000000707780000, 0x0000000780780000)
  object space 99840K, 19% used [0x0000000701600000,0x00000007028e0e50,0x0000000707780000)
 Metaspace       used 23665K, capacity 24940K, committed 25088K, reserved 1071104K
  class space    used 3313K, capacity 3556K, committed 3584K, reserved 1048576K
Event: 56.468 GC heap after
Heap after GC invocations=10 (full 1):
 PSYoungGen      total 321536K, used 28377K [0x0000000780780000, 0x000000079cc00000, 0x00000007c0000000)
  eden space 285696K, 0% used [0x0000000780780000,0x0000000780780000,0x0000000791e80000)
  from space 35840K, 79% used [0x0000000791e80000,0x0000000793a36540,0x0000000794180000)
  to   space 38400K, 0% used [0x000000079a680000,0x000000079a680000,0x000000079cc00000)
 ParOldGen       total 99840K, used 31186K [0x0000000701600000, 0x0000000707780000, 0x0000000780780000)
  object space 99840K, 31% used [0x0000000701600000,0x0000000703474a18,0x0000000707780000)
 Metaspace       used 23665K, capacity 24940K, committed 25088K, reserved 1071104K
  class space    used 3313K, capacity 3556K, committed 3584K, reserved 1048576K
}
Event: 71.571 GC heap before
{Heap before GC invocations=11 (full 1):
 PSYoungGen      total 321536K, used 314073K [0x0000000780780000, 0x000000079cc00000, 0x00000007c0000000)
  eden space 285696K, 100% used [0x0000000780780000,0x0000000791e80000,0x0000000791e80000)
  from space 35840K, 79% used [0x0000000791e80000,0x0000000793a36540,0x0000000794180000)
  to   space 38400K, 0% used [0x000000079a680000,0x000000079a680000,0x000000079cc00000)
 ParOldGen       total 99840K, used 31186K [0x0000000701600000, 0x0000000707780000, 0x0000000780780000)
  object space 99840K, 31% used [0x0000000701600000,0x0000000703474a48,0x0000000707780000)
 Metaspace       used 25010K, capacity 26384K, committed 26496K, reserved 1073152K
  class space    used 3415K, capacity 3688K, committed 3712K, reserved 1048576K
Event: 71.608 GC heap after
Heap after GC invocations=11 (full 1):
 PSYoungGen      total 406528K, used 25950K [0x0000000780780000, 0x000000079c400000, 0x00000007c0000000)
  eden space 376320K, 0% used [0x0000000780780000,0x0000000780780000,0x0000000797700000)
  from space 30208K, 85% used [0x000000079a680000,0x000000079bfd79e8,0x000000079c400000)
  to   space 39424K, 0% used [0x0000000797700000,0x0000000797700000,0x0000000799d80000)
 ParOldGen       total 99840K, used 47042K [0x0000000701600000, 0x0000000707780000, 0x0000000780780000)
  object space 99840K, 47% used [0x0000000701600000,0x00000007043f0a68,0x0000000707780000)
 Metaspace       used 25010K, capacity 26384K, committed 26496K, reserved 1073152K
  class space    used 3415K, capacity 3688K, committed 3712K, reserved 1048576K
}
Event: 128.911 GC heap before
{Heap before GC invocations=12 (full 1):
 PSYoungGen      total 406528K, used 402270K [0x0000000780780000, 0x000000079c400000, 0x00000007c0000000)
  eden space 376320K, 100% used [0x0000000780780000,0x0000000797700000,0x0000000797700000)
  from space 30208K, 85% used [0x000000079a680000,0x000000079bfd79e8,0x000000079c400000)
  to   space 39424K, 0% used [0x0000000797700000,0x0000000797700000,0x0000000799d80000)
 ParOldGen       total 99840K, used 47044K [0x0000000701600000, 0x0000000707780000, 0x0000000780780000)
  object space 99840K, 47% used [0x0000000701600000,0x00000007043f1330,0x0000000707780000)
 Metaspace       used 26343K, capacity 27844K, committed 28160K, reserved 1073152K
  class space    used 3469K, capacity 3760K, committed 3840K, reserved 1048576K
Event: 128.941 GC heap after
Heap after GC invocations=12 (full 1):
 PSYoungGen      total 415744K, used 10387K [0x0000000780780000, 0x00000007a2880000, 0x00000007c0000000)
  eden space 376320K, 0% used [0x0000000780780000,0x0000000780780000,0x0000000797700000)
  from space 39424K, 26% used [0x0000000797700000,0x0000000798124d80,0x0000000799d80000)
  to   space 38912K, 0% used [0x00000007a0280000,0x00000007a0280000,0x00000007a2880000)
 ParOldGen       total 99840K, used 66881K [0x0000000701600000, 0x0000000707780000, 0x0000000780780000)
  object space 99840K, 66% used [0x0000000701600000,0x00000007057504d8,0x0000000707780000)
 Metaspace       used 26343K, capacity 27844K, committed 28160K, reserved 1073152K
  class space    used 3469K, capacity 3760K, committed 3840K, reserved 1048576K
}

Deoptimization events (10 events):
Event: 126.371 Thread 0x000000000d5d4800 Uncommon trap: reason=bimorphic action=maybe_recompile pc=0x000000000f487784 method=java.util.regex.Pattern$Start.match(Ljava/util/regex/Matcher;ILjava/lang/CharSequence;)Z @ 44
Event: 126.373 Thread 0x000000000d5d4800 Uncommon trap: reason=bimorphic action=maybe_recompile pc=0x000000000f487784 method=java.util.regex.Pattern$Start.match(Ljava/util/regex/Matcher;ILjava/lang/CharSequence;)Z @ 44
Event: 126.374 Thread 0x000000000d5d4800 Uncommon trap: reason=bimorphic action=maybe_recompile pc=0x000000000f487784 method=java.util.regex.Pattern$Start.match(Ljava/util/regex/Matcher;ILjava/lang/CharSequence;)Z @ 44
Event: 126.416 Thread 0x000000000d5d1000 Uncommon trap: reason=unstable_if action=reinterpret pc=0x000000000ff6a0b4 method=com.sun.webkit.graphics.GraphicsDecoder.drawImage(Lcom/sun/webkit/graphics/WCGraphicsContext;Ljava/lang/Object;FFFFFFFF)V @ 8
Event: 126.698 Thread 0x000000000dd1e000 Uncommon trap: reason=unstable_if action=reinterpret pc=0x000000000f3b3cf4 method=java.util.LinkedList.linkFirst(Ljava/lang/Object;)V @ 22
Event: 126.698 Thread 0x000000000dd1e000 Uncommon trap: reason=unstable_if action=reinterpret pc=0x000000000f3b6b48 method=java.lang.AbstractStringBuilder.delete(II)Ljava/lang/AbstractStringBuilder; @ 44
Event: 127.156 Thread 0x000000000d5d4800 Uncommon trap: reason=bimorphic action=maybe_recompile pc=0x000000000f7f3c64 method=java.util.regex.Pattern$Start.match(Ljava/util/regex/Matcher;ILjava/lang/CharSequence;)Z @ 44
Event: 129.467 Thread 0x000000000d5d1000 Uncommon trap: reason=unstable_if action=reinterpret pc=0x000000000f87f1a4 method=com.sun.prism.impl.BaseResourcePool.freeDisposalRequestedAndCheckResources(Z)V @ 30
Event: 130.110 Thread 0x000000000dd1e000 Uncommon trap: reason=unstable_if action=reinterpret pc=0x000000000f12e2e8 method=java.util.HashMap$HashIterator.<init>(Ljava/util/HashMap;)V @ 45
Event: 130.123 Thread 0x000000000dd1e000 Uncommon trap: reason=null_check action=make_not_entrant pc=0x000000000fe8125c method=com.lynden.gmapsfx.javascript.JavascriptObject.invokeJavascript(Ljava/lang/String;[Ljava/lang/Object;)Ljava/lang/Object; @ 20

Internal exceptions (10 events):
Event: 74.758 Thread 0x000000000d5d1000 Implicit null exception at 0x000000000f40605e to 0x000000000f40609d
Event: 74.758 Thread 0x000000000d5d1000 Exception <a 'java/lang/NullPointerException'> (0x0000000787500a98) thrown at [C:\re\workspace\8-2-build-windows-amd64-cygwin\jdk8u60\4407\hotspot\src\share\vm\runtime\sharedRuntime.cpp, line 605]
Event: 74.778 Thread 0x000000000d5d1000 Implicit null exception at 0x000000000fa9a450 to 0x000000000fa9a4ad
Event: 95.249 Thread 0x000000000d5d1000 Implicit null exception at 0x000000000fc80ea4 to 0x000000000fc83b49
Event: 95.250 Thread 0x000000000d5d1000 Implicit null exception at 0x000000000fc71058 to 0x000000000fc72859
Event: 95.250 Thread 0x000000000d5d1000 Implicit null exception at 0x000000000fc53270 to 0x000000000fc533d1
Event: 112.959 Thread 0x000000000d5d1000 Implicit null exception at 0x000000000fd24be8 to 0x000000000fd253b5
Event: 126.698 Thread 0x000000000dd1e000 Implicit null exception at 0x000000000f3b3c99 to 0x000000000f3b3cd9
Event: 129.467 Thread 0x000000000d5d1000 Implicit null exception at 0x000000000f87f030 to 0x000000000f87f189
Event: 130.123 Thread 0x000000000dd1e000 Implicit null exception at 0x000000000fe80e7f to 0x000000000fe81236

Events (10 events):
Event: 130.498 Thread 0x000000002056b800 Thread exited: 0x000000002056b800
Event: 130.532 Thread 0x00000000206ba800 Thread exited: 0x00000000206ba800
Event: 130.537 Thread 0x000000000dd08800 Thread exited: 0x000000000dd08800
Event: 130.540 Thread 0x000000000dd0a800 Thread exited: 0x000000000dd0a800
Event: 130.700 Thread 0x000000000dd09000 Thread exited: 0x000000000dd09000
Event: 130.716 Thread 0x000000000dd0a000 Thread exited: 0x000000000dd0a000
Event: 130.717 Thread 0x000000000dd0b800 Thread exited: 0x000000000dd0b800
Event: 130.721 Thread 0x000000000dd07000 Thread exited: 0x000000000dd07000
Event: 130.724 Thread 0x000000000dd07800 Thread exited: 0x000000000dd07800
Event: 130.729 Thread 0x000000000dd11800 Thread exited: 0x000000000dd11800


Dynamic libraries:
0x00007ff7c9190000 - 0x00007ff7c91c7000 	C:\Program Files\Java\jdk1.8.0_60\jre\bin\java.exe
0x00007ff86df90000 - 0x00007ff86e151000 	C:\WINDOWS\SYSTEM32\ntdll.dll
0x00007ff86b460000 - 0x00007ff86b50d000 	C:\WINDOWS\system32\KERNEL32.DLL
0x00007ff86b1a0000 - 0x00007ff86b388000 	C:\WINDOWS\system32\KERNELBASE.dll
0x00007ff86b880000 - 0x00007ff86b927000 	C:\WINDOWS\system32\ADVAPI32.dll
0x00007ff86d6b0000 - 0x00007ff86d74d000 	C:\WINDOWS\system32\msvcrt.dll
0x00007ff86b510000 - 0x00007ff86b56b000 	C:\WINDOWS\system32\sechost.dll
0x00007ff86de10000 - 0x00007ff86df2c000 	C:\WINDOWS\system32\RPCRT4.dll
0x00007ff86dcb0000 - 0x00007ff86de06000 	C:\WINDOWS\system32\USER32.dll
0x00007ff86d0a0000 - 0x00007ff86d226000 	C:\WINDOWS\system32\GDI32.dll
0x00007ff864660000 - 0x00007ff8648d4000 	C:\WINDOWS\WinSxS\amd64_microsoft.windows.common-controls_6595b64144ccf1df_6.0.10586.0_none_8c15ae12515e1c22\COMCTL32.dll
0x00007ff86b590000 - 0x00007ff86b80d000 	C:\WINDOWS\system32\combase.dll
0x00007ff86ada0000 - 0x00007ff86ae0a000 	C:\WINDOWS\system32\bcryptPrimitives.dll
0x00007ff86cf40000 - 0x00007ff86cf7b000 	C:\WINDOWS\system32\IMM32.DLL
0x00007ff86a4a0000 - 0x00007ff86a4d1000 	C:\Windows\system32\nvinitx.dll
0x00007ff86a490000 - 0x00007ff86a49a000 	C:\WINDOWS\SYSTEM32\VERSION.dll
0x000000000f000000 - 0x000000000f006000 	C:\Program Files\NVIDIA Corporation\CoProcManager\_etoured.dll
0x00007ff8661e0000 - 0x00007ff866212000 	C:\Program Files\NVIDIA Corporation\CoProcManager\nvd3d9wrapx.dll
0x00007ff86d7b0000 - 0x00007ff86dbd9000 	C:\WINDOWS\system32\SETUPAPI.dll
0x00007ff86b150000 - 0x00007ff86b193000 	C:\WINDOWS\system32\CFGMGR32.dll
0x00007ff867140000 - 0x00007ff867162000 	C:\Program Files\NVIDIA Corporation\CoProcManager\nvdxgiwrapx.dll
0x0000000076e90000 - 0x0000000076f62000 	C:\Program Files\Java\jdk1.8.0_60\jre\bin\msvcr100.dll
0x0000000076f70000 - 0x00000000777f9000 	C:\Program Files\Java\jdk1.8.0_60\jre\bin\server\jvm.dll
0x00007ff86b580000 - 0x00007ff86b588000 	C:\WINDOWS\system32\PSAPI.DLL
0x00007ff864950000 - 0x00007ff864959000 	C:\WINDOWS\SYSTEM32\WSOCK32.dll
0x00007ff868860000 - 0x00007ff868883000 	C:\WINDOWS\SYSTEM32\WINMM.dll
0x00007ff86dbe0000 - 0x00007ff86dc4b000 	C:\WINDOWS\system32\WS2_32.dll
0x0000000002090000 - 0x00000000020bc000 	C:\WINDOWS\SYSTEM32\WINMMBASE.dll
0x0000000076e40000 - 0x0000000076e4f000 	C:\Program Files\Java\jdk1.8.0_60\jre\bin\verify.dll
0x0000000076e10000 - 0x0000000076e39000 	C:\Program Files\Java\jdk1.8.0_60\jre\bin\java.dll
0x0000000076df0000 - 0x0000000076e06000 	C:\Program Files\Java\jdk1.8.0_60\jre\bin\zip.dll
0x00007ff86b930000 - 0x00007ff86ce8c000 	C:\WINDOWS\system32\SHELL32.dll
0x00007ff86a6a0000 - 0x00007ff86ace5000 	C:\WINDOWS\system32\windows.storage.dll
0x00007ff86d750000 - 0x00007ff86d7a2000 	C:\WINDOWS\system32\shlwapi.dll
0x00007ff86a630000 - 0x00007ff86a63f000 	C:\WINDOWS\system32\kernel.appcore.dll
0x00007ff86ae10000 - 0x00007ff86aec5000 	C:\WINDOWS\system32\shcore.dll
0x00007ff86a5e0000 - 0x00007ff86a62b000 	C:\WINDOWS\system32\powrprof.dll
0x00007ff86a5b0000 - 0x00007ff86a5c4000 	C:\WINDOWS\system32\profapi.dll
0x00007ff841f60000 - 0x00007ff84204f000 	C:\Program Files\Java\jdk1.8.0_60\jre\bin\msvcr120.dll
0x00007ff855090000 - 0x00007ff855136000 	C:\Program Files\Java\jdk1.8.0_60\jre\bin\msvcp120.dll
0x0000000076ad0000 - 0x0000000076af3000 	C:\Program Files\Java\jdk1.8.0_60\jre\bin\prism_d3d.dll
0x00007ff85cd00000 - 0x00007ff85cf10000 	C:\WINDOWS\system32\d3d9.dll
0x00007ff8675a0000 - 0x00007ff8675c2000 	C:\WINDOWS\SYSTEM32\dwmapi.dll
0x00007ff86a2a0000 - 0x00007ff86a2c7000 	C:\WINDOWS\SYSTEM32\DEVOBJ.dll
0x00007ff86a640000 - 0x00007ff86a695000 	C:\WINDOWS\system32\WINTRUST.dll
0x00007ff86a5d0000 - 0x00007ff86a5e0000 	C:\WINDOWS\system32\MSASN1.dll
0x00007ff86aed0000 - 0x00007ff86b097000 	C:\WINDOWS\system32\CRYPT32.dll
0x00007ff868f40000 - 0x00007ff868fd6000 	C:\WINDOWS\system32\uxtheme.dll
0x00007ff8659c0000 - 0x00007ff865ae5000 	C:\WINDOWS\SYSTEM32\nvumdshimx.dll
0x00007ff83bfb0000 - 0x00007ff83cbd0000 	C:\WINDOWS\system32\igdumd64.dll
0x0000000076a80000 - 0x0000000076ac3000 	C:\Program Files\Java\jdk1.8.0_60\jre\bin\glass.dll
0x00007ff86cf80000 - 0x00007ff86d08b000 	C:\WINDOWS\system32\COMDLG32.dll
0x000000000de60000 - 0x000000000dee6000 	C:\WINDOWS\system32\FirewallAPI.dll
0x00007ff86b0a0000 - 0x00007ff86b0b7000 	C:\WINDOWS\system32\NETAPI32.dll
0x00007ff86d400000 - 0x00007ff86d543000 	C:\WINDOWS\system32\ole32.dll
0x00007ff86b390000 - 0x00007ff86b451000 	C:\WINDOWS\system32\OLEAUT32.dll
0x00007ff867120000 - 0x00007ff86712c000 	C:\WINDOWS\SYSTEM32\DAVHLPR.DLL
0x00007ff869260000 - 0x00007ff869292000 	C:\WINDOWS\SYSTEM32\fwbase.dll
0x00007ff86d550000 - 0x00007ff86d6aa000 	C:\WINDOWS\system32\MSCTF.dll
0x00000000744f0000 - 0x0000000076a7d000 	C:\Program Files\Java\jdk1.8.0_60\jre\bin\jfxwebkit.dll
0x00007ff869bd0000 - 0x00007ff869be7000 	C:\WINDOWS\SYSTEM32\CRYPTSP.dll
0x00007ff869860000 - 0x00007ff869894000 	C:\WINDOWS\system32\rsaenh.dll
0x00007ff86a4e0000 - 0x00007ff86a509000 	C:\WINDOWS\SYSTEM32\bcrypt.dll
0x00007ff869cf0000 - 0x00007ff869cfb000 	C:\WINDOWS\SYSTEM32\CRYPTBASE.dll
0x0000000076dd0000 - 0x0000000076dea000 	C:\Program Files\Java\jdk1.8.0_60\jre\bin\net.dll
0x00007ff869b20000 - 0x00007ff869b7c000 	C:\WINDOWS\system32\mswsock.dll
0x0000000076db0000 - 0x0000000076dc1000 	C:\Program Files\Java\jdk1.8.0_60\jre\bin\nio.dll
0x00000000744d0000 - 0x00000000744e4000 	C:\Program Files\Java\jdk1.8.0_60\jre\bin\javafx_font.dll
0x00007ff861a80000 - 0x00007ff861ce0000 	C:\WINDOWS\SYSTEM32\dwrite.dll
0x00007ff86ce90000 - 0x00007ff86cf37000 	C:\WINDOWS\system32\clbcatq.dll
0x00007ff866360000 - 0x00007ff866511000 	C:\WINDOWS\SYSTEM32\WindowsCodecs.dll
0x00007ff85a9b0000 - 0x00007ff85a9fa000 	C:\WINDOWS\system32\dataexchange.dll
0x00007ff8672d0000 - 0x00007ff867578000 	C:\WINDOWS\system32\d3d11.dll
0x00007ff868740000 - 0x00007ff868823000 	C:\WINDOWS\system32\dcomp.dll
0x00007ff867200000 - 0x00007ff8672a3000 	C:\WINDOWS\system32\dxgi.dll
0x00007ff869000000 - 0x00007ff869100000 	C:\WINDOWS\system32\twinapi.appcore.dll
0x00007ff860d70000 - 0x00007ff860da4000 	C:\Program Files\Common Files\Microsoft Shared\Ink\rtscom.dll
0x0000000076b00000 - 0x0000000076b24000 	C:\Program Files\Java\jdk1.8.0_60\jre\bin\sunec.dll
0x00000000744b0000 - 0x00000000744c1000 	C:\Program Files\Java\jdk1.8.0_60\jre\bin\prism_common.dll
0x00007ff8699b0000 - 0x00007ff8699cf000 	C:\WINDOWS\SYSTEM32\USERENV.dll
0x00007ff8667f0000 - 0x00007ff866828000 	C:\WINDOWS\SYSTEM32\IPHLPAPI.DLL
0x00007ff86d090000 - 0x00007ff86d098000 	C:\WINDOWS\system32\NSI.dll
0x00007ff85ff70000 - 0x00007ff85ff86000 	C:\WINDOWS\SYSTEM32\dhcpcsvc6.DLL
0x00007ff85ff00000 - 0x00007ff85ff1a000 	C:\WINDOWS\SYSTEM32\dhcpcsvc.DLL
0x00007ff85c000000 - 0x00007ff85c016000 	C:\WINDOWS\system32\napinsp.dll
0x00007ff85c8d0000 - 0x00007ff85c8ea000 	C:\WINDOWS\system32\pnrpnsp.dll
0x00007ff867a40000 - 0x00007ff867a58000 	C:\WINDOWS\system32\NLAapi.dll
0x00007ff868e90000 - 0x00007ff868f3a000 	C:\WINDOWS\SYSTEM32\DNSAPI.dll
0x00007ff86a0b0000 - 0x00007ff86a0bd000 	C:\WINDOWS\System32\winrnr.dll
0x00007ff866290000 - 0x00007ff8662a5000 	C:\WINDOWS\System32\wshbth.dll
0x00007ff85dc20000 - 0x00007ff85dc2a000 	C:\Windows\System32\rasadhlp.dll
0x00007ff860020000 - 0x00007ff860087000 	C:\WINDOWS\System32\fwpuclnt.dll
0x00007ff856a20000 - 0x00007ff856a70000 	C:\WINDOWS\SYSTEM32\edputil.dll
0x00007ff8414b0000 - 0x00007ff84163c000 	C:\WINDOWS\SYSTEM32\dbghelp.dll

VM Arguments:
jvm_args: -Dfile.encoding=UTF-8 
java_command: com.busenzo.gui.BusTracker
java_class_path (initial): C:\Users\Jean Paul\Documents\NetBeansProjects\BusBeheer3\Bus-Tracker\GMapsFX-2.0.5-SNAPSHOT.jar;C:\Program Files\NetBeans 8.1\platform\modules\ext\junit-4.12.jar;C:\Users\Jean Paul\Documents\NetBeansProjects\BusBeheer3\Bus-Tracker\json-simple-1.1.1.jar;C:\Users\Jean Paul\Documents\NetBeansProjects\BusBeheer3\Bus-Tracker\build\classes
Launcher Type: SUN_STANDARD

Environment Variables:
PATH=C:\app\JeanPaul\product\12.1.0\dbhome_2\bin;C:\app\jeanpaul\product\12.1.0\dbhome_1\bin;C:\Program Files (x86)\NVIDIA Corporation\PhysX\Common;C:\ProgramData\Oracle\Java\javapath;C:\WINDOWS\system32;C:\WINDOWS;C:\WINDOWS\System32\Wbem;C:\WINDOWS\System32\WindowsPowerShell\v1.0\;C:\Program Files (x86)\Windows Kits\8.1\Windows Performance Toolkit\;C:\Program Files\Microsoft SQL Server\110\Tools\Binn\;C:\WINDOWS\system32\config\systemprofile\.dnx\bin;C:\Program Files\Microsoft DNX\Dnvm\;C:\Program Files\Microsoft SQL Server\120\Tools\Binn\;C:\Program Files\Microsoft\Web Platform Installer\;C:\Program Files (x86)\Windows Live\Shared;C:\Program Files (x86)\Bitvise SSH Client;C:\Program Files (x86)\GNU\GnuPG\pub;C:\Program Files (x86)\Skype\Phone\;C:\Users\Jean Paul\.dnx\bin
USERNAME=Jean Paul
OS=Windows_NT
PROCESSOR_IDENTIFIER=Intel64 Family 6 Model 42 Stepping 7, GenuineIntel



---------------  S Y S T E M  ---------------

OS: Windows 10.0 , 64 bit Build 10586 (10.0.10586.0)

CPU:total 8 (4 cores per cpu, 2 threads per core) family 6 model 42 stepping 7, cmov, cx8, fxsr, mmx, sse, sse2, sse3, ssse3, sse4.1, sse4.2, popcnt, avx, aes, clmul, ht, tsc, tscinvbit

Memory: 4k page, physical 12492496k(5320980k free), swap 14393040k(6889340k free)

vm_info: Java HotSpot(TM) 64-Bit Server VM (25.60-b23) for windows-amd64 JRE (1.8.0_60-b27), built on Aug  4 2015 11:06:27 by "java_re" with MS VC++ 10.0 (VS2010)

time: Mon May 09 10:27:41 2016
elapsed time: 131 seconds (0d 0h 2m 11s)

