#
# A fatal error has been detected by the Java Runtime Environment:
#
#  EXCEPTION_ACCESS_VIOLATION (0xc0000005) at pc=0x000000006efe4999, pid=2928, tid=6160
#
# JRE version: Java(TM) SE Runtime Environment (8.0_60-b27) (build 1.8.0_60-b27)
# Java VM: Java HotSpot(TM) 64-Bit Server VM (25.60-b23 mixed mode windows-amd64 compressed oops)
# Problematic frame:
# C  [jfxwebkit.dll+0xb94999]
#
# Failed to write core dump. Minidumps are not enabled by default on client versions of Windows
#
# If you would like to submit a bug report, please visit:
#   http://bugreport.java.com/bugreport/crash.jsp
# The crash happened outside the Java Virtual Machine in native code.
# See problematic frame for where to report the bug.
#

---------------  T H R E A D  ---------------

Current thread (0x000000000d938800):  JavaThread "pool-3-thread-1" [_thread_in_native, id=6160, stack(0x00000000216c0000,0x00000000217c0000)]

siginfo: ExceptionCode=0xc0000005, writing address 0x00000000bbadbeef

Registers:
RAX=0x0000000000000000, RBX=0x00000000297c5d50, RCX=0x13c7cc2e9a060000, RDX=0x0000000000000002
RSP=0x00000000217bd640, RBP=0x0000000000000000, RSI=0x000000001f20bed0, RDI=0x00000000217bd710
R8 =0x00000000217bd140, R9 =0x00007ffae5ff0000, R10=0x0000000000000000, R11=0x0000000000000200
R12=0x0000000000000002, R13=0x0000000000000000, R14=0x0000000000000001, R15=0x000000007fffffff
RIP=0x000000006efe4999, EFLAGS=0x0000000000010246

Top of Stack: (sp=0x00000000217bd640)
0x00000000217bd640:   0000000000000000 0000000000000090
0x00000000217bd650:   0000000000000009 00007ffb06605bd4
0x00000000217bd660:   00000000297c5d50 000000006f09d123
0x00000000217bd670:   0000000000000080 0000000000000000
0x00000000217bd680:   000000000000000d 0000000000000000
0x00000000217bd690:   fffffffffffffffe 00000000001802e4
0x00000000217bd6a0:   0000000000000000 0000000000000000
0x00000000217bd6b0:   000000001feef8c0 0000000000000000
0x00000000217bd6c0:   0000000000000000 000000006f019be4
0x00000000217bd6d0:   0000000000509dc0 00000000217bd8b0
0x00000000217bd6e0:   0000000000000000 00007ffae6056a57
0x00000000217bd6f0:   0000000000000002 000000006f09fadd
0x00000000217bd700:   0000000000000011 0000000000000000
0x00000000217bd710:   0000000000000000 000000006efc545c
0x00000000217bd720:   000000000000000a fffffffffffffffe
0x00000000217bd730:   00000000293ea440 000000006eff0857 

Instructions: (pc=0x000000006efe4999)
0x000000006efe4979:   83 c4 20 5b c3 cc cc 48 83 ec 28 48 8b 05 25 ab
0x000000006efe4989:   8c 01 48 85 c0 74 02 ff d0 e8 a9 07 00 00 33 c0
0x000000006efe4999:   a3 ef be ad bb 00 00 00 00 48 83 c4 28 48 ff e0
0x000000006efe49a9:   cc cc cc cc cc cc cc 48 83 ec 28 48 8b 05 f5 aa 


Register to memory mapping:

RAX=0x0000000000000000 is an unknown value
RBX=0x00000000297c5d50 is an unknown value
RCX=0x13c7cc2e9a060000 is an unknown value
RDX=0x0000000000000002 is an unknown value
RSP=0x00000000217bd640 is pointing into the stack for thread: 0x000000000d938800
RBP=0x0000000000000000 is an unknown value
RSI=0x000000001f20bed0 is an unknown value
RDI=0x00000000217bd710 is pointing into the stack for thread: 0x000000000d938800
R8 =0x00000000217bd140 is pointing into the stack for thread: 0x000000000d938800
R9 =0x00007ffae5ff0000 is an unknown value
R10=0x0000000000000000 is an unknown value
R11=0x0000000000000200 is an unknown value
R12=0x0000000000000002 is an unknown value
R13=0x0000000000000000 is an unknown value
R14=0x0000000000000001 is an unknown value
R15=0x000000007fffffff is an unknown value


Stack: [0x00000000216c0000,0x00000000217c0000],  sp=0x00000000217bd640,  free space=1013k
Native frames: (J=compiled Java code, j=interpreted, Vv=VM code, C=native code)

Java frames: (J=compiled Java code, j=interpreted, Vv=VM code)
J 2667  com.sun.webkit.dom.JSObject.callImpl(JILjava/lang/String;[Ljava/lang/Object;Ljava/security/AccessControlContext;)Ljava/lang/Object; (0 bytes) @ 0x000000000f896812 [0x000000000f896780+0x92]
J 2666 C1 com.sun.webkit.dom.JSObject.call(Ljava/lang/String;[Ljava/lang/Object;)Ljava/lang/Object; (17 bytes) @ 0x000000000f89972c [0x000000000f899440+0x2ec]
J 2665 C1 com.lynden.gmapsfx.javascript.JavascriptObject.invokeJavascript(Ljava/lang/String;[Ljava/lang/Object;)Ljava/lang/Object; (101 bytes) @ 0x000000000f8988cc [0x000000000f897d60+0xb6c]
J 2726 C1 com.lynden.gmapsfx.javascript.object.Marker.setMap(Lcom/lynden/gmapsfx/javascript/object/GoogleMap;)V (16 bytes) @ 0x000000000f8c01ac [0x000000000f8bff00+0x2ac]
j  com.lynden.gmapsfx.javascript.object.GoogleMap.removeMarker(Lcom/lynden/gmapsfx/javascript/object/Marker;)V+2
j  com.busenzo.gui.FXMLDocumentController.clearBusMarkers()V+89
j  com.busenzo.gui.FXMLDocumentController.reloadData()V+16
j  com.busenzo.gui.FXMLDocumentController$1.run()V+4
J 3521 C1 java.util.concurrent.Executors$RunnableAdapter.call()Ljava/lang/Object; (14 bytes) @ 0x000000000f3d4854 [0x000000000f3d4740+0x114]
j  java.util.concurrent.FutureTask.runAndReset()Z+47
j  java.util.concurrent.ScheduledThreadPoolExecutor$ScheduledFutureTask.access$301(Ljava/util/concurrent/ScheduledThreadPoolExecutor$ScheduledFutureTask;)Z+1
j  java.util.concurrent.ScheduledThreadPoolExecutor$ScheduledFutureTask.run()V+37
j  java.util.concurrent.ThreadPoolExecutor.runWorker(Ljava/util/concurrent/ThreadPoolExecutor$Worker;)V+95
j  java.util.concurrent.ThreadPoolExecutor$Worker.run()V+5
j  java.lang.Thread.run()V+11
v  ~StubRoutines::call_stub

---------------  P R O C E S S  ---------------

Java Threads: ( => current thread )
  0x000000000cc2f800 JavaThread "Keep-Alive-Timer" daemon [_thread_blocked, id=108, stack(0x0000000030380000,0x0000000030480000)]
  0x000000000d58e800 JavaThread "Watchdog-Timer-1" daemon [_thread_blocked, id=8224, stack(0x0000000026a60000,0x0000000026b60000)]
  0x000000000dab2800 JavaThread "Prism Font Disposer" daemon [_thread_blocked, id=5008, stack(0x0000000021c50000,0x0000000021d50000)]
=>0x000000000d938800 JavaThread "pool-3-thread-1" [_thread_in_native, id=6160, stack(0x00000000216c0000,0x00000000217c0000)]
  0x000000000d7b3800 JavaThread "Disposer" daemon [_thread_blocked, id=2984, stack(0x000000001fef0000,0x000000001fff0000)]
  0x000000000d675800 JavaThread "Thread-3" daemon [_thread_in_native, id=4512, stack(0x000000001f2b0000,0x000000001f3b0000)]
  0x000000000d687000 JavaThread "JavaFX-Launcher" [_thread_blocked, id=5740, stack(0x000000001f3b0000,0x000000001f4b0000)]
  0x000000000d604000 JavaThread "JavaFX Application Thread" [_thread_in_native, id=8948, stack(0x000000000e260000,0x000000000e360000)]
  0x000000000d5ea800 JavaThread "Thread-1" daemon [_thread_blocked, id=1572, stack(0x000000000e0b0000,0x000000000e1b0000)]
  0x000000000d5df000 JavaThread "QuantumRenderer-0" daemon [_thread_blocked, id=5564, stack(0x000000000dd80000,0x000000000de80000)]
  0x000000000ca46800 JavaThread "Service Thread" daemon [_thread_blocked, id=4436, stack(0x000000000d380000,0x000000000d480000)]
  0x000000000c9b9800 JavaThread "C1 CompilerThread3" daemon [_thread_blocked, id=5028, stack(0x000000000d280000,0x000000000d380000)]
  0x000000000c9ad800 JavaThread "C2 CompilerThread2" daemon [_thread_blocked, id=7084, stack(0x000000000d180000,0x000000000d280000)]
  0x000000000c9ac000 JavaThread "C2 CompilerThread1" daemon [_thread_blocked, id=3212, stack(0x000000000d080000,0x000000000d180000)]
  0x000000000c9a8800 JavaThread "C2 CompilerThread0" daemon [_thread_blocked, id=736, stack(0x000000000cf80000,0x000000000d080000)]
  0x000000000c9a7000 JavaThread "Attach Listener" daemon [_thread_blocked, id=9128, stack(0x000000000ce80000,0x000000000cf80000)]
  0x000000000c9a6000 JavaThread "Signal Dispatcher" daemon [_thread_blocked, id=4672, stack(0x000000000cd80000,0x000000000ce80000)]
  0x00000000023aa800 JavaThread "Finalizer" daemon [_thread_blocked, id=8252, stack(0x000000000c780000,0x000000000c880000)]
  0x00000000023a4000 JavaThread "Reference Handler" daemon [_thread_blocked, id=7788, stack(0x000000000c680000,0x000000000c780000)]
  0x00000000022b0800 JavaThread "main" [_thread_blocked, id=1440, stack(0x00000000021b0000,0x00000000022b0000)]

Other Threads:
  0x000000000a8a9000 VMThread [stack: 0x000000000c580000,0x000000000c680000] [id=6264]
  0x000000000c9e7800 WatcherThread [stack: 0x000000000d480000,0x000000000d580000] [id=672]

VM state:not at safepoint (normal execution)

VM Mutex/Monitor currently owned by a thread: None

Heap:
 PSYoungGen      total 57344K, used 57150K [0x0000000780780000, 0x0000000786a00000, 0x00000007c0000000)
  eden space 49152K, 99% used [0x0000000780780000,0x000000078375acc0,0x0000000783780000)
  from space 8192K, 99% used [0x0000000783780000,0x0000000783f74dd0,0x0000000783f80000)
  to   space 8192K, 0% used [0x0000000786200000,0x0000000786200000,0x0000000786a00000)
 ParOldGen       total 67072K, used 8351K [0x0000000701600000, 0x0000000705780000, 0x0000000780780000)
  object space 67072K, 12% used [0x0000000701600000,0x0000000701e27d58,0x0000000705780000)
 Metaspace       used 25035K, capacity 26408K, committed 26496K, reserved 1073152K
  class space    used 3406K, capacity 3683K, committed 3712K, reserved 1048576K

Card table byte_map: [0x0000000002770000,0x0000000002d70000] byte_map_base: 0xfffffffffef65000

Marking Bits: (ParMarkBitMap*) 0x00000000716da5b0
 Begin Bits: [0x0000000003970000, 0x0000000006918000)
 End Bits:   [0x0000000006918000, 0x00000000098c0000)

Polling page: 0x0000000000980000

CodeCache: size=245760Kb used=10421Kb max_used=10425Kb free=235338Kb
 bounds [0x000000000f010000, 0x000000000fa60000, 0x000000001e010000]
 total_blobs=4140 nmethods=3362 adapters=689
 compilation: enabled

Compilation events (10 events):
Event: 124.444 Thread 0x000000000c9b9800 nmethod 3857 0x000000000f1aa610 code [0x000000000f1aa760, 0x000000000f1aa8b0]
Event: 124.444 Thread 0x000000000c9b9800 3858       3       java.util.concurrent.atomic.AtomicLong::compareAndSet (13 bytes)
Event: 124.444 Thread 0x000000000c9b9800 nmethod 3858 0x000000000f67ef50 code [0x000000000f67f0a0, 0x000000000f67f210]
Event: 124.444 Thread 0x000000000c9b9800 3859       3       java.util.Random::next (47 bytes)
Event: 124.444 Thread 0x000000000c9b9800 nmethod 3859 0x000000000f545cd0 code [0x000000000f545e40, 0x000000000f546250]
Event: 124.444 Thread 0x000000000c9b9800 3865       1       com.busenzo.domein.Rit::getVerwachteAankomstTijd (5 bytes)
Event: 124.444 Thread 0x000000000c9b9800 nmethod 3865 0x000000000f43dd10 code [0x000000000f43de60, 0x000000000f43df70]
Event: 124.444 Thread 0x000000000c9b9800 3867       3       java.time.LocalTime::<init> (29 bytes)
Event: 124.445 Thread 0x000000000c9b9800 nmethod 3867 0x000000000f8809d0 code [0x000000000f880b20, 0x000000000f880cd0]
Event: 124.445 Thread 0x000000000c9ad800 nmethod 3866 0x000000000f88f190 code [0x000000000f88f300, 0x000000000f88f678]

GC Heap History (8 events):
Event: 3.506 GC heap before
{Heap before GC invocations=1 (full 0):
 PSYoungGen      total 57344K, used 49152K [0x0000000780780000, 0x0000000784780000, 0x00000007c0000000)
  eden space 49152K, 100% used [0x0000000780780000,0x0000000783780000,0x0000000783780000)
  from space 8192K, 0% used [0x0000000783f80000,0x0000000783f80000,0x0000000784780000)
  to   space 8192K, 0% used [0x0000000783780000,0x0000000783780000,0x0000000783f80000)
 ParOldGen       total 131072K, used 0K [0x0000000701600000, 0x0000000709600000, 0x0000000780780000)
  object space 131072K, 0% used [0x0000000701600000,0x0000000701600000,0x0000000709600000)
 Metaspace       used 18808K, capacity 20026K, committed 20224K, reserved 1067008K
  class space    used 2764K, capacity 3008K, committed 3072K, reserved 1048576K
Event: 3.514 GC heap after
Heap after GC invocations=1 (full 0):
 PSYoungGen      total 57344K, used 6194K [0x0000000780780000, 0x0000000784780000, 0x00000007c0000000)
  eden space 49152K, 0% used [0x0000000780780000,0x0000000780780000,0x0000000783780000)
  from space 8192K, 75% used [0x0000000783780000,0x0000000783d8cac0,0x0000000783f80000)
  to   space 8192K, 0% used [0x0000000783f80000,0x0000000783f80000,0x0000000784780000)
 ParOldGen       total 131072K, used 216K [0x0000000701600000, 0x0000000709600000, 0x0000000780780000)
  object space 131072K, 0% used [0x0000000701600000,0x0000000701636020,0x0000000709600000)
 Metaspace       used 18808K, capacity 20026K, committed 20224K, reserved 1067008K
  class space    used 2764K, capacity 3008K, committed 3072K, reserved 1048576K
}
Event: 3.613 GC heap before
{Heap before GC invocations=2 (full 0):
 PSYoungGen      total 57344K, used 10021K [0x0000000780780000, 0x0000000784780000, 0x00000007c0000000)
  eden space 49152K, 7% used [0x0000000780780000,0x0000000780b3ca30,0x0000000783780000)
  from space 8192K, 75% used [0x0000000783780000,0x0000000783d8cac0,0x0000000783f80000)
  to   space 8192K, 0% used [0x0000000783f80000,0x0000000783f80000,0x0000000784780000)
 ParOldGen       total 131072K, used 216K [0x0000000701600000, 0x0000000709600000, 0x0000000780780000)
  object space 131072K, 0% used [0x0000000701600000,0x0000000701636020,0x0000000709600000)
 Metaspace       used 20044K, capacity 21216K, committed 21296K, reserved 1067008K
  class space    used 2917K, capacity 3145K, committed 3200K, reserved 1048576K
Event: 3.621 GC heap after
Heap after GC invocations=2 (full 0):
 PSYoungGen      total 57344K, used 6242K [0x0000000780780000, 0x0000000787780000, 0x00000007c0000000)
  eden space 49152K, 0% used [0x0000000780780000,0x0000000780780000,0x0000000783780000)
  from space 8192K, 76% used [0x0000000783f80000,0x0000000784598af0,0x0000000784780000)
  to   space 8192K, 0% used [0x0000000783780000,0x0000000783780000,0x0000000783f80000)
 ParOldGen       total 131072K, used 224K [0x0000000701600000, 0x0000000709600000, 0x0000000780780000)
  object space 131072K, 0% used [0x0000000701600000,0x0000000701638020,0x0000000709600000)
 Metaspace       used 20044K, capacity 21216K, committed 21296K, reserved 1067008K
  class space    used 2917K, capacity 3145K, committed 3200K, reserved 1048576K
}
Event: 3.621 GC heap before
{Heap before GC invocations=3 (full 1):
 PSYoungGen      total 57344K, used 6242K [0x0000000780780000, 0x0000000787780000, 0x00000007c0000000)
  eden space 49152K, 0% used [0x0000000780780000,0x0000000780780000,0x0000000783780000)
  from space 8192K, 76% used [0x0000000783f80000,0x0000000784598af0,0x0000000784780000)
  to   space 8192K, 0% used [0x0000000783780000,0x0000000783780000,0x0000000783f80000)
 ParOldGen       total 131072K, used 224K [0x0000000701600000, 0x0000000709600000, 0x0000000780780000)
  object space 131072K, 0% used [0x0000000701600000,0x0000000701638020,0x0000000709600000)
 Metaspace       used 20044K, capacity 21216K, committed 21296K, reserved 1067008K
  class space    used 2917K, capacity 3145K, committed 3200K, reserved 1048576K
Event: 3.656 GC heap after
Heap after GC invocations=3 (full 1):
 PSYoungGen      total 57344K, used 0K [0x0000000780780000, 0x0000000787780000, 0x00000007c0000000)
  eden space 49152K, 0% used [0x0000000780780000,0x0000000780780000,0x0000000783780000)
  from space 8192K, 0% used [0x0000000783f80000,0x0000000783f80000,0x0000000784780000)
  to   space 8192K, 0% used [0x0000000783780000,0x0000000783780000,0x0000000783f80000)
 ParOldGen       total 67072K, used 6295K [0x0000000701600000, 0x0000000705780000, 0x0000000780780000)
  object space 67072K, 9% used [0x0000000701600000,0x0000000701c25d48,0x0000000705780000)
 Metaspace       used 20044K, capacity 21216K, committed 21296K, reserved 1067008K
  class space    used 2917K, capacity 3145K, committed 3200K, reserved 1048576K
}
Event: 5.716 GC heap before
{Heap before GC invocations=4 (full 1):
 PSYoungGen      total 57344K, used 49152K [0x0000000780780000, 0x0000000787780000, 0x00000007c0000000)
  eden space 49152K, 100% used [0x0000000780780000,0x0000000783780000,0x0000000783780000)
  from space 8192K, 0% used [0x0000000783f80000,0x0000000783f80000,0x0000000784780000)
  to   space 8192K, 0% used [0x0000000783780000,0x0000000783780000,0x0000000783f80000)
 ParOldGen       total 67072K, used 6295K [0x0000000701600000, 0x0000000705780000, 0x0000000780780000)
  object space 67072K, 9% used [0x0000000701600000,0x0000000701c25d48,0x0000000705780000)
 Metaspace       used 23703K, capacity 25044K, committed 25216K, reserved 1071104K
  class space    used 3319K, capacity 3593K, committed 3712K, reserved 1048576K
Event: 5.721 GC heap after
Heap after GC invocations=4 (full 1):
 PSYoungGen      total 57344K, used 8147K [0x0000000780780000, 0x0000000786a00000, 0x00000007c0000000)
  eden space 49152K, 0% used [0x0000000780780000,0x0000000780780000,0x0000000783780000)
  from space 8192K, 99% used [0x0000000783780000,0x0000000783f74dd0,0x0000000783f80000)
  to   space 8192K, 0% used [0x0000000786200000,0x0000000786200000,0x0000000786a00000)
 ParOldGen       total 67072K, used 8351K [0x0000000701600000, 0x0000000705780000, 0x0000000780780000)
  object space 67072K, 12% used [0x0000000701600000,0x0000000701e27d58,0x0000000705780000)
 Metaspace       used 23703K, capacity 25044K, committed 25216K, reserved 1071104K
  class space    used 3319K, capacity 3593K, committed 3712K, reserved 1048576K
}

Deoptimization events (10 events):
Event: 16.463 Thread 0x000000000d593000 Uncommon trap: reason=unstable_if action=reinterpret pc=0x000000000f8d08bc method=java.util.concurrent.locks.AbstractQueuedSynchronizer$ConditionObject.awaitNanos(J)J @ 53
Event: 16.463 Thread 0x0000000020c5a800 Uncommon trap: reason=unstable_if action=reinterpret pc=0x000000000f8d08bc method=java.util.concurrent.locks.AbstractQueuedSynchronizer$ConditionObject.awaitNanos(J)J @ 53
Event: 16.469 Thread 0x0000000020453000 Uncommon trap: reason=unstable_if action=reinterpret pc=0x000000000f8d08bc method=java.util.concurrent.locks.AbstractQueuedSynchronizer$ConditionObject.awaitNanos(J)J @ 53
Event: 16.470 Thread 0x0000000020450800 Uncommon trap: reason=unstable_if action=reinterpret pc=0x000000000f8d08bc method=java.util.concurrent.locks.AbstractQueuedSynchronizer$ConditionObject.awaitNanos(J)J @ 53
Event: 16.554 Thread 0x000000000cc94800 Uncommon trap: reason=unstable_if action=reinterpret pc=0x000000000f8d08bc method=java.util.concurrent.locks.AbstractQueuedSynchronizer$ConditionObject.awaitNanos(J)J @ 53
Event: 16.567 Thread 0x000000000d58c800 Uncommon trap: reason=unstable_if action=reinterpret pc=0x000000000f8d08bc method=java.util.concurrent.locks.AbstractQueuedSynchronizer$ConditionObject.awaitNanos(J)J @ 53
Event: 23.307 Thread 0x000000000d604000 Uncommon trap: reason=bimorphic action=maybe_recompile pc=0x000000000f8209fc method=java.io.FilterInputStream.read([B)I @ 5
Event: 23.307 Thread 0x000000000d604000 Uncommon trap: reason=bimorphic action=maybe_recompile pc=0x000000000f8209fc method=java.io.FilterInputStream.read([B)I @ 5
Event: 23.307 Thread 0x000000000d604000 Uncommon trap: reason=bimorphic action=maybe_recompile pc=0x000000000f8209fc method=java.io.FilterInputStream.read([B)I @ 5
Event: 23.309 Thread 0x000000000d604000 Uncommon trap: reason=unstable_if action=reinterpret pc=0x000000000f86e7cc method=com.sun.javafx.iio.png.PNGImageLoader2.copy([B[BIII)V @ 10

Internal exceptions (10 events):
Event: 0.796 Thread 0x000000000d604000 Implicit null exception at 0x000000000f310e6f to 0x000000000f310ed9
Event: 0.940 Thread 0x000000000d604000 Implicit null exception at 0x000000000f370699 to 0x000000000f3706d9
Event: 0.941 Thread 0x000000000d604000 Implicit null exception at 0x000000000f36d799 to 0x000000000f36d7d9
Event: 3.230 Thread 0x000000000d604000 Implicit null exception at 0x000000000f47942d to 0x000000000f479475
Event: 3.398 Thread 0x000000000d604000 Implicit null exception at 0x000000000f5229b1 to 0x000000000f522ffd
Event: 4.199 Thread 0x000000000d604000 Exception <a 'java/io/FileNotFoundException'> (0x00000007811bf380) thrown at [C:\re\workspace\8-2-build-windows-amd64-cygwin\jdk8u60\4407\hotspot\src\share\vm\prims\jni.cpp, line 709]
Event: 4.202 Thread 0x000000000d604000 Exception <a 'java/io/FileNotFoundException'> (0x00000007811d1ab0) thrown at [C:\re\workspace\8-2-build-windows-amd64-cygwin\jdk8u60\4407\hotspot\src\share\vm\prims\jni.cpp, line 709]
Event: 4.203 Thread 0x000000000d604000 Exception <a 'java/io/FileNotFoundException'> (0x0000000781bfe348) thrown at [C:\re\workspace\8-2-build-windows-amd64-cygwin\jdk8u60\4407\hotspot\src\share\vm\prims\jni.cpp, line 709]
Event: 4.203 Thread 0x000000000d604000 Exception <a 'java/io/FileNotFoundException'> (0x0000000781bff680) thrown at [C:\re\workspace\8-2-build-windows-amd64-cygwin\jdk8u60\4407\hotspot\src\share\vm\prims\jni.cpp, line 709]
Event: 5.743 Thread 0x000000000d604000 Implicit null exception at 0x000000000f8a8a3a to 0x000000000f8a8ca1

Events (10 events):
Event: 124.418 Thread 0x000000000c9b9800 flushing nmethod 0x000000000f892e50
Event: 124.442 Thread 0x000000000c9b9800 flushing nmethod 0x000000000f8deb10
Event: 124.442 Thread 0x000000000c9b9800 flushing nmethod 0x000000000f8dee50
Event: 124.443 Thread 0x000000000c9b9800 flushing nmethod 0x000000000f907dd0
Event: 124.443 Thread 0x000000000c9b9800 flushing nmethod 0x000000000f908350
Event: 124.443 Thread 0x000000000c9b9800 flushing nmethod 0x000000000f924b50
Event: 124.443 Thread 0x000000000c9b9800 flushing nmethod 0x000000000f9260d0
Event: 124.443 Thread 0x000000000c9b9800 flushing nmethod 0x000000000f92cad0
Event: 124.443 Thread 0x000000000c9b9800 flushing nmethod 0x000000000f92d910
Event: 124.443 Thread 0x000000000c9b9800 flushing nmethod 0x000000000f92de10


Dynamic libraries:
0x00007ff6db910000 - 0x00007ff6db947000 	C:\Program Files\Java\jdk1.8.0_60\jre\bin\java.exe
0x00007ffb065e0000 - 0x00007ffb067a1000 	C:\WINDOWS\SYSTEM32\ntdll.dll
0x00007ffb03eb0000 - 0x00007ffb03f5d000 	C:\WINDOWS\system32\KERNEL32.DLL
0x00007ffb02e00000 - 0x00007ffb02fe8000 	C:\WINDOWS\system32\KERNELBASE.dll
0x00007ffb060b0000 - 0x00007ffb06157000 	C:\WINDOWS\system32\ADVAPI32.dll
0x00007ffb04880000 - 0x00007ffb0491d000 	C:\WINDOWS\system32\msvcrt.dll
0x00007ffb03e50000 - 0x00007ffb03eab000 	C:\WINDOWS\system32\sechost.dll
0x00007ffb03d30000 - 0x00007ffb03e4c000 	C:\WINDOWS\system32\RPCRT4.dll
0x00007ffb045d0000 - 0x00007ffb04726000 	C:\WINDOWS\system32\USER32.dll
0x00007ffb06270000 - 0x00007ffb063f6000 	C:\WINDOWS\system32\GDI32.dll
0x00007ffafe0c0000 - 0x00007ffafe334000 	C:\WINDOWS\WinSxS\amd64_microsoft.windows.common-controls_6595b64144ccf1df_6.0.10586.0_none_8c15ae12515e1c22\COMCTL32.dll
0x00007ffb039e0000 - 0x00007ffb03c5d000 	C:\WINDOWS\system32\combase.dll
0x00007ffb03010000 - 0x00007ffb0307a000 	C:\WINDOWS\system32\bcryptPrimitives.dll
0x00007ffb04730000 - 0x00007ffb0476b000 	C:\WINDOWS\system32\IMM32.DLL
0x00007ffb02af0000 - 0x00007ffb02b21000 	C:\Windows\system32\nvinitx.dll
0x00007ffb02ae0000 - 0x00007ffb02aea000 	C:\WINDOWS\SYSTEM32\VERSION.dll
0x000000000f000000 - 0x000000000f006000 	C:\Program Files\NVIDIA Corporation\CoProcManager\_etoured.dll
0x00007ffb00eb0000 - 0x00007ffb00ee2000 	C:\Program Files\NVIDIA Corporation\CoProcManager\nvd3d9wrapx.dll
0x00007ffb04120000 - 0x00007ffb04549000 	C:\WINDOWS\system32\SETUPAPI.dll
0x00007ffb02d50000 - 0x00007ffb02d93000 	C:\WINDOWS\system32\CFGMGR32.dll
0x00007ffb00e80000 - 0x00007ffb00ea2000 	C:\Program Files\NVIDIA Corporation\CoProcManager\nvdxgiwrapx.dll
0x0000000070df0000 - 0x0000000070ec2000 	C:\Program Files\Java\jdk1.8.0_60\jre\bin\msvcr100.dll
0x0000000070ed0000 - 0x0000000071759000 	C:\Program Files\Java\jdk1.8.0_60\jre\bin\server\jvm.dll
0x00007ffb06480000 - 0x00007ffb06488000 	C:\WINDOWS\system32\PSAPI.DLL
0x00007ffafea90000 - 0x00007ffafea99000 	C:\WINDOWS\SYSTEM32\WSOCK32.dll
0x00007ffb00e30000 - 0x00007ffb00e53000 	C:\WINDOWS\SYSTEM32\WINMM.dll
0x00007ffb06400000 - 0x00007ffb0646b000 	C:\WINDOWS\system32\WS2_32.dll
0x0000000000910000 - 0x000000000093c000 	C:\WINDOWS\SYSTEM32\WINMMBASE.dll
0x0000000070da0000 - 0x0000000070daf000 	C:\Program Files\Java\jdk1.8.0_60\jre\bin\verify.dll
0x0000000070d70000 - 0x0000000070d99000 	C:\Program Files\Java\jdk1.8.0_60\jre\bin\java.dll
0x0000000070d50000 - 0x0000000070d66000 	C:\Program Files\Java\jdk1.8.0_60\jre\bin\zip.dll
0x00007ffb04980000 - 0x00007ffb05edc000 	C:\WINDOWS\system32\SHELL32.dll
0x00007ffb032e0000 - 0x00007ffb03924000 	C:\WINDOWS\system32\windows.storage.dll
0x00007ffb04820000 - 0x00007ffb04872000 	C:\WINDOWS\system32\shlwapi.dll
0x00007ffb02c60000 - 0x00007ffb02c6f000 	C:\WINDOWS\system32\kernel.appcore.dll
0x00007ffb02c90000 - 0x00007ffb02d45000 	C:\WINDOWS\system32\shcore.dll
0x00007ffb02c10000 - 0x00007ffb02c5b000 	C:\WINDOWS\system32\powrprof.dll
0x00007ffb02c70000 - 0x00007ffb02c84000 	C:\WINDOWS\system32\profapi.dll
0x00007ffae5ff0000 - 0x00007ffae60df000 	C:\Program Files\Java\jdk1.8.0_60\jre\bin\msvcr120.dll
0x00007ffaf0190000 - 0x00007ffaf0236000 	C:\Program Files\Java\jdk1.8.0_60\jre\bin\msvcp120.dll
0x0000000070a30000 - 0x0000000070a53000 	C:\Program Files\Java\jdk1.8.0_60\jre\bin\prism_d3d.dll
0x00007ffaf5120000 - 0x00007ffaf5330000 	C:\WINDOWS\system32\d3d9.dll
0x00007ffb001a0000 - 0x00007ffb001c2000 	C:\WINDOWS\SYSTEM32\dwmapi.dll
0x00007ffb01680000 - 0x00007ffb016a7000 	C:\WINDOWS\SYSTEM32\DEVOBJ.dll
0x000000000de80000 - 0x000000000ded5000 	C:\WINDOWS\system32\WINTRUST.dll
0x00007ffb02c00000 - 0x00007ffb02c10000 	C:\WINDOWS\system32\MSASN1.dll
0x00007ffb03080000 - 0x00007ffb03248000 	C:\WINDOWS\system32\CRYPT32.dll
0x00007ffb01530000 - 0x00007ffb015c6000 	C:\WINDOWS\system32\uxtheme.dll
0x00007ffafd400000 - 0x00007ffafd525000 	C:\WINDOWS\SYSTEM32\nvumdshimx.dll
0x00007ffaddd00000 - 0x00007ffade920000 	C:\WINDOWS\system32\igdumd64.dll
0x00000000709e0000 - 0x0000000070a23000 	C:\Program Files\Java\jdk1.8.0_60\jre\bin\glass.dll
0x00007ffb06160000 - 0x00007ffb0626b000 	C:\WINDOWS\system32\COMDLG32.dll
0x00007ffb03250000 - 0x00007ffb032d6000 	C:\WINDOWS\system32\FirewallAPI.dll
0x00007ffb02ff0000 - 0x00007ffb03007000 	C:\WINDOWS\system32\NETAPI32.dll
0x00007ffb06490000 - 0x00007ffb065d3000 	C:\WINDOWS\system32\ole32.dll
0x00007ffb03c60000 - 0x00007ffb03d21000 	C:\WINDOWS\system32\OLEAUT32.dll
0x00007ffb00d70000 - 0x00007ffb00d7c000 	C:\WINDOWS\SYSTEM32\DAVHLPR.DLL
0x00007ffb01930000 - 0x00007ffb01962000 	C:\WINDOWS\SYSTEM32\fwbase.dll
0x00007ffb03f60000 - 0x00007ffb040ba000 	C:\WINDOWS\system32\MSCTF.dll
0x000000006e450000 - 0x00000000709dd000 	C:\Program Files\Java\jdk1.8.0_60\jre\bin\jfxwebkit.dll
0x00007ffb02530000 - 0x00007ffb02547000 	C:\WINDOWS\SYSTEM32\CRYPTSP.dll
0x00007ffb021c0000 - 0x00007ffb021f4000 	C:\WINDOWS\system32\rsaenh.dll
0x00007ffb02b30000 - 0x00007ffb02b59000 	C:\WINDOWS\SYSTEM32\bcrypt.dll
0x00007ffb02650000 - 0x00007ffb0265b000 	C:\WINDOWS\SYSTEM32\CRYPTBASE.dll
0x0000000070d30000 - 0x0000000070d4a000 	C:\Program Files\Java\jdk1.8.0_60\jre\bin\net.dll
0x00007ffb02480000 - 0x00007ffb024dc000 	C:\WINDOWS\system32\mswsock.dll
0x0000000070d10000 - 0x0000000070d21000 	C:\Program Files\Java\jdk1.8.0_60\jre\bin\nio.dll
0x000000006e430000 - 0x000000006e444000 	C:\Program Files\Java\jdk1.8.0_60\jre\bin\javafx_font.dll
0x00007ffaf84e0000 - 0x00007ffaf8740000 	C:\WINDOWS\SYSTEM32\dwrite.dll
0x00007ffb04770000 - 0x00007ffb04817000 	C:\WINDOWS\system32\clbcatq.dll
0x00007ffafc1c0000 - 0x00007ffafc371000 	C:\WINDOWS\SYSTEM32\WindowsCodecs.dll
0x00007ffaf6840000 - 0x00007ffaf688a000 	C:\WINDOWS\system32\dataexchange.dll
0x00007ffaffee0000 - 0x00007ffb00188000 	C:\WINDOWS\system32\d3d11.dll
0x00007ffb00fb0000 - 0x00007ffb01093000 	C:\WINDOWS\system32\dcomp.dll
0x00007ffaffe30000 - 0x00007ffaffed2000 	C:\WINDOWS\system32\dxgi.dll
0x00007ffb016d0000 - 0x00007ffb017d0000 	C:\WINDOWS\system32\twinapi.appcore.dll
0x00007ffaf76e0000 - 0x00007ffaf7714000 	C:\Program Files\Common Files\Microsoft Shared\Ink\rtscom.dll
0x0000000070a60000 - 0x0000000070a84000 	C:\Program Files\Java\jdk1.8.0_60\jre\bin\sunec.dll
0x000000006e410000 - 0x000000006e421000 	C:\Program Files\Java\jdk1.8.0_60\jre\bin\prism_common.dll
0x00007ffb02310000 - 0x00007ffb0232f000 	C:\WINDOWS\SYSTEM32\USERENV.dll
0x00007ffaff390000 - 0x00007ffaff3c8000 	C:\WINDOWS\SYSTEM32\IPHLPAPI.DLL
0x00007ffb06470000 - 0x00007ffb06478000 	C:\WINDOWS\system32\NSI.dll
0x00007ffafabd0000 - 0x00007ffafabe6000 	C:\WINDOWS\SYSTEM32\dhcpcsvc6.DLL
0x00007ffafab60000 - 0x00007ffafab7a000 	C:\WINDOWS\SYSTEM32\dhcpcsvc.DLL
0x00007ffaf16f0000 - 0x00007ffaf1706000 	C:\WINDOWS\system32\napinsp.dll
0x00007ffaf2bc0000 - 0x00007ffaf2bda000 	C:\WINDOWS\system32\pnrpnsp.dll
0x00007ffb00aa0000 - 0x00007ffb00ab8000 	C:\WINDOWS\system32\NLAapi.dll
0x00007ffb015d0000 - 0x00007ffb0167a000 	C:\WINDOWS\SYSTEM32\DNSAPI.dll
0x00007ffaf57f0000 - 0x00007ffaf57fd000 	C:\WINDOWS\System32\winrnr.dll
0x00007ffafeb50000 - 0x00007ffafeb65000 	C:\WINDOWS\System32\wshbth.dll
0x00007ffaf67f0000 - 0x00007ffaf67fa000 	C:\Windows\System32\rasadhlp.dll
0x00007ffafac40000 - 0x00007ffafaca7000 	C:\WINDOWS\System32\fwpuclnt.dll
0x00007ffae5e20000 - 0x00007ffae5fac000 	C:\WINDOWS\SYSTEM32\dbghelp.dll

VM Arguments:
jvm_args: -Dfile.encoding=UTF-8 
java_command: com.busenzo.gui.BusTracker
java_class_path (initial): C:\Users\Jean Paul\Documents\NetBeansProjects\busTracking\Bus-Tracker\GMapsFX-2.0.5-SNAPSHOT.jar;C:\Program Files\NetBeans 8.1\platform\modules\ext\junit-4.12.jar;C:\Users\Jean Paul\Documents\NetBeansProjects\busTracking\Bus-Tracker\json-simple-1.1.1.jar;C:\Users\Jean Paul\Documents\NetBeansProjects\busTracking\Bus-Tracker\build\classes
Launcher Type: SUN_STANDARD

Environment Variables:
PATH=C:\app\JeanPaul\product\12.1.0\dbhome_2\bin;C:\app\jeanpaul\product\12.1.0\dbhome_1\bin;C:\Program Files (x86)\NVIDIA Corporation\PhysX\Common;C:\ProgramData\Oracle\Java\javapath;C:\WINDOWS\system32;C:\WINDOWS;C:\WINDOWS\System32\Wbem;C:\WINDOWS\System32\WindowsPowerShell\v1.0\;C:\Program Files (x86)\Windows Kits\8.1\Windows Performance Toolkit\;C:\Program Files\Microsoft SQL Server\110\Tools\Binn\;C:\WINDOWS\system32\config\systemprofile\.dnx\bin;C:\Program Files\Microsoft DNX\Dnvm\;C:\Program Files\Microsoft SQL Server\120\Tools\Binn\;C:\Program Files\Microsoft\Web Platform Installer\;C:\Program Files (x86)\Windows Live\Shared;C:\Program Files (x86)\Bitvise SSH Client;C:\Program Files (x86)\GNU\GnuPG\pub;C:\Program Files (x86)\Skype\Phone\;C:\Go\bin;C:\Users\Jean Paul\.dnx\bin;C:\Users\Jean Paul\AppData\Local\atom\bin
USERNAME=Jean Paul
OS=Windows_NT
PROCESSOR_IDENTIFIER=Intel64 Family 6 Model 42 Stepping 7, GenuineIntel



---------------  S Y S T E M  ---------------

OS: Windows 10.0 , 64 bit Build 10586 (10.0.10586.0)

CPU:total 8 (4 cores per cpu, 2 threads per core) family 6 model 42 stepping 7, cmov, cx8, fxsr, mmx, sse, sse2, sse3, ssse3, sse4.1, sse4.2, popcnt, avx, aes, clmul, ht, tsc, tscinvbit

Memory: 4k page, physical 12492496k(8158564k free), swap 14393040k(9437868k free)

vm_info: Java HotSpot(TM) 64-Bit Server VM (25.60-b23) for windows-amd64 JRE (1.8.0_60-b27), built on Aug  4 2015 11:06:27 by "java_re" with MS VC++ 10.0 (VS2010)

time: Wed May 25 10:25:32 2016
elapsed time: 124 seconds (0d 0h 2m 4s)

