#
# A fatal error has been detected by the Java Runtime Environment:
#
#  EXCEPTION_ACCESS_VIOLATION (0xc0000005) at pc=0x000000006e0c6d89, pid=4548, tid=0x0000000000002350
#
# JRE version: Java(TM) SE Runtime Environment (8.0_92-b14) (build 1.8.0_92-b14)
# Java VM: Java HotSpot(TM) 64-Bit Server VM (25.92-b14 mixed mode windows-amd64 compressed oops)
# Problematic frame:
# C  [jfxwebkit.dll+0xb96d89]
#
# Failed to write core dump. Minidumps are not enabled by default on client versions of Windows
#
# If you would like to submit a bug report, please visit:
#   http://bugreport.java.com/bugreport/crash.jsp
# The crash happened outside the Java Virtual Machine in native code.
# See problematic frame for where to report the bug.
#

---------------  T H R E A D  ---------------

Current thread (0x000000000d8c6800):  JavaThread "JavaFX Application Thread" [_thread_in_native, id=9040, stack(0x000000000e490000,0x000000000e590000)]

siginfo: ExceptionCode=0xc0000005, writing address 0x00000000bbadbeef

Registers:
RAX=0x0000000000000000, RBX=0x0000000024c4f9b0, RCX=0xdd75cef00cee0000, RDX=0x0000000000000002
RSP=0x000000000e58d6b0, RBP=0x000000001f40ee30, RSI=0x0000000024c4f9b0, RDI=0x000000000e58d738
R8 =0x000000000e58d1b0, R9 =0x00007ffd43ce0000, R10=0x0000000000000000, R11=0x0000000000000200
R12=0x0000000000000002, R13=0x0000000024ce4ab0, R14=0x000000000e58d970, R15=0x0000000000000001
RIP=0x000000006e0c6d89, EFLAGS=0x0000000000010246

Top of Stack: (sp=0x000000000e58d6b0)
0x000000000e58d6b0:   000000001f41aa60 00007ffd59fb347c
0x000000000e58d6c0:   0000000020db1640 00000000700ac2b2
0x000000000e58d6d0:   fffffffffffffffe 000000006e11756f
0x000000000e58d6e0:   0000000024c4f9b0 000000006e0d2dd7
0x000000000e58d6f0:   0000000000000000 0000000070062065
0x000000000e58d700:   000000001f40ee30 000000006e116f0a
0x000000000e58d710:   0000000024c4f9b0 0000000070062065
0x000000000e58d720:   000000001f40ee30 000000006e11a17e
0x000000000e58d730:   fffffffffffffffe 000000001f40ee30
0x000000000e58d740:   0000000000000000 00000000700473d9
0x000000000e58d750:   000000000e58d958 000000006e180fb7
0x000000000e58d760:   000000000e58d958 000000000e58d958
0x000000000e58d770:   0000000024c4f9b0 00000000001802b0
0x000000000e58d780:   000000000d8c9760 0000000000000040
0x000000000e58d790:   0000000000180cc0 0000000070062065
0x000000000e58d7a0:   0000000000000000 0000000000000000 

Instructions: (pc=0x000000006e0c6d89)
0x000000006e0c6d69:   83 c4 20 5b c3 cc cc 48 83 ec 28 48 8b 05 e5 b7
0x000000006e0c6d79:   8c 01 48 85 c0 74 02 ff d0 e8 a9 07 00 00 33 c0
0x000000006e0c6d89:   a3 ef be ad bb 00 00 00 00 48 83 c4 28 48 ff e0
0x000000006e0c6d99:   cc cc cc cc cc cc cc 48 83 ec 28 48 8b 05 b5 b7 


Register to memory mapping:

RAX=0x0000000000000000 is an unknown value
RBX=0x0000000024c4f9b0 is an unknown value
RCX=0xdd75cef00cee0000 is an unknown value
RDX=0x0000000000000002 is an unknown value
RSP=0x000000000e58d6b0 is pointing into the stack for thread: 0x000000000d8c6800
RBP=0x000000001f40ee30 is an unknown value
RSI=0x0000000024c4f9b0 is an unknown value
RDI=0x000000000e58d738 is pointing into the stack for thread: 0x000000000d8c6800
R8 =0x000000000e58d1b0 is pointing into the stack for thread: 0x000000000d8c6800
R9 =0x00007ffd43ce0000 is an unknown value
R10=0x0000000000000000 is an unknown value
R11=0x0000000000000200 is an unknown value
R12=0x0000000000000002 is an unknown value
R13=0x0000000024ce4ab0 is an unknown value
R14=0x000000000e58d970 is pointing into the stack for thread: 0x000000000d8c6800
R15=0x0000000000000001 is an unknown value


Stack: [0x000000000e490000,0x000000000e590000],  sp=0x000000000e58d6b0,  free space=1013k
Native frames: (J=compiled Java code, j=interpreted, Vv=VM code, C=native code)
C  [jfxwebkit.dll+0xb96d89]
C  [jfxwebkit.dll+0xbe756f]
C  [jfxwebkit.dll+0xbe6f0a]
C  [jfxwebkit.dll+0xc50fb7]
C  [jfxwebkit.dll+0xbe4495]
C  [jfxwebkit.dll+0xc2a8cc]
C  [jfxwebkit.dll+0x895a55]
C  0x000000000f030fec

Java frames: (J=compiled Java code, j=interpreted, Vv=VM code)
j  com.sun.webkit.dom.JSObject.callImpl(JILjava/lang/String;[Ljava/lang/Object;Ljava/security/AccessControlContext;)Ljava/lang/Object;+0
j  com.sun.webkit.dom.JSObject.call(Ljava/lang/String;[Ljava/lang/Object;)Ljava/lang/Object;+13
j  com.lynden.gmapsfx.javascript.JavascriptObject.invokeJavascript(Ljava/lang/String;[Ljava/lang/Object;)Ljava/lang/Object;+94
j  com.lynden.gmapsfx.javascript.object.Marker.setMap(Lcom/lynden/gmapsfx/javascript/object/GoogleMap;)V+11
j  com.lynden.gmapsfx.javascript.object.GoogleMap.removeMarker(Lcom/lynden/gmapsfx/javascript/object/Marker;)V+2
j  com.busenzo.gui.FXMLDocumentController$6.run()V+107
J 3499 C1 com.sun.javafx.application.PlatformImpl$$Lambda$50.run()Ljava/lang/Object; (8 bytes) @ 0x000000000f46589c [0x000000000f465740+0x15c]
v  ~StubRoutines::call_stub
J 2840  java.security.AccessController.doPrivileged(Ljava/security/PrivilegedAction;Ljava/security/AccessControlContext;)Ljava/lang/Object; (0 bytes) @ 0x000000000f98b5e6 [0x000000000f98b580+0x66]
J 3202 C1 com.sun.javafx.application.PlatformImpl.lambda$runLater$174(Ljava/lang/Runnable;Ljava/security/AccessControlContext;)V (38 bytes) @ 0x000000000fa9a46c [0x000000000fa9a040+0x42c]
J 3201 C1 com.sun.javafx.application.PlatformImpl$$Lambda$49.run()V (12 bytes) @ 0x000000000fa9af14 [0x000000000fa9ae80+0x94]
J 3564 C1 com.sun.glass.ui.InvokeLaterDispatcher$Future.run()V (91 bytes) @ 0x000000000f129f34 [0x000000000f129e20+0x114]
v  ~StubRoutines::call_stub
j  com.sun.glass.ui.win.WinApplication._runLoop(Ljava/lang/Runnable;)V+0
j  com.sun.glass.ui.win.WinApplication.lambda$null$148(ILjava/lang/Runnable;)V+8
j  com.sun.glass.ui.win.WinApplication$$Lambda$38.run()V+12
j  java.lang.Thread.run()V+11
v  ~StubRoutines::call_stub

---------------  P R O C E S S  ---------------

Java Threads: ( => current thread )
  0x00000000213e2800 JavaThread "URL-Loader-20" daemon [_thread_blocked, id=9504, stack(0x00000000313b0000,0x00000000314b0000)]
  0x00000000213e9800 JavaThread "URL-Loader-19" daemon [_thread_blocked, id=3880, stack(0x00000000312b0000,0x00000000313b0000)]
  0x00000000213e8800 JavaThread "URL-Loader-18" daemon [_thread_blocked, id=6844, stack(0x0000000031130000,0x0000000031230000)]
  0x00000000213e1000 JavaThread "URL-Loader-17" daemon [_thread_blocked, id=10776, stack(0x0000000031010000,0x0000000031110000)]
  0x00000000213e8000 JavaThread "URL-Loader-16" daemon [_thread_blocked, id=10156, stack(0x0000000030e30000,0x0000000030f30000)]
  0x00000000213e2000 JavaThread "URL-Loader-15" daemon [_thread_blocked, id=5568, stack(0x0000000030d30000,0x0000000030e30000)]
  0x00000000213e7000 JavaThread "URL-Loader-14" daemon [_thread_blocked, id=9972, stack(0x0000000030830000,0x0000000030930000)]
  0x00000000213e3800 JavaThread "URL-Loader-13" daemon [_thread_blocked, id=7212, stack(0x0000000030730000,0x0000000030830000)]
  0x00000000213e5800 JavaThread "URL-Loader-12" daemon [_thread_blocked, id=7540, stack(0x0000000030630000,0x0000000030730000)]
  0x00000000213e5000 JavaThread "URL-Loader-11" daemon [_thread_blocked, id=5936, stack(0x0000000030530000,0x0000000030630000)]
  0x00000000213e6800 JavaThread "URL-Loader-10" daemon [_thread_blocked, id=6056, stack(0x0000000030430000,0x0000000030530000)]
  0x00000000213df800 JavaThread "URL-Loader-9" daemon [_thread_blocked, id=8696, stack(0x0000000030330000,0x0000000030430000)]
  0x0000000020e06800 JavaThread "URL-Loader-8" daemon [_thread_blocked, id=2012, stack(0x000000002ee80000,0x000000002ef80000)]
  0x0000000020dff800 JavaThread "URL-Loader-7" daemon [_thread_blocked, id=11232, stack(0x000000002ed60000,0x000000002ee60000)]
  0x0000000020e05800 JavaThread "URL-Loader-6" daemon [_thread_blocked, id=6016, stack(0x000000002c270000,0x000000002c370000)]
  0x0000000020e04000 JavaThread "URL-Loader-5" daemon [_thread_blocked, id=10900, stack(0x000000002c170000,0x000000002c270000)]
  0x0000000020e03800 JavaThread "URL-Loader-4" daemon [_thread_blocked, id=7280, stack(0x000000002c070000,0x000000002c170000)]
  0x0000000020e05000 JavaThread "URL-Loader-3" daemon [_thread_blocked, id=9176, stack(0x000000002bf70000,0x000000002c070000)]
  0x0000000020e02000 JavaThread "URL-Loader-2" daemon [_thread_blocked, id=7192, stack(0x000000002aca0000,0x000000002ada0000)]
  0x0000000020e01000 JavaThread "Watchdog-Timer-1" daemon [_thread_blocked, id=9012, stack(0x000000002a7a0000,0x000000002a8a0000)]
  0x0000000020e00800 JavaThread "URL-Loader-1" daemon [_thread_blocked, id=1916, stack(0x0000000024e90000,0x0000000024f90000)]
  0x0000000020e02800 JavaThread "FX Access Thread (Visual Debugger)" daemon [_thread_blocked, id=5272, stack(0x0000000024d90000,0x0000000024e90000)]
  0x000000002060c800 JavaThread "Prism Font Disposer" daemon [_thread_blocked, id=5288, stack(0x0000000023170000,0x0000000023270000)]
  0x000000000de3f800 JavaThread "pool-3-thread-1" [_thread_blocked, id=8000, stack(0x00000000218c0000,0x00000000219c0000)]
  0x000000000dbee000 JavaThread "Keep-Alive-Timer" daemon [_thread_blocked, id=5944, stack(0x00000000204f0000,0x00000000205f0000)]
  0x000000000da9f800 JavaThread "Disposer" daemon [_thread_blocked, id=10052, stack(0x00000000201f0000,0x00000000202f0000)]
  0x000000000d98a000 JavaThread "Thread-3" daemon [_thread_in_native, id=3248, stack(0x000000001f4b0000,0x000000001f5b0000)]
  0x000000000d90d000 JavaThread "JavaFX-Launcher" [_thread_blocked, id=2300, stack(0x000000001f6b0000,0x000000001f7b0000)]
=>0x000000000d8c6800 JavaThread "JavaFX Application Thread" [_thread_in_native, id=9040, stack(0x000000000e490000,0x000000000e590000)]
  0x000000000d8c3000 JavaThread "Thread-1" daemon [_thread_blocked, id=7412, stack(0x000000000e310000,0x000000000e410000)]
  0x000000000d87d800 JavaThread "QuantumRenderer-0" daemon [_thread_blocked, id=10540, stack(0x000000000e070000,0x000000000e170000)]
  0x000000000c870800 JavaThread "Service Thread" daemon [_thread_blocked, id=9664, stack(0x000000000d670000,0x000000000d770000)]
  0x000000000c7cd000 JavaThread "C1 CompilerThread3" daemon [_thread_blocked, id=9312, stack(0x000000000d570000,0x000000000d670000)]
  0x000000000c7ca800 JavaThread "C2 CompilerThread2" daemon [_thread_blocked, id=6404, stack(0x000000000d470000,0x000000000d570000)]
  0x000000000c7c9800 JavaThread "C2 CompilerThread1" daemon [_thread_blocked, id=6752, stack(0x000000000d370000,0x000000000d470000)]
  0x000000000c7c0800 JavaThread "C2 CompilerThread0" daemon [_thread_blocked, id=10956, stack(0x000000000d270000,0x000000000d370000)]
  0x000000000c7b2800 JavaThread "JDWP Command Reader" daemon [_thread_in_native, id=4020, stack(0x000000000d170000,0x000000000d270000)]
  0x000000000c7ad800 JavaThread "JDWP Event Helper Thread" daemon [_thread_blocked, id=9412, stack(0x000000000d070000,0x000000000d170000)]
  0x000000000c7a0800 JavaThread "JDWP Transport Listener: dt_shmem" daemon [_thread_blocked, id=4516, stack(0x000000000cf70000,0x000000000d070000)]
  0x000000000c79a000 JavaThread "Attach Listener" daemon [_thread_blocked, id=8308, stack(0x000000000ce70000,0x000000000cf70000)]
  0x000000000c799000 JavaThread "Signal Dispatcher" daemon [_thread_blocked, id=8948, stack(0x000000000cd70000,0x000000000ce70000)]
  0x0000000002369800 JavaThread "Finalizer" daemon [_thread_blocked, id=10272, stack(0x000000000cb70000,0x000000000cc70000)]
  0x0000000002368000 JavaThread "Reference Handler" daemon [_thread_blocked, id=10740, stack(0x000000000c670000,0x000000000c770000)]
  0x000000000216e800 JavaThread "main" [_thread_blocked, id=8152, stack(0x0000000002170000,0x0000000002270000)]

Other Threads:
  0x000000000a8aa000 VMThread [stack: 0x000000000c570000,0x000000000c670000] [id=6572]
  0x000000000c876000 WatcherThread [stack: 0x000000000d770000,0x000000000d870000] [id=8568]

VM state:not at safepoint (normal execution)

VM Mutex/Monitor currently owned by a thread: None

Heap:
 PSYoungGen      total 57344K, used 47393K [0x0000000780780000, 0x0000000785c00000, 0x00000007c0000000)
  eden space 49152K, 79% used [0x0000000780780000,0x0000000782dcd748,0x0000000783780000)
  from space 8192K, 99% used [0x0000000783780000,0x0000000783f7add8,0x0000000783f80000)
  to   space 8192K, 0% used [0x0000000785400000,0x0000000785400000,0x0000000785c00000)
 ParOldGen       total 80384K, used 8403K [0x0000000701600000, 0x0000000706480000, 0x0000000780780000)
  object space 80384K, 10% used [0x0000000701600000,0x0000000701e34f78,0x0000000706480000)
 Metaspace       used 25545K, capacity 26928K, committed 27136K, reserved 1073152K
  class space    used 3478K, capacity 3749K, committed 3840K, reserved 1048576K

Card table byte_map: [0x0000000002730000,0x0000000002d30000] byte_map_base: 0xfffffffffef25000

Marking Bits: (ParMarkBitMap*) 0x00000000706a64f0
 Begin Bits: [0x0000000003930000, 0x00000000068d8000)
 End Bits:   [0x00000000068d8000, 0x0000000009880000)

Polling page: 0x0000000002100000

CodeCache: size=245760Kb used=11098Kb max_used=11136Kb free=234661Kb
 bounds [0x000000000f010000, 0x000000000fb10000, 0x000000001e010000]
 total_blobs=4131 nmethods=3358 adapters=692
 compilation: enabled

Compilation events (10 events):
Event: 12.003 Thread 0x000000000c7cd000 nmethod 3839 0x000000000f847850 code [0x000000000f8479a0, 0x000000000f847ab0]
Event: 12.003 Thread 0x000000000c7cd000 3846       3       java.io.OutputStreamWriter::write (11 bytes)
Event: 12.004 Thread 0x000000000c7cd000 nmethod 3846 0x000000000f15ab50 code [0x000000000f15acc0, 0x000000000f15ae88]
Event: 12.004 Thread 0x000000000c7cd000 3843       1       java.text.ParsePosition::getErrorIndex (5 bytes)
Event: 12.004 Thread 0x000000000c7cd000 nmethod 3843 0x000000000f9698d0 code [0x000000000f969a20, 0x000000000f969b30]
Event: 12.004 Thread 0x000000000c7cd000 3844       1       java.time.format.DateTimeFormatter::getChronology (5 bytes)
Event: 12.004 Thread 0x000000000c7cd000 nmethod 3844 0x000000000f974ad0 code [0x000000000f974c20, 0x000000000f974d30]
Event: 12.004 Thread 0x000000000c7cd000 3845       1       java.time.format.DateTimeFormatter::getZone (5 bytes)
Event: 12.004 Thread 0x000000000c7cd000 nmethod 3845 0x000000000f859150 code [0x000000000f8592a0, 0x000000000f8593b0]
Event: 12.096 Thread 0x000000000c7c9800 nmethod 3830 0x000000000fafe510 code [0x000000000fafea20, 0x000000000fb051b8]

GC Heap History (8 events):
Event: 2.303 GC heap before
{Heap before GC invocations=1 (full 0):
 PSYoungGen      total 57344K, used 49152K [0x0000000780780000, 0x0000000784780000, 0x00000007c0000000)
  eden space 49152K, 100% used [0x0000000780780000,0x0000000783780000,0x0000000783780000)
  from space 8192K, 0% used [0x0000000783f80000,0x0000000783f80000,0x0000000784780000)
  to   space 8192K, 0% used [0x0000000783780000,0x0000000783780000,0x0000000783f80000)
 ParOldGen       total 131072K, used 0K [0x0000000701600000, 0x0000000709600000, 0x0000000780780000)
  object space 131072K, 0% used [0x0000000701600000,0x0000000701600000,0x0000000709600000)
 Metaspace       used 19033K, capacity 20202K, committed 20480K, reserved 1067008K
  class space    used 2791K, capacity 3006K, committed 3072K, reserved 1048576K
Event: 2.311 GC heap after
Heap after GC invocations=1 (full 0):
 PSYoungGen      total 57344K, used 6000K [0x0000000780780000, 0x0000000784780000, 0x00000007c0000000)
  eden space 49152K, 0% used [0x0000000780780000,0x0000000780780000,0x0000000783780000)
  from space 8192K, 73% used [0x0000000783780000,0x0000000783d5c050,0x0000000783f80000)
  to   space 8192K, 0% used [0x0000000783f80000,0x0000000783f80000,0x0000000784780000)
 ParOldGen       total 131072K, used 216K [0x0000000701600000, 0x0000000709600000, 0x0000000780780000)
  object space 131072K, 0% used [0x0000000701600000,0x0000000701636020,0x0000000709600000)
 Metaspace       used 19033K, capacity 20202K, committed 20480K, reserved 1067008K
  class space    used 2791K, capacity 3006K, committed 3072K, reserved 1048576K
}
Event: 2.508 GC heap before
{Heap before GC invocations=2 (full 0):
 PSYoungGen      total 57344K, used 9614K [0x0000000780780000, 0x0000000784780000, 0x00000007c0000000)
  eden space 49152K, 7% used [0x0000000780780000,0x0000000780b07888,0x0000000783780000)
  from space 8192K, 73% used [0x0000000783780000,0x0000000783d5c050,0x0000000783f80000)
  to   space 8192K, 0% used [0x0000000783f80000,0x0000000783f80000,0x0000000784780000)
 ParOldGen       total 131072K, used 216K [0x0000000701600000, 0x0000000709600000, 0x0000000780780000)
  object space 131072K, 0% used [0x0000000701600000,0x0000000701636020,0x0000000709600000)
 Metaspace       used 20017K, capacity 21228K, committed 21296K, reserved 1067008K
  class space    used 2935K, capacity 3173K, committed 3200K, reserved 1048576K
Event: 2.516 GC heap after
Heap after GC invocations=2 (full 0):
 PSYoungGen      total 57344K, used 6160K [0x0000000780780000, 0x0000000787780000, 0x00000007c0000000)
  eden space 49152K, 0% used [0x0000000780780000,0x0000000780780000,0x0000000783780000)
  from space 8192K, 75% used [0x0000000783f80000,0x0000000784584050,0x0000000784780000)
  to   space 8192K, 0% used [0x0000000783780000,0x0000000783780000,0x0000000783f80000)
 ParOldGen       total 131072K, used 224K [0x0000000701600000, 0x0000000709600000, 0x0000000780780000)
  object space 131072K, 0% used [0x0000000701600000,0x0000000701638020,0x0000000709600000)
 Metaspace       used 20017K, capacity 21228K, committed 21296K, reserved 1067008K
  class space    used 2935K, capacity 3173K, committed 3200K, reserved 1048576K
}
Event: 2.516 GC heap before
{Heap before GC invocations=3 (full 1):
 PSYoungGen      total 57344K, used 6160K [0x0000000780780000, 0x0000000787780000, 0x00000007c0000000)
  eden space 49152K, 0% used [0x0000000780780000,0x0000000780780000,0x0000000783780000)
  from space 8192K, 75% used [0x0000000783f80000,0x0000000784584050,0x0000000784780000)
  to   space 8192K, 0% used [0x0000000783780000,0x0000000783780000,0x0000000783f80000)
 ParOldGen       total 131072K, used 224K [0x0000000701600000, 0x0000000709600000, 0x0000000780780000)
  object space 131072K, 0% used [0x0000000701600000,0x0000000701638020,0x0000000709600000)
 Metaspace       used 20017K, capacity 21228K, committed 21296K, reserved 1067008K
  class space    used 2935K, capacity 3173K, committed 3200K, reserved 1048576K
Event: 2.560 GC heap after
Heap after GC invocations=3 (full 1):
 PSYoungGen      total 57344K, used 0K [0x0000000780780000, 0x0000000787780000, 0x00000007c0000000)
  eden space 49152K, 0% used [0x0000000780780000,0x0000000780780000,0x0000000783780000)
  from space 8192K, 0% used [0x0000000783f80000,0x0000000783f80000,0x0000000784780000)
  to   space 8192K, 0% used [0x0000000783780000,0x0000000783780000,0x0000000783f80000)
 ParOldGen       total 80384K, used 6210K [0x0000000701600000, 0x0000000706480000, 0x0000000780780000)
  object space 80384K, 7% used [0x0000000701600000,0x0000000701c10b60,0x0000000706480000)
 Metaspace       used 20017K, capacity 21228K, committed 21296K, reserved 1067008K
  class space    used 2935K, capacity 3173K, committed 3200K, reserved 1048576K
}
Event: 4.677 GC heap before
{Heap before GC invocations=4 (full 1):
 PSYoungGen      total 57344K, used 49152K [0x0000000780780000, 0x0000000787780000, 0x00000007c0000000)
  eden space 49152K, 100% used [0x0000000780780000,0x0000000783780000,0x0000000783780000)
  from space 8192K, 0% used [0x0000000783f80000,0x0000000783f80000,0x0000000784780000)
  to   space 8192K, 0% used [0x0000000783780000,0x0000000783780000,0x0000000783f80000)
 ParOldGen       total 80384K, used 6210K [0x0000000701600000, 0x0000000706480000, 0x0000000780780000)
  object space 80384K, 7% used [0x0000000701600000,0x0000000701c10b60,0x0000000706480000)
 Metaspace       used 24209K, capacity 25488K, committed 25728K, reserved 1071104K
  class space    used 3392K, capacity 3657K, committed 3712K, reserved 1048576K
Event: 4.683 GC heap after
Heap after GC invocations=4 (full 1):
 PSYoungGen      total 57344K, used 8171K [0x0000000780780000, 0x0000000785c00000, 0x00000007c0000000)
  eden space 49152K, 0% used [0x0000000780780000,0x0000000780780000,0x0000000783780000)
  from space 8192K, 99% used [0x0000000783780000,0x0000000783f7add8,0x0000000783f80000)
  to   space 8192K, 0% used [0x0000000785400000,0x0000000785400000,0x0000000785c00000)
 ParOldGen       total 80384K, used 8403K [0x0000000701600000, 0x0000000706480000, 0x0000000780780000)
  object space 80384K, 10% used [0x0000000701600000,0x0000000701e34f78,0x0000000706480000)
 Metaspace       used 24209K, capacity 25488K, committed 25728K, reserved 1071104K
  class space    used 3392K, capacity 3657K, committed 3712K, reserved 1048576K
}

Deoptimization events (10 events):
Event: 6.382 Thread 0x0000000024129000 Uncommon trap: reason=unstable_if action=reinterpret pc=0x000000000f95e924 method=java.util.concurrent.locks.AbstractQueuedSynchronizer$ConditionObject.awaitNanos(J)J @ 53
Event: 6.421 Thread 0x000000002412a800 Uncommon trap: reason=unstable_if action=reinterpret pc=0x000000000f95e924 method=java.util.concurrent.locks.AbstractQueuedSynchronizer$ConditionObject.awaitNanos(J)J @ 53
Event: 6.424 Thread 0x000000002412a000 Uncommon trap: reason=unstable_if action=reinterpret pc=0x000000000f95e924 method=java.util.concurrent.locks.AbstractQueuedSynchronizer$ConditionObject.awaitNanos(J)J @ 53
Event: 6.642 Thread 0x000000002412c000 Uncommon trap: reason=unstable_if action=reinterpret pc=0x000000000f95e924 method=java.util.concurrent.locks.AbstractQueuedSynchronizer$ConditionObject.awaitNanos(J)J @ 53
Event: 6.659 Thread 0x0000000024126000 Uncommon trap: reason=unstable_if action=reinterpret pc=0x000000000f95e8f8 method=java.util.concurrent.locks.AbstractQueuedSynchronizer$ConditionObject.awaitNanos(J)J @ 73
Event: 6.693 Thread 0x000000002412d000 Uncommon trap: reason=unstable_if action=reinterpret pc=0x000000000f95e924 method=java.util.concurrent.locks.AbstractQueuedSynchronizer$ConditionObject.awaitNanos(J)J @ 53
Event: 7.314 Thread 0x000000000d8c6800 Uncommon trap: reason=class_check action=maybe_recompile pc=0x000000000f2a8c04 method=com.sun.javafx.css.ParsedValueImpl.hashCode()I @ 226
Event: 7.315 Thread 0x000000000d8c6800 Uncommon trap: reason=class_check action=maybe_recompile pc=0x000000000f2a8c04 method=com.sun.javafx.css.ParsedValueImpl.hashCode()I @ 226
Event: 11.994 Thread 0x000000000de3f800 Uncommon trap: reason=unstable_if action=reinterpret pc=0x000000000f8aaa2c method=java.util.HashMap$HashIterator.<init>(Ljava/util/HashMap;)V @ 45
Event: 12.002 Thread 0x000000000de3f800 Uncommon trap: reason=unstable_if action=reinterpret pc=0x000000000f2ab19c method=java.util.concurrent.locks.AbstractQueuedSynchronizer.transferForSignal(Ljava/util/concurrent/locks/AbstractQueuedSynchronizer$Node;)Z @ 7

Internal exceptions (10 events):
Event: 0.909 Thread 0x000000000d8c6800 Implicit null exception at 0x000000000f2b5bef to 0x000000000f2b5c5d
Event: 1.061 Thread 0x000000000d8c6800 Implicit null exception at 0x000000000f398029 to 0x000000000f398069
Event: 1.061 Thread 0x000000000d8c6800 Implicit null exception at 0x000000000f397ca9 to 0x000000000f397ce9
Event: 2.050 Thread 0x000000000d8c6800 Implicit null exception at 0x000000000f4b6a70 to 0x000000000f4b6add
Event: 2.223 Thread 0x000000000d8c6800 Implicit null exception at 0x000000000f57bb51 to 0x000000000f57c621
Event: 3.263 Thread 0x000000000d8c6800 Exception <a 'java/io/FileNotFoundException'> (0x00000007808e5ac8) thrown at [D:\re\workspace\8-2-build-windows-amd64-cygwin\jdk8u92\6642\hotspot\src\share\vm\prims\jni.cpp, line 709]
Event: 3.265 Thread 0x000000000d8c6800 Exception <a 'java/io/FileNotFoundException'> (0x00000007808f8010) thrown at [D:\re\workspace\8-2-build-windows-amd64-cygwin\jdk8u92\6642\hotspot\src\share\vm\prims\jni.cpp, line 709]
Event: 3.267 Thread 0x000000000d8c6800 Exception <a 'java/io/FileNotFoundException'> (0x0000000781d5fcc0) thrown at [D:\re\workspace\8-2-build-windows-amd64-cygwin\jdk8u92\6642\hotspot\src\share\vm\prims\jni.cpp, line 709]
Event: 3.267 Thread 0x000000000d8c6800 Exception <a 'java/io/FileNotFoundException'> (0x0000000781d60e10) thrown at [D:\re\workspace\8-2-build-windows-amd64-cygwin\jdk8u92\6642\hotspot\src\share\vm\prims\jni.cpp, line 709]
Event: 4.798 Thread 0x000000000d8c6800 Implicit null exception at 0x000000000f93057a to 0x000000000f9307e9

Events (10 events):
Event: 14.962 Executing VM operation: ChangeSingleStep
Event: 14.962 Executing VM operation: ChangeSingleStep done
Event: 14.962 Executing VM operation: ChangeSingleStep
Event: 14.962 Executing VM operation: ChangeSingleStep done
Event: 14.963 Executing VM operation: GetCurrentLocation
Event: 14.963 Executing VM operation: GetCurrentLocation done
Event: 14.963 Executing VM operation: ChangeSingleStep
Event: 14.963 Executing VM operation: ChangeSingleStep done
Event: 14.963 Executing VM operation: ChangeSingleStep
Event: 14.963 Executing VM operation: ChangeSingleStep done


Dynamic libraries:
0x00007ff7f3e30000 - 0x00007ff7f3e67000 	C:\Program Files\Java\jdk1.8.0_92\jre\bin\java.exe
0x00007ffd5cd50000 - 0x00007ffd5cf11000 	C:\WINDOWS\SYSTEM32\ntdll.dll
0x00007ffd5c7b0000 - 0x00007ffd5c85d000 	C:\WINDOWS\system32\KERNEL32.DLL
0x00007ffd59f60000 - 0x00007ffd5a148000 	C:\WINDOWS\system32\KERNELBASE.dll
0x00007ffd5c350000 - 0x00007ffd5c3f7000 	C:\WINDOWS\system32\ADVAPI32.dll
0x00007ffd5c8d0000 - 0x00007ffd5c96d000 	C:\WINDOWS\system32\msvcrt.dll
0x00007ffd5a340000 - 0x00007ffd5a39b000 	C:\WINDOWS\system32\sechost.dll
0x00007ffd5a3a0000 - 0x00007ffd5a4bc000 	C:\WINDOWS\system32\RPCRT4.dll
0x00007ffd5cbf0000 - 0x00007ffd5cd46000 	C:\WINDOWS\system32\USER32.dll
0x00007ffd5ba90000 - 0x00007ffd5bc16000 	C:\WINDOWS\system32\GDI32.dll
0x00007ffd54320000 - 0x00007ffd54594000 	C:\WINDOWS\WinSxS\amd64_microsoft.windows.common-controls_6595b64144ccf1df_6.0.10586.0_none_8c15ae12515e1c22\COMCTL32.dll
0x00007ffd5c970000 - 0x00007ffd5cbed000 	C:\WINDOWS\system32\combase.dll
0x00007ffd59c50000 - 0x00007ffd59cba000 	C:\WINDOWS\system32\bcryptPrimitives.dll
0x00007ffd5bc20000 - 0x00007ffd5bc5b000 	C:\WINDOWS\system32\IMM32.DLL
0x00007ffd59260000 - 0x00007ffd59291000 	C:\Windows\system32\nvinitx.dll
0x00007ffd59250000 - 0x00007ffd5925a000 	C:\WINDOWS\SYSTEM32\VERSION.dll
0x000000000f000000 - 0x000000000f006000 	C:\Program Files\NVIDIA Corporation\CoProcManager\_etoured.dll
0x00007ffd577c0000 - 0x00007ffd577f2000 	C:\Program Files\NVIDIA Corporation\CoProcManager\nvd3d9wrapx.dll
0x00007ffd5bf20000 - 0x00007ffd5c349000 	C:\WINDOWS\system32\SETUPAPI.dll
0x00007ffd59a50000 - 0x00007ffd59a93000 	C:\WINDOWS\system32\CFGMGR32.dll
0x00007ffd57790000 - 0x00007ffd577b2000 	C:\Program Files\NVIDIA Corporation\CoProcManager\nvdxgiwrapx.dll
0x0000000070ee0000 - 0x0000000070fb2000 	C:\Program Files\Java\jdk1.8.0_92\jre\bin\msvcr100.dll
0x000000006fe90000 - 0x0000000070726000 	C:\Program Files\Java\jdk1.8.0_92\jre\bin\server\jvm.dll
0x00007ffd5a2d0000 - 0x00007ffd5a2d8000 	C:\WINDOWS\system32\PSAPI.DLL
0x00007ffd54a10000 - 0x00007ffd54a19000 	C:\WINDOWS\SYSTEM32\WSOCK32.dll
0x00007ffd575a0000 - 0x00007ffd575c3000 	C:\WINDOWS\SYSTEM32\WINMM.dll
0x00007ffd5c860000 - 0x00007ffd5c8cb000 	C:\WINDOWS\system32\WS2_32.dll
0x0000000002090000 - 0x00000000020bc000 	C:\WINDOWS\SYSTEM32\WINMMBASE.dll
0x0000000070e90000 - 0x0000000070e9f000 	C:\Program Files\Java\jdk1.8.0_92\jre\bin\verify.dll
0x0000000070e60000 - 0x0000000070e89000 	C:\Program Files\Java\jdk1.8.0_92\jre\bin\java.dll
0x000000006fc10000 - 0x000000006fc45000 	C:\Program Files\Java\jdk1.8.0_92\jre\bin\jdwp.dll
0x000000006fc00000 - 0x000000006fc08000 	C:\Program Files\Java\jdk1.8.0_92\jre\bin\npt.dll
0x0000000070e40000 - 0x0000000070e56000 	C:\Program Files\Java\jdk1.8.0_92\jre\bin\zip.dll
0x00007ffd5a4c0000 - 0x00007ffd5ba1c000 	C:\WINDOWS\system32\SHELL32.dll
0x00007ffd59400000 - 0x00007ffd59a44000 	C:\WINDOWS\system32\windows.storage.dll
0x00007ffd5a2e0000 - 0x00007ffd5a332000 	C:\WINDOWS\system32\shlwapi.dll
0x00007ffd59390000 - 0x00007ffd5939f000 	C:\WINDOWS\system32\kernel.appcore.dll
0x00007ffd59aa0000 - 0x00007ffd59b55000 	C:\WINDOWS\system32\shcore.dll
0x00007ffd593b0000 - 0x00007ffd593fb000 	C:\WINDOWS\system32\powrprof.dll
0x00007ffd59370000 - 0x00007ffd59384000 	C:\WINDOWS\system32\profapi.dll
0x000000006fc50000 - 0x000000006fc5b000 	C:\Program Files\Java\jdk1.8.0_92\jre\bin\dt_shmem.dll
0x00007ffd43ce0000 - 0x00007ffd43dcf000 	C:\Program Files\Java\jdk1.8.0_92\jre\bin\msvcr120.dll
0x00007ffd4fac0000 - 0x00007ffd4fb66000 	C:\Program Files\Java\jdk1.8.0_92\jre\bin\msvcp120.dll
0x000000006fb20000 - 0x000000006fb42000 	C:\Program Files\Java\jdk1.8.0_92\jre\bin\prism_d3d.dll
0x00007ffd4bce0000 - 0x00007ffd4bef0000 	C:\WINDOWS\system32\d3d9.dll
0x00007ffd56870000 - 0x00007ffd56892000 	C:\WINDOWS\SYSTEM32\dwmapi.dll
0x00007ffd57df0000 - 0x00007ffd57e17000 	C:\WINDOWS\SYSTEM32\DEVOBJ.dll
0x00007ffd59b60000 - 0x00007ffd59bb5000 	C:\WINDOWS\system32\WINTRUST.dll
0x00007ffd593a0000 - 0x00007ffd593b0000 	C:\WINDOWS\system32\MSASN1.dll
0x00007ffd59cc0000 - 0x00007ffd59e88000 	C:\WINDOWS\system32\CRYPT32.dll
0x00007ffd57ca0000 - 0x00007ffd57d36000 	C:\WINDOWS\system32\uxtheme.dll
0x00007ffd54650000 - 0x00007ffd54775000 	C:\WINDOWS\SYSTEM32\nvumdshimx.dll
0x00007ffd31840000 - 0x00007ffd32460000 	C:\WINDOWS\system32\igdumd64.dll
0x000000006fad0000 - 0x000000006fb13000 	C:\Program Files\Java\jdk1.8.0_92\jre\bin\glass.dll
0x00007ffd5be10000 - 0x00007ffd5bf1b000 	C:\WINDOWS\system32\COMDLG32.dll
0x00007ffd59bc0000 - 0x00007ffd59c46000 	C:\WINDOWS\system32\FirewallAPI.dll
0x000000000e1b0000 - 0x000000000e1c7000 	C:\WINDOWS\system32\NETAPI32.dll
0x00007ffd5bc60000 - 0x00007ffd5bda3000 	C:\WINDOWS\system32\ole32.dll
0x00007ffd5a150000 - 0x00007ffd5a211000 	C:\WINDOWS\system32\OLEAUT32.dll
0x00007ffd56aa0000 - 0x00007ffd56aac000 	C:\WINDOWS\SYSTEM32\DAVHLPR.DLL
0x00007ffd580a0000 - 0x00007ffd580d2000 	C:\WINDOWS\SYSTEM32\fwbase.dll
0x00007ffd5c650000 - 0x00007ffd5c7aa000 	C:\WINDOWS\system32\MSCTF.dll
0x000000006d530000 - 0x000000006fac1000 	C:\Program Files\Java\jdk1.8.0_92\jre\bin\jfxwebkit.dll
0x00007ffd58ca0000 - 0x00007ffd58cb7000 	C:\WINDOWS\SYSTEM32\CRYPTSP.dll
0x00007ffd58930000 - 0x00007ffd58964000 	C:\WINDOWS\system32\rsaenh.dll
0x00007ffd592a0000 - 0x00007ffd592c9000 	C:\WINDOWS\SYSTEM32\bcrypt.dll
0x00007ffd58dc0000 - 0x00007ffd58dcb000 	C:\WINDOWS\SYSTEM32\CRYPTBASE.dll
0x0000000070e20000 - 0x0000000070e3a000 	C:\Program Files\Java\jdk1.8.0_92\jre\bin\net.dll
0x00007ffd58bf0000 - 0x00007ffd58c4c000 	C:\WINDOWS\system32\mswsock.dll
0x0000000070e00000 - 0x0000000070e11000 	C:\Program Files\Java\jdk1.8.0_92\jre\bin\nio.dll
0x000000006d510000 - 0x000000006d524000 	C:\Program Files\Java\jdk1.8.0_92\jre\bin\javafx_font.dll
0x00007ffd507d0000 - 0x00007ffd50a30000 	C:\WINDOWS\SYSTEM32\dwrite.dll
0x00007ffd5a220000 - 0x00007ffd5a2c7000 	C:\WINDOWS\system32\clbcatq.dll
0x00007ffd55360000 - 0x00007ffd55511000 	C:\WINDOWS\SYSTEM32\WindowsCodecs.dll
0x00007ffd4d0a0000 - 0x00007ffd4d0ea000 	C:\WINDOWS\system32\dataexchange.dll
0x00007ffd56390000 - 0x00007ffd56638000 	C:\WINDOWS\system32\d3d11.dll
0x00007ffd57690000 - 0x00007ffd57773000 	C:\WINDOWS\system32\dcomp.dll
0x00007ffd562d0000 - 0x00007ffd56372000 	C:\WINDOWS\system32\dxgi.dll
0x00007ffd57e40000 - 0x00007ffd57f40000 	C:\WINDOWS\system32\twinapi.appcore.dll
0x00007ffd4e600000 - 0x00007ffd4e634000 	C:\Program Files\Common Files\Microsoft Shared\Ink\rtscom.dll
0x000000006d4f0000 - 0x000000006d501000 	C:\Program Files\Java\jdk1.8.0_92\jre\bin\prism_common.dll
0x000000006fc70000 - 0x000000006fc94000 	C:\Program Files\Java\jdk1.8.0_92\jre\bin\sunec.dll
0x00007ffd58a80000 - 0x00007ffd58a9f000 	C:\WINDOWS\SYSTEM32\USERENV.dll
0x00007ffd557f0000 - 0x00007ffd55828000 	C:\WINDOWS\SYSTEM32\IPHLPAPI.DLL
0x00007ffd5ba20000 - 0x00007ffd5ba28000 	C:\WINDOWS\system32\NSI.dll
0x00007ffd4f030000 - 0x00007ffd4f046000 	C:\WINDOWS\SYSTEM32\dhcpcsvc6.DLL
0x00007ffd4f010000 - 0x00007ffd4f02a000 	C:\WINDOWS\SYSTEM32\dhcpcsvc.DLL
0x000000006fc60000 - 0x000000006fc6b000 	C:\Program Files\Java\jdk1.8.0_92\jre\bin\sunmscapi.dll
0x00007ffd4c6e0000 - 0x00007ffd4c6f6000 	C:\WINDOWS\system32\napinsp.dll
0x00007ffd4c700000 - 0x00007ffd4c71a000 	C:\WINDOWS\system32\pnrpnsp.dll
0x00007ffd56c30000 - 0x00007ffd56c48000 	C:\WINDOWS\system32\NLAapi.dll
0x00007ffd57d40000 - 0x00007ffd57dea000 	C:\WINDOWS\SYSTEM32\DNSAPI.dll
0x00007ffd4c720000 - 0x00007ffd4c72d000 	C:\WINDOWS\System32\winrnr.dll
0x00007ffd555a0000 - 0x00007ffd555b5000 	C:\WINDOWS\System32\wshbth.dll
0x00007ffd4ca30000 - 0x00007ffd4ca3a000 	C:\Windows\System32\rasadhlp.dll
0x00007ffd4f140000 - 0x00007ffd4f1a7000 	C:\WINDOWS\System32\fwpuclnt.dll
0x00007ffd42110000 - 0x00007ffd4229c000 	C:\WINDOWS\SYSTEM32\dbghelp.dll

VM Arguments:
jvm_args: -Xdebug -Xrunjdwp:transport=dt_shmem,address=javadebug -Dfile.encoding=UTF-8 
java_command: com.busenzo.gui.BusTracker
java_class_path (initial): C:\Users\Jean Paul\Documents\NetBeansProjects\busTracking\Bus-Tracker\GMapsFX-2.0.5-SNAPSHOT.jar;C:\Program Files\NetBeans 8.1\platform\modules\ext\junit-4.12.jar;C:\Users\Jean Paul\Documents\NetBeansProjects\busTracking\Bus-Tracker\json-simple-1.1.1.jar;C:\Users\Jean Paul\Documents\NetBeansProjects\busTracking\Bus-Tracker\build\classes
Launcher Type: SUN_STANDARD

Environment Variables:
PATH=C:\ProgramData\Oracle\Java\javapath;C:\app\JeanPaul\product\12.1.0\dbhome_2\bin;C:\app\jeanpaul\product\12.1.0\dbhome_1\bin;C:\Program Files (x86)\NVIDIA Corporation\PhysX\Common;C:\WINDOWS\system32;C:\WINDOWS;C:\WINDOWS\System32\Wbem;C:\WINDOWS\System32\WindowsPowerShell\v1.0\;C:\Program Files (x86)\Windows Kits\8.1\Windows Performance Toolkit\;C:\Program Files\Microsoft SQL Server\110\Tools\Binn\;C:\WINDOWS\system32\config\systemprofile\.dnx\bin;C:\Program Files\Microsoft DNX\Dnvm\;C:\Program Files\Microsoft SQL Server\120\Tools\Binn\;C:\Program Files\Microsoft\Web Platform Installer\;C:\Program Files (x86)\Windows Live\Shared;C:\Program Files (x86)\Bitvise SSH Client;C:\Program Files (x86)\GNU\GnuPG\pub;C:\Program Files (x86)\Skype\Phone\;C:\Go\bin;C:\Users\Jean Paul\.dnx\bin;C:\Users\Jean Paul\AppData\Local\atom\bin
USERNAME=Jean Paul
OS=Windows_NT
PROCESSOR_IDENTIFIER=Intel64 Family 6 Model 42 Stepping 7, GenuineIntel



---------------  S Y S T E M  ---------------

OS: Windows 10.0 , 64 bit Build 10586 (10.0.10586.0)

CPU:total 8 (4 cores per cpu, 2 threads per core) family 6 model 42 stepping 7, cmov, cx8, fxsr, mmx, sse, sse2, sse3, ssse3, sse4.1, sse4.2, popcnt, avx, aes, clmul, ht, tsc, tscinvbit

Memory: 4k page, physical 12492496k(8241444k free), swap 14393040k(10071612k free)

vm_info: Java HotSpot(TM) 64-Bit Server VM (25.92-b14) for windows-amd64 JRE (1.8.0_92-b14), built on Mar 31 2016 21:03:04 by "java_re" with MS VC++ 10.0 (VS2010)

time: Sat May 28 20:34:38 2016
elapsed time: 14 seconds (0d 0h 0m 14s)

