#
# A fatal error has been detected by the Java Runtime Environment:
#
#  EXCEPTION_ACCESS_VIOLATION (0xc0000005) at pc=0x000000006eff6d89, pid=1624, tid=0x00000000000018f0
#
# JRE version: Java(TM) SE Runtime Environment (8.0_92-b14) (build 1.8.0_92-b14)
# Java VM: Java HotSpot(TM) 64-Bit Server VM (25.92-b14 mixed mode windows-amd64 compressed oops)
# Problematic frame:
# C  [jfxwebkit.dll+0xb96d89]
#
# Failed to write core dump. Minidumps are not enabled by default on client versions of Windows
#
# If you would like to submit a bug report, please visit:
#   http://bugreport.java.com/bugreport/crash.jsp
# The crash happened outside the Java Virtual Machine in native code.
# See problematic frame for where to report the bug.
#

---------------  T H R E A D  ---------------

Current thread (0x00000000205bd800):  JavaThread "pool-3-thread-1" [_thread_in_native, id=6384, stack(0x00000000217c0000,0x00000000218c0000)]

siginfo: ExceptionCode=0xc0000005, writing address 0x00000000bbadbeef

Registers:
RAX=0x0000000000000000, RBX=0x0000000029577410, RCX=0xeec29e56fe5e0000, RDX=0x0000000000000002
RSP=0x00000000218bd5a0, RBP=0x0000000000000000, RSI=0x000000001f30c600, RDI=0x00000000218bd670
R8 =0x00000000218bd0a0, R9 =0x00007ffae64e0000, R10=0x0000000000000000, R11=0x0000000000000200
R12=0x0000000000000002, R13=0x0000000000000000, R14=0x0000000000000001, R15=0x000000007fffffff
RIP=0x000000006eff6d89, EFLAGS=0x0000000000010246

Top of Stack: (sp=0x00000000218bd5a0)
0x00000000218bd5a0:   0000000000000000 0000000000000090
0x00000000218bd5b0:   0000000000000009 00007ffb06605bd4
0x00000000218bd5c0:   0000000029577410 000000006f0af743
0x00000000218bd5d0:   0000000000000080 0000000000000000
0x00000000218bd5e0:   0000000000000020 0000000000000000
0x00000000218bd5f0:   fffffffffffffffe 00000000001802e4
0x00000000218bd600:   0000000000000000 0000000000000000
0x00000000218bd610:   000000001ffef8c0 0000000000000000
0x00000000218bd620:   0000000000000000 000000006f02c424
0x00000000218bd630:   000000000066e3f0 00000000218bd810
0x00000000218bd640:   0000000000000000 00007ffae6546a57
0x00000000218bd650:   0000000000000002 000000006f0b20fd
0x00000000218bd660:   0000000000000011 0000000000000000
0x00000000218bd670:   0000000000000000 000000006efd7bac
0x00000000218bd680:   000000000000000a fffffffffffffffe
0x00000000218bd690:   0000000029423600 000000006f002dd7 

Instructions: (pc=0x000000006eff6d89)
0x000000006eff6d69:   83 c4 20 5b c3 cc cc 48 83 ec 28 48 8b 05 e5 b7
0x000000006eff6d79:   8c 01 48 85 c0 74 02 ff d0 e8 a9 07 00 00 33 c0
0x000000006eff6d89:   a3 ef be ad bb 00 00 00 00 48 83 c4 28 48 ff e0
0x000000006eff6d99:   cc cc cc cc cc cc cc 48 83 ec 28 48 8b 05 b5 b7 


Register to memory mapping:

RAX=0x0000000000000000 is an unknown value
RBX=0x0000000029577410 is an unknown value
RCX=0xeec29e56fe5e0000 is an unknown value
RDX=0x0000000000000002 is an unknown value
RSP=0x00000000218bd5a0 is pointing into the stack for thread: 0x00000000205bd800
RBP=0x0000000000000000 is an unknown value
RSI=0x000000001f30c600 is an unknown value
RDI=0x00000000218bd670 is pointing into the stack for thread: 0x00000000205bd800
R8 =0x00000000218bd0a0 is pointing into the stack for thread: 0x00000000205bd800
R9 =0x00007ffae64e0000 is an unknown value
R10=0x0000000000000000 is an unknown value
R11=0x0000000000000200 is an unknown value
R12=0x0000000000000002 is an unknown value
R13=0x0000000000000000 is an unknown value
R14=0x0000000000000001 is an unknown value
R15=0x000000007fffffff is an unknown value


Stack: [0x00000000217c0000,0x00000000218c0000],  sp=0x00000000218bd5a0,  free space=1013k
Native frames: (J=compiled Java code, j=interpreted, Vv=VM code, C=native code)

Java frames: (J=compiled Java code, j=interpreted, Vv=VM code)
J 2755  com.sun.webkit.dom.JSObject.callImpl(JILjava/lang/String;[Ljava/lang/Object;Ljava/security/AccessControlContext;)Ljava/lang/Object; (0 bytes) @ 0x000000000f8a7412 [0x000000000f8a7380+0x92]
J 2754 C1 com.sun.webkit.dom.JSObject.call(Ljava/lang/String;[Ljava/lang/Object;)Ljava/lang/Object; (17 bytes) @ 0x000000000f8ac4ac [0x000000000f8ac1c0+0x2ec]
J 2753 C1 com.lynden.gmapsfx.javascript.JavascriptObject.invokeJavascript(Ljava/lang/String;[Ljava/lang/Object;)Ljava/lang/Object; (101 bytes) @ 0x000000000f8a684c [0x000000000f8a5ce0+0xb6c]
J 2812 C1 com.lynden.gmapsfx.javascript.object.Marker.setMap(Lcom/lynden/gmapsfx/javascript/object/GoogleMap;)V (16 bytes) @ 0x000000000f8cc3ac [0x000000000f8cc100+0x2ac]
j  com.lynden.gmapsfx.javascript.object.GoogleMap.removeMarker(Lcom/lynden/gmapsfx/javascript/object/Marker;)V+2
j  com.busenzo.gui.FXMLDocumentController.clearBusMarkers()V+42
j  com.busenzo.gui.FXMLDocumentController.reloadData()V+24
j  com.busenzo.gui.FXMLDocumentController$1.run()V+4
j  java.util.concurrent.Executors$RunnableAdapter.call()Ljava/lang/Object;+4
j  java.util.concurrent.FutureTask.runAndReset()Z+47
j  java.util.concurrent.ScheduledThreadPoolExecutor$ScheduledFutureTask.access$301(Ljava/util/concurrent/ScheduledThreadPoolExecutor$ScheduledFutureTask;)Z+1
j  java.util.concurrent.ScheduledThreadPoolExecutor$ScheduledFutureTask.run()V+37
j  java.util.concurrent.ThreadPoolExecutor.runWorker(Ljava/util/concurrent/ThreadPoolExecutor$Worker;)V+95
j  java.util.concurrent.ThreadPoolExecutor$Worker.run()V+5
j  java.lang.Thread.run()V+11
v  ~StubRoutines::call_stub

---------------  P R O C E S S  ---------------

Java Threads: ( => current thread )
  0x00000000206e9800 JavaThread "URL-Loader-20" daemon [_thread_blocked, id=8872, stack(0x000000002d880000,0x000000002d980000)]
  0x00000000206eb000 JavaThread "URL-Loader-19" daemon [_thread_blocked, id=2004, stack(0x000000002d780000,0x000000002d880000)]
  0x00000000206dd800 JavaThread "URL-Loader-18" daemon [_thread_blocked, id=10184, stack(0x000000002d420000,0x000000002d520000)]
  0x00000000206e4800 JavaThread "URL-Loader-17" daemon [_thread_blocked, id=3236, stack(0x000000002d2a0000,0x000000002d3a0000)]
  0x00000000206e3800 JavaThread "URL-Loader-16" daemon [_thread_blocked, id=4776, stack(0x000000002d0e0000,0x000000002d1e0000)]
  0x00000000206e3000 JavaThread "URL-Loader-15" daemon [_thread_blocked, id=7088, stack(0x000000002c9c0000,0x000000002cac0000)]
  0x00000000206de800 JavaThread "URL-Loader-14" daemon [_thread_blocked, id=10088, stack(0x000000002c8c0000,0x000000002c9c0000)]
  0x00000000206e2000 JavaThread "URL-Loader-13" daemon [_thread_blocked, id=7060, stack(0x000000002c7c0000,0x000000002c8c0000)]
  0x00000000206e1800 JavaThread "URL-Loader-12" daemon [_thread_blocked, id=5864, stack(0x000000002c6c0000,0x000000002c7c0000)]
  0x00000000206e0000 JavaThread "URL-Loader-11" daemon [_thread_blocked, id=7520, stack(0x000000002c420000,0x000000002c520000)]
  0x00000000206df000 JavaThread "URL-Loader-10" daemon [_thread_blocked, id=4740, stack(0x000000002c2c0000,0x000000002c3c0000)]
  0x00000000206e0800 JavaThread "URL-Loader-9" daemon [_thread_blocked, id=1836, stack(0x000000002c160000,0x000000002c260000)]
  0x0000000020bfd000 JavaThread "URL-Loader-8" daemon [_thread_blocked, id=4940, stack(0x000000002abb0000,0x000000002acb0000)]
  0x0000000020c04000 JavaThread "URL-Loader-7" daemon [_thread_blocked, id=6824, stack(0x000000002aa90000,0x000000002ab90000)]
  0x0000000020c02800 JavaThread "URL-Loader-6" daemon [_thread_blocked, id=8488, stack(0x0000000027560000,0x0000000027660000)]
  0x0000000020c01800 JavaThread "URL-Loader-5" daemon [_thread_blocked, id=1228, stack(0x0000000027460000,0x0000000027560000)]
  0x0000000020c03000 JavaThread "URL-Loader-4" daemon [_thread_blocked, id=8788, stack(0x0000000027360000,0x0000000027460000)]
  0x0000000020bfe800 JavaThread "URL-Loader-3" daemon [_thread_blocked, id=6540, stack(0x0000000027260000,0x0000000027360000)]
  0x0000000020c01000 JavaThread "URL-Loader-2" daemon [_thread_blocked, id=8168, stack(0x0000000026ea0000,0x0000000026fa0000)]
  0x0000000020c00000 JavaThread "Watchdog-Timer-1" daemon [_thread_blocked, id=6792, stack(0x00000000268e0000,0x00000000269e0000)]
  0x0000000020bff800 JavaThread "URL-Loader-1" daemon [_thread_blocked, id=4280, stack(0x0000000023cc0000,0x0000000023dc0000)]
  0x000000000de19000 JavaThread "Prism Font Disposer" daemon [_thread_blocked, id=1648, stack(0x0000000021cc0000,0x0000000021dc0000)]
=>0x00000000205bd800 JavaThread "pool-3-thread-1" [_thread_in_native, id=6384, stack(0x00000000217c0000,0x00000000218c0000)]
  0x000000000d97f800 JavaThread "Keep-Alive-Timer" daemon [_thread_blocked, id=8800, stack(0x00000000203f0000,0x00000000204f0000)]
  0x000000000d869800 JavaThread "Disposer" daemon [_thread_blocked, id=10028, stack(0x000000001fff0000,0x00000000200f0000)]
  0x000000000d75c800 JavaThread "Thread-3" daemon [_thread_in_native, id=3680, stack(0x000000001f3b0000,0x000000001f4b0000)]
  0x000000000d78e000 JavaThread "JavaFX-Launcher" [_thread_blocked, id=3668, stack(0x000000001f4b0000,0x000000001f5b0000)]
  0x000000000d6e1800 JavaThread "JavaFX Application Thread" [_thread_in_native, id=9848, stack(0x000000000e330000,0x000000000e430000)]
  0x000000000d6d6800 JavaThread "Thread-1" daemon [_thread_blocked, id=5336, stack(0x000000000e150000,0x000000000e250000)]
  0x000000000d69d800 JavaThread "QuantumRenderer-0" daemon [_thread_blocked, id=9972, stack(0x000000000de50000,0x000000000df50000)]
  0x000000000c918800 JavaThread "Service Thread" daemon [_thread_blocked, id=3952, stack(0x000000000d450000,0x000000000d550000)]
  0x000000000c888000 JavaThread "C1 CompilerThread3" daemon [_thread_blocked, id=4136, stack(0x000000000d350000,0x000000000d450000)]
  0x000000000c881000 JavaThread "C2 CompilerThread2" daemon [_thread_in_native, id=8292, stack(0x000000000d250000,0x000000000d350000)]
  0x000000000c87e800 JavaThread "C2 CompilerThread1" daemon [_thread_blocked, id=4188, stack(0x000000000d150000,0x000000000d250000)]
  0x000000000c87c000 JavaThread "C2 CompilerThread0" daemon [_thread_blocked, id=3088, stack(0x000000000d050000,0x000000000d150000)]
  0x000000000c87a800 JavaThread "Attach Listener" daemon [_thread_blocked, id=9964, stack(0x000000000cf50000,0x000000000d050000)]
  0x000000000a97e800 JavaThread "Signal Dispatcher" daemon [_thread_blocked, id=620, stack(0x000000000ce50000,0x000000000cf50000)]
  0x0000000002469000 JavaThread "Finalizer" daemon [_thread_blocked, id=7912, stack(0x000000000cc50000,0x000000000cd50000)]
  0x0000000002466000 JavaThread "Reference Handler" daemon [_thread_blocked, id=6460, stack(0x000000000c750000,0x000000000c850000)]
  0x0000000002370800 JavaThread "main" [_thread_blocked, id=9792, stack(0x0000000002270000,0x0000000002370000)]

Other Threads:
  0x000000000a969000 VMThread [stack: 0x000000000c650000,0x000000000c750000] [id=9016]
  0x000000000c933000 WatcherThread [stack: 0x000000000d550000,0x000000000d650000] [id=5900]

VM state:not at safepoint (normal execution)

VM Mutex/Monitor currently owned by a thread: None

Heap:
 PSYoungGen      total 57344K, used 50765K [0x0000000780780000, 0x0000000786a80000, 0x00000007c0000000)
  eden space 49152K, 86% used [0x0000000780780000,0x0000000783117c18,0x0000000783780000)
  from space 8192K, 99% used [0x0000000783780000,0x0000000783f7ba10,0x0000000783f80000)
  to   space 8192K, 0% used [0x0000000786280000,0x0000000786280000,0x0000000786a80000)
 ParOldGen       total 66560K, used 6299K [0x0000000701600000, 0x0000000705700000, 0x0000000780780000)
  object space 66560K, 9% used [0x0000000701600000,0x0000000701c26c88,0x0000000705700000)
 Metaspace       used 25109K, capacity 26476K, committed 26624K, reserved 1073152K
  class space    used 3457K, capacity 3747K, committed 3840K, reserved 1048576K

Card table byte_map: [0x0000000002830000,0x0000000002e30000] byte_map_base: 0xffffffffff025000

Marking Bits: (ParMarkBitMap*) 0x00000000716d64f0
 Begin Bits: [0x0000000003a30000, 0x00000000069d8000)
 End Bits:   [0x00000000069d8000, 0x0000000009980000)

Polling page: 0x0000000000510000

CodeCache: size=245760Kb used=9946Kb max_used=9946Kb free=235813Kb
 bounds [0x000000000f010000, 0x000000000f9f0000, 0x000000001e010000]
 total_blobs=4022 nmethods=3242 adapters=691
 compilation: enabled

Compilation events (10 events):
Event: 12.663 Thread 0x000000000c888000 nmethod 3735 0x000000000f87d590 code [0x000000000f87d6e0, 0x000000000f87d810]
Event: 12.663 Thread 0x000000000c888000 3728       1       java.text.ParsePosition::getErrorIndex (5 bytes)
Event: 12.663 Thread 0x000000000c888000 nmethod 3728 0x000000000f96da90 code [0x000000000f96dbe0, 0x000000000f96dcf0]
Event: 12.663 Thread 0x000000000c888000 3729       1       java.time.format.DateTimeFormatter::getChronology (5 bytes)
Event: 12.664 Thread 0x000000000c888000 nmethod 3729 0x000000000f43a090 code [0x000000000f43a1e0, 0x000000000f43a2f0]
Event: 12.664 Thread 0x000000000c888000 3730       1       java.time.format.DateTimeFormatter::getZone (5 bytes)
Event: 12.664 Thread 0x000000000c888000 nmethod 3730 0x000000000f62c2d0 code [0x000000000f62c420, 0x000000000f62c530]
Event: 12.664 Thread 0x000000000c888000 3736       1       com.busenzo.domein.Rit::getVerwachteAankomstTijd (5 bytes)
Event: 12.664 Thread 0x000000000c888000 nmethod 3736 0x000000000f4bcc10 code [0x000000000f4bcd60, 0x000000000f4bce70]
Event: 12.664 Thread 0x000000000c888000 3737       3       java.time.format.DateTimeFormatterBuilder::parsePattern (1086 bytes)

GC Heap History (8 events):
Event: 3.045 GC heap before
{Heap before GC invocations=1 (full 0):
 PSYoungGen      total 57344K, used 49152K [0x0000000780780000, 0x0000000784780000, 0x00000007c0000000)
  eden space 49152K, 100% used [0x0000000780780000,0x0000000783780000,0x0000000783780000)
  from space 8192K, 0% used [0x0000000783f80000,0x0000000783f80000,0x0000000784780000)
  to   space 8192K, 0% used [0x0000000783780000,0x0000000783780000,0x0000000783f80000)
 ParOldGen       total 131072K, used 0K [0x0000000701600000, 0x0000000709600000, 0x0000000780780000)
  object space 131072K, 0% used [0x0000000701600000,0x0000000701600000,0x0000000709600000)
 Metaspace       used 19077K, capacity 20326K, committed 20480K, reserved 1067008K
  class space    used 2824K, capacity 3064K, committed 3072K, reserved 1048576K
Event: 3.054 GC heap after
Heap after GC invocations=1 (full 0):
 PSYoungGen      total 57344K, used 6386K [0x0000000780780000, 0x0000000784780000, 0x00000007c0000000)
  eden space 49152K, 0% used [0x0000000780780000,0x0000000780780000,0x0000000783780000)
  from space 8192K, 77% used [0x0000000783780000,0x0000000783dbcaf0,0x0000000783f80000)
  to   space 8192K, 0% used [0x0000000783f80000,0x0000000783f80000,0x0000000784780000)
 ParOldGen       total 131072K, used 88K [0x0000000701600000, 0x0000000709600000, 0x0000000780780000)
  object space 131072K, 0% used [0x0000000701600000,0x0000000701616010,0x0000000709600000)
 Metaspace       used 19077K, capacity 20326K, committed 20480K, reserved 1067008K
  class space    used 2824K, capacity 3064K, committed 3072K, reserved 1048576K
}
Event: 3.119 GC heap before
{Heap before GC invocations=2 (full 0):
 PSYoungGen      total 57344K, used 9330K [0x0000000780780000, 0x0000000784780000, 0x00000007c0000000)
  eden space 49152K, 5% used [0x0000000780780000,0x0000000780a60060,0x0000000783780000)
  from space 8192K, 77% used [0x0000000783780000,0x0000000783dbcaf0,0x0000000783f80000)
  to   space 8192K, 0% used [0x0000000783f80000,0x0000000783f80000,0x0000000784780000)
 ParOldGen       total 131072K, used 88K [0x0000000701600000, 0x0000000709600000, 0x0000000780780000)
  object space 131072K, 0% used [0x0000000701600000,0x0000000701616010,0x0000000709600000)
 Metaspace       used 20078K, capacity 21252K, committed 21296K, reserved 1067008K
  class space    used 2950K, capacity 3177K, committed 3200K, reserved 1048576K
Event: 3.125 GC heap after
Heap after GC invocations=2 (full 0):
 PSYoungGen      total 57344K, used 6320K [0x0000000780780000, 0x0000000787780000, 0x00000007c0000000)
  eden space 49152K, 0% used [0x0000000780780000,0x0000000780780000,0x0000000783780000)
  from space 8192K, 77% used [0x0000000783f80000,0x00000007845ac060,0x0000000784780000)
  to   space 8192K, 0% used [0x0000000783780000,0x0000000783780000,0x0000000783f80000)
 ParOldGen       total 131072K, used 96K [0x0000000701600000, 0x0000000709600000, 0x0000000780780000)
  object space 131072K, 0% used [0x0000000701600000,0x0000000701618010,0x0000000709600000)
 Metaspace       used 20078K, capacity 21252K, committed 21296K, reserved 1067008K
  class space    used 2950K, capacity 3177K, committed 3200K, reserved 1048576K
}
Event: 3.125 GC heap before
{Heap before GC invocations=3 (full 1):
 PSYoungGen      total 57344K, used 6320K [0x0000000780780000, 0x0000000787780000, 0x00000007c0000000)
  eden space 49152K, 0% used [0x0000000780780000,0x0000000780780000,0x0000000783780000)
  from space 8192K, 77% used [0x0000000783f80000,0x00000007845ac060,0x0000000784780000)
  to   space 8192K, 0% used [0x0000000783780000,0x0000000783780000,0x0000000783f80000)
 ParOldGen       total 131072K, used 96K [0x0000000701600000, 0x0000000709600000, 0x0000000780780000)
  object space 131072K, 0% used [0x0000000701600000,0x0000000701618010,0x0000000709600000)
 Metaspace       used 20078K, capacity 21252K, committed 21296K, reserved 1067008K
  class space    used 2950K, capacity 3177K, committed 3200K, reserved 1048576K
Event: 3.162 GC heap after
Heap after GC invocations=3 (full 1):
 PSYoungGen      total 57344K, used 0K [0x0000000780780000, 0x0000000787780000, 0x00000007c0000000)
  eden space 49152K, 0% used [0x0000000780780000,0x0000000780780000,0x0000000783780000)
  from space 8192K, 0% used [0x0000000783f80000,0x0000000783f80000,0x0000000784780000)
  to   space 8192K, 0% used [0x0000000783780000,0x0000000783780000,0x0000000783f80000)
 ParOldGen       total 66560K, used 6283K [0x0000000701600000, 0x0000000705700000, 0x0000000780780000)
  object space 66560K, 9% used [0x0000000701600000,0x0000000701c22c88,0x0000000705700000)
 Metaspace       used 20078K, capacity 21252K, committed 21296K, reserved 1067008K
  class space    used 2950K, capacity 3177K, committed 3200K, reserved 1048576K
}
Event: 5.208 GC heap before
{Heap before GC invocations=4 (full 1):
 PSYoungGen      total 57344K, used 49152K [0x0000000780780000, 0x0000000787780000, 0x00000007c0000000)
  eden space 49152K, 100% used [0x0000000780780000,0x0000000783780000,0x0000000783780000)
  from space 8192K, 0% used [0x0000000783f80000,0x0000000783f80000,0x0000000784780000)
  to   space 8192K, 0% used [0x0000000783780000,0x0000000783780000,0x0000000783f80000)
 ParOldGen       total 66560K, used 6283K [0x0000000701600000, 0x0000000705700000, 0x0000000780780000)
  object space 66560K, 9% used [0x0000000701600000,0x0000000701c22c88,0x0000000705700000)
 Metaspace       used 23915K, capacity 25240K, committed 25472K, reserved 1071104K
  class space    used 3372K, capacity 3657K, committed 3712K, reserved 1048576K
Event: 5.213 GC heap after
Heap after GC invocations=4 (full 1):
 PSYoungGen      total 57344K, used 8174K [0x0000000780780000, 0x0000000786a80000, 0x00000007c0000000)
  eden space 49152K, 0% used [0x0000000780780000,0x0000000780780000,0x0000000783780000)
  from space 8192K, 99% used [0x0000000783780000,0x0000000783f7ba10,0x0000000783f80000)
  to   space 8192K, 0% used [0x0000000786280000,0x0000000786280000,0x0000000786a80000)
 ParOldGen       total 66560K, used 6299K [0x0000000701600000, 0x0000000705700000, 0x0000000780780000)
  object space 66560K, 9% used [0x0000000701600000,0x0000000701c26c88,0x0000000705700000)
 Metaspace       used 23915K, capacity 25240K, committed 25472K, reserved 1071104K
  class space    used 3372K, capacity 3657K, committed 3712K, reserved 1048576K
}

Deoptimization events (10 events):
Event: 7.119 Thread 0x0000000020788800 Uncommon trap: reason=unstable_if action=reinterpret pc=0x000000000f8e4c7c method=java.util.concurrent.locks.AbstractQueuedSynchronizer$ConditionObject.awaitNanos(J)J @ 53
Event: 7.121 Thread 0x0000000020782000 Uncommon trap: reason=unstable_if action=reinterpret pc=0x000000000f8e4c7c method=java.util.concurrent.locks.AbstractQueuedSynchronizer$ConditionObject.awaitNanos(J)J @ 53
Event: 7.168 Thread 0x000000002078a000 Uncommon trap: reason=unstable_if action=reinterpret pc=0x000000000f8e4c7c method=java.util.concurrent.locks.AbstractQueuedSynchronizer$ConditionObject.awaitNanos(J)J @ 53
Event: 7.170 Thread 0x0000000020787000 Uncommon trap: reason=unstable_if action=reinterpret pc=0x000000000f8e4c7c method=java.util.concurrent.locks.AbstractQueuedSynchronizer$ConditionObject.awaitNanos(J)J @ 53
Event: 7.446 Thread 0x000000000d6e1800 Uncommon trap: reason=unstable_if action=reinterpret pc=0x000000000f42f5ec method=javafx.scene.Node.updateBounds()V @ 116
Event: 7.446 Thread 0x000000000d6e1800 Uncommon trap: reason=unstable_if action=reinterpret pc=0x000000000f42f5ec method=javafx.scene.Node.updateBounds()V @ 116
Event: 7.446 Thread 0x000000000d6e1800 Uncommon trap: reason=unstable_if action=reinterpret pc=0x000000000f42f5ec method=javafx.scene.Node.updateBounds()V @ 116
Event: 7.446 Thread 0x000000000d6e1800 Uncommon trap: reason=unstable_if action=reinterpret pc=0x000000000f42f5ec method=javafx.scene.Node.updateBounds()V @ 116
Event: 7.585 Thread 0x000000000d6e1800 Uncommon trap: reason=unstable_if action=reinterpret pc=0x000000000f11f340 method=javafx.scene.Node.updateBounds()V @ 116
Event: 7.593 Thread 0x000000000d69d800 Uncommon trap: reason=unstable_if action=reinterpret pc=0x000000000f394708 method=com.sun.javafx.geom.transform.AffineBase.updateState2D()V @ 24

Internal exceptions (10 events):
Event: 3.755 Thread 0x000000000d6e1800 Exception <a 'java/io/FileNotFoundException'> (0x00000007811b1e88) thrown at [D:\re\workspace\8-2-build-windows-amd64-cygwin\jdk8u92\6642\hotspot\src\share\vm\prims\jni.cpp, line 709]
Event: 3.756 Thread 0x000000000d6e1800 Exception <a 'java/io/FileNotFoundException'> (0x0000000781cc8b20) thrown at [D:\re\workspace\8-2-build-windows-amd64-cygwin\jdk8u92\6642\hotspot\src\share\vm\prims\jni.cpp, line 709]
Event: 3.757 Thread 0x000000000d6e1800 Exception <a 'java/io/FileNotFoundException'> (0x0000000781cc9e58) thrown at [D:\re\workspace\8-2-build-windows-amd64-cygwin\jdk8u92\6642\hotspot\src\share\vm\prims\jni.cpp, line 709]
Event: 5.299 Thread 0x000000000d6e1800 Implicit null exception at 0x000000000f8c4cfa to 0x000000000f8c4f61
Event: 6.223 Thread 0x000000000d69d800 Implicit null exception at 0x000000000f88ddf5 to 0x000000000f88fa7b
Event: 6.223 Thread 0x000000000d69d800 Exception <a 'java/lang/NullPointerException'> (0x0000000782945718) thrown at [D:\re\workspace\8-2-build-windows-amd64-cygwin\jdk8u92\6642\hotspot\src\share\vm\runtime\sharedRuntime.cpp, line 605]
Event: 6.223 Thread 0x000000000d69d800 Implicit null exception at 0x000000000f88ddf5 to 0x000000000f88fa7b
Event: 6.223 Thread 0x000000000d69d800 Exception <a 'java/lang/NullPointerException'> (0x0000000782946170) thrown at [D:\re\workspace\8-2-build-windows-amd64-cygwin\jdk8u92\6642\hotspot\src\share\vm\runtime\sharedRuntime.cpp, line 605]
Event: 6.223 Thread 0x000000000d69d800 Implicit null exception at 0x000000000f88ddf5 to 0x000000000f88fa7b
Event: 6.223 Thread 0x000000000d69d800 Exception <a 'java/lang/NullPointerException'> (0x0000000782946b10) thrown at [D:\re\workspace\8-2-build-windows-amd64-cygwin\jdk8u92\6642\hotspot\src\share\vm\runtime\sharedRuntime.cpp, line 605]

Events (10 events):
Event: 12.662 Thread 0x000000000c888000 flushing nmethod 0x000000000f7c2e50
Event: 12.662 Thread 0x000000000c888000 flushing nmethod 0x000000000f802c90
Event: 12.663 Thread 0x000000000c888000 flushing nmethod 0x000000000f8306d0
Event: 12.663 Thread 0x000000000c888000 flushing nmethod 0x000000000f835d10
Event: 12.663 Thread 0x000000000c888000 flushing nmethod 0x000000000f87d590
Event: 12.663 Thread 0x000000000c888000 flushing nmethod 0x000000000f8b90d0
Event: 12.663 Thread 0x000000000c888000 flushing nmethod 0x000000000f9237d0
Event: 12.663 Thread 0x000000000c888000 flushing nmethod 0x000000000f94d9d0
Event: 12.663 Thread 0x000000000c888000 flushing nmethod 0x000000000f94dd10
Event: 12.663 Thread 0x000000000c888000 flushing nmethod 0x000000000f96da90


Dynamic libraries:
0x00007ff6db2c0000 - 0x00007ff6db2f7000 	C:\Program Files\Java\jdk1.8.0_92\jre\bin\java.exe
0x00007ffb065e0000 - 0x00007ffb067a1000 	C:\WINDOWS\SYSTEM32\ntdll.dll
0x00007ffb03eb0000 - 0x00007ffb03f5d000 	C:\WINDOWS\system32\KERNEL32.DLL
0x00007ffb02e00000 - 0x00007ffb02fe8000 	C:\WINDOWS\system32\KERNELBASE.dll
0x00007ffb060b0000 - 0x00007ffb06157000 	C:\WINDOWS\system32\ADVAPI32.dll
0x00007ffb04880000 - 0x00007ffb0491d000 	C:\WINDOWS\system32\msvcrt.dll
0x00007ffb03e50000 - 0x00007ffb03eab000 	C:\WINDOWS\system32\sechost.dll
0x00007ffb03d30000 - 0x00007ffb03e4c000 	C:\WINDOWS\system32\RPCRT4.dll
0x00007ffb045d0000 - 0x00007ffb04726000 	C:\WINDOWS\system32\USER32.dll
0x00007ffb06270000 - 0x00007ffb063f6000 	C:\WINDOWS\system32\GDI32.dll
0x00007ffafe0c0000 - 0x00007ffafe334000 	C:\WINDOWS\WinSxS\amd64_microsoft.windows.common-controls_6595b64144ccf1df_6.0.10586.0_none_8c15ae12515e1c22\COMCTL32.dll
0x00007ffb039e0000 - 0x00007ffb03c5d000 	C:\WINDOWS\system32\combase.dll
0x00007ffb03010000 - 0x00007ffb0307a000 	C:\WINDOWS\system32\bcryptPrimitives.dll
0x00007ffb04730000 - 0x00007ffb0476b000 	C:\WINDOWS\system32\IMM32.DLL
0x00007ffb02af0000 - 0x00007ffb02b21000 	C:\Windows\system32\nvinitx.dll
0x00007ffb02ae0000 - 0x00007ffb02aea000 	C:\WINDOWS\SYSTEM32\VERSION.dll
0x000000000f000000 - 0x000000000f006000 	C:\Program Files\NVIDIA Corporation\CoProcManager\_etoured.dll
0x00007ffb00eb0000 - 0x00007ffb00ee2000 	C:\Program Files\NVIDIA Corporation\CoProcManager\nvd3d9wrapx.dll
0x00007ffb04120000 - 0x00007ffb04549000 	C:\WINDOWS\system32\SETUPAPI.dll
0x00007ffb02d50000 - 0x00007ffb02d93000 	C:\WINDOWS\system32\CFGMGR32.dll
0x00007ffb00e80000 - 0x00007ffb00ea2000 	C:\Program Files\NVIDIA Corporation\CoProcManager\nvdxgiwrapx.dll
0x0000000070de0000 - 0x0000000070eb2000 	C:\Program Files\Java\jdk1.8.0_92\jre\bin\msvcr100.dll
0x0000000070ec0000 - 0x0000000071756000 	C:\Program Files\Java\jdk1.8.0_92\jre\bin\server\jvm.dll
0x00007ffb06480000 - 0x00007ffb06488000 	C:\WINDOWS\system32\PSAPI.DLL
0x00007ffafea90000 - 0x00007ffafea99000 	C:\WINDOWS\SYSTEM32\WSOCK32.dll
0x00007ffb00e30000 - 0x00007ffb00e53000 	C:\WINDOWS\SYSTEM32\WINMM.dll
0x00007ffb06400000 - 0x00007ffb0646b000 	C:\WINDOWS\system32\WS2_32.dll
0x0000000000540000 - 0x000000000056c000 	C:\WINDOWS\SYSTEM32\WINMMBASE.dll
0x0000000070d90000 - 0x0000000070d9f000 	C:\Program Files\Java\jdk1.8.0_92\jre\bin\verify.dll
0x0000000070d60000 - 0x0000000070d89000 	C:\Program Files\Java\jdk1.8.0_92\jre\bin\java.dll
0x0000000070d40000 - 0x0000000070d56000 	C:\Program Files\Java\jdk1.8.0_92\jre\bin\zip.dll
0x00007ffb04980000 - 0x00007ffb05edc000 	C:\WINDOWS\system32\SHELL32.dll
0x00007ffb032e0000 - 0x00007ffb03924000 	C:\WINDOWS\system32\windows.storage.dll
0x00007ffb04820000 - 0x00007ffb04872000 	C:\WINDOWS\system32\shlwapi.dll
0x00007ffb02c60000 - 0x00007ffb02c6f000 	C:\WINDOWS\system32\kernel.appcore.dll
0x00007ffb02c90000 - 0x00007ffb02d45000 	C:\WINDOWS\system32\shcore.dll
0x00007ffb02c10000 - 0x00007ffb02c5b000 	C:\WINDOWS\system32\powrprof.dll
0x00007ffb02c70000 - 0x00007ffb02c84000 	C:\WINDOWS\system32\profapi.dll
0x00007ffae64e0000 - 0x00007ffae65cf000 	C:\Program Files\Java\jdk1.8.0_92\jre\bin\msvcr120.dll
0x00007ffaf0190000 - 0x00007ffaf0236000 	C:\Program Files\Java\jdk1.8.0_92\jre\bin\msvcp120.dll
0x0000000070a50000 - 0x0000000070a72000 	C:\Program Files\Java\jdk1.8.0_92\jre\bin\prism_d3d.dll
0x00007ffaf5120000 - 0x00007ffaf5330000 	C:\WINDOWS\system32\d3d9.dll
0x00007ffb001a0000 - 0x00007ffb001c2000 	C:\WINDOWS\SYSTEM32\dwmapi.dll
0x00007ffb01680000 - 0x00007ffb016a7000 	C:\WINDOWS\SYSTEM32\DEVOBJ.dll
0x00000000021f0000 - 0x0000000002245000 	C:\WINDOWS\system32\WINTRUST.dll
0x00007ffb02c00000 - 0x00007ffb02c10000 	C:\WINDOWS\system32\MSASN1.dll
0x00007ffb03080000 - 0x00007ffb03248000 	C:\WINDOWS\system32\CRYPT32.dll
0x00007ffb01530000 - 0x00007ffb015c6000 	C:\WINDOWS\system32\uxtheme.dll
0x00007ffafd400000 - 0x00007ffafd525000 	C:\WINDOWS\SYSTEM32\nvumdshimx.dll
0x00007ffadde40000 - 0x00007ffadea60000 	C:\WINDOWS\system32\igdumd64.dll
0x0000000070a00000 - 0x0000000070a43000 	C:\Program Files\Java\jdk1.8.0_92\jre\bin\glass.dll
0x00007ffb06160000 - 0x00007ffb0626b000 	C:\WINDOWS\system32\COMDLG32.dll
0x00007ffb03250000 - 0x00007ffb032d6000 	C:\WINDOWS\system32\FirewallAPI.dll
0x00007ffb02ff0000 - 0x00007ffb03007000 	C:\WINDOWS\system32\NETAPI32.dll
0x00007ffb06490000 - 0x00007ffb065d3000 	C:\WINDOWS\system32\ole32.dll
0x00007ffb03c60000 - 0x00007ffb03d21000 	C:\WINDOWS\system32\OLEAUT32.dll
0x00007ffb00d70000 - 0x00007ffb00d7c000 	C:\WINDOWS\SYSTEM32\DAVHLPR.DLL
0x00007ffb01930000 - 0x00007ffb01962000 	C:\WINDOWS\SYSTEM32\fwbase.dll
0x00007ffb03f60000 - 0x00007ffb040ba000 	C:\WINDOWS\system32\MSCTF.dll
0x000000006e460000 - 0x00000000709f1000 	C:\Program Files\Java\jdk1.8.0_92\jre\bin\jfxwebkit.dll
0x00007ffb02530000 - 0x00007ffb02547000 	C:\WINDOWS\SYSTEM32\CRYPTSP.dll
0x00007ffb021c0000 - 0x00007ffb021f4000 	C:\WINDOWS\system32\rsaenh.dll
0x00007ffb02b30000 - 0x00007ffb02b59000 	C:\WINDOWS\SYSTEM32\bcrypt.dll
0x00007ffb02650000 - 0x00007ffb0265b000 	C:\WINDOWS\SYSTEM32\CRYPTBASE.dll
0x0000000070d20000 - 0x0000000070d3a000 	C:\Program Files\Java\jdk1.8.0_92\jre\bin\net.dll
0x00007ffb02480000 - 0x00007ffb024dc000 	C:\WINDOWS\system32\mswsock.dll
0x0000000070d00000 - 0x0000000070d11000 	C:\Program Files\Java\jdk1.8.0_92\jre\bin\nio.dll
0x000000006e440000 - 0x000000006e454000 	C:\Program Files\Java\jdk1.8.0_92\jre\bin\javafx_font.dll
0x00007ffaf84e0000 - 0x00007ffaf8740000 	C:\WINDOWS\SYSTEM32\dwrite.dll
0x00007ffb04770000 - 0x00007ffb04817000 	C:\WINDOWS\system32\clbcatq.dll
0x00007ffafc1c0000 - 0x00007ffafc371000 	C:\WINDOWS\SYSTEM32\WindowsCodecs.dll
0x00007ffaf6840000 - 0x00007ffaf688a000 	C:\WINDOWS\system32\dataexchange.dll
0x00007ffaffee0000 - 0x00007ffb00188000 	C:\WINDOWS\system32\d3d11.dll
0x00007ffb00fb0000 - 0x00007ffb01093000 	C:\WINDOWS\system32\dcomp.dll
0x00007ffaffe30000 - 0x00007ffaffed2000 	C:\WINDOWS\system32\dxgi.dll
0x00007ffb016d0000 - 0x00007ffb017d0000 	C:\WINDOWS\system32\twinapi.appcore.dll
0x00007ffafd910000 - 0x00007ffafd944000 	C:\Program Files\Common Files\Microsoft Shared\Ink\rtscom.dll
0x000000006e410000 - 0x000000006e434000 	C:\Program Files\Java\jdk1.8.0_92\jre\bin\sunec.dll
0x000000006e3f0000 - 0x000000006e401000 	C:\Program Files\Java\jdk1.8.0_92\jre\bin\prism_common.dll
0x00007ffb02310000 - 0x00007ffb0232f000 	C:\WINDOWS\SYSTEM32\USERENV.dll
0x00007ffaff390000 - 0x00007ffaff3c8000 	C:\WINDOWS\SYSTEM32\IPHLPAPI.DLL
0x00007ffb06470000 - 0x00007ffb06478000 	C:\WINDOWS\system32\NSI.dll
0x00007ffafabd0000 - 0x00007ffafabe6000 	C:\WINDOWS\SYSTEM32\dhcpcsvc6.DLL
0x00007ffafab60000 - 0x00007ffafab7a000 	C:\WINDOWS\SYSTEM32\dhcpcsvc.DLL
0x000000006e3e0000 - 0x000000006e3eb000 	C:\Program Files\Java\jdk1.8.0_92\jre\bin\sunmscapi.dll
0x00007ffaf16f0000 - 0x00007ffaf1706000 	C:\WINDOWS\system32\napinsp.dll
0x00007ffaf2bc0000 - 0x00007ffaf2bda000 	C:\WINDOWS\system32\pnrpnsp.dll
0x00007ffb00aa0000 - 0x00007ffb00ab8000 	C:\WINDOWS\system32\NLAapi.dll
0x00007ffb015d0000 - 0x00007ffb0167a000 	C:\WINDOWS\SYSTEM32\DNSAPI.dll
0x00007ffaf57f0000 - 0x00007ffaf57fd000 	C:\WINDOWS\System32\winrnr.dll
0x00007ffafeb50000 - 0x00007ffafeb65000 	C:\WINDOWS\System32\wshbth.dll
0x00007ffaf67f0000 - 0x00007ffaf67fa000 	C:\Windows\System32\rasadhlp.dll
0x00007ffafac40000 - 0x00007ffafaca7000 	C:\WINDOWS\System32\fwpuclnt.dll
0x00007ffae4bd0000 - 0x00007ffae4d5c000 	C:\WINDOWS\SYSTEM32\dbghelp.dll

VM Arguments:
jvm_args: -Dfile.encoding=UTF-8 
java_command: com.busenzo.gui.BusTracker
java_class_path (initial): C:\Users\Jean Paul\Documents\NetBeansProjects\busTracking\Bus-Tracker\GMapsFX-2.0.5-SNAPSHOT.jar;C:\Program Files\NetBeans 8.1\platform\modules\ext\junit-4.12.jar;C:\Users\Jean Paul\Documents\NetBeansProjects\busTracking\Bus-Tracker\json-simple-1.1.1.jar;C:\Users\Jean Paul\Documents\NetBeansProjects\busTracking\Bus-Tracker\build\classes
Launcher Type: SUN_STANDARD

Environment Variables:
PATH=C:\ProgramData\Oracle\Java\javapath;C:\app\JeanPaul\product\12.1.0\dbhome_2\bin;C:\app\jeanpaul\product\12.1.0\dbhome_1\bin;C:\Program Files (x86)\NVIDIA Corporation\PhysX\Common;C:\WINDOWS\system32;C:\WINDOWS;C:\WINDOWS\System32\Wbem;C:\WINDOWS\System32\WindowsPowerShell\v1.0\;C:\Program Files (x86)\Windows Kits\8.1\Windows Performance Toolkit\;C:\Program Files\Microsoft SQL Server\110\Tools\Binn\;C:\Users\Jean Paul\.dnx\bin;C:\Program Files\Microsoft DNX\Dnvm\;C:\Program Files\Microsoft SQL Server\120\Tools\Binn\;C:\Program Files\Microsoft\Web Platform Installer\;C:\Program Files (x86)\Windows Live\Shared;C:\Program Files (x86)\Bitvise SSH Client;C:\Program Files (x86)\GNU\GnuPG\pub;C:\Program Files (x86)\Skype\Phone\;C:\Go\bin;C:\Users\Jean Paul\.dnx\bin;C:\Users\Jean Paul\AppData\Local\atom\bin
USERNAME=Jean Paul
OS=Windows_NT
PROCESSOR_IDENTIFIER=Intel64 Family 6 Model 42 Stepping 7, GenuineIntel



---------------  S Y S T E M  ---------------

OS: Windows 10.0 , 64 bit Build 10586 (10.0.10586.0)

CPU:total 8 (4 cores per cpu, 2 threads per core) family 6 model 42 stepping 7, cmov, cx8, fxsr, mmx, sse, sse2, sse3, ssse3, sse4.1, sse4.2, popcnt, avx, aes, clmul, ht, tsc, tscinvbit

Memory: 4k page, physical 12492496k(7751564k free), swap 14393040k(9202644k free)

vm_info: Java HotSpot(TM) 64-Bit Server VM (25.92-b14) for windows-amd64 JRE (1.8.0_92-b14), built on Mar 31 2016 21:03:04 by "java_re" with MS VC++ 10.0 (VS2010)

time: Wed May 25 11:36:51 2016
elapsed time: 12 seconds (0d 0h 0m 12s)

