#
# A fatal error has been detected by the Java Runtime Environment:
#
#  EXCEPTION_ACCESS_VIOLATION (0xc0000005) at pc=0x000000006eff6d89, pid=724, tid=0x0000000000001d2c
#
# JRE version: Java(TM) SE Runtime Environment (8.0_92-b14) (build 1.8.0_92-b14)
# Java VM: Java HotSpot(TM) 64-Bit Server VM (25.92-b14 mixed mode windows-amd64 compressed oops)
# Problematic frame:
# C  [jfxwebkit.dll+0xb96d89]
#
# Failed to write core dump. Minidumps are not enabled by default on client versions of Windows
#
# If you would like to submit a bug report, please visit:
#   http://bugreport.java.com/bugreport/crash.jsp
# The crash happened outside the Java Virtual Machine in native code.
# See problematic frame for where to report the bug.
#

---------------  T H R E A D  ---------------

Current thread (0x0000000020368000):  JavaThread "pool-3-thread-1" [_thread_in_native, id=7468, stack(0x00000000215e0000,0x00000000216e0000)]

siginfo: ExceptionCode=0xc0000005, writing address 0x00000000bbadbeef

Registers:
RAX=0x0000000000000000, RBX=0x000000002953f010, RCX=0xff1b48f4f77a0000, RDX=0x0000000000000002
RSP=0x00000000216dd490, RBP=0x0000000000000000, RSI=0x000000001f1076d0, RDI=0x00000000216dd560
R8 =0x00000000216dcf90, R9 =0x00007ffae64e0000, R10=0x0000000000000000, R11=0x0000000000000200
R12=0x0000000000000002, R13=0x0000000000000000, R14=0x0000000000000001, R15=0x000000007fffffff
RIP=0x000000006eff6d89, EFLAGS=0x0000000000010246

Top of Stack: (sp=0x00000000216dd490)
0x00000000216dd490:   0000000000000000 0000000000000090
0x00000000216dd4a0:   0000000000000009 00007ffb06605bd4
0x00000000216dd4b0:   000000002953f010 000000006f0af743
0x00000000216dd4c0:   0000000000000080 0000000000000000
0x00000000216dd4d0:   0000000000000011 0000000000000000
0x00000000216dd4e0:   fffffffffffffffe 00000000001802e4
0x00000000216dd4f0:   0000000000000000 0000000000000000
0x00000000216dd500:   000000001fdef8c0 0000000000000000
0x00000000216dd510:   0000000000000000 000000006f02c424
0x00000000216dd520:   00000000004a9ba0 00000000216dd700
0x00000000216dd530:   0000000000000000 00007ffae6546a57
0x00000000216dd540:   0000000000000002 000000006f0b20fd
0x00000000216dd550:   0000000000000011 0000000000000000
0x00000000216dd560:   0000000000000000 000000006efd7bac
0x00000000216dd570:   000000000000000a fffffffffffffffe
0x00000000216dd580:   0000000029441240 000000006f002dd7 

Instructions: (pc=0x000000006eff6d89)
0x000000006eff6d69:   83 c4 20 5b c3 cc cc 48 83 ec 28 48 8b 05 e5 b7
0x000000006eff6d79:   8c 01 48 85 c0 74 02 ff d0 e8 a9 07 00 00 33 c0
0x000000006eff6d89:   a3 ef be ad bb 00 00 00 00 48 83 c4 28 48 ff e0
0x000000006eff6d99:   cc cc cc cc cc cc cc 48 83 ec 28 48 8b 05 b5 b7 


Register to memory mapping:

RAX=0x0000000000000000 is an unknown value
RBX=0x000000002953f010 is an unknown value
RCX=0xff1b48f4f77a0000 is an unknown value
RDX=0x0000000000000002 is an unknown value
RSP=0x00000000216dd490 is pointing into the stack for thread: 0x0000000020368000
RBP=0x0000000000000000 is an unknown value
RSI=0x000000001f1076d0 is an unknown value
RDI=0x00000000216dd560 is pointing into the stack for thread: 0x0000000020368000
R8 =0x00000000216dcf90 is pointing into the stack for thread: 0x0000000020368000
R9 =0x00007ffae64e0000 is an unknown value
R10=0x0000000000000000 is an unknown value
R11=0x0000000000000200 is an unknown value
R12=0x0000000000000002 is an unknown value
R13=0x0000000000000000 is an unknown value
R14=0x0000000000000001 is an unknown value
R15=0x000000007fffffff is an unknown value


Stack: [0x00000000215e0000,0x00000000216e0000],  sp=0x00000000216dd490,  free space=1013k
Native frames: (J=compiled Java code, j=interpreted, Vv=VM code, C=native code)

Java frames: (J=compiled Java code, j=interpreted, Vv=VM code)
J 2783  com.sun.webkit.dom.JSObject.callImpl(JILjava/lang/String;[Ljava/lang/Object;Ljava/security/AccessControlContext;)Ljava/lang/Object; (0 bytes) @ 0x000000000f8cdbd2 [0x000000000f8cdb40+0x92]
J 2782 C1 com.sun.webkit.dom.JSObject.call(Ljava/lang/String;[Ljava/lang/Object;)Ljava/lang/Object; (17 bytes) @ 0x000000000f8cbe6c [0x000000000f8cbb80+0x2ec]
J 2781 C1 com.lynden.gmapsfx.javascript.JavascriptObject.invokeJavascript(Ljava/lang/String;[Ljava/lang/Object;)Ljava/lang/Object; (101 bytes) @ 0x000000000f8cd00c [0x000000000f8cc4a0+0xb6c]
J 2837 C1 com.lynden.gmapsfx.javascript.object.Marker.setMap(Lcom/lynden/gmapsfx/javascript/object/GoogleMap;)V (16 bytes) @ 0x000000000f8ee2ac [0x000000000f8ee000+0x2ac]
j  com.lynden.gmapsfx.javascript.object.GoogleMap.removeMarker(Lcom/lynden/gmapsfx/javascript/object/Marker;)V+2
j  com.busenzo.gui.FXMLDocumentController.clearBusMarkers()V+42
j  com.busenzo.gui.FXMLDocumentController.reloadData()V+9
j  com.busenzo.gui.FXMLDocumentController$1.run()V+4
J 3554 C1 java.util.concurrent.Executors$RunnableAdapter.call()Ljava/lang/Object; (14 bytes) @ 0x000000000f897694 [0x000000000f897580+0x114]
j  java.util.concurrent.FutureTask.runAndReset()Z+47
j  java.util.concurrent.ScheduledThreadPoolExecutor$ScheduledFutureTask.access$301(Ljava/util/concurrent/ScheduledThreadPoolExecutor$ScheduledFutureTask;)Z+1
j  java.util.concurrent.ScheduledThreadPoolExecutor$ScheduledFutureTask.run()V+37
j  java.util.concurrent.ThreadPoolExecutor.runWorker(Ljava/util/concurrent/ThreadPoolExecutor$Worker;)V+95
j  java.util.concurrent.ThreadPoolExecutor$Worker.run()V+5
j  java.lang.Thread.run()V+11
v  ~StubRoutines::call_stub

---------------  P R O C E S S  ---------------

Java Threads: ( => current thread )
  0x000000000dcf5800 JavaThread "URL-Loader-20" daemon [_thread_blocked, id=5372, stack(0x000000002d5e0000,0x000000002d6e0000)]
  0x000000000dcf4800 JavaThread "URL-Loader-19" daemon [_thread_blocked, id=8972, stack(0x000000002d4e0000,0x000000002d5e0000)]
  0x000000000dcf9000 JavaThread "URL-Loader-18" daemon [_thread_blocked, id=8456, stack(0x000000002d3e0000,0x000000002d4e0000)]
  0x000000000dcf7000 JavaThread "URL-Loader-17" daemon [_thread_blocked, id=4352, stack(0x000000002d2e0000,0x000000002d3e0000)]
  0x000000000dcee000 JavaThread "URL-Loader-16" daemon [_thread_blocked, id=3284, stack(0x000000002ccc0000,0x000000002cdc0000)]
  0x000000000dcea000 JavaThread "URL-Loader-15" daemon [_thread_blocked, id=8220, stack(0x000000002cb80000,0x000000002cc80000)]
  0x000000000dcf0000 JavaThread "URL-Loader-14" daemon [_thread_blocked, id=6940, stack(0x000000002c7a0000,0x000000002c8a0000)]
  0x000000000dcee800 JavaThread "URL-Loader-13" daemon [_thread_blocked, id=4848, stack(0x000000002c6a0000,0x000000002c7a0000)]
  0x000000000dcec800 JavaThread "URL-Loader-12" daemon [_thread_blocked, id=2496, stack(0x000000002c5a0000,0x000000002c6a0000)]
  0x000000000dcef800 JavaThread "URL-Loader-11" daemon [_thread_blocked, id=6108, stack(0x000000002c4a0000,0x000000002c5a0000)]
  0x000000000dced000 JavaThread "URL-Loader-10" daemon [_thread_blocked, id=9256, stack(0x000000002c200000,0x000000002c300000)]
  0x000000000dceb800 JavaThread "URL-Loader-9" daemon [_thread_blocked, id=9956, stack(0x000000002c0a0000,0x000000002c1a0000)]
  0x000000002085d000 JavaThread "URL-Loader-8" daemon [_thread_blocked, id=256, stack(0x000000002ab90000,0x000000002ac90000)]
  0x0000000020861800 JavaThread "URL-Loader-7" daemon [_thread_blocked, id=940, stack(0x000000002aa70000,0x000000002ab70000)]
  0x0000000020860000 JavaThread "URL-Loader-6" daemon [_thread_blocked, id=5204, stack(0x0000000027540000,0x0000000027640000)]
  0x0000000020860800 JavaThread "URL-Loader-5" daemon [_thread_blocked, id=2588, stack(0x0000000027440000,0x0000000027540000)]
  0x0000000020863800 JavaThread "URL-Loader-4" daemon [_thread_blocked, id=1532, stack(0x0000000027340000,0x0000000027440000)]
  0x0000000020863000 JavaThread "URL-Loader-3" daemon [_thread_blocked, id=5128, stack(0x0000000027240000,0x0000000027340000)]
  0x000000002085d800 JavaThread "URL-Loader-2" daemon [_thread_blocked, id=5656, stack(0x0000000026e80000,0x0000000026f80000)]
  0x000000002085e800 JavaThread "Watchdog-Timer-1" daemon [_thread_blocked, id=8008, stack(0x00000000268e0000,0x00000000269e0000)]
  0x0000000020862000 JavaThread "URL-Loader-1" daemon [_thread_blocked, id=4924, stack(0x0000000023bd0000,0x0000000023cd0000)]
  0x00000000203e6000 JavaThread "Prism Font Disposer" daemon [_thread_blocked, id=740, stack(0x0000000021c60000,0x0000000021d60000)]
=>0x0000000020368000 JavaThread "pool-3-thread-1" [_thread_in_native, id=7468, stack(0x00000000215e0000,0x00000000216e0000)]
  0x000000000d9c7800 JavaThread "Keep-Alive-Timer" daemon [_thread_blocked, id=9928, stack(0x0000000020210000,0x0000000020310000)]
  0x000000000d7d8000 JavaThread "Disposer" daemon [_thread_blocked, id=1600, stack(0x000000001fe10000,0x000000001ff10000)]
  0x000000000d6bb800 JavaThread "Thread-3" daemon [_thread_in_native, id=7512, stack(0x000000001f1b0000,0x000000001f2b0000)]
  0x000000000d6e7800 JavaThread "JavaFX-Launcher" [_thread_blocked, id=8468, stack(0x000000001f2b0000,0x000000001f3b0000)]
  0x000000000d620000 JavaThread "JavaFX Application Thread" [_thread_in_native, id=7824, stack(0x000000000e180000,0x000000000e280000)]
  0x000000000d646000 JavaThread "Thread-1" daemon [_thread_blocked, id=5608, stack(0x000000000e080000,0x000000000e180000)]
  0x000000000d606800 JavaThread "QuantumRenderer-0" daemon [_thread_blocked, id=3612, stack(0x000000000dda0000,0x000000000dea0000)]
  0x000000000c7f2000 JavaThread "Service Thread" daemon [_thread_blocked, id=8656, stack(0x000000000d3a0000,0x000000000d4a0000)]
  0x000000000c7d7000 JavaThread "C1 CompilerThread3" daemon [_thread_blocked, id=6700, stack(0x000000000d2a0000,0x000000000d3a0000)]
  0x000000000c7d1000 JavaThread "C2 CompilerThread2" daemon [_thread_blocked, id=4688, stack(0x000000000d1a0000,0x000000000d2a0000)]
  0x000000000c7ce000 JavaThread "C2 CompilerThread1" daemon [_thread_blocked, id=1124, stack(0x000000000d0a0000,0x000000000d1a0000)]
  0x000000000c7c9000 JavaThread "C2 CompilerThread0" daemon [_thread_blocked, id=4824, stack(0x000000000cfa0000,0x000000000d0a0000)]
  0x000000000c7c8000 JavaThread "Attach Listener" daemon [_thread_blocked, id=4476, stack(0x000000000cea0000,0x000000000cfa0000)]
  0x000000000c7c5000 JavaThread "Signal Dispatcher" daemon [_thread_blocked, id=1252, stack(0x000000000cda0000,0x000000000cea0000)]
  0x00000000023bd800 JavaThread "Finalizer" daemon [_thread_blocked, id=2508, stack(0x000000000cba0000,0x000000000cca0000)]
  0x00000000023b4800 JavaThread "Reference Handler" daemon [_thread_blocked, id=3336, stack(0x000000000c6a0000,0x000000000c7a0000)]
  0x00000000022c0800 JavaThread "main" [_thread_blocked, id=6564, stack(0x00000000021c0000,0x00000000022c0000)]

Other Threads:
  0x000000000a8b9800 VMThread [stack: 0x000000000c5a0000,0x000000000c6a0000] [id=7924]
  0x000000000c7f3800 WatcherThread [stack: 0x000000000d4a0000,0x000000000d5a0000] [id=5220]

VM state:not at safepoint (normal execution)

VM Mutex/Monitor currently owned by a thread: None

Heap:
 PSYoungGen      total 57344K, used 49282K [0x0000000780780000, 0x0000000786c00000, 0x00000007c0000000)
  eden space 49152K, 83% used [0x0000000780780000,0x0000000782fa1ab8,0x0000000783780000)
  from space 8192K, 99% used [0x0000000783780000,0x0000000783f7eea0,0x0000000783f80000)
  to   space 8192K, 0% used [0x0000000786400000,0x0000000786400000,0x0000000786c00000)
 ParOldGen       total 65024K, used 6293K [0x0000000701600000, 0x0000000705580000, 0x0000000780780000)
  object space 65024K, 9% used [0x0000000701600000,0x0000000701c25710,0x0000000705580000)
 Metaspace       used 25081K, capacity 26472K, committed 26624K, reserved 1073152K
  class space    used 3457K, capacity 3747K, committed 3840K, reserved 1048576K

Card table byte_map: [0x0000000002780000,0x0000000002d80000] byte_map_base: 0xfffffffffef75000

Marking Bits: (ParMarkBitMap*) 0x00000000716d64f0
 Begin Bits: [0x0000000003980000, 0x0000000006928000)
 End Bits:   [0x0000000006928000, 0x00000000098d0000)

Polling page: 0x0000000002040000

CodeCache: size=245760Kb used=9946Kb max_used=9946Kb free=235813Kb
 bounds [0x000000000f010000, 0x000000000f9e0000, 0x000000001e010000]
 total_blobs=4028 nmethods=3248 adapters=691
 compilation: enabled

Compilation events (10 events):
Event: 11.361 Thread 0x000000000c7d7000 3707   !   3       com.sun.scenario.animation.AbstractMasterTimer::timePulseImpl (157 bytes)
Event: 11.362 Thread 0x000000000c7d7000 nmethod 3707 0x000000000f780310 code [0x000000000f780500, 0x000000000f780bb8]
Event: 11.362 Thread 0x000000000c7d7000 3703   !   3       com.sun.javafx.tk.quantum.QuantumToolkit::pulse (164 bytes)
Event: 11.363 Thread 0x000000000c7d7000 nmethod 3703 0x000000000f9d4650 code [0x000000000f9d4840, 0x000000000f9d5238]
Event: 11.363 Thread 0x000000000c7d7000 3704       3       com.sun.scenario.animation.AbstractMasterTimer$MainLoop::run (61 bytes)
Event: 11.363 Thread 0x000000000c7d7000 nmethod 3704 0x000000000f9d0690 code [0x000000000f9d0860, 0x000000000f9d0dd8]
Event: 11.363 Thread 0x000000000c7d7000 3705       3       com.sun.javafx.tk.quantum.MasterTimer::recordStart (8 bytes)
Event: 11.364 Thread 0x000000000c7d7000 nmethod 3705 0x000000000f9d3c90 code [0x000000000f9d3e40, 0x000000000f9d43a8]
Event: 11.364 Thread 0x000000000c7d7000 3706       3       com.sun.scenario.animation.AnimationPulse::recordStart (27 bytes)
Event: 11.364 Thread 0x000000000c7d7000 nmethod 3706 0x000000000f9d3550 code [0x000000000f9d36e0, 0x000000000f9d3b28]

GC Heap History (8 events):
Event: 3.181 GC heap before
{Heap before GC invocations=1 (full 0):
 PSYoungGen      total 57344K, used 49152K [0x0000000780780000, 0x0000000784780000, 0x00000007c0000000)
  eden space 49152K, 100% used [0x0000000780780000,0x0000000783780000,0x0000000783780000)
  from space 8192K, 0% used [0x0000000783f80000,0x0000000783f80000,0x0000000784780000)
  to   space 8192K, 0% used [0x0000000783780000,0x0000000783780000,0x0000000783f80000)
 ParOldGen       total 131072K, used 0K [0x0000000701600000, 0x0000000709600000, 0x0000000780780000)
  object space 131072K, 0% used [0x0000000701600000,0x0000000701600000,0x0000000709600000)
 Metaspace       used 19072K, capacity 20326K, committed 20480K, reserved 1067008K
  class space    used 2823K, capacity 3064K, committed 3072K, reserved 1048576K
Event: 3.188 GC heap after
Heap after GC invocations=1 (full 0):
 PSYoungGen      total 57344K, used 6386K [0x0000000780780000, 0x0000000784780000, 0x00000007c0000000)
  eden space 49152K, 0% used [0x0000000780780000,0x0000000780780000,0x0000000783780000)
  from space 8192K, 77% used [0x0000000783780000,0x0000000783dbcad0,0x0000000783f80000)
  to   space 8192K, 0% used [0x0000000783f80000,0x0000000783f80000,0x0000000784780000)
 ParOldGen       total 131072K, used 88K [0x0000000701600000, 0x0000000709600000, 0x0000000780780000)
  object space 131072K, 0% used [0x0000000701600000,0x0000000701616010,0x0000000709600000)
 Metaspace       used 19072K, capacity 20326K, committed 20480K, reserved 1067008K
  class space    used 2823K, capacity 3064K, committed 3072K, reserved 1048576K
}
Event: 3.237 GC heap before
{Heap before GC invocations=2 (full 0):
 PSYoungGen      total 57344K, used 8861K [0x0000000780780000, 0x0000000784780000, 0x00000007c0000000)
  eden space 49152K, 5% used [0x0000000780780000,0x00000007809eab78,0x0000000783780000)
  from space 8192K, 77% used [0x0000000783780000,0x0000000783dbcad0,0x0000000783f80000)
  to   space 8192K, 0% used [0x0000000783f80000,0x0000000783f80000,0x0000000784780000)
 ParOldGen       total 131072K, used 88K [0x0000000701600000, 0x0000000709600000, 0x0000000780780000)
  object space 131072K, 0% used [0x0000000701600000,0x0000000701616010,0x0000000709600000)
 Metaspace       used 20022K, capacity 21214K, committed 21296K, reserved 1067008K
  class space    used 2931K, capacity 3164K, committed 3200K, reserved 1048576K
Event: 3.244 GC heap after
Heap after GC invocations=2 (full 0):
 PSYoungGen      total 57344K, used 6178K [0x0000000780780000, 0x0000000787780000, 0x00000007c0000000)
  eden space 49152K, 0% used [0x0000000780780000,0x0000000780780000,0x0000000783780000)
  from space 8192K, 75% used [0x0000000783f80000,0x0000000784588ab0,0x0000000784780000)
  to   space 8192K, 0% used [0x0000000783780000,0x0000000783780000,0x0000000783f80000)
 ParOldGen       total 131072K, used 224K [0x0000000701600000, 0x0000000709600000, 0x0000000780780000)
  object space 131072K, 0% used [0x0000000701600000,0x0000000701638020,0x0000000709600000)
 Metaspace       used 20022K, capacity 21214K, committed 21296K, reserved 1067008K
  class space    used 2931K, capacity 3164K, committed 3200K, reserved 1048576K
}
Event: 3.244 GC heap before
{Heap before GC invocations=3 (full 1):
 PSYoungGen      total 57344K, used 6178K [0x0000000780780000, 0x0000000787780000, 0x00000007c0000000)
  eden space 49152K, 0% used [0x0000000780780000,0x0000000780780000,0x0000000783780000)
  from space 8192K, 75% used [0x0000000783f80000,0x0000000784588ab0,0x0000000784780000)
  to   space 8192K, 0% used [0x0000000783780000,0x0000000783780000,0x0000000783f80000)
 ParOldGen       total 131072K, used 224K [0x0000000701600000, 0x0000000709600000, 0x0000000780780000)
  object space 131072K, 0% used [0x0000000701600000,0x0000000701638020,0x0000000709600000)
 Metaspace       used 20022K, capacity 21214K, committed 21296K, reserved 1067008K
  class space    used 2931K, capacity 3164K, committed 3200K, reserved 1048576K
Event: 3.284 GC heap after
Heap after GC invocations=3 (full 1):
 PSYoungGen      total 57344K, used 0K [0x0000000780780000, 0x0000000787780000, 0x00000007c0000000)
  eden space 49152K, 0% used [0x0000000780780000,0x0000000780780000,0x0000000783780000)
  from space 8192K, 0% used [0x0000000783f80000,0x0000000783f80000,0x0000000784780000)
  to   space 8192K, 0% used [0x0000000783780000,0x0000000783780000,0x0000000783f80000)
 ParOldGen       total 65024K, used 6259K [0x0000000701600000, 0x0000000705580000, 0x0000000780780000)
  object space 65024K, 9% used [0x0000000701600000,0x0000000701c1cf38,0x0000000705580000)
 Metaspace       used 20022K, capacity 21214K, committed 21296K, reserved 1067008K
  class space    used 2931K, capacity 3164K, committed 3200K, reserved 1048576K
}
Event: 5.644 GC heap before
{Heap before GC invocations=4 (full 1):
 PSYoungGen      total 57344K, used 49152K [0x0000000780780000, 0x0000000787780000, 0x00000007c0000000)
  eden space 49152K, 100% used [0x0000000780780000,0x0000000783780000,0x0000000783780000)
  from space 8192K, 0% used [0x0000000783f80000,0x0000000783f80000,0x0000000784780000)
  to   space 8192K, 0% used [0x0000000783780000,0x0000000783780000,0x0000000783f80000)
 ParOldGen       total 65024K, used 6259K [0x0000000701600000, 0x0000000705580000, 0x0000000780780000)
  object space 65024K, 9% used [0x0000000701600000,0x0000000701c1cf38,0x0000000705580000)
 Metaspace       used 23935K, capacity 25240K, committed 25472K, reserved 1071104K
  class space    used 3371K, capacity 3657K, committed 3712K, reserved 1048576K
Event: 5.649 GC heap after
Heap after GC invocations=4 (full 1):
 PSYoungGen      total 57344K, used 8187K [0x0000000780780000, 0x0000000786c00000, 0x00000007c0000000)
  eden space 49152K, 0% used [0x0000000780780000,0x0000000780780000,0x0000000783780000)
  from space 8192K, 99% used [0x0000000783780000,0x0000000783f7eea0,0x0000000783f80000)
  to   space 8192K, 0% used [0x0000000786400000,0x0000000786400000,0x0000000786c00000)
 ParOldGen       total 65024K, used 6293K [0x0000000701600000, 0x0000000705580000, 0x0000000780780000)
  object space 65024K, 9% used [0x0000000701600000,0x0000000701c25710,0x0000000705580000)
 Metaspace       used 23935K, capacity 25240K, committed 25472K, reserved 1071104K
  class space    used 3371K, capacity 3657K, committed 3712K, reserved 1048576K
}

Deoptimization events (10 events):
Event: 7.513 Thread 0x000000000d9db000 Uncommon trap: reason=unstable_if action=reinterpret pc=0x000000000f8fa8f0 method=java.util.concurrent.locks.AbstractQueuedSynchronizer$ConditionObject.awaitNanos(J)J @ 53
Event: 7.536 Thread 0x000000000d9dc000 Uncommon trap: reason=unstable_if action=reinterpret pc=0x000000000f8fa8f0 method=java.util.concurrent.locks.AbstractQueuedSynchronizer$ConditionObject.awaitNanos(J)J @ 53
Event: 7.538 Thread 0x000000000d9d5000 Uncommon trap: reason=unstable_if action=reinterpret pc=0x000000000f8fa8f0 method=java.util.concurrent.locks.AbstractQueuedSynchronizer$ConditionObject.awaitNanos(J)J @ 53
Event: 7.540 Thread 0x000000000d9d6800 Uncommon trap: reason=unstable_if action=reinterpret pc=0x000000000f8fa8f0 method=java.util.concurrent.locks.AbstractQueuedSynchronizer$ConditionObject.awaitNanos(J)J @ 53
Event: 7.559 Thread 0x000000000d9d9000 Uncommon trap: reason=unstable_if action=reinterpret pc=0x000000000f8fa8f0 method=java.util.concurrent.locks.AbstractQueuedSynchronizer$ConditionObject.awaitNanos(J)J @ 53
Event: 7.568 Thread 0x000000000d9d6000 Uncommon trap: reason=unstable_if action=reinterpret pc=0x000000000f8fa8f0 method=java.util.concurrent.locks.AbstractQueuedSynchronizer$ConditionObject.awaitNanos(J)J @ 53
Event: 7.625 Thread 0x000000000d9dc800 Uncommon trap: reason=unstable_if action=reinterpret pc=0x000000000f8fa8f0 method=java.util.concurrent.locks.AbstractQueuedSynchronizer$ConditionObject.awaitNanos(J)J @ 53
Event: 7.626 Thread 0x000000000d9dd800 Uncommon trap: reason=unstable_if action=reinterpret pc=0x000000000f8fa8f0 method=java.util.concurrent.locks.AbstractQueuedSynchronizer$ConditionObject.awaitNanos(J)J @ 53
Event: 7.628 Thread 0x000000000d9de000 Uncommon trap: reason=unstable_if action=reinterpret pc=0x000000000f8fa8f0 method=java.util.concurrent.locks.AbstractQueuedSynchronizer$ConditionObject.awaitNanos(J)J @ 53
Event: 7.629 Thread 0x000000000d9d7800 Uncommon trap: reason=unstable_if action=reinterpret pc=0x000000000f8fa8f0 method=java.util.concurrent.locks.AbstractQueuedSynchronizer$ConditionObject.awaitNanos(J)J @ 53

Internal exceptions (10 events):
Event: 3.175 Thread 0x000000000d620000 Implicit null exception at 0x000000000f237c14 to 0x000000000f237f6d
Event: 3.685 Thread 0x0000000020862000 Implicit null exception at 0x000000000f74555d to 0x000000000f7456b9
Event: 4.009 Thread 0x000000000d620000 Exception <a 'java/io/FileNotFoundException'> (0x0000000781d33120) thrown at [D:\re\workspace\8-2-build-windows-amd64-cygwin\jdk8u92\6642\hotspot\src\share\vm\prims\jni.cpp, line 709]
Event: 4.011 Thread 0x000000000d620000 Exception <a 'java/io/FileNotFoundException'> (0x0000000781d45850) thrown at [D:\re\workspace\8-2-build-windows-amd64-cygwin\jdk8u92\6642\hotspot\src\share\vm\prims\jni.cpp, line 709]
Event: 4.013 Thread 0x000000000d620000 Exception <a 'java/io/FileNotFoundException'> (0x0000000781d58c58) thrown at [D:\re\workspace\8-2-build-windows-amd64-cygwin\jdk8u92\6642\hotspot\src\share\vm\prims\jni.cpp, line 709]
Event: 4.013 Thread 0x000000000d620000 Exception <a 'java/io/FileNotFoundException'> (0x0000000781d59f90) thrown at [D:\re\workspace\8-2-build-windows-amd64-cygwin\jdk8u92\6642\hotspot\src\share\vm\prims\jni.cpp, line 709]
Event: 5.096 Thread 0x000000002085e800 Implicit null exception at 0x000000000f8ed020 to 0x000000000f8ed125
Event: 5.764 Thread 0x000000000d620000 Implicit null exception at 0x000000000f8e6e3a to 0x000000000f8e70a1
Event: 6.896 Thread 0x000000000d606800 Implicit null exception at 0x000000000f8b59b5 to 0x000000000f8b763b
Event: 6.896 Thread 0x000000000d606800 Exception <a 'java/lang/NullPointerException'> (0x0000000782a75ca8) thrown at [D:\re\workspace\8-2-build-windows-amd64-cygwin\jdk8u92\6642\hotspot\src\share\vm\runtime\sharedRuntime.cpp, line 605]

Events (10 events):
Event: 7.629 Thread 0x000000000d9d7800 DEOPT UNPACKING pc=0x000000000f05582a sp=0x000000002f2df190 mode 2
Event: 7.629 Thread 0x000000000d9d7800 Thread exited: 0x000000000d9d7800
Event: 8.333 Thread 0x000000000d9e3800 Thread exited: 0x000000000d9e3800
Event: 9.266 Thread 0x000000000c7d7000 flushing nmethod 0x000000000f6998d0
Event: 9.267 Thread 0x000000000c7d7000 flushing nmethod 0x000000000f6e2410
Event: 9.298 Thread 0x000000000c7d7000 flushing nmethod 0x000000000f780310
Event: 9.298 Thread 0x000000000c7d7000 flushing nmethod 0x000000000f7c38d0
Event: 9.317 Thread 0x000000000c7d7000 flushing nmethod 0x000000000f940010
Event: 10.789 Executing VM operation: RevokeBias
Event: 10.789 Executing VM operation: RevokeBias done


Dynamic libraries:
0x00007ff6db2c0000 - 0x00007ff6db2f7000 	C:\Program Files\Java\jdk1.8.0_92\jre\bin\java.exe
0x00007ffb065e0000 - 0x00007ffb067a1000 	C:\WINDOWS\SYSTEM32\ntdll.dll
0x00007ffb03eb0000 - 0x00007ffb03f5d000 	C:\WINDOWS\system32\KERNEL32.DLL
0x00007ffb02e00000 - 0x00007ffb02fe8000 	C:\WINDOWS\system32\KERNELBASE.dll
0x00007ffb060b0000 - 0x00007ffb06157000 	C:\WINDOWS\system32\ADVAPI32.dll
0x00007ffb04880000 - 0x00007ffb0491d000 	C:\WINDOWS\system32\msvcrt.dll
0x00007ffb03e50000 - 0x00007ffb03eab000 	C:\WINDOWS\system32\sechost.dll
0x00007ffb03d30000 - 0x00007ffb03e4c000 	C:\WINDOWS\system32\RPCRT4.dll
0x00007ffb045d0000 - 0x00007ffb04726000 	C:\WINDOWS\system32\USER32.dll
0x00007ffb06270000 - 0x00007ffb063f6000 	C:\WINDOWS\system32\GDI32.dll
0x00007ffafe0c0000 - 0x00007ffafe334000 	C:\WINDOWS\WinSxS\amd64_microsoft.windows.common-controls_6595b64144ccf1df_6.0.10586.0_none_8c15ae12515e1c22\COMCTL32.dll
0x00007ffb039e0000 - 0x00007ffb03c5d000 	C:\WINDOWS\system32\combase.dll
0x00007ffb03010000 - 0x00007ffb0307a000 	C:\WINDOWS\system32\bcryptPrimitives.dll
0x00007ffb04730000 - 0x00007ffb0476b000 	C:\WINDOWS\system32\IMM32.DLL
0x00007ffb02af0000 - 0x00007ffb02b21000 	C:\Windows\system32\nvinitx.dll
0x00007ffb02ae0000 - 0x00007ffb02aea000 	C:\WINDOWS\SYSTEM32\VERSION.dll
0x000000000f000000 - 0x000000000f006000 	C:\Program Files\NVIDIA Corporation\CoProcManager\_etoured.dll
0x00007ffb00eb0000 - 0x00007ffb00ee2000 	C:\Program Files\NVIDIA Corporation\CoProcManager\nvd3d9wrapx.dll
0x00007ffb04120000 - 0x00007ffb04549000 	C:\WINDOWS\system32\SETUPAPI.dll
0x00007ffb02d50000 - 0x00007ffb02d93000 	C:\WINDOWS\system32\CFGMGR32.dll
0x00007ffb00e80000 - 0x00007ffb00ea2000 	C:\Program Files\NVIDIA Corporation\CoProcManager\nvdxgiwrapx.dll
0x0000000070de0000 - 0x0000000070eb2000 	C:\Program Files\Java\jdk1.8.0_92\jre\bin\msvcr100.dll
0x0000000070ec0000 - 0x0000000071756000 	C:\Program Files\Java\jdk1.8.0_92\jre\bin\server\jvm.dll
0x00007ffb06480000 - 0x00007ffb06488000 	C:\WINDOWS\system32\PSAPI.DLL
0x00007ffafea90000 - 0x00007ffafea99000 	C:\WINDOWS\SYSTEM32\WSOCK32.dll
0x00007ffb00e30000 - 0x00007ffb00e53000 	C:\WINDOWS\SYSTEM32\WINMM.dll
0x00007ffb06400000 - 0x00007ffb0646b000 	C:\WINDOWS\system32\WS2_32.dll
0x0000000002070000 - 0x000000000209c000 	C:\WINDOWS\SYSTEM32\WINMMBASE.dll
0x0000000070d90000 - 0x0000000070d9f000 	C:\Program Files\Java\jdk1.8.0_92\jre\bin\verify.dll
0x0000000070d60000 - 0x0000000070d89000 	C:\Program Files\Java\jdk1.8.0_92\jre\bin\java.dll
0x0000000070d40000 - 0x0000000070d56000 	C:\Program Files\Java\jdk1.8.0_92\jre\bin\zip.dll
0x00007ffb04980000 - 0x00007ffb05edc000 	C:\WINDOWS\system32\SHELL32.dll
0x00007ffb032e0000 - 0x00007ffb03924000 	C:\WINDOWS\system32\windows.storage.dll
0x00007ffb04820000 - 0x00007ffb04872000 	C:\WINDOWS\system32\shlwapi.dll
0x00007ffb02c60000 - 0x00007ffb02c6f000 	C:\WINDOWS\system32\kernel.appcore.dll
0x00007ffb02c90000 - 0x00007ffb02d45000 	C:\WINDOWS\system32\shcore.dll
0x00007ffb02c10000 - 0x00007ffb02c5b000 	C:\WINDOWS\system32\powrprof.dll
0x00007ffb02c70000 - 0x00007ffb02c84000 	C:\WINDOWS\system32\profapi.dll
0x00007ffae64e0000 - 0x00007ffae65cf000 	C:\Program Files\Java\jdk1.8.0_92\jre\bin\msvcr120.dll
0x00007ffae3c70000 - 0x00007ffae3d16000 	C:\Program Files\Java\jdk1.8.0_92\jre\bin\msvcp120.dll
0x0000000070a50000 - 0x0000000070a72000 	C:\Program Files\Java\jdk1.8.0_92\jre\bin\prism_d3d.dll
0x00007ffaf5120000 - 0x00007ffaf5330000 	C:\WINDOWS\system32\d3d9.dll
0x00007ffb001a0000 - 0x00007ffb001c2000 	C:\WINDOWS\SYSTEM32\dwmapi.dll
0x00007ffb01680000 - 0x00007ffb016a7000 	C:\WINDOWS\SYSTEM32\DEVOBJ.dll
0x000000000dea0000 - 0x000000000def5000 	C:\WINDOWS\system32\WINTRUST.dll
0x00007ffb02c00000 - 0x00007ffb02c10000 	C:\WINDOWS\system32\MSASN1.dll
0x00007ffb03080000 - 0x00007ffb03248000 	C:\WINDOWS\system32\CRYPT32.dll
0x00007ffb01530000 - 0x00007ffb015c6000 	C:\WINDOWS\system32\uxtheme.dll
0x00007ffafd400000 - 0x00007ffafd525000 	C:\WINDOWS\SYSTEM32\nvumdshimx.dll
0x00007ffadde40000 - 0x00007ffadea60000 	C:\WINDOWS\system32\igdumd64.dll
0x0000000070a00000 - 0x0000000070a43000 	C:\Program Files\Java\jdk1.8.0_92\jre\bin\glass.dll
0x00007ffb06160000 - 0x00007ffb0626b000 	C:\WINDOWS\system32\COMDLG32.dll
0x00007ffb03250000 - 0x00007ffb032d6000 	C:\WINDOWS\system32\FirewallAPI.dll
0x00007ffb02ff0000 - 0x00007ffb03007000 	C:\WINDOWS\system32\NETAPI32.dll
0x00007ffb06490000 - 0x00007ffb065d3000 	C:\WINDOWS\system32\ole32.dll
0x00007ffb03c60000 - 0x00007ffb03d21000 	C:\WINDOWS\system32\OLEAUT32.dll
0x00007ffb00d70000 - 0x00007ffb00d7c000 	C:\WINDOWS\SYSTEM32\DAVHLPR.DLL
0x00007ffb01930000 - 0x00007ffb01962000 	C:\WINDOWS\SYSTEM32\fwbase.dll
0x00007ffb03f60000 - 0x00007ffb040ba000 	C:\WINDOWS\system32\MSCTF.dll
0x000000006e460000 - 0x00000000709f1000 	C:\Program Files\Java\jdk1.8.0_92\jre\bin\jfxwebkit.dll
0x00007ffb02530000 - 0x00007ffb02547000 	C:\WINDOWS\SYSTEM32\CRYPTSP.dll
0x00007ffb021c0000 - 0x00007ffb021f4000 	C:\WINDOWS\system32\rsaenh.dll
0x00007ffb02b30000 - 0x00007ffb02b59000 	C:\WINDOWS\SYSTEM32\bcrypt.dll
0x00007ffb02650000 - 0x00007ffb0265b000 	C:\WINDOWS\SYSTEM32\CRYPTBASE.dll
0x0000000070d20000 - 0x0000000070d3a000 	C:\Program Files\Java\jdk1.8.0_92\jre\bin\net.dll
0x00007ffb02480000 - 0x00007ffb024dc000 	C:\WINDOWS\system32\mswsock.dll
0x0000000070d00000 - 0x0000000070d11000 	C:\Program Files\Java\jdk1.8.0_92\jre\bin\nio.dll
0x000000006e440000 - 0x000000006e454000 	C:\Program Files\Java\jdk1.8.0_92\jre\bin\javafx_font.dll
0x00007ffaf84e0000 - 0x00007ffaf8740000 	C:\WINDOWS\SYSTEM32\dwrite.dll
0x00007ffb04770000 - 0x00007ffb04817000 	C:\WINDOWS\system32\clbcatq.dll
0x00007ffafc1c0000 - 0x00007ffafc371000 	C:\WINDOWS\SYSTEM32\WindowsCodecs.dll
0x00007ffaf6840000 - 0x00007ffaf688a000 	C:\WINDOWS\system32\dataexchange.dll
0x00007ffb00fb0000 - 0x00007ffb01093000 	C:\WINDOWS\system32\dcomp.dll
0x00007ffaffee0000 - 0x00007ffb00188000 	C:\WINDOWS\system32\d3d11.dll
0x00007ffaffe30000 - 0x00007ffaffed2000 	C:\WINDOWS\system32\dxgi.dll
0x00007ffb016d0000 - 0x00007ffb017d0000 	C:\WINDOWS\system32\twinapi.appcore.dll
0x00007ffaf76e0000 - 0x00007ffaf7714000 	C:\Program Files\Common Files\Microsoft Shared\Ink\rtscom.dll
0x000000006e410000 - 0x000000006e434000 	C:\Program Files\Java\jdk1.8.0_92\jre\bin\sunec.dll
0x000000006e3f0000 - 0x000000006e401000 	C:\Program Files\Java\jdk1.8.0_92\jre\bin\prism_common.dll
0x00007ffb02310000 - 0x00007ffb0232f000 	C:\WINDOWS\SYSTEM32\USERENV.dll
0x00007ffaff390000 - 0x00007ffaff3c8000 	C:\WINDOWS\SYSTEM32\IPHLPAPI.DLL
0x00007ffb06470000 - 0x00007ffb06478000 	C:\WINDOWS\system32\NSI.dll
0x00007ffafabd0000 - 0x00007ffafabe6000 	C:\WINDOWS\SYSTEM32\dhcpcsvc6.DLL
0x00007ffafab60000 - 0x00007ffafab7a000 	C:\WINDOWS\SYSTEM32\dhcpcsvc.DLL
0x000000006e3e0000 - 0x000000006e3eb000 	C:\Program Files\Java\jdk1.8.0_92\jre\bin\sunmscapi.dll
0x00007ffaf16f0000 - 0x00007ffaf1706000 	C:\WINDOWS\system32\napinsp.dll
0x00007ffaf2bc0000 - 0x00007ffaf2bda000 	C:\WINDOWS\system32\pnrpnsp.dll
0x00007ffb00aa0000 - 0x00007ffb00ab8000 	C:\WINDOWS\system32\NLAapi.dll
0x00007ffb015d0000 - 0x00007ffb0167a000 	C:\WINDOWS\SYSTEM32\DNSAPI.dll
0x00007ffaf57f0000 - 0x00007ffaf57fd000 	C:\WINDOWS\System32\winrnr.dll
0x00007ffafeb50000 - 0x00007ffafeb65000 	C:\WINDOWS\System32\wshbth.dll
0x00007ffaf67f0000 - 0x00007ffaf67fa000 	C:\Windows\System32\rasadhlp.dll
0x00007ffafac40000 - 0x00007ffafaca7000 	C:\WINDOWS\System32\fwpuclnt.dll
0x00007ffae4bd0000 - 0x00007ffae4d5c000 	C:\WINDOWS\SYSTEM32\dbghelp.dll

VM Arguments:
jvm_args: -Dfile.encoding=UTF-8 
java_command: com.busenzo.gui.BusTracker
java_class_path (initial): C:\Users\Jean Paul\Documents\NetBeansProjects\busTracking\Bus-Tracker\GMapsFX-2.0.5-SNAPSHOT.jar;C:\Program Files\NetBeans 8.1\platform\modules\ext\junit-4.12.jar;C:\Users\Jean Paul\Documents\NetBeansProjects\busTracking\Bus-Tracker\json-simple-1.1.1.jar;C:\Users\Jean Paul\Documents\NetBeansProjects\busTracking\Bus-Tracker\build\classes
Launcher Type: SUN_STANDARD

Environment Variables:
PATH=C:\ProgramData\Oracle\Java\javapath;C:\app\JeanPaul\product\12.1.0\dbhome_2\bin;C:\app\jeanpaul\product\12.1.0\dbhome_1\bin;C:\Program Files (x86)\NVIDIA Corporation\PhysX\Common;C:\WINDOWS\system32;C:\WINDOWS;C:\WINDOWS\System32\Wbem;C:\WINDOWS\System32\WindowsPowerShell\v1.0\;C:\Program Files (x86)\Windows Kits\8.1\Windows Performance Toolkit\;C:\Program Files\Microsoft SQL Server\110\Tools\Binn\;C:\Users\Jean Paul\.dnx\bin;C:\Program Files\Microsoft DNX\Dnvm\;C:\Program Files\Microsoft SQL Server\120\Tools\Binn\;C:\Program Files\Microsoft\Web Platform Installer\;C:\Program Files (x86)\Windows Live\Shared;C:\Program Files (x86)\Bitvise SSH Client;C:\Program Files (x86)\GNU\GnuPG\pub;C:\Program Files (x86)\Skype\Phone\;C:\Go\bin;C:\Users\Jean Paul\.dnx\bin;C:\Users\Jean Paul\AppData\Local\atom\bin
USERNAME=Jean Paul
OS=Windows_NT
PROCESSOR_IDENTIFIER=Intel64 Family 6 Model 42 Stepping 7, GenuineIntel



---------------  S Y S T E M  ---------------

OS: Windows 10.0 , 64 bit Build 10586 (10.0.10586.0)

CPU:total 8 (4 cores per cpu, 2 threads per core) family 6 model 42 stepping 7, cmov, cx8, fxsr, mmx, sse, sse2, sse3, ssse3, sse4.1, sse4.2, popcnt, avx, aes, clmul, ht, tsc, tscinvbit

Memory: 4k page, physical 12492496k(7874424k free), swap 14393040k(9339460k free)

vm_info: Java HotSpot(TM) 64-Bit Server VM (25.92-b14) for windows-amd64 JRE (1.8.0_92-b14), built on Mar 31 2016 21:03:04 by "java_re" with MS VC++ 10.0 (VS2010)

time: Wed May 25 11:31:43 2016
elapsed time: 12 seconds (0d 0h 0m 12s)

