#
# A fatal error has been detected by the Java Runtime Environment:
#
#  EXCEPTION_ACCESS_VIOLATION (0xc0000005) at pc=0x000000006eff6d89, pid=7200, tid=0x00000000000016d4
#
# JRE version: Java(TM) SE Runtime Environment (8.0_92-b14) (build 1.8.0_92-b14)
# Java VM: Java HotSpot(TM) 64-Bit Server VM (25.92-b14 mixed mode windows-amd64 compressed oops)
# Problematic frame:
# C  [jfxwebkit.dll+0xb96d89]
#
# Failed to write core dump. Minidumps are not enabled by default on client versions of Windows
#
# If you would like to submit a bug report, please visit:
#   http://bugreport.java.com/bugreport/crash.jsp
# The crash happened outside the Java Virtual Machine in native code.
# See problematic frame for where to report the bug.
#

---------------  T H R E A D  ---------------

Current thread (0x0000000020339800):  JavaThread "pool-3-thread-1" [_thread_in_native, id=5844, stack(0x00000000215e0000,0x00000000216e0000)]

siginfo: ExceptionCode=0xc0000005, writing address 0x00000000bbadbeef

Registers:
RAX=0x0000000000000000, RBX=0x00000000297a0220, RCX=0x11b44726cc720000, RDX=0x0000000000000002
RSP=0x00000000216ddb00, RBP=0x0000000000000000, RSI=0x000000001f108ff0, RDI=0x00000000216ddbd0
R8 =0x00000000216dd600, R9 =0x00007ffae64e0000, R10=0x0000000000000000, R11=0x0000000000000200
R12=0x0000000000000002, R13=0x0000000000000000, R14=0x0000000000000001, R15=0x000000007fffffff
RIP=0x000000006eff6d89, EFLAGS=0x0000000000010246

Top of Stack: (sp=0x00000000216ddb00)
0x00000000216ddb00:   0000000000000000 0000000000000090
0x00000000216ddb10:   0000000000000009 00007ffb06605bd4
0x00000000216ddb20:   00000000297a0220 000000006f0af743
0x00000000216ddb30:   0000000000000080 0000000000000000
0x00000000216ddb40:   000000000000002c 0000000000000000
0x00000000216ddb50:   fffffffffffffffe 000000000018030c
0x00000000216ddb60:   0000000000000000 0000000000000000
0x00000000216ddb70:   000000001fdef8c0 0000000000000000
0x00000000216ddb80:   0000000000000000 000000006f02c424
0x00000000216ddb90:   000000000054dec0 00000000216ddd70
0x00000000216ddba0:   0000000000000000 00007ffae6546a57
0x00000000216ddbb0:   0000000000000002 000000006f0b20fd
0x00000000216ddbc0:   000000000000001b 0000000000000000
0x00000000216ddbd0:   0000000000000000 000000006efd7bac
0x00000000216ddbe0:   000000000000000a fffffffffffffffe
0x00000000216ddbf0:   00000000296b0e20 000000006f002dd7 

Instructions: (pc=0x000000006eff6d89)
0x000000006eff6d69:   83 c4 20 5b c3 cc cc 48 83 ec 28 48 8b 05 e5 b7
0x000000006eff6d79:   8c 01 48 85 c0 74 02 ff d0 e8 a9 07 00 00 33 c0
0x000000006eff6d89:   a3 ef be ad bb 00 00 00 00 48 83 c4 28 48 ff e0
0x000000006eff6d99:   cc cc cc cc cc cc cc 48 83 ec 28 48 8b 05 b5 b7 


Register to memory mapping:

RAX=0x0000000000000000 is an unknown value
RBX=0x00000000297a0220 is an unknown value
RCX=0x11b44726cc720000 is an unknown value
RDX=0x0000000000000002 is an unknown value
RSP=0x00000000216ddb00 is pointing into the stack for thread: 0x0000000020339800
RBP=0x0000000000000000 is an unknown value
RSI=0x000000001f108ff0 is an unknown value
RDI=0x00000000216ddbd0 is pointing into the stack for thread: 0x0000000020339800
R8 =0x00000000216dd600 is pointing into the stack for thread: 0x0000000020339800
R9 =0x00007ffae64e0000 is an unknown value
R10=0x0000000000000000 is an unknown value
R11=0x0000000000000200 is an unknown value
R12=0x0000000000000002 is an unknown value
R13=0x0000000000000000 is an unknown value
R14=0x0000000000000001 is an unknown value
R15=0x000000007fffffff is an unknown value


Stack: [0x00000000215e0000,0x00000000216e0000],  sp=0x00000000216ddb00,  free space=1014k
Native frames: (J=compiled Java code, j=interpreted, Vv=VM code, C=native code)

Java frames: (J=compiled Java code, j=interpreted, Vv=VM code)
J 2704  com.sun.webkit.dom.JSObject.callImpl(JILjava/lang/String;[Ljava/lang/Object;Ljava/security/AccessControlContext;)Ljava/lang/Object; (0 bytes) @ 0x000000000f8c0f92 [0x000000000f8c0f00+0x92]
J 3721 C2 com.lynden.gmapsfx.javascript.JavascriptObject.invokeJavascript(Ljava/lang/String;[Ljava/lang/Object;)Ljava/lang/Object; (101 bytes) @ 0x000000000fa1258c [0x000000000fa11e80+0x70c]
J 2780 C1 com.lynden.gmapsfx.javascript.object.Marker.setMap(Lcom/lynden/gmapsfx/javascript/object/GoogleMap;)V (16 bytes) @ 0x000000000f8fb0ec [0x000000000f8fae40+0x2ac]
j  com.lynden.gmapsfx.javascript.object.GoogleMap.removeMarker(Lcom/lynden/gmapsfx/javascript/object/Marker;)V+2
j  com.busenzo.gui.FXMLDocumentController.clearBusMarkers()V+105
j  com.busenzo.gui.FXMLDocumentController.reloadData()V+24
j  com.busenzo.gui.FXMLDocumentController$1.run()V+4
J 3748 C1 java.util.concurrent.Executors$RunnableAdapter.call()Ljava/lang/Object; (14 bytes) @ 0x000000000f5fa714 [0x000000000f5fa600+0x114]
j  java.util.concurrent.FutureTask.runAndReset()Z+47
j  java.util.concurrent.ScheduledThreadPoolExecutor$ScheduledFutureTask.access$301(Ljava/util/concurrent/ScheduledThreadPoolExecutor$ScheduledFutureTask;)Z+1
j  java.util.concurrent.ScheduledThreadPoolExecutor$ScheduledFutureTask.run()V+37
j  java.util.concurrent.ThreadPoolExecutor.runWorker(Ljava/util/concurrent/ThreadPoolExecutor$Worker;)V+95
j  java.util.concurrent.ThreadPoolExecutor$Worker.run()V+5
j  java.lang.Thread.run()V+11
v  ~StubRoutines::call_stub

---------------  P R O C E S S  ---------------

Java Threads: ( => current thread )
  0x0000000020965800 JavaThread "URL-Loader-22" daemon [_thread_blocked, id=5112, stack(0x00000000302d0000,0x00000000303d0000)]
  0x0000000020968800 JavaThread "URL-Loader-21" daemon [_thread_blocked, id=8532, stack(0x000000002ffd0000,0x00000000300d0000)]
  0x00000000204c0800 JavaThread "URL-Loader-5" daemon [_thread_blocked, id=8536, stack(0x0000000027450000,0x0000000027550000)]
  0x00000000204c1000 JavaThread "Watchdog-Timer-1" daemon [_thread_blocked, id=3628, stack(0x00000000266d0000,0x00000000267d0000)]
  0x000000000d8af000 JavaThread "Prism Font Disposer" daemon [_thread_blocked, id=6496, stack(0x0000000022f60000,0x0000000023060000)]
=>0x0000000020339800 JavaThread "pool-3-thread-1" [_thread_in_native, id=5844, stack(0x00000000215e0000,0x00000000216e0000)]
  0x000000000d8df000 JavaThread "Keep-Alive-Timer" daemon [_thread_blocked, id=2572, stack(0x0000000020210000,0x0000000020310000)]
  0x000000000d7a3800 JavaThread "Disposer" daemon [_thread_blocked, id=6248, stack(0x000000001fe10000,0x000000001ff10000)]
  0x000000000d683800 JavaThread "Thread-3" daemon [_thread_in_native, id=10160, stack(0x000000001f1b0000,0x000000001f2b0000)]
  0x000000000d693800 JavaThread "JavaFX-Launcher" [_thread_blocked, id=6584, stack(0x000000001f2b0000,0x000000001f3b0000)]
  0x000000000d5ed000 JavaThread "JavaFX Application Thread" [_thread_in_native, id=9384, stack(0x000000000e270000,0x000000000e370000)]
  0x000000000d5d7000 JavaThread "Thread-1" daemon [_thread_blocked, id=9240, stack(0x000000000e170000,0x000000000e270000)]
  0x000000000d60b800 JavaThread "QuantumRenderer-0" daemon [_thread_blocked, id=5420, stack(0x000000000dd80000,0x000000000de80000)]
  0x000000000c846800 JavaThread "Service Thread" daemon [_thread_blocked, id=9420, stack(0x000000000d380000,0x000000000d480000)]
  0x000000000c7b8000 JavaThread "C1 CompilerThread3" daemon [_thread_blocked, id=7428, stack(0x000000000d280000,0x000000000d380000)]
  0x000000000c7b2800 JavaThread "C2 CompilerThread2" daemon [_thread_blocked, id=5484, stack(0x000000000d180000,0x000000000d280000)]
  0x000000000c7af800 JavaThread "C2 CompilerThread1" daemon [_thread_blocked, id=6736, stack(0x000000000d080000,0x000000000d180000)]
  0x000000000c7a9000 JavaThread "C2 CompilerThread0" daemon [_thread_blocked, id=9160, stack(0x000000000cf80000,0x000000000d080000)]
  0x000000000c7a8000 JavaThread "Attach Listener" daemon [_thread_blocked, id=5076, stack(0x000000000ce80000,0x000000000cf80000)]
  0x000000000c7a5000 JavaThread "Signal Dispatcher" daemon [_thread_blocked, id=5276, stack(0x000000000cd80000,0x000000000ce80000)]
  0x00000000023a8800 JavaThread "Finalizer" daemon [_thread_blocked, id=2740, stack(0x000000000cb80000,0x000000000cc80000)]
  0x00000000023a5000 JavaThread "Reference Handler" daemon [_thread_blocked, id=9736, stack(0x000000000c680000,0x000000000c780000)]
  0x00000000022b0800 JavaThread "main" [_thread_blocked, id=7744, stack(0x00000000021b0000,0x00000000022b0000)]

Other Threads:
  0x000000000a8a9800 VMThread [stack: 0x000000000c580000,0x000000000c680000] [id=9716]
  0x000000000c860800 WatcherThread [stack: 0x000000000d480000,0x000000000d580000] [id=9436]

VM state:not at safepoint (normal execution)

VM Mutex/Monitor currently owned by a thread: None

Heap:
 PSYoungGen      total 95232K, used 13718K [0x0000000780780000, 0x0000000786e80000, 0x00000007c0000000)
  eden space 87040K, 6% used [0x0000000780780000,0x0000000780ce6920,0x0000000785c80000)
  from space 8192K, 99% used [0x0000000786680000,0x0000000786e7f1a8,0x0000000786e80000)
  to   space 8192K, 0% used [0x0000000785e80000,0x0000000785e80000,0x0000000786680000)
 ParOldGen       total 62976K, used 13184K [0x0000000701600000, 0x0000000705380000, 0x0000000780780000)
  object space 62976K, 20% used [0x0000000701600000,0x00000007022e0248,0x0000000705380000)
 Metaspace       used 25335K, capacity 26706K, committed 26880K, reserved 1073152K
  class space    used 3476K, capacity 3754K, committed 3840K, reserved 1048576K

Card table byte_map: [0x0000000002770000,0x0000000002d70000] byte_map_base: 0xfffffffffef65000

Marking Bits: (ParMarkBitMap*) 0x00000000716d64f0
 Begin Bits: [0x0000000003970000, 0x0000000006918000)
 End Bits:   [0x0000000006918000, 0x00000000098c0000)

Polling page: 0x0000000000910000

CodeCache: size=245760Kb used=10758Kb max_used=10781Kb free=235001Kb
 bounds [0x000000000f010000, 0x000000000fab0000, 0x000000001e010000]
 total_blobs=4192 nmethods=3412 adapters=691
 compilation: enabled

Compilation events (10 events):
Event: 23.140 Thread 0x000000000c7b8000 nmethod 3969 0x000000000f2ea9d0 code [0x000000000f2eab20, 0x000000000f2eac30]
Event: 23.155 Thread 0x000000000c7b8000 3970       3       java.io.FileDescriptor$1::get (5 bytes)
Event: 23.156 Thread 0x000000000c7b8000 nmethod 3970 0x000000000f375310 code [0x000000000f375460, 0x000000000f3755d0]
Event: 23.159 Thread 0x000000000c7b8000 3971   !   3       org.json.simple.parser.JSONParser::parse (983 bytes)
Event: 23.161 Thread 0x000000000c7a9000 3974       4       java.util.HashMap::remove (26 bytes)
Event: 23.161 Thread 0x000000000c7b2800 3975       4       java.util.HashMap::removeNode (291 bytes)
Event: 23.166 Thread 0x000000000c7b8000 nmethod 3971 0x000000000fa982d0 code [0x000000000fa98f20, 0x000000000faa28a8]
Event: 23.166 Thread 0x000000000c7b8000 3976       3       java.time.format.DateTimeFormatterBuilder$CompositePrinterParser::parse (135 bytes)
Event: 23.167 Thread 0x000000000c7b8000 nmethod 3976 0x000000000f3e5bd0 code [0x000000000f3e5e40, 0x000000000f3e70f8]
Event: 23.167 Thread 0x000000000c7b8000 3980       3       java.time.LocalDate::from (68 bytes)

GC Heap History (10 events):
Event: 3.380 GC heap before
{Heap before GC invocations=1 (full 0):
 PSYoungGen      total 57344K, used 49152K [0x0000000780780000, 0x0000000784780000, 0x00000007c0000000)
  eden space 49152K, 100% used [0x0000000780780000,0x0000000783780000,0x0000000783780000)
  from space 8192K, 0% used [0x0000000783f80000,0x0000000783f80000,0x0000000784780000)
  to   space 8192K, 0% used [0x0000000783780000,0x0000000783780000,0x0000000783f80000)
 ParOldGen       total 131072K, used 0K [0x0000000701600000, 0x0000000709600000, 0x0000000780780000)
  object space 131072K, 0% used [0x0000000701600000,0x0000000701600000,0x0000000709600000)
 Metaspace       used 19045K, capacity 20230K, committed 20480K, reserved 1067008K
  class space    used 2818K, capacity 3054K, committed 3072K, reserved 1048576K
Event: 3.389 GC heap after
Heap after GC invocations=1 (full 0):
 PSYoungGen      total 57344K, used 6400K [0x0000000780780000, 0x0000000784780000, 0x00000007c0000000)
  eden space 49152K, 0% used [0x0000000780780000,0x0000000780780000,0x0000000783780000)
  from space 8192K, 78% used [0x0000000783780000,0x0000000783dc0050,0x0000000783f80000)
  to   space 8192K, 0% used [0x0000000783f80000,0x0000000783f80000,0x0000000784780000)
 ParOldGen       total 131072K, used 88K [0x0000000701600000, 0x0000000709600000, 0x0000000780780000)
  object space 131072K, 0% used [0x0000000701600000,0x0000000701616010,0x0000000709600000)
 Metaspace       used 19045K, capacity 20230K, committed 20480K, reserved 1067008K
  class space    used 2818K, capacity 3054K, committed 3072K, reserved 1048576K
}
Event: 3.441 GC heap before
{Heap before GC invocations=2 (full 0):
 PSYoungGen      total 57344K, used 8848K [0x0000000780780000, 0x0000000784780000, 0x00000007c0000000)
  eden space 49152K, 4% used [0x0000000780780000,0x00000007809e4008,0x0000000783780000)
  from space 8192K, 78% used [0x0000000783780000,0x0000000783dc0050,0x0000000783f80000)
  to   space 8192K, 0% used [0x0000000783f80000,0x0000000783f80000,0x0000000784780000)
 ParOldGen       total 131072K, used 88K [0x0000000701600000, 0x0000000709600000, 0x0000000780780000)
  object space 131072K, 0% used [0x0000000701600000,0x0000000701616010,0x0000000709600000)
 Metaspace       used 20011K, capacity 21204K, committed 21296K, reserved 1067008K
  class space    used 2930K, capacity 3163K, committed 3200K, reserved 1048576K
Event: 3.450 GC heap after
Heap after GC invocations=2 (full 0):
 PSYoungGen      total 57344K, used 6373K [0x0000000780780000, 0x0000000787780000, 0x00000007c0000000)
  eden space 49152K, 0% used [0x0000000780780000,0x0000000780780000,0x0000000783780000)
  from space 8192K, 77% used [0x0000000783f80000,0x00000007845b9550,0x0000000784780000)
  to   space 8192K, 0% used [0x0000000783780000,0x0000000783780000,0x0000000783f80000)
 ParOldGen       total 131072K, used 96K [0x0000000701600000, 0x0000000709600000, 0x0000000780780000)
  object space 131072K, 0% used [0x0000000701600000,0x0000000701618010,0x0000000709600000)
 Metaspace       used 20011K, capacity 21204K, committed 21296K, reserved 1067008K
  class space    used 2930K, capacity 3163K, committed 3200K, reserved 1048576K
}
Event: 3.450 GC heap before
{Heap before GC invocations=3 (full 1):
 PSYoungGen      total 57344K, used 6373K [0x0000000780780000, 0x0000000787780000, 0x00000007c0000000)
  eden space 49152K, 0% used [0x0000000780780000,0x0000000780780000,0x0000000783780000)
  from space 8192K, 77% used [0x0000000783f80000,0x00000007845b9550,0x0000000784780000)
  to   space 8192K, 0% used [0x0000000783780000,0x0000000783780000,0x0000000783f80000)
 ParOldGen       total 131072K, used 96K [0x0000000701600000, 0x0000000709600000, 0x0000000780780000)
  object space 131072K, 0% used [0x0000000701600000,0x0000000701618010,0x0000000709600000)
 Metaspace       used 20011K, capacity 21204K, committed 21296K, reserved 1067008K
  class space    used 2930K, capacity 3163K, committed 3200K, reserved 1048576K
Event: 3.483 GC heap after
Heap after GC invocations=3 (full 1):
 PSYoungGen      total 57344K, used 0K [0x0000000780780000, 0x0000000787780000, 0x00000007c0000000)
  eden space 49152K, 0% used [0x0000000780780000,0x0000000780780000,0x0000000783780000)
  from space 8192K, 0% used [0x0000000783f80000,0x0000000783f80000,0x0000000784780000)
  to   space 8192K, 0% used [0x0000000783780000,0x0000000783780000,0x0000000783f80000)
 ParOldGen       total 62976K, used 6261K [0x0000000701600000, 0x0000000705380000, 0x0000000780780000)
  object space 62976K, 9% used [0x0000000701600000,0x0000000701c1d7d0,0x0000000705380000)
 Metaspace       used 20011K, capacity 21204K, committed 21296K, reserved 1067008K
  class space    used 2930K, capacity 3163K, committed 3200K, reserved 1048576K
}
Event: 5.537 GC heap before
{Heap before GC invocations=4 (full 1):
 PSYoungGen      total 57344K, used 49152K [0x0000000780780000, 0x0000000787780000, 0x00000007c0000000)
  eden space 49152K, 100% used [0x0000000780780000,0x0000000783780000,0x0000000783780000)
  from space 8192K, 0% used [0x0000000783f80000,0x0000000783f80000,0x0000000784780000)
  to   space 8192K, 0% used [0x0000000783780000,0x0000000783780000,0x0000000783f80000)
 ParOldGen       total 62976K, used 6261K [0x0000000701600000, 0x0000000705380000, 0x0000000780780000)
  object space 62976K, 9% used [0x0000000701600000,0x0000000701c1d7d0,0x0000000705380000)
 Metaspace       used 23913K, capacity 25236K, committed 25472K, reserved 1071104K
  class space    used 3371K, capacity 3657K, committed 3712K, reserved 1048576K
Event: 5.543 GC heap after
Heap after GC invocations=4 (full 1):
 PSYoungGen      total 57344K, used 8182K [0x0000000780780000, 0x0000000786e80000, 0x00000007c0000000)
  eden space 49152K, 0% used [0x0000000780780000,0x0000000780780000,0x0000000783780000)
  from space 8192K, 99% used [0x0000000783780000,0x0000000783f7d9f0,0x0000000783f80000)
  to   space 8192K, 0% used [0x0000000786680000,0x0000000786680000,0x0000000786e80000)
 ParOldGen       total 62976K, used 8341K [0x0000000701600000, 0x0000000705380000, 0x0000000780780000)
  object space 62976K, 13% used [0x0000000701600000,0x0000000701e25688,0x0000000705380000)
 Metaspace       used 23913K, capacity 25236K, committed 25472K, reserved 1071104K
  class space    used 3371K, capacity 3657K, committed 3712K, reserved 1048576K
}
Event: 23.092 GC heap before
{Heap before GC invocations=5 (full 1):
 PSYoungGen      total 57344K, used 57334K [0x0000000780780000, 0x0000000786e80000, 0x00000007c0000000)
  eden space 49152K, 100% used [0x0000000780780000,0x0000000783780000,0x0000000783780000)
  from space 8192K, 99% used [0x0000000783780000,0x0000000783f7d9f0,0x0000000783f80000)
  to   space 8192K, 0% used [0x0000000786680000,0x0000000786680000,0x0000000786e80000)
 ParOldGen       total 62976K, used 8341K [0x0000000701600000, 0x0000000705380000, 0x0000000780780000)
  object space 62976K, 13% used [0x0000000701600000,0x0000000701e25688,0x0000000705380000)
 Metaspace       used 25327K, capacity 26706K, committed 26880K, reserved 1073152K
  class space    used 3476K, capacity 3754K, committed 3840K, reserved 1048576K
Event: 23.100 GC heap after
Heap after GC invocations=5 (full 1):
 PSYoungGen      total 95232K, used 8188K [0x0000000780780000, 0x0000000786e80000, 0x00000007c0000000)
  eden space 87040K, 0% used [0x0000000780780000,0x0000000780780000,0x0000000785c80000)
  from space 8192K, 99% used [0x0000000786680000,0x0000000786e7f1a8,0x0000000786e80000)
  to   space 8192K, 0% used [0x0000000785e80000,0x0000000785e80000,0x0000000786680000)
 ParOldGen       total 62976K, used 13184K [0x0000000701600000, 0x0000000705380000, 0x0000000780780000)
  object space 62976K, 20% used [0x0000000701600000,0x00000007022e0248,0x0000000705380000)
 Metaspace       used 25327K, capacity 26706K, committed 26880K, reserved 1073152K
  class space    used 3476K, capacity 3754K, committed 3840K, reserved 1048576K
}

Deoptimization events (10 events):
Event: 16.237 Thread 0x00000000208f9800 Uncommon trap: reason=unstable_if action=reinterpret pc=0x000000000f90e4f0 method=java.util.concurrent.locks.AbstractQueuedSynchronizer$ConditionObject.awaitNanos(J)J @ 53
Event: 16.274 Thread 0x00000000208ec800 Uncommon trap: reason=unstable_if action=reinterpret pc=0x000000000f90e4f0 method=java.util.concurrent.locks.AbstractQueuedSynchronizer$ConditionObject.awaitNanos(J)J @ 53
Event: 16.309 Thread 0x00000000208f2800 Uncommon trap: reason=unstable_if action=reinterpret pc=0x000000000f90e4f0 method=java.util.concurrent.locks.AbstractQueuedSynchronizer$ConditionObject.awaitNanos(J)J @ 53
Event: 16.340 Thread 0x00000000208f4000 Uncommon trap: reason=unstable_if action=reinterpret pc=0x000000000f90e4f0 method=java.util.concurrent.locks.AbstractQueuedSynchronizer$ConditionObject.awaitNanos(J)J @ 53
Event: 16.346 Thread 0x00000000204bb000 Uncommon trap: reason=unstable_if action=reinterpret pc=0x000000000f90e4f0 method=java.util.concurrent.locks.AbstractQueuedSynchronizer$ConditionObject.awaitNanos(J)J @ 53
Event: 16.351 Thread 0x00000000204bb800 Uncommon trap: reason=unstable_if action=reinterpret pc=0x000000000f90e4f0 method=java.util.concurrent.locks.AbstractQueuedSynchronizer$ConditionObject.awaitNanos(J)J @ 53
Event: 16.351 Thread 0x00000000204c2000 Uncommon trap: reason=unstable_if action=reinterpret pc=0x000000000f90e4f0 method=java.util.concurrent.locks.AbstractQueuedSynchronizer$ConditionObject.awaitNanos(J)J @ 53
Event: 16.372 Thread 0x00000000208f8000 Uncommon trap: reason=unstable_if action=reinterpret pc=0x000000000f90e4f0 method=java.util.concurrent.locks.AbstractQueuedSynchronizer$ConditionObject.awaitNanos(J)J @ 53
Event: 16.372 Thread 0x00000000204bd000 Uncommon trap: reason=unstable_if action=reinterpret pc=0x000000000f90e4f0 method=java.util.concurrent.locks.AbstractQueuedSynchronizer$ConditionObject.awaitNanos(J)J @ 53
Event: 23.139 Thread 0x0000000020339800 Uncommon trap: reason=unstable_if action=reinterpret pc=0x000000000f9ec59c method=com.busenzo.administratie.DatabaseKoppeling.getLineData(Ljava/util/List;)Ljava/util/ArrayList; @ 63

Internal exceptions (10 events):
Event: 1.005 Thread 0x000000000d5ed000 Implicit null exception at 0x000000000f3820d9 to 0x000000000f382119
Event: 3.095 Thread 0x000000000d5ed000 Implicit null exception at 0x000000000f48b9ad to 0x000000000f48b9f5
Event: 3.262 Thread 0x000000000d5ed000 Implicit null exception at 0x000000000f548a31 to 0x000000000f54907d
Event: 3.394 Thread 0x000000000d5ed000 Implicit null exception at 0x000000000f22bb56 to 0x000000000f22be91
Event: 3.875 Thread 0x00000000204bb000 Implicit null exception at 0x000000000f779fdd to 0x000000000f77a139
Event: 4.065 Thread 0x000000000d5ed000 Exception <a 'java/io/FileNotFoundException'> (0x0000000781d2c7e0) thrown at [D:\re\workspace\8-2-build-windows-amd64-cygwin\jdk8u92\6642\hotspot\src\share\vm\prims\jni.cpp, line 709]
Event: 4.067 Thread 0x000000000d5ed000 Exception <a 'java/io/FileNotFoundException'> (0x0000000781d3ed28) thrown at [D:\re\workspace\8-2-build-windows-amd64-cygwin\jdk8u92\6642\hotspot\src\share\vm\prims\jni.cpp, line 709]
Event: 4.069 Thread 0x000000000d5ed000 Exception <a 'java/io/FileNotFoundException'> (0x0000000781d51f48) thrown at [D:\re\workspace\8-2-build-windows-amd64-cygwin\jdk8u92\6642\hotspot\src\share\vm\prims\jni.cpp, line 709]
Event: 4.069 Thread 0x000000000d5ed000 Exception <a 'java/io/FileNotFoundException'> (0x0000000781d53098) thrown at [D:\re\workspace\8-2-build-windows-amd64-cygwin\jdk8u92\6642\hotspot\src\share\vm\prims\jni.cpp, line 709]
Event: 5.646 Thread 0x000000000d5ed000 Implicit null exception at 0x000000000f8ed2fa to 0x000000000f8ed561

Events (10 events):
Event: 23.140 Thread 0x000000000c7b8000 flushing nmethod 0x000000000f377550
Event: 23.140 Thread 0x000000000c7b8000 flushing nmethod 0x000000000f3e1cd0
Event: 23.156 Thread 0x000000000c7b8000 flushing nmethod 0x000000000f456d10
Event: 23.156 Thread 0x000000000c7b8000 flushing nmethod 0x000000000f4b9850
Event: 23.156 Thread 0x000000000c7b8000 flushing nmethod 0x000000000f4bd8d0
Event: 23.156 Thread 0x000000000c7b8000 flushing nmethod 0x000000000f4c1a90
Event: 23.156 Thread 0x000000000c7b8000 flushing nmethod 0x000000000f4cde50
Event: 23.166 Thread 0x000000000c7b8000 flushing nmethod 0x000000000f4e8310
Event: 23.166 Thread 0x000000000c7b8000 flushing nmethod 0x000000000f528ad0
Event: 23.167 Thread 0x000000000c7b8000 flushing nmethod 0x000000000f608ad0


Dynamic libraries:
0x00007ff6db2c0000 - 0x00007ff6db2f7000 	C:\Program Files\Java\jdk1.8.0_92\jre\bin\java.exe
0x00007ffb065e0000 - 0x00007ffb067a1000 	C:\WINDOWS\SYSTEM32\ntdll.dll
0x00007ffb03eb0000 - 0x00007ffb03f5d000 	C:\WINDOWS\system32\KERNEL32.DLL
0x00007ffb02e00000 - 0x00007ffb02fe8000 	C:\WINDOWS\system32\KERNELBASE.dll
0x00007ffb060b0000 - 0x00007ffb06157000 	C:\WINDOWS\system32\ADVAPI32.dll
0x00007ffb04880000 - 0x00007ffb0491d000 	C:\WINDOWS\system32\msvcrt.dll
0x00007ffb03e50000 - 0x00007ffb03eab000 	C:\WINDOWS\system32\sechost.dll
0x00007ffb03d30000 - 0x00007ffb03e4c000 	C:\WINDOWS\system32\RPCRT4.dll
0x00007ffb045d0000 - 0x00007ffb04726000 	C:\WINDOWS\system32\USER32.dll
0x00007ffb06270000 - 0x00007ffb063f6000 	C:\WINDOWS\system32\GDI32.dll
0x00007ffafe0c0000 - 0x00007ffafe334000 	C:\WINDOWS\WinSxS\amd64_microsoft.windows.common-controls_6595b64144ccf1df_6.0.10586.0_none_8c15ae12515e1c22\COMCTL32.dll
0x00007ffb039e0000 - 0x00007ffb03c5d000 	C:\WINDOWS\system32\combase.dll
0x00007ffb03010000 - 0x00007ffb0307a000 	C:\WINDOWS\system32\bcryptPrimitives.dll
0x00007ffb04730000 - 0x00007ffb0476b000 	C:\WINDOWS\system32\IMM32.DLL
0x00007ffb02af0000 - 0x00007ffb02b21000 	C:\Windows\system32\nvinitx.dll
0x00007ffb02ae0000 - 0x00007ffb02aea000 	C:\WINDOWS\SYSTEM32\VERSION.dll
0x000000000f000000 - 0x000000000f006000 	C:\Program Files\NVIDIA Corporation\CoProcManager\_etoured.dll
0x00007ffb00eb0000 - 0x00007ffb00ee2000 	C:\Program Files\NVIDIA Corporation\CoProcManager\nvd3d9wrapx.dll
0x00007ffb04120000 - 0x00007ffb04549000 	C:\WINDOWS\system32\SETUPAPI.dll
0x00007ffb02d50000 - 0x00007ffb02d93000 	C:\WINDOWS\system32\CFGMGR32.dll
0x00007ffb00e80000 - 0x00007ffb00ea2000 	C:\Program Files\NVIDIA Corporation\CoProcManager\nvdxgiwrapx.dll
0x0000000070de0000 - 0x0000000070eb2000 	C:\Program Files\Java\jdk1.8.0_92\jre\bin\msvcr100.dll
0x0000000070ec0000 - 0x0000000071756000 	C:\Program Files\Java\jdk1.8.0_92\jre\bin\server\jvm.dll
0x00007ffb06480000 - 0x00007ffb06488000 	C:\WINDOWS\system32\PSAPI.DLL
0x00007ffafea90000 - 0x00007ffafea99000 	C:\WINDOWS\SYSTEM32\WSOCK32.dll
0x00007ffb00e30000 - 0x00007ffb00e53000 	C:\WINDOWS\SYSTEM32\WINMM.dll
0x00007ffb06400000 - 0x00007ffb0646b000 	C:\WINDOWS\system32\WS2_32.dll
0x0000000000940000 - 0x000000000096c000 	C:\WINDOWS\SYSTEM32\WINMMBASE.dll
0x0000000070d90000 - 0x0000000070d9f000 	C:\Program Files\Java\jdk1.8.0_92\jre\bin\verify.dll
0x0000000070d60000 - 0x0000000070d89000 	C:\Program Files\Java\jdk1.8.0_92\jre\bin\java.dll
0x0000000070d40000 - 0x0000000070d56000 	C:\Program Files\Java\jdk1.8.0_92\jre\bin\zip.dll
0x00007ffb04980000 - 0x00007ffb05edc000 	C:\WINDOWS\system32\SHELL32.dll
0x00007ffb032e0000 - 0x00007ffb03924000 	C:\WINDOWS\system32\windows.storage.dll
0x00007ffb04820000 - 0x00007ffb04872000 	C:\WINDOWS\system32\shlwapi.dll
0x00007ffb02c60000 - 0x00007ffb02c6f000 	C:\WINDOWS\system32\kernel.appcore.dll
0x00007ffb02c90000 - 0x00007ffb02d45000 	C:\WINDOWS\system32\shcore.dll
0x00007ffb02c10000 - 0x00007ffb02c5b000 	C:\WINDOWS\system32\powrprof.dll
0x00007ffb02c70000 - 0x00007ffb02c84000 	C:\WINDOWS\system32\profapi.dll
0x00007ffae64e0000 - 0x00007ffae65cf000 	C:\Program Files\Java\jdk1.8.0_92\jre\bin\msvcr120.dll
0x00007ffaf0190000 - 0x00007ffaf0236000 	C:\Program Files\Java\jdk1.8.0_92\jre\bin\msvcp120.dll
0x0000000070a50000 - 0x0000000070a72000 	C:\Program Files\Java\jdk1.8.0_92\jre\bin\prism_d3d.dll
0x00007ffaf5120000 - 0x00007ffaf5330000 	C:\WINDOWS\system32\d3d9.dll
0x00007ffb001a0000 - 0x00007ffb001c2000 	C:\WINDOWS\SYSTEM32\dwmapi.dll
0x00007ffb01680000 - 0x00007ffb016a7000 	C:\WINDOWS\SYSTEM32\DEVOBJ.dll
0x000000000de80000 - 0x000000000ded5000 	C:\WINDOWS\system32\WINTRUST.dll
0x00007ffb02c00000 - 0x00007ffb02c10000 	C:\WINDOWS\system32\MSASN1.dll
0x00007ffb03080000 - 0x00007ffb03248000 	C:\WINDOWS\system32\CRYPT32.dll
0x00007ffb01530000 - 0x00007ffb015c6000 	C:\WINDOWS\system32\uxtheme.dll
0x00007ffafd400000 - 0x00007ffafd525000 	C:\WINDOWS\SYSTEM32\nvumdshimx.dll
0x00007ffade690000 - 0x00007ffadf2b0000 	C:\WINDOWS\system32\igdumd64.dll
0x0000000070a00000 - 0x0000000070a43000 	C:\Program Files\Java\jdk1.8.0_92\jre\bin\glass.dll
0x00007ffb06160000 - 0x00007ffb0626b000 	C:\WINDOWS\system32\COMDLG32.dll
0x00007ffb03250000 - 0x00007ffb032d6000 	C:\WINDOWS\system32\FirewallAPI.dll
0x00007ffb02ff0000 - 0x00007ffb03007000 	C:\WINDOWS\system32\NETAPI32.dll
0x00007ffb06490000 - 0x00007ffb065d3000 	C:\WINDOWS\system32\ole32.dll
0x00007ffb03c60000 - 0x00007ffb03d21000 	C:\WINDOWS\system32\OLEAUT32.dll
0x00007ffb00d70000 - 0x00007ffb00d7c000 	C:\WINDOWS\SYSTEM32\DAVHLPR.DLL
0x00007ffb01930000 - 0x00007ffb01962000 	C:\WINDOWS\SYSTEM32\fwbase.dll
0x00007ffb03f60000 - 0x00007ffb040ba000 	C:\WINDOWS\system32\MSCTF.dll
0x000000006e460000 - 0x00000000709f1000 	C:\Program Files\Java\jdk1.8.0_92\jre\bin\jfxwebkit.dll
0x00007ffb02530000 - 0x00007ffb02547000 	C:\WINDOWS\SYSTEM32\CRYPTSP.dll
0x00007ffb021c0000 - 0x00007ffb021f4000 	C:\WINDOWS\system32\rsaenh.dll
0x00007ffb02b30000 - 0x00007ffb02b59000 	C:\WINDOWS\SYSTEM32\bcrypt.dll
0x00007ffb02650000 - 0x00007ffb0265b000 	C:\WINDOWS\SYSTEM32\CRYPTBASE.dll
0x0000000070d20000 - 0x0000000070d3a000 	C:\Program Files\Java\jdk1.8.0_92\jre\bin\net.dll
0x00007ffb02480000 - 0x00007ffb024dc000 	C:\WINDOWS\system32\mswsock.dll
0x0000000070d00000 - 0x0000000070d11000 	C:\Program Files\Java\jdk1.8.0_92\jre\bin\nio.dll
0x000000006e440000 - 0x000000006e454000 	C:\Program Files\Java\jdk1.8.0_92\jre\bin\javafx_font.dll
0x00007ffaf84e0000 - 0x00007ffaf8740000 	C:\WINDOWS\SYSTEM32\dwrite.dll
0x00007ffb04770000 - 0x00007ffb04817000 	C:\WINDOWS\system32\clbcatq.dll
0x00007ffafc1c0000 - 0x00007ffafc371000 	C:\WINDOWS\SYSTEM32\WindowsCodecs.dll
0x00007ffaf6840000 - 0x00007ffaf688a000 	C:\WINDOWS\system32\dataexchange.dll
0x00007ffaffee0000 - 0x00007ffb00188000 	C:\WINDOWS\system32\d3d11.dll
0x00007ffb00fb0000 - 0x00007ffb01093000 	C:\WINDOWS\system32\dcomp.dll
0x00007ffaffe30000 - 0x00007ffaffed2000 	C:\WINDOWS\system32\dxgi.dll
0x00007ffb016d0000 - 0x00007ffb017d0000 	C:\WINDOWS\system32\twinapi.appcore.dll
0x00007ffafa310000 - 0x00007ffafa344000 	C:\Program Files\Common Files\Microsoft Shared\Ink\rtscom.dll
0x000000006e410000 - 0x000000006e434000 	C:\Program Files\Java\jdk1.8.0_92\jre\bin\sunec.dll
0x000000006e3f0000 - 0x000000006e401000 	C:\Program Files\Java\jdk1.8.0_92\jre\bin\prism_common.dll
0x00007ffb02310000 - 0x00007ffb0232f000 	C:\WINDOWS\SYSTEM32\USERENV.dll
0x00007ffaff390000 - 0x00007ffaff3c8000 	C:\WINDOWS\SYSTEM32\IPHLPAPI.DLL
0x00007ffb06470000 - 0x00007ffb06478000 	C:\WINDOWS\system32\NSI.dll
0x00007ffafabd0000 - 0x00007ffafabe6000 	C:\WINDOWS\SYSTEM32\dhcpcsvc6.DLL
0x00007ffafab60000 - 0x00007ffafab7a000 	C:\WINDOWS\SYSTEM32\dhcpcsvc.DLL
0x000000006e3e0000 - 0x000000006e3eb000 	C:\Program Files\Java\jdk1.8.0_92\jre\bin\sunmscapi.dll
0x00007ffaf16f0000 - 0x00007ffaf1706000 	C:\WINDOWS\system32\napinsp.dll
0x00007ffaf2bc0000 - 0x00007ffaf2bda000 	C:\WINDOWS\system32\pnrpnsp.dll
0x00007ffb00aa0000 - 0x00007ffb00ab8000 	C:\WINDOWS\system32\NLAapi.dll
0x00007ffb015d0000 - 0x00007ffb0167a000 	C:\WINDOWS\SYSTEM32\DNSAPI.dll
0x00007ffaf57f0000 - 0x00007ffaf57fd000 	C:\WINDOWS\System32\winrnr.dll
0x00007ffafeb50000 - 0x00007ffafeb65000 	C:\WINDOWS\System32\wshbth.dll
0x00007ffaf67f0000 - 0x00007ffaf67fa000 	C:\Windows\System32\rasadhlp.dll
0x00007ffafac40000 - 0x00007ffafaca7000 	C:\WINDOWS\System32\fwpuclnt.dll
0x00007ffae4bd0000 - 0x00007ffae4d5c000 	C:\WINDOWS\SYSTEM32\dbghelp.dll

VM Arguments:
jvm_args: -Dfile.encoding=UTF-8 
java_command: com.busenzo.gui.BusTracker
java_class_path (initial): C:\Users\Jean Paul\Documents\NetBeansProjects\busTracking\Bus-Tracker\GMapsFX-2.0.5-SNAPSHOT.jar;C:\Program Files\NetBeans 8.1\platform\modules\ext\junit-4.12.jar;C:\Users\Jean Paul\Documents\NetBeansProjects\busTracking\Bus-Tracker\json-simple-1.1.1.jar;C:\Users\Jean Paul\Documents\NetBeansProjects\busTracking\Bus-Tracker\build\classes
Launcher Type: SUN_STANDARD

Environment Variables:
PATH=C:\ProgramData\Oracle\Java\javapath;C:\app\JeanPaul\product\12.1.0\dbhome_2\bin;C:\app\jeanpaul\product\12.1.0\dbhome_1\bin;C:\Program Files (x86)\NVIDIA Corporation\PhysX\Common;C:\WINDOWS\system32;C:\WINDOWS;C:\WINDOWS\System32\Wbem;C:\WINDOWS\System32\WindowsPowerShell\v1.0\;C:\Program Files (x86)\Windows Kits\8.1\Windows Performance Toolkit\;C:\Program Files\Microsoft SQL Server\110\Tools\Binn\;C:\Users\Jean Paul\.dnx\bin;C:\Program Files\Microsoft DNX\Dnvm\;C:\Program Files\Microsoft SQL Server\120\Tools\Binn\;C:\Program Files\Microsoft\Web Platform Installer\;C:\Program Files (x86)\Windows Live\Shared;C:\Program Files (x86)\Bitvise SSH Client;C:\Program Files (x86)\GNU\GnuPG\pub;C:\Program Files (x86)\Skype\Phone\;C:\Go\bin;C:\Users\Jean Paul\.dnx\bin;C:\Users\Jean Paul\AppData\Local\atom\bin
USERNAME=Jean Paul
OS=Windows_NT
PROCESSOR_IDENTIFIER=Intel64 Family 6 Model 42 Stepping 7, GenuineIntel



---------------  S Y S T E M  ---------------

OS: Windows 10.0 , 64 bit Build 10586 (10.0.10586.0)

CPU:total 8 (4 cores per cpu, 2 threads per core) family 6 model 42 stepping 7, cmov, cx8, fxsr, mmx, sse, sse2, sse3, ssse3, sse4.1, sse4.2, popcnt, avx, aes, clmul, ht, tsc, tscinvbit

Memory: 4k page, physical 12492496k(8991480k free), swap 14393040k(10790568k free)

vm_info: Java HotSpot(TM) 64-Bit Server VM (25.92-b14) for windows-amd64 JRE (1.8.0_92-b14), built on Mar 31 2016 21:03:04 by "java_re" with MS VC++ 10.0 (VS2010)

time: Wed May 25 10:50:22 2016
elapsed time: 23 seconds (0d 0h 0m 23s)

