#
# A fatal error has been detected by the Java Runtime Environment:
#
#  EXCEPTION_ACCESS_VIOLATION (0xc0000005) at pc=0x000000006eff6d89, pid=7576, tid=0x0000000000001a3c
#
# JRE version: Java(TM) SE Runtime Environment (8.0_92-b14) (build 1.8.0_92-b14)
# Java VM: Java HotSpot(TM) 64-Bit Server VM (25.92-b14 mixed mode windows-amd64 compressed oops)
# Problematic frame:
# C  [jfxwebkit.dll+0xb96d89]
#
# Failed to write core dump. Minidumps are not enabled by default on client versions of Windows
#
# If you would like to submit a bug report, please visit:
#   http://bugreport.java.com/bugreport/crash.jsp
# The crash happened outside the Java Virtual Machine in native code.
# See problematic frame for where to report the bug.
#

---------------  T H R E A D  ---------------

Current thread (0x000000000dc16000):  JavaThread "pool-3-thread-1" [_thread_in_native, id=6716, stack(0x00000000215e0000,0x00000000216e0000)]

siginfo: ExceptionCode=0xc0000005, writing address 0x00000000bbadbeef

Registers:
RAX=0x0000000000000000, RBX=0x000000002978efa0, RCX=0x10d3f9cbbb4e0000, RDX=0x0000000000000002
RSP=0x00000000216dd6d0, RBP=0x0000000000000000, RSI=0x000000001f11bf60, RDI=0x00000000216dd7a0
R8 =0x00000000216dd1d0, R9 =0x00007ffae64e0000, R10=0x0000000000000000, R11=0x0000000000000200
R12=0x0000000000000002, R13=0x0000000000000000, R14=0x0000000000000001, R15=0x000000007fffffff
RIP=0x000000006eff6d89, EFLAGS=0x0000000000010246

Top of Stack: (sp=0x00000000216dd6d0)
0x00000000216dd6d0:   0000000000000000 0000000000000090
0x00000000216dd6e0:   0000000000000009 00007ffb06605bd4
0x00000000216dd6f0:   000000002978efa0 000000006f0af743
0x00000000216dd700:   0000000000000080 0000000000000000
0x00000000216dd710:   000000000000003a 0000000000000000
0x00000000216dd720:   fffffffffffffffe 00000000001802e4
0x00000000216dd730:   0000000000000000 0000000000000000
0x00000000216dd740:   000000001fdef8c0 0000000000000000
0x00000000216dd750:   0000000000000000 000000006f02c424
0x00000000216dd760:   0000000000650ba0 00000000216dd940
0x00000000216dd770:   0000000000000000 00007ffae6546a57
0x00000000216dd780:   0000000000000002 000000006f0b20fd
0x00000000216dd790:   0000000000000011 0000000000000000
0x00000000216dd7a0:   0000000000000000 000000006efd7bac
0x00000000216dd7b0:   000000000000000a fffffffffffffffe
0x00000000216dd7c0:   00000000293b6490 000000006f002dd7 

Instructions: (pc=0x000000006eff6d89)
0x000000006eff6d69:   83 c4 20 5b c3 cc cc 48 83 ec 28 48 8b 05 e5 b7
0x000000006eff6d79:   8c 01 48 85 c0 74 02 ff d0 e8 a9 07 00 00 33 c0
0x000000006eff6d89:   a3 ef be ad bb 00 00 00 00 48 83 c4 28 48 ff e0
0x000000006eff6d99:   cc cc cc cc cc cc cc 48 83 ec 28 48 8b 05 b5 b7 


Register to memory mapping:

RAX=0x0000000000000000 is an unknown value
RBX=0x000000002978efa0 is an unknown value
RCX=0x10d3f9cbbb4e0000 is an unknown value
RDX=0x0000000000000002 is an unknown value
RSP=0x00000000216dd6d0 is pointing into the stack for thread: 0x000000000dc16000
RBP=0x0000000000000000 is an unknown value
RSI=0x000000001f11bf60 is an unknown value
RDI=0x00000000216dd7a0 is pointing into the stack for thread: 0x000000000dc16000
R8 =0x00000000216dd1d0 is pointing into the stack for thread: 0x000000000dc16000
R9 =0x00007ffae64e0000 is an unknown value
R10=0x0000000000000000 is an unknown value
R11=0x0000000000000200 is an unknown value
R12=0x0000000000000002 is an unknown value
R13=0x0000000000000000 is an unknown value
R14=0x0000000000000001 is an unknown value
R15=0x000000007fffffff is an unknown value


Stack: [0x00000000215e0000,0x00000000216e0000],  sp=0x00000000216dd6d0,  free space=1013k
Native frames: (J=compiled Java code, j=interpreted, Vv=VM code, C=native code)

Java frames: (J=compiled Java code, j=interpreted, Vv=VM code)
J 2742  com.sun.webkit.dom.JSObject.callImpl(JILjava/lang/String;[Ljava/lang/Object;Ljava/security/AccessControlContext;)Ljava/lang/Object; (0 bytes) @ 0x000000000f8d5252 [0x000000000f8d51c0+0x92]
J 2741 C1 com.sun.webkit.dom.JSObject.call(Ljava/lang/String;[Ljava/lang/Object;)Ljava/lang/Object; (17 bytes) @ 0x000000000f8d8cec [0x000000000f8d8a00+0x2ec]
J 2740 C1 com.lynden.gmapsfx.javascript.JavascriptObject.invokeJavascript(Ljava/lang/String;[Ljava/lang/Object;)Ljava/lang/Object; (101 bytes) @ 0x000000000f8d9e8c [0x000000000f8d9320+0xb6c]
J 2800 C1 com.lynden.gmapsfx.javascript.object.Marker.setMap(Lcom/lynden/gmapsfx/javascript/object/GoogleMap;)V (16 bytes) @ 0x000000000f8f8b6c [0x000000000f8f88c0+0x2ac]
j  com.lynden.gmapsfx.javascript.object.GoogleMap.removeMarker(Lcom/lynden/gmapsfx/javascript/object/Marker;)V+2
j  com.busenzo.gui.FXMLDocumentController.clearBusMarkers()V+42
j  com.busenzo.gui.FXMLDocumentController.reloadData()V+24
j  com.busenzo.gui.FXMLDocumentController$1.run()V+4
j  java.util.concurrent.Executors$RunnableAdapter.call()Ljava/lang/Object;+4
j  java.util.concurrent.FutureTask.runAndReset()Z+47
j  java.util.concurrent.ScheduledThreadPoolExecutor$ScheduledFutureTask.access$301(Ljava/util/concurrent/ScheduledThreadPoolExecutor$ScheduledFutureTask;)Z+1
j  java.util.concurrent.ScheduledThreadPoolExecutor$ScheduledFutureTask.run()V+37
j  java.util.concurrent.ThreadPoolExecutor.runWorker(Ljava/util/concurrent/ThreadPoolExecutor$Worker;)V+95
j  java.util.concurrent.ThreadPoolExecutor$Worker.run()V+5
j  java.lang.Thread.run()V+11
v  ~StubRoutines::call_stub

---------------  P R O C E S S  ---------------

Java Threads: ( => current thread )
  0x000000002089f800 JavaThread "URL-Loader-20" daemon [_thread_blocked, id=5940, stack(0x000000002d9c0000,0x000000002dac0000)]
  0x000000002089e000 JavaThread "URL-Loader-19" daemon [_thread_blocked, id=380, stack(0x000000002d8c0000,0x000000002d9c0000)]
  0x0000000020892800 JavaThread "URL-Loader-18" daemon [_thread_blocked, id=5780, stack(0x000000002d560000,0x000000002d660000)]
  0x0000000020899800 JavaThread "URL-Loader-17" daemon [_thread_blocked, id=1384, stack(0x000000002d440000,0x000000002d540000)]
  0x0000000020892000 JavaThread "URL-Loader-16" daemon [_thread_blocked, id=6720, stack(0x000000002ce50000,0x000000002cf50000)]
  0x0000000020895800 JavaThread "URL-Loader-15" daemon [_thread_blocked, id=9672, stack(0x000000002cb70000,0x000000002cc70000)]
  0x0000000020894000 JavaThread "URL-Loader-14" daemon [_thread_blocked, id=6468, stack(0x000000002ca70000,0x000000002cb70000)]
  0x0000000020897800 JavaThread "URL-Loader-13" daemon [_thread_blocked, id=10132, stack(0x000000002c970000,0x000000002ca70000)]
  0x0000000020895000 JavaThread "URL-Loader-12" daemon [_thread_blocked, id=7488, stack(0x000000002c770000,0x000000002c870000)]
  0x0000000020896800 JavaThread "URL-Loader-11" daemon [_thread_blocked, id=1260, stack(0x000000002c670000,0x000000002c770000)]
  0x0000000020891000 JavaThread "URL-Loader-10" daemon [_thread_blocked, id=4904, stack(0x000000002c2d0000,0x000000002c3d0000)]
  0x0000000020893800 JavaThread "URL-Loader-9" daemon [_thread_blocked, id=7436, stack(0x000000002c170000,0x000000002c270000)]
  0x0000000020efa800 JavaThread "URL-Loader-8" daemon [_thread_blocked, id=3232, stack(0x000000002ab60000,0x000000002ac60000)]
  0x0000000020efb800 JavaThread "URL-Loader-7" daemon [_thread_blocked, id=4880, stack(0x000000002aa40000,0x000000002ab40000)]
  0x0000000020ef9000 JavaThread "URL-Loader-6" daemon [_thread_blocked, id=6736, stack(0x0000000027510000,0x0000000027610000)]
  0x0000000020ef8800 JavaThread "URL-Loader-5" daemon [_thread_blocked, id=9892, stack(0x0000000027410000,0x0000000027510000)]
  0x0000000020eff000 JavaThread "URL-Loader-4" daemon [_thread_blocked, id=3328, stack(0x0000000027310000,0x0000000027410000)]
  0x0000000020efe800 JavaThread "URL-Loader-3" daemon [_thread_blocked, id=9832, stack(0x0000000027210000,0x0000000027310000)]
  0x0000000020efd800 JavaThread "URL-Loader-2" daemon [_thread_blocked, id=6392, stack(0x0000000026e50000,0x0000000026f50000)]
  0x0000000020efd000 JavaThread "Watchdog-Timer-1" daemon [_thread_blocked, id=1276, stack(0x0000000026870000,0x0000000026970000)]
  0x0000000020efa000 JavaThread "URL-Loader-1" daemon [_thread_blocked, id=8936, stack(0x0000000024b70000,0x0000000024c70000)]
  0x0000000020356800 JavaThread "Prism Font Disposer" daemon [_thread_blocked, id=8004, stack(0x0000000022ea0000,0x0000000022fa0000)]
=>0x000000000dc16000 JavaThread "pool-3-thread-1" [_thread_in_native, id=6716, stack(0x00000000215e0000,0x00000000216e0000)]
  0x000000000d8aa000 JavaThread "Keep-Alive-Timer" daemon [_thread_blocked, id=6916, stack(0x0000000020210000,0x0000000020310000)]
  0x000000000d827000 JavaThread "Disposer" daemon [_thread_blocked, id=5860, stack(0x000000001fe10000,0x000000001ff10000)]
  0x000000000d735000 JavaThread "Thread-3" daemon [_thread_in_native, id=1524, stack(0x000000001f1b0000,0x000000001f2b0000)]
  0x000000000d72f800 JavaThread "JavaFX-Launcher" [_thread_blocked, id=1736, stack(0x000000001f2b0000,0x000000001f3b0000)]
  0x000000000d6b5800 JavaThread "JavaFX Application Thread" [_thread_in_native, id=8508, stack(0x000000000e2a0000,0x000000000e3a0000)]
  0x000000000d6b4800 JavaThread "Thread-1" daemon [_thread_blocked, id=8040, stack(0x000000000e1a0000,0x000000000e2a0000)]
  0x000000000d669000 JavaThread "QuantumRenderer-0" daemon [_thread_blocked, id=1716, stack(0x000000000de20000,0x000000000df20000)]
  0x000000000c8e4800 JavaThread "Service Thread" daemon [_thread_blocked, id=4852, stack(0x000000000d420000,0x000000000d520000)]
  0x000000000c854000 JavaThread "C1 CompilerThread3" daemon [_thread_blocked, id=9260, stack(0x000000000d320000,0x000000000d420000)]
  0x000000000c851000 JavaThread "C2 CompilerThread2" daemon [_thread_blocked, id=7052, stack(0x000000000d220000,0x000000000d320000)]
  0x000000000c84c000 JavaThread "C2 CompilerThread1" daemon [_thread_in_native, id=6776, stack(0x000000000d120000,0x000000000d220000)]
  0x000000000c849000 JavaThread "C2 CompilerThread0" daemon [_thread_blocked, id=7600, stack(0x000000000d020000,0x000000000d120000)]
  0x000000000c848000 JavaThread "Attach Listener" daemon [_thread_blocked, id=788, stack(0x000000000cf20000,0x000000000d020000)]
  0x000000000c845000 JavaThread "Signal Dispatcher" daemon [_thread_blocked, id=1724, stack(0x000000000ce20000,0x000000000cf20000)]
  0x000000000245d800 JavaThread "Finalizer" daemon [_thread_blocked, id=2408, stack(0x000000000cc20000,0x000000000cd20000)]
  0x0000000002454800 JavaThread "Reference Handler" daemon [_thread_blocked, id=9280, stack(0x000000000c720000,0x000000000c820000)]
  0x0000000002360800 JavaThread "main" [_thread_blocked, id=4144, stack(0x0000000002160000,0x0000000002260000)]

Other Threads:
  0x000000000a959800 VMThread [stack: 0x000000000c620000,0x000000000c720000] [id=5288]
  0x000000000c8fe800 WatcherThread [stack: 0x000000000d520000,0x000000000d620000] [id=4708]

VM state:not at safepoint (normal execution)

VM Mutex/Monitor currently owned by a thread: None

Heap:
 PSYoungGen      total 57344K, used 46200K [0x0000000780780000, 0x0000000786c00000, 0x00000007c0000000)
  eden space 49152K, 77% used [0x0000000780780000,0x0000000782c9e2c8,0x0000000783780000)
  from space 8192K, 99% used [0x0000000783780000,0x0000000783f7fe50,0x0000000783f80000)
  to   space 8192K, 0% used [0x0000000786400000,0x0000000786400000,0x0000000786c00000)
 ParOldGen       total 65024K, used 6282K [0x0000000701600000, 0x0000000705580000, 0x0000000780780000)
  object space 65024K, 9% used [0x0000000701600000,0x0000000701c22880,0x0000000705580000)
 Metaspace       used 25055K, capacity 26462K, committed 26624K, reserved 1073152K
  class space    used 3456K, capacity 3746K, committed 3840K, reserved 1048576K

Card table byte_map: [0x0000000002820000,0x0000000002e20000] byte_map_base: 0xffffffffff015000

Marking Bits: (ParMarkBitMap*) 0x00000000716d64f0
 Begin Bits: [0x0000000003a20000, 0x00000000069c8000)
 End Bits:   [0x00000000069c8000, 0x0000000009970000)

Polling page: 0x0000000000980000

CodeCache: size=245760Kb used=9852Kb max_used=10215Kb free=235907Kb
 bounds [0x000000000f010000, 0x000000000fa20000, 0x000000001e010000]
 total_blobs=3958 nmethods=3179 adapters=691
 compilation: enabled

Compilation events (10 events):
Event: 12.427 Thread 0x000000000c84c000 3633       4       com.busenzo.administratie.DatabaseKoppeling::getLineData (368 bytes)
Event: 12.430 Thread 0x000000000c854000 3634       3       java.lang.Long::getChars (221 bytes)
Event: 12.431 Thread 0x000000000c854000 nmethod 3634 0x000000000f4378d0 code [0x000000000f437aa0, 0x000000000f438110]
Event: 12.472 Thread 0x000000000c854000 3635       3       java.io.BufferedReader::read1 (171 bytes)
Event: 12.473 Thread 0x000000000c854000 nmethod 3635 0x000000000f81dd50 code [0x000000000f81df20, 0x000000000f81e618]
Event: 12.473 Thread 0x000000000c854000 3636   !   3       java.io.BufferedReader::read (140 bytes)
Event: 12.474 Thread 0x000000000c854000 nmethod 3636 0x000000000f4366d0 code [0x000000000f4368e0, 0x000000000f437328]
Event: 12.478 Thread 0x000000000c854000 3637       3       java.util.HashMap$HashIterator::<init> (79 bytes)
Event: 12.479 Thread 0x000000000c854000 nmethod 3637 0x000000000f6e9190 code [0x000000000f6e9300, 0x000000000f6e96b0]
Event: 12.479 Thread 0x000000000c854000 3638       3       java.time.format.DateTimeFormatterBuilder::parsePattern (1086 bytes)

GC Heap History (8 events):
Event: 2.875 GC heap before
{Heap before GC invocations=1 (full 0):
 PSYoungGen      total 57344K, used 49152K [0x0000000780780000, 0x0000000784780000, 0x00000007c0000000)
  eden space 49152K, 100% used [0x0000000780780000,0x0000000783780000,0x0000000783780000)
  from space 8192K, 0% used [0x0000000783f80000,0x0000000783f80000,0x0000000784780000)
  to   space 8192K, 0% used [0x0000000783780000,0x0000000783780000,0x0000000783f80000)
 ParOldGen       total 131072K, used 0K [0x0000000701600000, 0x0000000709600000, 0x0000000780780000)
  object space 131072K, 0% used [0x0000000701600000,0x0000000701600000,0x0000000709600000)
 Metaspace       used 19058K, capacity 20302K, committed 20480K, reserved 1067008K
  class space    used 2818K, capacity 3058K, committed 3072K, reserved 1048576K
Event: 2.883 GC heap after
Heap after GC invocations=1 (full 0):
 PSYoungGen      total 57344K, used 6354K [0x0000000780780000, 0x0000000784780000, 0x00000007c0000000)
  eden space 49152K, 0% used [0x0000000780780000,0x0000000780780000,0x0000000783780000)
  from space 8192K, 77% used [0x0000000783780000,0x0000000783db4ad0,0x0000000783f80000)
  to   space 8192K, 0% used [0x0000000783f80000,0x0000000783f80000,0x0000000784780000)
 ParOldGen       total 131072K, used 88K [0x0000000701600000, 0x0000000709600000, 0x0000000780780000)
  object space 131072K, 0% used [0x0000000701600000,0x0000000701616010,0x0000000709600000)
 Metaspace       used 19058K, capacity 20302K, committed 20480K, reserved 1067008K
  class space    used 2818K, capacity 3058K, committed 3072K, reserved 1048576K
}
Event: 2.950 GC heap before
{Heap before GC invocations=2 (full 0):
 PSYoungGen      total 57344K, used 8812K [0x0000000780780000, 0x0000000784780000, 0x00000007c0000000)
  eden space 49152K, 5% used [0x0000000780780000,0x00000007809e6758,0x0000000783780000)
  from space 8192K, 77% used [0x0000000783780000,0x0000000783db4ad0,0x0000000783f80000)
  to   space 8192K, 0% used [0x0000000783f80000,0x0000000783f80000,0x0000000784780000)
 ParOldGen       total 131072K, used 88K [0x0000000701600000, 0x0000000709600000, 0x0000000780780000)
  object space 131072K, 0% used [0x0000000701600000,0x0000000701616010,0x0000000709600000)
 Metaspace       used 20003K, capacity 21234K, committed 21296K, reserved 1067008K
  class space    used 2940K, capacity 3174K, committed 3200K, reserved 1048576K
Event: 2.958 GC heap after
Heap after GC invocations=2 (full 0):
 PSYoungGen      total 57344K, used 6416K [0x0000000780780000, 0x0000000787780000, 0x00000007c0000000)
  eden space 49152K, 0% used [0x0000000780780000,0x0000000780780000,0x0000000783780000)
  from space 8192K, 78% used [0x0000000783f80000,0x00000007845c4060,0x0000000784780000)
  to   space 8192K, 0% used [0x0000000783780000,0x0000000783780000,0x0000000783f80000)
 ParOldGen       total 131072K, used 96K [0x0000000701600000, 0x0000000709600000, 0x0000000780780000)
  object space 131072K, 0% used [0x0000000701600000,0x0000000701618010,0x0000000709600000)
 Metaspace       used 20003K, capacity 21234K, committed 21296K, reserved 1067008K
  class space    used 2940K, capacity 3174K, committed 3200K, reserved 1048576K
}
Event: 2.958 GC heap before
{Heap before GC invocations=3 (full 1):
 PSYoungGen      total 57344K, used 6416K [0x0000000780780000, 0x0000000787780000, 0x00000007c0000000)
  eden space 49152K, 0% used [0x0000000780780000,0x0000000780780000,0x0000000783780000)
  from space 8192K, 78% used [0x0000000783f80000,0x00000007845c4060,0x0000000784780000)
  to   space 8192K, 0% used [0x0000000783780000,0x0000000783780000,0x0000000783f80000)
 ParOldGen       total 131072K, used 96K [0x0000000701600000, 0x0000000709600000, 0x0000000780780000)
  object space 131072K, 0% used [0x0000000701600000,0x0000000701618010,0x0000000709600000)
 Metaspace       used 20003K, capacity 21234K, committed 21296K, reserved 1067008K
  class space    used 2940K, capacity 3174K, committed 3200K, reserved 1048576K
Event: 2.992 GC heap after
Heap after GC invocations=3 (full 1):
 PSYoungGen      total 57344K, used 0K [0x0000000780780000, 0x0000000787780000, 0x00000007c0000000)
  eden space 49152K, 0% used [0x0000000780780000,0x0000000780780000,0x0000000783780000)
  from space 8192K, 0% used [0x0000000783f80000,0x0000000783f80000,0x0000000784780000)
  to   space 8192K, 0% used [0x0000000783780000,0x0000000783780000,0x0000000783f80000)
 ParOldGen       total 65024K, used 6274K [0x0000000701600000, 0x0000000705580000, 0x0000000780780000)
  object space 65024K, 9% used [0x0000000701600000,0x0000000701c20880,0x0000000705580000)
 Metaspace       used 20003K, capacity 21234K, committed 21296K, reserved 1067008K
  class space    used 2940K, capacity 3174K, committed 3200K, reserved 1048576K
}
Event: 5.153 GC heap before
{Heap before GC invocations=4 (full 1):
 PSYoungGen      total 57344K, used 49152K [0x0000000780780000, 0x0000000787780000, 0x00000007c0000000)
  eden space 49152K, 100% used [0x0000000780780000,0x0000000783780000,0x0000000783780000)
  from space 8192K, 0% used [0x0000000783f80000,0x0000000783f80000,0x0000000784780000)
  to   space 8192K, 0% used [0x0000000783780000,0x0000000783780000,0x0000000783f80000)
 ParOldGen       total 65024K, used 6274K [0x0000000701600000, 0x0000000705580000, 0x0000000780780000)
  object space 65024K, 9% used [0x0000000701600000,0x0000000701c20880,0x0000000705580000)
 Metaspace       used 23926K, capacity 25236K, committed 25472K, reserved 1071104K
  class space    used 3371K, capacity 3657K, committed 3712K, reserved 1048576K
Event: 5.158 GC heap after
Heap after GC invocations=4 (full 1):
 PSYoungGen      total 57344K, used 8191K [0x0000000780780000, 0x0000000786c00000, 0x00000007c0000000)
  eden space 49152K, 0% used [0x0000000780780000,0x0000000780780000,0x0000000783780000)
  from space 8192K, 99% used [0x0000000783780000,0x0000000783f7fe50,0x0000000783f80000)
  to   space 8192K, 0% used [0x0000000786400000,0x0000000786400000,0x0000000786c00000)
 ParOldGen       total 65024K, used 6282K [0x0000000701600000, 0x0000000705580000, 0x0000000780780000)
  object space 65024K, 9% used [0x0000000701600000,0x0000000701c22880,0x0000000705580000)
 Metaspace       used 23926K, capacity 25236K, committed 25472K, reserved 1071104K
  class space    used 3371K, capacity 3657K, committed 3712K, reserved 1048576K
}

Deoptimization events (10 events):
Event: 5.669 Thread 0x000000000d6b5800 Uncommon trap: reason=unstable_if action=reinterpret pc=0x000000000f908aac method=java.util.concurrent.locks.AbstractQueuedSynchronizer$ConditionObject.doSignal(Ljava/util/concurrent/locks/AbstractQueuedSynchronizer$Node;)V @ 9
Event: 5.751 Thread 0x000000000d6b5800 Uncommon trap: reason=unstable_if action=reinterpret pc=0x000000000f975738 method=com.sun.javafx.iio.png.PNGImageLoader2.decodePalette([BLcom/sun/javafx/iio/ImageMetadata;)Lcom/sun/javafx/iio/ImageFrame; @ 155
Event: 5.886 Thread 0x000000000d6b5800 Uncommon trap: reason=unstable_if action=reinterpret pc=0x000000000f8d7058 method=java.lang.Long.stringSize(J)I @ 11
Event: 5.886 Thread 0x000000000d6b5800 Uncommon trap: reason=unstable_if action=reinterpret pc=0x000000000f8dae70 method=java.lang.Long.getChars(JI[C)V @ 24
Event: 8.386 Thread 0x000000000d6b5800 Uncommon trap: reason=unstable_if action=reinterpret pc=0x000000000f542e7c method=javafx.scene.Node.updateBounds()V @ 116
Event: 8.386 Thread 0x000000000d6b5800 Uncommon trap: reason=unstable_if action=reinterpret pc=0x000000000f542e7c method=javafx.scene.Node.updateBounds()V @ 116
Event: 8.386 Thread 0x000000000d6b5800 Uncommon trap: reason=unstable_if action=reinterpret pc=0x000000000f542e7c method=javafx.scene.Node.updateBounds()V @ 116
Event: 8.386 Thread 0x000000000d6b5800 Uncommon trap: reason=unstable_if action=reinterpret pc=0x000000000f542e7c method=javafx.scene.Node.updateBounds()V @ 116
Event: 8.497 Thread 0x000000000d6b5800 Uncommon trap: reason=unstable_if action=reinterpret pc=0x000000000f68b08c method=javafx.scene.Node.updateBounds()V @ 116
Event: 12.478 Thread 0x000000000dc16000 Uncommon trap: reason=unstable_if action=reinterpret pc=0x000000000f869368 method=java.util.HashMap$HashIterator.<init>(Ljava/util/HashMap;)V @ 45

Internal exceptions (10 events):
Event: 0.883 Thread 0x000000000d6b5800 Implicit null exception at 0x000000000f373619 to 0x000000000f373659
Event: 2.577 Thread 0x000000000d6b5800 Implicit null exception at 0x000000000f47cced to 0x000000000f47cd35
Event: 2.741 Thread 0x000000000d6b5800 Implicit null exception at 0x000000000f539ff1 to 0x000000000f53a635
Event: 2.915 Thread 0x000000000d6b5800 Implicit null exception at 0x000000000f232fd6 to 0x000000000f233311
Event: 3.360 Thread 0x0000000020efa000 Implicit null exception at 0x000000000f763e1d to 0x000000000f763f79
Event: 3.675 Thread 0x000000000d6b5800 Exception <a 'java/io/FileNotFoundException'> (0x0000000781209ea8) thrown at [D:\re\workspace\8-2-build-windows-amd64-cygwin\jdk8u92\6642\hotspot\src\share\vm\prims\jni.cpp, line 709]
Event: 3.677 Thread 0x000000000d6b5800 Exception <a 'java/io/FileNotFoundException'> (0x000000078121c3f0) thrown at [D:\re\workspace\8-2-build-windows-amd64-cygwin\jdk8u92\6642\hotspot\src\share\vm\prims\jni.cpp, line 709]
Event: 3.679 Thread 0x000000000d6b5800 Exception <a 'java/io/FileNotFoundException'> (0x000000078122f6f0) thrown at [D:\re\workspace\8-2-build-windows-amd64-cygwin\jdk8u92\6642\hotspot\src\share\vm\prims\jni.cpp, line 709]
Event: 3.679 Thread 0x000000000d6b5800 Exception <a 'java/io/FileNotFoundException'> (0x0000000781230840) thrown at [D:\re\workspace\8-2-build-windows-amd64-cygwin\jdk8u92\6642\hotspot\src\share\vm\prims\jni.cpp, line 709]
Event: 5.247 Thread 0x000000000d6b5800 Implicit null exception at 0x000000000f8ecd3a to 0x000000000f8ecfa1

Events (10 events):
Event: 12.369 Executing VM operation: RevokeBias
Event: 12.369 Executing VM operation: RevokeBias done
Event: 12.369 Executing VM operation: RevokeBias
Event: 12.369 Executing VM operation: RevokeBias done
Event: 12.395 Thread 0x000000000c854000 flushing nmethod 0x000000000f6e9190
Event: 12.395 Thread 0x000000000c854000 flushing nmethod 0x000000000f6e94d0
Event: 12.427 Thread 0x000000000c854000 flushing nmethod 0x000000000f81dd50
Event: 12.478 Thread 0x000000000dc16000 Uncommon trap: trap_request=0xffffff65 fr.pc=0x000000000f869368
Event: 12.478 Thread 0x000000000dc16000 DEOPT PACKING pc=0x000000000f869368 sp=0x00000000216dea90
Event: 12.478 Thread 0x000000000dc16000 DEOPT UNPACKING pc=0x000000000f05582a sp=0x00000000216dea30 mode 2


Dynamic libraries:
0x00007ff6db2c0000 - 0x00007ff6db2f7000 	C:\Program Files\Java\jdk1.8.0_92\jre\bin\java.exe
0x00007ffb065e0000 - 0x00007ffb067a1000 	C:\WINDOWS\SYSTEM32\ntdll.dll
0x00007ffb03eb0000 - 0x00007ffb03f5d000 	C:\WINDOWS\system32\KERNEL32.DLL
0x00007ffb02e00000 - 0x00007ffb02fe8000 	C:\WINDOWS\system32\KERNELBASE.dll
0x00007ffb060b0000 - 0x00007ffb06157000 	C:\WINDOWS\system32\ADVAPI32.dll
0x00007ffb04880000 - 0x00007ffb0491d000 	C:\WINDOWS\system32\msvcrt.dll
0x00007ffb03e50000 - 0x00007ffb03eab000 	C:\WINDOWS\system32\sechost.dll
0x00007ffb03d30000 - 0x00007ffb03e4c000 	C:\WINDOWS\system32\RPCRT4.dll
0x00007ffb045d0000 - 0x00007ffb04726000 	C:\WINDOWS\system32\USER32.dll
0x00007ffb06270000 - 0x00007ffb063f6000 	C:\WINDOWS\system32\GDI32.dll
0x00007ffafe0c0000 - 0x00007ffafe334000 	C:\WINDOWS\WinSxS\amd64_microsoft.windows.common-controls_6595b64144ccf1df_6.0.10586.0_none_8c15ae12515e1c22\COMCTL32.dll
0x00007ffb039e0000 - 0x00007ffb03c5d000 	C:\WINDOWS\system32\combase.dll
0x00007ffb03010000 - 0x00007ffb0307a000 	C:\WINDOWS\system32\bcryptPrimitives.dll
0x00007ffb04730000 - 0x00007ffb0476b000 	C:\WINDOWS\system32\IMM32.DLL
0x00007ffb02af0000 - 0x00007ffb02b21000 	C:\Windows\system32\nvinitx.dll
0x00007ffb02ae0000 - 0x00007ffb02aea000 	C:\WINDOWS\SYSTEM32\VERSION.dll
0x000000000f000000 - 0x000000000f006000 	C:\Program Files\NVIDIA Corporation\CoProcManager\_etoured.dll
0x00007ffb00eb0000 - 0x00007ffb00ee2000 	C:\Program Files\NVIDIA Corporation\CoProcManager\nvd3d9wrapx.dll
0x00007ffb04120000 - 0x00007ffb04549000 	C:\WINDOWS\system32\SETUPAPI.dll
0x00007ffb02d50000 - 0x00007ffb02d93000 	C:\WINDOWS\system32\CFGMGR32.dll
0x00007ffb00e80000 - 0x00007ffb00ea2000 	C:\Program Files\NVIDIA Corporation\CoProcManager\nvdxgiwrapx.dll
0x0000000070de0000 - 0x0000000070eb2000 	C:\Program Files\Java\jdk1.8.0_92\jre\bin\msvcr100.dll
0x0000000070ec0000 - 0x0000000071756000 	C:\Program Files\Java\jdk1.8.0_92\jre\bin\server\jvm.dll
0x00007ffb06480000 - 0x00007ffb06488000 	C:\WINDOWS\system32\PSAPI.DLL
0x00007ffb00e30000 - 0x00007ffb00e53000 	C:\WINDOWS\SYSTEM32\WINMM.dll
0x00007ffafea90000 - 0x00007ffafea99000 	C:\WINDOWS\SYSTEM32\WSOCK32.dll
0x00007ffb06400000 - 0x00007ffb0646b000 	C:\WINDOWS\system32\WS2_32.dll
0x0000000000910000 - 0x000000000093c000 	C:\WINDOWS\SYSTEM32\WINMMBASE.dll
0x0000000070d90000 - 0x0000000070d9f000 	C:\Program Files\Java\jdk1.8.0_92\jre\bin\verify.dll
0x0000000070d60000 - 0x0000000070d89000 	C:\Program Files\Java\jdk1.8.0_92\jre\bin\java.dll
0x0000000070d40000 - 0x0000000070d56000 	C:\Program Files\Java\jdk1.8.0_92\jre\bin\zip.dll
0x00007ffb04980000 - 0x00007ffb05edc000 	C:\WINDOWS\system32\SHELL32.dll
0x00007ffb032e0000 - 0x00007ffb03924000 	C:\WINDOWS\system32\windows.storage.dll
0x00007ffb04820000 - 0x00007ffb04872000 	C:\WINDOWS\system32\shlwapi.dll
0x00007ffb02c60000 - 0x00007ffb02c6f000 	C:\WINDOWS\system32\kernel.appcore.dll
0x00007ffb02c90000 - 0x00007ffb02d45000 	C:\WINDOWS\system32\shcore.dll
0x00007ffb02c10000 - 0x00007ffb02c5b000 	C:\WINDOWS\system32\powrprof.dll
0x00007ffb02c70000 - 0x00007ffb02c84000 	C:\WINDOWS\system32\profapi.dll
0x00007ffae64e0000 - 0x00007ffae65cf000 	C:\Program Files\Java\jdk1.8.0_92\jre\bin\msvcr120.dll
0x00007ffaf0190000 - 0x00007ffaf0236000 	C:\Program Files\Java\jdk1.8.0_92\jre\bin\msvcp120.dll
0x0000000070a50000 - 0x0000000070a72000 	C:\Program Files\Java\jdk1.8.0_92\jre\bin\prism_d3d.dll
0x00007ffaf5120000 - 0x00007ffaf5330000 	C:\WINDOWS\system32\d3d9.dll
0x00007ffb001a0000 - 0x00007ffb001c2000 	C:\WINDOWS\SYSTEM32\dwmapi.dll
0x00007ffb01680000 - 0x00007ffb016a7000 	C:\WINDOWS\SYSTEM32\DEVOBJ.dll
0x00000000022a0000 - 0x00000000022f5000 	C:\WINDOWS\system32\WINTRUST.dll
0x00007ffb02c00000 - 0x00007ffb02c10000 	C:\WINDOWS\system32\MSASN1.dll
0x00007ffb03080000 - 0x00007ffb03248000 	C:\WINDOWS\system32\CRYPT32.dll
0x00007ffb01530000 - 0x00007ffb015c6000 	C:\WINDOWS\system32\uxtheme.dll
0x00007ffafd400000 - 0x00007ffafd525000 	C:\WINDOWS\SYSTEM32\nvumdshimx.dll
0x00007ffadde40000 - 0x00007ffadea60000 	C:\WINDOWS\system32\igdumd64.dll
0x0000000070a00000 - 0x0000000070a43000 	C:\Program Files\Java\jdk1.8.0_92\jre\bin\glass.dll
0x00007ffb06160000 - 0x00007ffb0626b000 	C:\WINDOWS\system32\COMDLG32.dll
0x00007ffb03250000 - 0x00007ffb032d6000 	C:\WINDOWS\system32\FirewallAPI.dll
0x00007ffb02ff0000 - 0x00007ffb03007000 	C:\WINDOWS\system32\NETAPI32.dll
0x00007ffb06490000 - 0x00007ffb065d3000 	C:\WINDOWS\system32\ole32.dll
0x00007ffb03c60000 - 0x00007ffb03d21000 	C:\WINDOWS\system32\OLEAUT32.dll
0x00007ffb00d70000 - 0x00007ffb00d7c000 	C:\WINDOWS\SYSTEM32\DAVHLPR.DLL
0x00007ffb01930000 - 0x00007ffb01962000 	C:\WINDOWS\SYSTEM32\fwbase.dll
0x00007ffb03f60000 - 0x00007ffb040ba000 	C:\WINDOWS\system32\MSCTF.dll
0x000000006e460000 - 0x00000000709f1000 	C:\Program Files\Java\jdk1.8.0_92\jre\bin\jfxwebkit.dll
0x00007ffb02530000 - 0x00007ffb02547000 	C:\WINDOWS\SYSTEM32\CRYPTSP.dll
0x00007ffb021c0000 - 0x00007ffb021f4000 	C:\WINDOWS\system32\rsaenh.dll
0x00007ffb02b30000 - 0x00007ffb02b59000 	C:\WINDOWS\SYSTEM32\bcrypt.dll
0x00007ffb02650000 - 0x00007ffb0265b000 	C:\WINDOWS\SYSTEM32\CRYPTBASE.dll
0x0000000070d20000 - 0x0000000070d3a000 	C:\Program Files\Java\jdk1.8.0_92\jre\bin\net.dll
0x00007ffb02480000 - 0x00007ffb024dc000 	C:\WINDOWS\system32\mswsock.dll
0x0000000070d00000 - 0x0000000070d11000 	C:\Program Files\Java\jdk1.8.0_92\jre\bin\nio.dll
0x000000006e440000 - 0x000000006e454000 	C:\Program Files\Java\jdk1.8.0_92\jre\bin\javafx_font.dll
0x00007ffaf84e0000 - 0x00007ffaf8740000 	C:\WINDOWS\SYSTEM32\dwrite.dll
0x00007ffb04770000 - 0x00007ffb04817000 	C:\WINDOWS\system32\clbcatq.dll
0x00007ffafc1c0000 - 0x00007ffafc371000 	C:\WINDOWS\SYSTEM32\WindowsCodecs.dll
0x00007ffaf6840000 - 0x00007ffaf688a000 	C:\WINDOWS\system32\dataexchange.dll
0x00007ffaffee0000 - 0x00007ffb00188000 	C:\WINDOWS\system32\d3d11.dll
0x00007ffb00fb0000 - 0x00007ffb01093000 	C:\WINDOWS\system32\dcomp.dll
0x00007ffaffe30000 - 0x00007ffaffed2000 	C:\WINDOWS\system32\dxgi.dll
0x00007ffb016d0000 - 0x00007ffb017d0000 	C:\WINDOWS\system32\twinapi.appcore.dll
0x00007ffaf76e0000 - 0x00007ffaf7714000 	C:\Program Files\Common Files\Microsoft Shared\Ink\rtscom.dll
0x000000006e410000 - 0x000000006e434000 	C:\Program Files\Java\jdk1.8.0_92\jre\bin\sunec.dll
0x000000006e3f0000 - 0x000000006e401000 	C:\Program Files\Java\jdk1.8.0_92\jre\bin\prism_common.dll
0x00007ffb02310000 - 0x00007ffb0232f000 	C:\WINDOWS\SYSTEM32\USERENV.dll
0x00007ffaff390000 - 0x00007ffaff3c8000 	C:\WINDOWS\SYSTEM32\IPHLPAPI.DLL
0x00007ffb06470000 - 0x00007ffb06478000 	C:\WINDOWS\system32\NSI.dll
0x00007ffafabd0000 - 0x00007ffafabe6000 	C:\WINDOWS\SYSTEM32\dhcpcsvc6.DLL
0x00007ffafab60000 - 0x00007ffafab7a000 	C:\WINDOWS\SYSTEM32\dhcpcsvc.DLL
0x000000006e3e0000 - 0x000000006e3eb000 	C:\Program Files\Java\jdk1.8.0_92\jre\bin\sunmscapi.dll
0x00007ffaf16f0000 - 0x00007ffaf1706000 	C:\WINDOWS\system32\napinsp.dll
0x00007ffaf2bc0000 - 0x00007ffaf2bda000 	C:\WINDOWS\system32\pnrpnsp.dll
0x00007ffb00aa0000 - 0x00007ffb00ab8000 	C:\WINDOWS\system32\NLAapi.dll
0x00007ffb015d0000 - 0x00007ffb0167a000 	C:\WINDOWS\SYSTEM32\DNSAPI.dll
0x00007ffaf57f0000 - 0x00007ffaf57fd000 	C:\WINDOWS\System32\winrnr.dll
0x00007ffafeb50000 - 0x00007ffafeb65000 	C:\WINDOWS\System32\wshbth.dll
0x00007ffaf67f0000 - 0x00007ffaf67fa000 	C:\Windows\System32\rasadhlp.dll
0x00007ffafac40000 - 0x00007ffafaca7000 	C:\WINDOWS\System32\fwpuclnt.dll
0x00007ffae4bd0000 - 0x00007ffae4d5c000 	C:\WINDOWS\SYSTEM32\dbghelp.dll

VM Arguments:
jvm_args: -Dfile.encoding=UTF-8 
java_command: com.busenzo.gui.BusTracker
java_class_path (initial): C:\Users\Jean Paul\Documents\NetBeansProjects\busTracking\Bus-Tracker\GMapsFX-2.0.5-SNAPSHOT.jar;C:\Program Files\NetBeans 8.1\platform\modules\ext\junit-4.12.jar;C:\Users\Jean Paul\Documents\NetBeansProjects\busTracking\Bus-Tracker\json-simple-1.1.1.jar;C:\Users\Jean Paul\Documents\NetBeansProjects\busTracking\Bus-Tracker\build\classes
Launcher Type: SUN_STANDARD

Environment Variables:
PATH=C:\ProgramData\Oracle\Java\javapath;C:\app\JeanPaul\product\12.1.0\dbhome_2\bin;C:\app\jeanpaul\product\12.1.0\dbhome_1\bin;C:\Program Files (x86)\NVIDIA Corporation\PhysX\Common;C:\WINDOWS\system32;C:\WINDOWS;C:\WINDOWS\System32\Wbem;C:\WINDOWS\System32\WindowsPowerShell\v1.0\;C:\Program Files (x86)\Windows Kits\8.1\Windows Performance Toolkit\;C:\Program Files\Microsoft SQL Server\110\Tools\Binn\;C:\Users\Jean Paul\.dnx\bin;C:\Program Files\Microsoft DNX\Dnvm\;C:\Program Files\Microsoft SQL Server\120\Tools\Binn\;C:\Program Files\Microsoft\Web Platform Installer\;C:\Program Files (x86)\Windows Live\Shared;C:\Program Files (x86)\Bitvise SSH Client;C:\Program Files (x86)\GNU\GnuPG\pub;C:\Program Files (x86)\Skype\Phone\;C:\Go\bin;C:\Users\Jean Paul\.dnx\bin;C:\Users\Jean Paul\AppData\Local\atom\bin
USERNAME=Jean Paul
OS=Windows_NT
PROCESSOR_IDENTIFIER=Intel64 Family 6 Model 42 Stepping 7, GenuineIntel



---------------  S Y S T E M  ---------------

OS: Windows 10.0 , 64 bit Build 10586 (10.0.10586.0)

CPU:total 8 (4 cores per cpu, 2 threads per core) family 6 model 42 stepping 7, cmov, cx8, fxsr, mmx, sse, sse2, sse3, ssse3, sse4.1, sse4.2, popcnt, avx, aes, clmul, ht, tsc, tscinvbit

Memory: 4k page, physical 12492496k(7791636k free), swap 14393040k(9237368k free)

vm_info: Java HotSpot(TM) 64-Bit Server VM (25.92-b14) for windows-amd64 JRE (1.8.0_92-b14), built on Mar 31 2016 21:03:04 by "java_re" with MS VC++ 10.0 (VS2010)

time: Wed May 25 11:35:30 2016
elapsed time: 12 seconds (0d 0h 0m 12s)

