#
# A fatal error has been detected by the Java Runtime Environment:
#
#  EXCEPTION_ACCESS_VIOLATION (0xc0000005) at pc=0x000000006eff6d89, pid=10216, tid=0x00000000000022d4
#
# JRE version: Java(TM) SE Runtime Environment (8.0_92-b14) (build 1.8.0_92-b14)
# Java VM: Java HotSpot(TM) 64-Bit Server VM (25.92-b14 mixed mode windows-amd64 compressed oops)
# Problematic frame:
# C  [jfxwebkit.dll+0xb96d89]
#
# Failed to write core dump. Minidumps are not enabled by default on client versions of Windows
#
# If you would like to submit a bug report, please visit:
#   http://bugreport.java.com/bugreport/crash.jsp
# The crash happened outside the Java Virtual Machine in native code.
# See problematic frame for where to report the bug.
#

---------------  T H R E A D  ---------------

Current thread (0x000000000db90800):  JavaThread "pool-3-thread-1" [_thread_in_native, id=8916, stack(0x00000000214c0000,0x00000000215c0000)]

siginfo: ExceptionCode=0xc0000005, writing address 0x00000000bbadbeef

Registers:
RAX=0x0000000000000000, RBX=0x000000002a7bb040, RCX=0x9cbbc52e4a5f0000, RDX=0x0000000000000002
RSP=0x00000000215bd770, RBP=0x0000000000000000, RSI=0x000000001f109f70, RDI=0x00000000215bd840
R8 =0x00000000215bd270, R9 =0x00007ffae6610000, R10=0x0000000000000000, R11=0x0000000000000200
R12=0x0000000000000002, R13=0x0000000000000000, R14=0x0000000000000001, R15=0x000000007fffffff
RIP=0x000000006eff6d89, EFLAGS=0x0000000000010246

Top of Stack: (sp=0x00000000215bd770)
0x00000000215bd770:   0000000000000000 0000000000000090
0x00000000215bd780:   0000000000000009 00007ffb06605bd4
0x00000000215bd790:   000000002a7bb040 000000006f0af743
0x00000000215bd7a0:   0000000000000080 0000000000000000
0x00000000215bd7b0:   0000000000000014 000000002a0984c0
0x00000000215bd7c0:   fffffffffffffffe 00000000001802e4
0x00000000215bd7d0:   0000000000000000 0000000000000000
0x00000000215bd7e0:   000000001fdef8c0 0000000000000000
0x00000000215bd7f0:   0000000000000000 000000006f02c424
0x00000000215bd800:   000000001f0b4cb0 00000000215bd9e0
0x00000000215bd810:   0000000000000000 00007ffae6676a57
0x00000000215bd820:   0000000000000002 000000006f0b20fd
0x00000000215bd830:   0000000000000011 0000000000000000
0x00000000215bd840:   0000000000000000 000000006efd7bac
0x00000000215bd850:   000000000000000a fffffffffffffffe
0x00000000215bd860:   000000002a398870 000000006f002dd7 

Instructions: (pc=0x000000006eff6d89)
0x000000006eff6d69:   83 c4 20 5b c3 cc cc 48 83 ec 28 48 8b 05 e5 b7
0x000000006eff6d79:   8c 01 48 85 c0 74 02 ff d0 e8 a9 07 00 00 33 c0
0x000000006eff6d89:   a3 ef be ad bb 00 00 00 00 48 83 c4 28 48 ff e0
0x000000006eff6d99:   cc cc cc cc cc cc cc 48 83 ec 28 48 8b 05 b5 b7 


Register to memory mapping:

RAX=0x0000000000000000 is an unknown value
RBX=0x000000002a7bb040 is an unknown value
RCX=0x9cbbc52e4a5f0000 is an unknown value
RDX=0x0000000000000002 is an unknown value
RSP=0x00000000215bd770 is pointing into the stack for thread: 0x000000000db90800
RBP=0x0000000000000000 is an unknown value
RSI=0x000000001f109f70 is an unknown value
RDI=0x00000000215bd840 is pointing into the stack for thread: 0x000000000db90800
R8 =0x00000000215bd270 is pointing into the stack for thread: 0x000000000db90800
R9 =0x00007ffae6610000 is an unknown value
R10=0x0000000000000000 is an unknown value
R11=0x0000000000000200 is an unknown value
R12=0x0000000000000002 is an unknown value
R13=0x0000000000000000 is an unknown value
R14=0x0000000000000001 is an unknown value
R15=0x000000007fffffff is an unknown value


Stack: [0x00000000214c0000,0x00000000215c0000],  sp=0x00000000215bd770,  free space=1013k
Native frames: (J=compiled Java code, j=interpreted, Vv=VM code, C=native code)

Java frames: (J=compiled Java code, j=interpreted, Vv=VM code)
J 2804  com.sun.webkit.dom.JSObject.callImpl(JILjava/lang/String;[Ljava/lang/Object;Ljava/security/AccessControlContext;)Ljava/lang/Object; (0 bytes) @ 0x000000000f9029d2 [0x000000000f902940+0x92]
J 2803 C1 com.sun.webkit.dom.JSObject.call(Ljava/lang/String;[Ljava/lang/Object;)Ljava/lang/Object; (17 bytes) @ 0x000000000f906b6c [0x000000000f906880+0x2ec]
J 2802 C1 com.lynden.gmapsfx.javascript.JavascriptObject.invokeJavascript(Ljava/lang/String;[Ljava/lang/Object;)Ljava/lang/Object; (101 bytes) @ 0x000000000f907d0c [0x000000000f9071a0+0xb6c]
J 2863 C1 com.lynden.gmapsfx.javascript.object.Marker.setMap(Lcom/lynden/gmapsfx/javascript/object/GoogleMap;)V (16 bytes) @ 0x000000000f92b16c [0x000000000f92aec0+0x2ac]
j  com.lynden.gmapsfx.javascript.object.GoogleMap.removeMarker(Lcom/lynden/gmapsfx/javascript/object/Marker;)V+2
j  com.busenzo.gui.FXMLDocumentController.clearBusMarkers()V+89
j  com.busenzo.gui.FXMLDocumentController.reloadData()V+24
j  com.busenzo.gui.FXMLDocumentController$1.run()V+4
j  java.util.concurrent.Executors$RunnableAdapter.call()Ljava/lang/Object;+4
j  java.util.concurrent.FutureTask.runAndReset()Z+47
j  java.util.concurrent.ScheduledThreadPoolExecutor$ScheduledFutureTask.access$301(Ljava/util/concurrent/ScheduledThreadPoolExecutor$ScheduledFutureTask;)Z+1
j  java.util.concurrent.ScheduledThreadPoolExecutor$ScheduledFutureTask.run()V+37
j  java.util.concurrent.ThreadPoolExecutor.runWorker(Ljava/util/concurrent/ThreadPoolExecutor$Worker;)V+95
j  java.util.concurrent.ThreadPoolExecutor$Worker.run()V+5
j  java.lang.Thread.run()V+11
v  ~StubRoutines::call_stub

---------------  P R O C E S S  ---------------

Java Threads: ( => current thread )
  0x00000000208a2000 JavaThread "Keep-Alive-Timer" daemon [_thread_blocked, id=9248, stack(0x0000000031410000,0x0000000031510000)]
  0x00000000208a0800 JavaThread "Watchdog-Timer-1" daemon [_thread_blocked, id=10008, stack(0x0000000027cb0000,0x0000000027db0000)]
  0x000000000dc93800 JavaThread "Prism Font Disposer" daemon [_thread_blocked, id=9584, stack(0x0000000022e80000,0x0000000022f80000)]
=>0x000000000db90800 JavaThread "pool-3-thread-1" [_thread_in_native, id=8916, stack(0x00000000214c0000,0x00000000215c0000)]
  0x000000000d88e000 JavaThread "Disposer" daemon [_thread_blocked, id=9708, stack(0x000000001fdf0000,0x000000001fef0000)]
  0x000000000d764000 JavaThread "Thread-3" daemon [_thread_in_native, id=9980, stack(0x000000001f1b0000,0x000000001f2b0000)]
  0x000000000d76a000 JavaThread "JavaFX-Launcher" [_thread_blocked, id=6500, stack(0x000000001f2b0000,0x000000001f3b0000)]
  0x000000000d6e4000 JavaThread "JavaFX Application Thread" [_thread_in_native, id=9968, stack(0x000000000e290000,0x000000000e390000)]
  0x000000000d6df800 JavaThread "Thread-1" daemon [_thread_blocked, id=9888, stack(0x000000000e190000,0x000000000e290000)]
  0x000000000d6bb000 JavaThread "QuantumRenderer-0" daemon [_thread_blocked, id=4696, stack(0x000000000de50000,0x000000000df50000)]
  0x000000000c914000 JavaThread "Service Thread" daemon [_thread_blocked, id=6188, stack(0x000000000d450000,0x000000000d550000)]
  0x000000000c884000 JavaThread "C1 CompilerThread3" daemon [_thread_blocked, id=9400, stack(0x000000000d350000,0x000000000d450000)]
  0x000000000c881000 JavaThread "C2 CompilerThread2" daemon [_thread_blocked, id=9396, stack(0x000000000d250000,0x000000000d350000)]
  0x000000000c87c000 JavaThread "C2 CompilerThread1" daemon [_thread_blocked, id=9404, stack(0x000000000d150000,0x000000000d250000)]
  0x000000000c879000 JavaThread "C2 CompilerThread0" daemon [_thread_blocked, id=9328, stack(0x000000000d050000,0x000000000d150000)]
  0x000000000c878000 JavaThread "Attach Listener" daemon [_thread_blocked, id=9324, stack(0x000000000cf50000,0x000000000d050000)]
  0x000000000c875000 JavaThread "Signal Dispatcher" daemon [_thread_blocked, id=9816, stack(0x000000000ce50000,0x000000000cf50000)]
  0x000000000248d800 JavaThread "Finalizer" daemon [_thread_blocked, id=9632, stack(0x000000000cc50000,0x000000000cd50000)]
  0x0000000002484800 JavaThread "Reference Handler" daemon [_thread_blocked, id=9812, stack(0x000000000c750000,0x000000000c850000)]
  0x0000000002390800 JavaThread "main" [_thread_blocked, id=9636, stack(0x0000000002290000,0x0000000002390000)]

Other Threads:
  0x000000000a989800 VMThread [stack: 0x000000000c650000,0x000000000c750000] [id=9924]
  0x000000000c92e000 WatcherThread [stack: 0x000000000d550000,0x000000000d650000] [id=7396]

VM state:not at safepoint (normal execution)

VM Mutex/Monitor currently owned by a thread: None

Heap:
 PSYoungGen      total 82432K, used 12174K [0x0000000780780000, 0x0000000786380000, 0x00000007c0000000)
  eden space 74240K, 5% used [0x0000000780780000,0x0000000780b69c60,0x0000000785000000)
  from space 8192K, 99% used [0x0000000785b80000,0x0000000786379bb0,0x0000000786380000)
  to   space 8192K, 0% used [0x0000000785380000,0x0000000785380000,0x0000000785b80000)
 ParOldGen       total 72192K, used 13390K [0x0000000701600000, 0x0000000705c80000, 0x0000000780780000)
  object space 72192K, 18% used [0x0000000701600000,0x0000000702313930,0x0000000705c80000)
 Metaspace       used 25417K, capacity 26836K, committed 27136K, reserved 1073152K
  class space    used 3476K, capacity 3753K, committed 3840K, reserved 1048576K

Card table byte_map: [0x0000000002850000,0x0000000002e50000] byte_map_base: 0xffffffffff045000

Marking Bits: (ParMarkBitMap*) 0x00000000716d64f0
 Begin Bits: [0x0000000003a50000, 0x00000000069f8000)
 End Bits:   [0x00000000069f8000, 0x00000000099a0000)

Polling page: 0x0000000000590000

CodeCache: size=245760Kb used=11095Kb max_used=11139Kb free=234664Kb
 bounds [0x000000000f010000, 0x000000000fb10000, 0x000000001e010000]
 total_blobs=4282 nmethods=3502 adapters=691
 compilation: enabled

Compilation events (10 events):
Event: 122.773 Thread 0x000000000c884000 4016   !   3       java.time.format.Parsed::crossCheck (173 bytes)
Event: 122.774 Thread 0x000000000c884000 nmethod 4016 0x000000000f60b5d0 code [0x000000000f60b9c0, 0x000000000f60de18]
Event: 122.774 Thread 0x000000000c884000 4017       3       java.time.LocalDate::from (68 bytes)
Event: 122.775 Thread 0x000000000c884000 nmethod 4017 0x000000000faf5390 code [0x000000000faf5620, 0x000000000faf6818]
Event: 122.775 Thread 0x000000000c884000 4014       3       java.lang.invoke.LambdaForm$MH/1096979270::linkToTargetMethod (8 bytes)
Event: 122.775 Thread 0x000000000c884000 nmethod 4014 0x000000000f52a6d0 code [0x000000000f52a840, 0x000000000f52ab98]
Event: 122.775 Thread 0x000000000c884000 4015       3       java.lang.invoke.LambdaForm$MH/990368553::identity_L (8 bytes)
Event: 122.775 Thread 0x000000000c884000 nmethod 4015 0x000000000f905250 code [0x000000000f9053c0, 0x000000000f905630]
Event: 122.775 Thread 0x000000000c884000 4018       1       com.busenzo.domein.Rit::getVerwachteAankomstTijd (5 bytes)
Event: 122.775 Thread 0x000000000c884000 nmethod 4018 0x000000000f27ded0 code [0x000000000f27e020, 0x000000000f27e130]

GC Heap History (10 events):
Event: 1.646 GC heap before
{Heap before GC invocations=1 (full 0):
 PSYoungGen      total 57344K, used 49152K [0x0000000780780000, 0x0000000784780000, 0x00000007c0000000)
  eden space 49152K, 100% used [0x0000000780780000,0x0000000783780000,0x0000000783780000)
  from space 8192K, 0% used [0x0000000783f80000,0x0000000783f80000,0x0000000784780000)
  to   space 8192K, 0% used [0x0000000783780000,0x0000000783780000,0x0000000783f80000)
 ParOldGen       total 131072K, used 0K [0x0000000701600000, 0x0000000709600000, 0x0000000780780000)
  object space 131072K, 0% used [0x0000000701600000,0x0000000701600000,0x0000000709600000)
 Metaspace       used 19056K, capacity 20296K, committed 20480K, reserved 1067008K
  class space    used 2817K, capacity 3051K, committed 3072K, reserved 1048576K
Event: 1.654 GC heap after
Heap after GC invocations=1 (full 0):
 PSYoungGen      total 57344K, used 6386K [0x0000000780780000, 0x0000000784780000, 0x00000007c0000000)
  eden space 49152K, 0% used [0x0000000780780000,0x0000000780780000,0x0000000783780000)
  from space 8192K, 77% used [0x0000000783780000,0x0000000783dbcad0,0x0000000783f80000)
  to   space 8192K, 0% used [0x0000000783f80000,0x0000000783f80000,0x0000000784780000)
 ParOldGen       total 131072K, used 88K [0x0000000701600000, 0x0000000709600000, 0x0000000780780000)
  object space 131072K, 0% used [0x0000000701600000,0x0000000701616010,0x0000000709600000)
 Metaspace       used 19056K, capacity 20296K, committed 20480K, reserved 1067008K
  class space    used 2817K, capacity 3051K, committed 3072K, reserved 1048576K
}
Event: 1.730 GC heap before
{Heap before GC invocations=2 (full 0):
 PSYoungGen      total 57344K, used 9705K [0x0000000780780000, 0x0000000784780000, 0x00000007c0000000)
  eden space 49152K, 6% used [0x0000000780780000,0x0000000780abdcc0,0x0000000783780000)
  from space 8192K, 77% used [0x0000000783780000,0x0000000783dbcad0,0x0000000783f80000)
  to   space 8192K, 0% used [0x0000000783f80000,0x0000000783f80000,0x0000000784780000)
 ParOldGen       total 131072K, used 88K [0x0000000701600000, 0x0000000709600000, 0x0000000780780000)
  object space 131072K, 0% used [0x0000000701600000,0x0000000701616010,0x0000000709600000)
 Metaspace       used 20025K, capacity 21254K, committed 21296K, reserved 1067008K
  class space    used 2944K, capacity 3176K, committed 3200K, reserved 1048576K
Event: 1.737 GC heap after
Heap after GC invocations=2 (full 0):
 PSYoungGen      total 57344K, used 6338K [0x0000000780780000, 0x0000000787780000, 0x00000007c0000000)
  eden space 49152K, 0% used [0x0000000780780000,0x0000000780780000,0x0000000783780000)
  from space 8192K, 77% used [0x0000000783f80000,0x00000007845b0ae0,0x0000000784780000)
  to   space 8192K, 0% used [0x0000000783780000,0x0000000783780000,0x0000000783f80000)
 ParOldGen       total 131072K, used 96K [0x0000000701600000, 0x0000000709600000, 0x0000000780780000)
  object space 131072K, 0% used [0x0000000701600000,0x0000000701618010,0x0000000709600000)
 Metaspace       used 20025K, capacity 21254K, committed 21296K, reserved 1067008K
  class space    used 2944K, capacity 3176K, committed 3200K, reserved 1048576K
}
Event: 1.737 GC heap before
{Heap before GC invocations=3 (full 1):
 PSYoungGen      total 57344K, used 6338K [0x0000000780780000, 0x0000000787780000, 0x00000007c0000000)
  eden space 49152K, 0% used [0x0000000780780000,0x0000000780780000,0x0000000783780000)
  from space 8192K, 77% used [0x0000000783f80000,0x00000007845b0ae0,0x0000000784780000)
  to   space 8192K, 0% used [0x0000000783780000,0x0000000783780000,0x0000000783f80000)
 ParOldGen       total 131072K, used 96K [0x0000000701600000, 0x0000000709600000, 0x0000000780780000)
  object space 131072K, 0% used [0x0000000701600000,0x0000000701618010,0x0000000709600000)
 Metaspace       used 20025K, capacity 21254K, committed 21296K, reserved 1067008K
  class space    used 2944K, capacity 3176K, committed 3200K, reserved 1048576K
Event: 1.774 GC heap after
Heap after GC invocations=3 (full 1):
 PSYoungGen      total 57344K, used 0K [0x0000000780780000, 0x0000000787780000, 0x00000007c0000000)
  eden space 49152K, 0% used [0x0000000780780000,0x0000000780780000,0x0000000783780000)
  from space 8192K, 0% used [0x0000000783f80000,0x0000000783f80000,0x0000000784780000)
  to   space 8192K, 0% used [0x0000000783780000,0x0000000783780000,0x0000000783f80000)
 ParOldGen       total 72192K, used 6280K [0x0000000701600000, 0x0000000705c80000, 0x0000000780780000)
  object space 72192K, 8% used [0x0000000701600000,0x0000000701c22110,0x0000000705c80000)
 Metaspace       used 20025K, capacity 21254K, committed 21296K, reserved 1067008K
  class space    used 2944K, capacity 3176K, committed 3200K, reserved 1048576K
}
Event: 3.870 GC heap before
{Heap before GC invocations=4 (full 1):
 PSYoungGen      total 57344K, used 49152K [0x0000000780780000, 0x0000000787780000, 0x00000007c0000000)
  eden space 49152K, 100% used [0x0000000780780000,0x0000000783780000,0x0000000783780000)
  from space 8192K, 0% used [0x0000000783f80000,0x0000000783f80000,0x0000000784780000)
  to   space 8192K, 0% used [0x0000000783780000,0x0000000783780000,0x0000000783f80000)
 ParOldGen       total 72192K, used 6280K [0x0000000701600000, 0x0000000705c80000, 0x0000000780780000)
  object space 72192K, 8% used [0x0000000701600000,0x0000000701c22110,0x0000000705c80000)
 Metaspace       used 23996K, capacity 25308K, committed 25472K, reserved 1071104K
  class space    used 3372K, capacity 3657K, committed 3712K, reserved 1048576K
Event: 3.875 GC heap after
Heap after GC invocations=4 (full 1):
 PSYoungGen      total 57344K, used 8189K [0x0000000780780000, 0x0000000786380000, 0x00000007c0000000)
  eden space 49152K, 0% used [0x0000000780780000,0x0000000780780000,0x0000000783780000)
  from space 8192K, 99% used [0x0000000783780000,0x0000000783f7f568,0x0000000783f80000)
  to   space 8192K, 0% used [0x0000000785b80000,0x0000000785b80000,0x0000000786380000)
 ParOldGen       total 72192K, used 6356K [0x0000000701600000, 0x0000000705c80000, 0x0000000780780000)
  object space 72192K, 8% used [0x0000000701600000,0x0000000701c351a0,0x0000000705c80000)
 Metaspace       used 23996K, capacity 25308K, committed 25472K, reserved 1071104K
  class space    used 3372K, capacity 3657K, committed 3712K, reserved 1048576K
}
Event: 121.200 GC heap before
{Heap before GC invocations=5 (full 1):
 PSYoungGen      total 57344K, used 57341K [0x0000000780780000, 0x0000000786380000, 0x00000007c0000000)
  eden space 49152K, 100% used [0x0000000780780000,0x0000000783780000,0x0000000783780000)
  from space 8192K, 99% used [0x0000000783780000,0x0000000783f7f568,0x0000000783f80000)
  to   space 8192K, 0% used [0x0000000785b80000,0x0000000785b80000,0x0000000786380000)
 ParOldGen       total 72192K, used 6356K [0x0000000701600000, 0x0000000705c80000, 0x0000000780780000)
  object space 72192K, 8% used [0x0000000701600000,0x0000000701c351a0,0x0000000705c80000)
 Metaspace       used 25408K, capacity 26836K, committed 27136K, reserved 1073152K
  class space    used 3476K, capacity 3753K, committed 3840K, reserved 1048576K
Event: 121.208 GC heap after
Heap after GC invocations=5 (full 1):
 PSYoungGen      total 82432K, used 8166K [0x0000000780780000, 0x0000000786380000, 0x00000007c0000000)
  eden space 74240K, 0% used [0x0000000780780000,0x0000000780780000,0x0000000785000000)
  from space 8192K, 99% used [0x0000000785b80000,0x0000000786379bb0,0x0000000786380000)
  to   space 8192K, 0% used [0x0000000785380000,0x0000000785380000,0x0000000785b80000)
 ParOldGen       total 72192K, used 13390K [0x0000000701600000, 0x0000000705c80000, 0x0000000780780000)
  object space 72192K, 18% used [0x0000000701600000,0x0000000702313930,0x0000000705c80000)
 Metaspace       used 25408K, capacity 26836K, committed 27136K, reserved 1073152K
  class space    used 3476K, capacity 3753K, committed 3840K, reserved 1048576K
}

Deoptimization events (10 events):
Event: 5.610 Thread 0x0000000020e2a800 Uncommon trap: reason=unstable_if action=reinterpret pc=0x000000000f948ea8 method=java.util.concurrent.locks.AbstractQueuedSynchronizer$ConditionObject.awaitNanos(J)J @ 53
Event: 5.610 Thread 0x0000000020e2b800 Uncommon trap: reason=unstable_if action=reinterpret pc=0x000000000f948ea8 method=java.util.concurrent.locks.AbstractQueuedSynchronizer$ConditionObject.awaitNanos(J)J @ 53
Event: 5.765 Thread 0x0000000020e2c000 Uncommon trap: reason=unstable_if action=reinterpret pc=0x000000000f948ea8 method=java.util.concurrent.locks.AbstractQueuedSynchronizer$ConditionObject.awaitNanos(J)J @ 53
Event: 9.485 Thread 0x000000000d6e4000 Uncommon trap: reason=bimorphic action=maybe_recompile pc=0x000000000f287bbc method=java.io.FilterInputStream.read([B)I @ 5
Event: 9.485 Thread 0x000000000d6e4000 Uncommon trap: reason=bimorphic action=maybe_recompile pc=0x000000000f287bbc method=java.io.FilterInputStream.read([B)I @ 5
Event: 9.485 Thread 0x000000000d6e4000 Uncommon trap: reason=bimorphic action=maybe_recompile pc=0x000000000f287bbc method=java.io.FilterInputStream.read([B)I @ 5
Event: 14.765 Thread 0x0000000020e21000 Uncommon trap: reason=unstable_if action=reinterpret pc=0x000000000f948ea8 method=java.util.concurrent.locks.AbstractQueuedSynchronizer$ConditionObject.awaitNanos(J)J @ 53
Event: 14.765 Thread 0x0000000020e23000 Uncommon trap: reason=unstable_if action=reinterpret pc=0x000000000f948ea8 method=java.util.concurrent.locks.AbstractQueuedSynchronizer$ConditionObject.awaitNanos(J)J @ 53
Event: 14.910 Thread 0x0000000020e24000 Uncommon trap: reason=unstable_if action=reinterpret pc=0x000000000f1d39cc method=java.util.concurrent.locks.AbstractQueuedSynchronizer.enq(Ljava/util/concurrent/locks/AbstractQueuedSynchronizer$Node;)Ljava/util/concurrent/locks/AbstractQueuedSynchronizer$rv<Wš2@
Event: 18.603 Thread 0x000000000d6bb000 Uncommon trap: reason=unstable_if action=reinterpret pc=0x000000000f84d3f0 method=com.sun.javafx.geom.transform.AffineBase.updateState2D()V @ 33

Internal exceptions (10 events):
Event: 0.780 Thread 0x000000000d6e4000 Implicit null exception at 0x000000000f2ada35 to 0x000000000f2add49
Event: 0.886 Thread 0x000000000d6e4000 Implicit null exception at 0x000000000f37e259 to 0x000000000f37e299
Event: 0.886 Thread 0x000000000d6e4000 Implicit null exception at 0x000000000f37cb59 to 0x000000000f37cb99
Event: 1.354 Thread 0x000000000d6e4000 Implicit null exception at 0x000000000f46e92d to 0x000000000f46e975
Event: 1.518 Thread 0x000000000d6e4000 Implicit null exception at 0x000000000f53d6d9 to 0x000000000f53dd89
Event: 2.399 Thread 0x000000000d6e4000 Exception <a 'java/io/FileNotFoundException'> (0x0000000781cfdc40) thrown at [D:\re\workspace\8-2-build-windows-amd64-cygwin\jdk8u92\6642\hotspot\src\share\vm\prims\jni.cpp, line 709]
Event: 2.401 Thread 0x000000000d6e4000 Exception <a 'java/io/FileNotFoundException'> (0x0000000781d10370) thrown at [D:\re\workspace\8-2-build-windows-amd64-cygwin\jdk8u92\6642\hotspot\src\share\vm\prims\jni.cpp, line 709]
Event: 2.403 Thread 0x000000000d6e4000 Exception <a 'java/io/FileNotFoundException'> (0x0000000781d23778) thrown at [D:\re\workspace\8-2-build-windows-amd64-cygwin\jdk8u92\6642\hotspot\src\share\vm\prims\jni.cpp, line 709]
Event: 2.403 Thread 0x000000000d6e4000 Exception <a 'java/io/FileNotFoundException'> (0x0000000781d24ab0) thrown at [D:\re\workspace\8-2-build-windows-amd64-cygwin\jdk8u92\6642\hotspot\src\share\vm\prims\jni.cpp, line 709]
Event: 3.983 Thread 0x000000000d6e4000 Implicit null exception at 0x000000000f91fe3a to 0x000000000f9200a1

Events (10 events):
Event: 122.759 Thread 0x000000000c884000 flushing nmethod 0x000000000f75c310
Event: 122.760 Thread 0x000000000c884000 flushing nmethod 0x000000000f7a1810
Event: 122.760 Thread 0x000000000c884000 flushing nmethod 0x000000000f7a2650
Event: 122.769 Thread 0x000000000c884000 flushing nmethod 0x000000000f8be010
Event: 122.769 Thread 0x000000000c884000 flushing nmethod 0x000000000f8d8e90
Event: 122.770 Thread 0x000000000c884000 flushing nmethod 0x000000000f902f10
Event: 122.770 Thread 0x000000000c884000 flushing nmethod 0x000000000f905250
Event: 122.770 Thread 0x000000000c884000 flushing nmethod 0x000000000f98d050
Event: 122.770 Thread 0x000000000c884000 flushing nmethod 0x000000000f98d610
Event: 122.770 Thread 0x000000000c884000 flushing nmethod 0x000000000f9ec810


Dynamic libraries:
0x00007ff6db2c0000 - 0x00007ff6db2f7000 	C:\Program Files\Java\jdk1.8.0_92\jre\bin\java.exe
0x00007ffb065e0000 - 0x00007ffb067a1000 	C:\WINDOWS\SYSTEM32\ntdll.dll
0x00007ffb03eb0000 - 0x00007ffb03f5d000 	C:\WINDOWS\system32\KERNEL32.DLL
0x00007ffb02e00000 - 0x00007ffb02fe8000 	C:\WINDOWS\system32\KERNELBASE.dll
0x00007ffb060b0000 - 0x00007ffb06157000 	C:\WINDOWS\system32\ADVAPI32.dll
0x00007ffb04880000 - 0x00007ffb0491d000 	C:\WINDOWS\system32\msvcrt.dll
0x00007ffb03e50000 - 0x00007ffb03eab000 	C:\WINDOWS\system32\sechost.dll
0x00007ffb03d30000 - 0x00007ffb03e4c000 	C:\WINDOWS\system32\RPCRT4.dll
0x00007ffb045d0000 - 0x00007ffb04726000 	C:\WINDOWS\system32\USER32.dll
0x00007ffb06270000 - 0x00007ffb063f6000 	C:\WINDOWS\system32\GDI32.dll
0x00007ffafe0c0000 - 0x00007ffafe334000 	C:\WINDOWS\WinSxS\amd64_microsoft.windows.common-controls_6595b64144ccf1df_6.0.10586.0_none_8c15ae12515e1c22\COMCTL32.dll
0x00007ffb039e0000 - 0x00007ffb03c5d000 	C:\WINDOWS\system32\combase.dll
0x00007ffb03010000 - 0x00007ffb0307a000 	C:\WINDOWS\system32\bcryptPrimitives.dll
0x00007ffb04730000 - 0x00007ffb0476b000 	C:\WINDOWS\system32\IMM32.DLL
0x00007ffb02af0000 - 0x00007ffb02b21000 	C:\Windows\system32\nvinitx.dll
0x00007ffb02ae0000 - 0x00007ffb02aea000 	C:\WINDOWS\SYSTEM32\VERSION.dll
0x000000000f000000 - 0x000000000f006000 	C:\Program Files\NVIDIA Corporation\CoProcManager\_etoured.dll
0x00007ffb00eb0000 - 0x00007ffb00ee2000 	C:\Program Files\NVIDIA Corporation\CoProcManager\nvd3d9wrapx.dll
0x00007ffb04120000 - 0x00007ffb04549000 	C:\WINDOWS\system32\SETUPAPI.dll
0x00007ffb02d50000 - 0x00007ffb02d93000 	C:\WINDOWS\system32\CFGMGR32.dll
0x00007ffb00e80000 - 0x00007ffb00ea2000 	C:\Program Files\NVIDIA Corporation\CoProcManager\nvdxgiwrapx.dll
0x0000000070de0000 - 0x0000000070eb2000 	C:\Program Files\Java\jdk1.8.0_92\jre\bin\msvcr100.dll
0x0000000070ec0000 - 0x0000000071756000 	C:\Program Files\Java\jdk1.8.0_92\jre\bin\server\jvm.dll
0x00007ffb06480000 - 0x00007ffb06488000 	C:\WINDOWS\system32\PSAPI.DLL
0x00007ffafea90000 - 0x00007ffafea99000 	C:\WINDOWS\SYSTEM32\WSOCK32.dll
0x00007ffb00e30000 - 0x00007ffb00e53000 	C:\WINDOWS\SYSTEM32\WINMM.dll
0x00007ffb06400000 - 0x00007ffb0646b000 	C:\WINDOWS\system32\WS2_32.dll
0x00007ffb00dd0000 - 0x00007ffb00dfc000 	C:\WINDOWS\SYSTEM32\WINMMBASE.dll
0x0000000070d90000 - 0x0000000070d9f000 	C:\Program Files\Java\jdk1.8.0_92\jre\bin\verify.dll
0x0000000070d60000 - 0x0000000070d89000 	C:\Program Files\Java\jdk1.8.0_92\jre\bin\java.dll
0x0000000070d40000 - 0x0000000070d56000 	C:\Program Files\Java\jdk1.8.0_92\jre\bin\zip.dll
0x00007ffb04980000 - 0x00007ffb05edc000 	C:\WINDOWS\system32\SHELL32.dll
0x00007ffb032e0000 - 0x00007ffb03924000 	C:\WINDOWS\system32\windows.storage.dll
0x00007ffb04820000 - 0x00007ffb04872000 	C:\WINDOWS\system32\shlwapi.dll
0x00007ffb02c60000 - 0x00007ffb02c6f000 	C:\WINDOWS\system32\kernel.appcore.dll
0x00007ffb02c90000 - 0x00007ffb02d45000 	C:\WINDOWS\system32\shcore.dll
0x00007ffb02c10000 - 0x00007ffb02c5b000 	C:\WINDOWS\system32\powrprof.dll
0x00007ffb02c70000 - 0x00007ffb02c84000 	C:\WINDOWS\system32\profapi.dll
0x00007ffae6610000 - 0x00007ffae66ff000 	C:\Program Files\Java\jdk1.8.0_92\jre\bin\msvcr120.dll
0x00007ffaf8240000 - 0x00007ffaf82e6000 	C:\Program Files\Java\jdk1.8.0_92\jre\bin\msvcp120.dll
0x0000000070a50000 - 0x0000000070a72000 	C:\Program Files\Java\jdk1.8.0_92\jre\bin\prism_d3d.dll
0x00007ffaf5120000 - 0x00007ffaf5330000 	C:\WINDOWS\system32\d3d9.dll
0x00007ffb001a0000 - 0x00007ffb001c2000 	C:\WINDOWS\SYSTEM32\dwmapi.dll
0x00007ffb01680000 - 0x00007ffb016a7000 	C:\WINDOWS\SYSTEM32\DEVOBJ.dll
0x0000000002190000 - 0x00000000021e5000 	C:\WINDOWS\system32\WINTRUST.dll
0x00007ffb02c00000 - 0x00007ffb02c10000 	C:\WINDOWS\system32\MSASN1.dll
0x00007ffb03080000 - 0x00007ffb03248000 	C:\WINDOWS\system32\CRYPT32.dll
0x00007ffb01530000 - 0x00007ffb015c6000 	C:\WINDOWS\system32\uxtheme.dll
0x00007ffafd400000 - 0x00007ffafd525000 	C:\WINDOWS\SYSTEM32\nvumdshimx.dll
0x00007ffade690000 - 0x00007ffadf2b0000 	C:\WINDOWS\system32\igdumd64.dll
0x0000000070a00000 - 0x0000000070a43000 	C:\Program Files\Java\jdk1.8.0_92\jre\bin\glass.dll
0x00007ffb06160000 - 0x00007ffb0626b000 	C:\WINDOWS\system32\COMDLG32.dll
0x00007ffb03250000 - 0x00007ffb032d6000 	C:\WINDOWS\system32\FirewallAPI.dll
0x00007ffb02ff0000 - 0x00007ffb03007000 	C:\WINDOWS\system32\NETAPI32.dll
0x00007ffb06490000 - 0x00007ffb065d3000 	C:\WINDOWS\system32\ole32.dll
0x00007ffb03c60000 - 0x00007ffb03d21000 	C:\WINDOWS\system32\OLEAUT32.dll
0x00007ffb00d70000 - 0x00007ffb00d7c000 	C:\WINDOWS\SYSTEM32\DAVHLPR.DLL
0x00007ffb01930000 - 0x00007ffb01962000 	C:\WINDOWS\SYSTEM32\fwbase.dll
0x00007ffb03f60000 - 0x00007ffb040ba000 	C:\WINDOWS\system32\MSCTF.dll
0x000000006e460000 - 0x00000000709f1000 	C:\Program Files\Java\jdk1.8.0_92\jre\bin\jfxwebkit.dll
0x00007ffb02530000 - 0x00007ffb02547000 	C:\WINDOWS\SYSTEM32\CRYPTSP.dll
0x00007ffb021c0000 - 0x00007ffb021f4000 	C:\WINDOWS\system32\rsaenh.dll
0x00007ffb02b30000 - 0x00007ffb02b59000 	C:\WINDOWS\SYSTEM32\bcrypt.dll
0x00007ffb02650000 - 0x00007ffb0265b000 	C:\WINDOWS\SYSTEM32\CRYPTBASE.dll
0x0000000070d20000 - 0x0000000070d3a000 	C:\Program Files\Java\jdk1.8.0_92\jre\bin\net.dll
0x00007ffb02480000 - 0x00007ffb024dc000 	C:\WINDOWS\system32\mswsock.dll
0x0000000070d00000 - 0x0000000070d11000 	C:\Program Files\Java\jdk1.8.0_92\jre\bin\nio.dll
0x000000006e440000 - 0x000000006e454000 	C:\Program Files\Java\jdk1.8.0_92\jre\bin\javafx_font.dll
0x00007ffaf84e0000 - 0x00007ffaf8740000 	C:\WINDOWS\SYSTEM32\dwrite.dll
0x00007ffb04770000 - 0x00007ffb04817000 	C:\WINDOWS\system32\clbcatq.dll
0x00007ffafc1c0000 - 0x00007ffafc371000 	C:\WINDOWS\SYSTEM32\WindowsCodecs.dll
0x00007ffaf6840000 - 0x00007ffaf688a000 	C:\WINDOWS\system32\dataexchange.dll
0x00007ffb00fb0000 - 0x00007ffb01093000 	C:\WINDOWS\system32\dcomp.dll
0x00007ffaffee0000 - 0x00007ffb00188000 	C:\WINDOWS\system32\d3d11.dll
0x00007ffaffe30000 - 0x00007ffaffed2000 	C:\WINDOWS\system32\dxgi.dll
0x00007ffb016d0000 - 0x00007ffb017d0000 	C:\WINDOWS\system32\twinapi.appcore.dll
0x00007ffafe5e0000 - 0x00007ffafe614000 	C:\Program Files\Common Files\Microsoft Shared\Ink\rtscom.dll
0x000000006e410000 - 0x000000006e434000 	C:\Program Files\Java\jdk1.8.0_92\jre\bin\sunec.dll
0x000000006e3f0000 - 0x000000006e401000 	C:\Program Files\Java\jdk1.8.0_92\jre\bin\prism_common.dll
0x00007ffb02310000 - 0x00007ffb0232f000 	C:\WINDOWS\SYSTEM32\USERENV.dll
0x00007ffaff390000 - 0x00007ffaff3c8000 	C:\WINDOWS\SYSTEM32\IPHLPAPI.DLL
0x00007ffb06470000 - 0x00007ffb06478000 	C:\WINDOWS\system32\NSI.dll
0x00007ffafabd0000 - 0x00007ffafabe6000 	C:\WINDOWS\SYSTEM32\dhcpcsvc6.DLL
0x00007ffafab60000 - 0x00007ffafab7a000 	C:\WINDOWS\SYSTEM32\dhcpcsvc.DLL
0x000000006e3e0000 - 0x000000006e3eb000 	C:\Program Files\Java\jdk1.8.0_92\jre\bin\sunmscapi.dll
0x00007ffaf16f0000 - 0x00007ffaf1706000 	C:\WINDOWS\system32\napinsp.dll
0x00007ffaf2bc0000 - 0x00007ffaf2bda000 	C:\WINDOWS\system32\pnrpnsp.dll
0x00007ffb00aa0000 - 0x00007ffb00ab8000 	C:\WINDOWS\system32\NLAapi.dll
0x00007ffb015d0000 - 0x00007ffb0167a000 	C:\WINDOWS\SYSTEM32\DNSAPI.dll
0x00007ffaf57f0000 - 0x00007ffaf57fd000 	C:\WINDOWS\System32\winrnr.dll
0x00007ffafeb50000 - 0x00007ffafeb65000 	C:\WINDOWS\System32\wshbth.dll
0x00007ffaf67f0000 - 0x00007ffaf67fa000 	C:\Windows\System32\rasadhlp.dll
0x00007ffafac40000 - 0x00007ffafaca7000 	C:\WINDOWS\System32\fwpuclnt.dll
0x00007ffae4bd0000 - 0x00007ffae4d5c000 	C:\WINDOWS\SYSTEM32\dbghelp.dll

VM Arguments:
jvm_args: -Dfile.encoding=UTF-8 
java_command: com.busenzo.gui.BusTracker
java_class_path (initial): C:\Users\Jean Paul\Documents\NetBeansProjects\busTracking\Bus-Tracker\GMapsFX-2.0.5-SNAPSHOT.jar;C:\Program Files\NetBeans 8.1\platform\modules\ext\junit-4.12.jar;C:\Users\Jean Paul\Documents\NetBeansProjects\busTracking\Bus-Tracker\json-simple-1.1.1.jar;C:\Users\Jean Paul\Documents\NetBeansProjects\busTracking\Bus-Tracker\build\classes
Launcher Type: SUN_STANDARD

Environment Variables:
PATH=C:\ProgramData\Oracle\Java\javapath;C:\app\JeanPaul\product\12.1.0\dbhome_2\bin;C:\app\jeanpaul\product\12.1.0\dbhome_1\bin;C:\Program Files (x86)\NVIDIA Corporation\PhysX\Common;C:\WINDOWS\system32;C:\WINDOWS;C:\WINDOWS\System32\Wbem;C:\WINDOWS\System32\WindowsPowerShell\v1.0\;C:\Program Files (x86)\Windows Kits\8.1\Windows Performance Toolkit\;C:\Program Files\Microsoft SQL Server\110\Tools\Binn\;C:\Users\Jean Paul\.dnx\bin;C:\Program Files\Microsoft DNX\Dnvm\;C:\Program Files\Microsoft SQL Server\120\Tools\Binn\;C:\Program Files\Microsoft\Web Platform Installer\;C:\Program Files (x86)\Windows Live\Shared;C:\Program Files (x86)\Bitvise SSH Client;C:\Program Files (x86)\GNU\GnuPG\pub;C:\Program Files (x86)\Skype\Phone\;C:\Go\bin;C:\Users\Jean Paul\.dnx\bin;C:\Users\Jean Paul\AppData\Local\atom\bin
USERNAME=Jean Paul
OS=Windows_NT
PROCESSOR_IDENTIFIER=Intel64 Family 6 Model 42 Stepping 7, GenuineIntel



---------------  S Y S T E M  ---------------

OS: Windows 10.0 , 64 bit Build 10586 (10.0.10586.0)

CPU:total 8 (4 cores per cpu, 2 threads per core) family 6 model 42 stepping 7, cmov, cx8, fxsr, mmx, sse, sse2, sse3, ssse3, sse4.1, sse4.2, popcnt, avx, aes, clmul, ht, tsc, tscinvbit

Memory: 4k page, physical 12492496k(8866988k free), swap 14393040k(10683924k free)

vm_info: Java HotSpot(TM) 64-Bit Server VM (25.92-b14) for windows-amd64 JRE (1.8.0_92-b14), built on Mar 31 2016 21:03:04 by "java_re" with MS VC++ 10.0 (VS2010)

time: Wed May 25 10:42:42 2016
elapsed time: 122 seconds (0d 0h 2m 2s)

