#
# A fatal error has been detected by the Java Runtime Environment:
#
#  EXCEPTION_ACCESS_VIOLATION (0xc0000005) at pc=0x000000006eff6d89, pid=5608, tid=0x0000000000001150
#
# JRE version: Java(TM) SE Runtime Environment (8.0_92-b14) (build 1.8.0_92-b14)
# Java VM: Java HotSpot(TM) 64-Bit Server VM (25.92-b14 mixed mode windows-amd64 compressed oops)
# Problematic frame:
# C  [jfxwebkit.dll+0xb96d89]
#
# Failed to write core dump. Minidumps are not enabled by default on client versions of Windows
#
# If you would like to submit a bug report, please visit:
#   http://bugreport.java.com/bugreport/crash.jsp
# The crash happened outside the Java Virtual Machine in native code.
# See problematic frame for where to report the bug.
#

---------------  T H R E A D  ---------------

Current thread (0x000000002047c000):  JavaThread "pool-3-thread-1" [_thread_in_native, id=4432, stack(0x00000000215e0000,0x00000000216e0000)]

siginfo: ExceptionCode=0xc0000005, writing address 0x00000000bbadbeef

Registers:
RAX=0x0000000000000000, RBX=0x0000000028142ad0, RCX=0xa25bd3df7b2c0000, RDX=0x0000000000000002
RSP=0x00000000216dd8c0, RBP=0x0000000000000000, RSI=0x000000001f10bbf0, RDI=0x00000000216dd990
R8 =0x00000000216dd3c0, R9 =0x00007ffae6610000, R10=0x0000000000000000, R11=0x0000000000000200
R12=0x0000000000000002, R13=0x0000000000000000, R14=0x0000000000000001, R15=0x000000007fffffff
RIP=0x000000006eff6d89, EFLAGS=0x0000000000010246

Top of Stack: (sp=0x00000000216dd8c0)
0x00000000216dd8c0:   0000000000000000 0000000000000090
0x00000000216dd8d0:   0000000000000009 00007ffb06605bd4
0x00000000216dd8e0:   0000000028142ad0 000000006f0af743
0x00000000216dd8f0:   0000000000000080 0000000000000000
0x00000000216dd900:   0000000000000011 0000000000000000
0x00000000216dd910:   fffffffffffffffe 0000000000180304
0x00000000216dd920:   0000000000000000 0000000000000000
0x00000000216dd930:   000000001fdef8c0 0000000000000000
0x00000000216dd940:   0000000000000000 000000006f02c424
0x00000000216dd950:   0000000000451dd0 00000000216ddb30
0x00000000216dd960:   0000000000000000 00007ffae6676a57
0x00000000216dd970:   0000000000000002 000000006f0b20fd
0x00000000216dd980:   0000000000000019 0000000000000000
0x00000000216dd990:   0000000000000000 000000006efd7bac
0x00000000216dd9a0:   000000000000000a fffffffffffffffe
0x00000000216dd9b0:   000000002875b880 000000006f002dd7 

Instructions: (pc=0x000000006eff6d89)
0x000000006eff6d69:   83 c4 20 5b c3 cc cc 48 83 ec 28 48 8b 05 e5 b7
0x000000006eff6d79:   8c 01 48 85 c0 74 02 ff d0 e8 a9 07 00 00 33 c0
0x000000006eff6d89:   a3 ef be ad bb 00 00 00 00 48 83 c4 28 48 ff e0
0x000000006eff6d99:   cc cc cc cc cc cc cc 48 83 ec 28 48 8b 05 b5 b7 


Register to memory mapping:

RAX=0x0000000000000000 is an unknown value
RBX=0x0000000028142ad0 is an unknown value
RCX=0xa25bd3df7b2c0000 is an unknown value
RDX=0x0000000000000002 is an unknown value
RSP=0x00000000216dd8c0 is pointing into the stack for thread: 0x000000002047c000
RBP=0x0000000000000000 is an unknown value
RSI=0x000000001f10bbf0 is an unknown value
RDI=0x00000000216dd990 is pointing into the stack for thread: 0x000000002047c000
R8 =0x00000000216dd3c0 is pointing into the stack for thread: 0x000000002047c000
R9 =0x00007ffae6610000 is an unknown value
R10=0x0000000000000000 is an unknown value
R11=0x0000000000000200 is an unknown value
R12=0x0000000000000002 is an unknown value
R13=0x0000000000000000 is an unknown value
R14=0x0000000000000001 is an unknown value
R15=0x000000007fffffff is an unknown value


Stack: [0x00000000215e0000,0x00000000216e0000],  sp=0x00000000216dd8c0,  free space=1014k
Native frames: (J=compiled Java code, j=interpreted, Vv=VM code, C=native code)

Java frames: (J=compiled Java code, j=interpreted, Vv=VM code)
J 2801  com.sun.webkit.dom.JSObject.callImpl(JILjava/lang/String;[Ljava/lang/Object;Ljava/security/AccessControlContext;)Ljava/lang/Object; (0 bytes) @ 0x000000000f8e0952 [0x000000000f8e08c0+0x92]
J 3692 C2 com.lynden.gmapsfx.javascript.JavascriptObject.invokeJavascript(Ljava/lang/String;[Ljava/lang/Object;)Ljava/lang/Object; (101 bytes) @ 0x000000000f9daf8c [0x000000000f9da880+0x70c]
J 2860 C1 com.lynden.gmapsfx.javascript.object.Marker.setMap(Lcom/lynden/gmapsfx/javascript/object/GoogleMap;)V (16 bytes) @ 0x000000000f9068ac [0x000000000f906600+0x2ac]
j  com.lynden.gmapsfx.javascript.object.GoogleMap.removeMarker(Lcom/lynden/gmapsfx/javascript/object/Marker;)V+2
j  com.busenzo.gui.FXMLDocumentController.clearBusMarkers()V+105
j  com.busenzo.gui.FXMLDocumentController.reloadData()V+24
j  com.busenzo.gui.FXMLDocumentController$1.run()V+4
J 3714 C1 java.util.concurrent.Executors$RunnableAdapter.call()Ljava/lang/Object; (14 bytes) @ 0x000000000f9d5654 [0x000000000f9d5540+0x114]
j  java.util.concurrent.FutureTask.runAndReset()Z+47
j  java.util.concurrent.ScheduledThreadPoolExecutor$ScheduledFutureTask.access$301(Ljava/util/concurrent/ScheduledThreadPoolExecutor$ScheduledFutureTask;)Z+1
j  java.util.concurrent.ScheduledThreadPoolExecutor$ScheduledFutureTask.run()V+37
j  java.util.concurrent.ThreadPoolExecutor.runWorker(Ljava/util/concurrent/ThreadPoolExecutor$Worker;)V+95
j  java.util.concurrent.ThreadPoolExecutor$Worker.run()V+5
j  java.lang.Thread.run()V+11
v  ~StubRoutines::call_stub

---------------  P R O C E S S  ---------------

Java Threads: ( => current thread )
  0x000000000d946000 JavaThread "URL-Loader-21" daemon [_thread_blocked, id=8952, stack(0x000000002eda0000,0x000000002eea0000)]
  0x000000002075f800 JavaThread "Watchdog-Timer-1" daemon [_thread_blocked, id=1272, stack(0x00000000258d0000,0x00000000259d0000)]
  0x0000000020341800 JavaThread "Prism Font Disposer" daemon [_thread_blocked, id=664, stack(0x0000000022e70000,0x0000000022f70000)]
=>0x000000002047c000 JavaThread "pool-3-thread-1" [_thread_in_native, id=4432, stack(0x00000000215e0000,0x00000000216e0000)]
  0x000000000d960800 JavaThread "Keep-Alive-Timer" daemon [_thread_blocked, id=5956, stack(0x0000000020210000,0x0000000020310000)]
  0x000000000d7ed000 JavaThread "Disposer" daemon [_thread_blocked, id=6408, stack(0x000000001fe10000,0x000000001ff10000)]
  0x000000000d6d6800 JavaThread "Thread-3" daemon [_thread_in_native, id=6664, stack(0x000000001f1b0000,0x000000001f2b0000)]
  0x000000000d67d800 JavaThread "JavaFX-Launcher" [_thread_blocked, id=3284, stack(0x000000001f2b0000,0x000000001f3b0000)]
  0x000000000d65b000 JavaThread "JavaFX Application Thread" [_thread_in_native, id=8456, stack(0x000000000e1f0000,0x000000000e2f0000)]
  0x000000000d654800 JavaThread "Thread-1" daemon [_thread_blocked, id=6940, stack(0x000000000e0f0000,0x000000000e1f0000)]
  0x000000000d619000 JavaThread "QuantumRenderer-0" daemon [_thread_blocked, id=8504, stack(0x000000000ddd0000,0x000000000ded0000)]
  0x000000000c89b800 JavaThread "Service Thread" daemon [_thread_blocked, id=256, stack(0x000000000d3d0000,0x000000000d4d0000)]
  0x000000000c802800 JavaThread "C1 CompilerThread3" daemon [_thread_blocked, id=2196, stack(0x000000000d2d0000,0x000000000d3d0000)]
  0x000000000c7ff000 JavaThread "C2 CompilerThread2" daemon [_thread_blocked, id=3028, stack(0x000000000d1d0000,0x000000000d2d0000)]
  0x000000000c7fc000 JavaThread "C2 CompilerThread1" daemon [_thread_in_native, id=3832, stack(0x000000000d0d0000,0x000000000d1d0000)]
  0x000000000c7f9800 JavaThread "C2 CompilerThread0" daemon [_thread_blocked, id=3612, stack(0x000000000cfd0000,0x000000000d0d0000)]
  0x000000000c7f9000 JavaThread "Attach Listener" daemon [_thread_blocked, id=5220, stack(0x000000000ced0000,0x000000000cfd0000)]
  0x000000000c7f6000 JavaThread "Signal Dispatcher" daemon [_thread_blocked, id=9064, stack(0x000000000cdd0000,0x000000000ced0000)]
  0x00000000023c9000 JavaThread "Finalizer" daemon [_thread_blocked, id=8868, stack(0x000000000cbd0000,0x000000000ccd0000)]
  0x00000000023c6000 JavaThread "Reference Handler" daemon [_thread_blocked, id=1252, stack(0x000000000c6d0000,0x000000000c7d0000)]
  0x00000000022d0800 JavaThread "main" [_thread_blocked, id=4904, stack(0x00000000021d0000,0x00000000022d0000)]

Other Threads:
  0x000000000a8c9000 VMThread [stack: 0x000000000c5d0000,0x000000000c6d0000] [id=7824]
  0x000000000c8b6000 WatcherThread [stack: 0x000000000d4d0000,0x000000000d5d0000] [id=4356]

VM state:not at safepoint (normal execution)

VM Mutex/Monitor currently owned by a thread: None

Heap:
 PSYoungGen      total 57344K, used 56958K [0x0000000780780000, 0x0000000786800000, 0x00000007c0000000)
  eden space 49152K, 99% used [0x0000000780780000,0x0000000783726378,0x0000000783780000)
  from space 8192K, 99% used [0x0000000783780000,0x0000000783f79668,0x0000000783f80000)
  to   space 8192K, 0% used [0x0000000786000000,0x0000000786000000,0x0000000786800000)
 ParOldGen       total 68608K, used 6309K [0x0000000701600000, 0x0000000705900000, 0x0000000780780000)
  object space 68608K, 9% used [0x0000000701600000,0x0000000701c29778,0x0000000705900000)
 Metaspace       used 25135K, capacity 26540K, committed 26880K, reserved 1073152K
  class space    used 3457K, capacity 3747K, committed 3840K, reserved 1048576K

Card table byte_map: [0x0000000002790000,0x0000000002d90000] byte_map_base: 0xfffffffffef85000

Marking Bits: (ParMarkBitMap*) 0x00000000716d64f0
 Begin Bits: [0x0000000003990000, 0x0000000006938000)
 End Bits:   [0x0000000006938000, 0x00000000098e0000)

Polling page: 0x00000000020c0000

CodeCache: size=245760Kb used=10209Kb max_used=10222Kb free=235550Kb
 bounds [0x000000000f010000, 0x000000000fa20000, 0x000000001e010000]
 total_blobs=4029 nmethods=3250 adapters=691
 compilation: enabled

Compilation events (10 events):
Event: 22.497 Thread 0x000000000c802800 nmethod 3751 0x000000000f6cc0d0 code [0x000000000f6cc240, 0x000000000f6cc5f0]
Event: 22.502 Thread 0x000000000c802800 3752       3       java.io.FileDescriptor$1::get (5 bytes)
Event: 22.502 Thread 0x000000000c802800 nmethod 3752 0x000000000f9f28d0 code [0x000000000f9f2a20, 0x000000000f9f2b90]
Event: 22.503 Thread 0x000000000c802800 3753   !   3       org.json.simple.parser.JSONParser::parse (983 bytes)
Event: 22.507 Thread 0x000000000c7ff000 3756       4       java.util.HashMap::remove (26 bytes)
Event: 22.507 Thread 0x000000000c7fc000 3757       4       java.util.HashMap::removeNode (291 bytes)
Event: 22.510 Thread 0x000000000c802800 nmethod 3753 0x000000000fa07fd0 code [0x000000000fa08c20, 0x000000000fa125a8]
Event: 22.510 Thread 0x000000000c802800 3755       3       java.time.format.DateTimeFormatterBuilder::<init> (36 bytes)
Event: 22.510 Thread 0x000000000c802800 nmethod 3755 0x000000000f8dc410 code [0x000000000f8dc5a0, 0x000000000f8dc990]
Event: 22.511 Thread 0x000000000c802800 3754       3       java.time.format.DateTimeFormatterBuilder::appendValue (175 bytes)

GC Heap History (8 events):
Event: 2.780 GC heap before
{Heap before GC invocations=1 (full 0):
 PSYoungGen      total 57344K, used 49152K [0x0000000780780000, 0x0000000784780000, 0x00000007c0000000)
  eden space 49152K, 100% used [0x0000000780780000,0x0000000783780000,0x0000000783780000)
  from space 8192K, 0% used [0x0000000783f80000,0x0000000783f80000,0x0000000784780000)
  to   space 8192K, 0% used [0x0000000783780000,0x0000000783780000,0x0000000783f80000)
 ParOldGen       total 131072K, used 0K [0x0000000701600000, 0x0000000709600000, 0x0000000780780000)
  object space 131072K, 0% used [0x0000000701600000,0x0000000701600000,0x0000000709600000)
 Metaspace       used 19001K, capacity 20210K, committed 20480K, reserved 1067008K
  class space    used 2807K, capacity 3046K, committed 3072K, reserved 1048576K
Event: 2.788 GC heap after
Heap after GC invocations=1 (full 0):
 PSYoungGen      total 57344K, used 6240K [0x0000000780780000, 0x0000000784780000, 0x00000007c0000000)
  eden space 49152K, 0% used [0x0000000780780000,0x0000000780780000,0x0000000783780000)
  from space 8192K, 76% used [0x0000000783780000,0x0000000783d98040,0x0000000783f80000)
  to   space 8192K, 0% used [0x0000000783f80000,0x0000000783f80000,0x0000000784780000)
 ParOldGen       total 131072K, used 216K [0x0000000701600000, 0x0000000709600000, 0x0000000780780000)
  object space 131072K, 0% used [0x0000000701600000,0x0000000701636020,0x0000000709600000)
 Metaspace       used 19001K, capacity 20210K, committed 20480K, reserved 1067008K
  class space    used 2807K, capacity 3046K, committed 3072K, reserved 1048576K
}
Event: 2.851 GC heap before
{Heap before GC invocations=2 (full 0):
 PSYoungGen      total 57344K, used 9578K [0x0000000780780000, 0x0000000784780000, 0x00000007c0000000)
  eden space 49152K, 6% used [0x0000000780780000,0x0000000780ac27e8,0x0000000783780000)
  from space 8192K, 76% used [0x0000000783780000,0x0000000783d98040,0x0000000783f80000)
  to   space 8192K, 0% used [0x0000000783f80000,0x0000000783f80000,0x0000000784780000)
 ParOldGen       total 131072K, used 216K [0x0000000701600000, 0x0000000709600000, 0x0000000780780000)
  object space 131072K, 0% used [0x0000000701600000,0x0000000701636020,0x0000000709600000)
 Metaspace       used 20047K, capacity 21222K, committed 21296K, reserved 1067008K
  class space    used 2933K, capacity 3166K, committed 3200K, reserved 1048576K
Event: 2.857 GC heap after
Heap after GC invocations=2 (full 0):
 PSYoungGen      total 57344K, used 6240K [0x0000000780780000, 0x0000000787780000, 0x00000007c0000000)
  eden space 49152K, 0% used [0x0000000780780000,0x0000000780780000,0x0000000783780000)
  from space 8192K, 76% used [0x0000000783f80000,0x0000000784598060,0x0000000784780000)
  to   space 8192K, 0% used [0x0000000783780000,0x0000000783780000,0x0000000783f80000)
 ParOldGen       total 131072K, used 224K [0x0000000701600000, 0x0000000709600000, 0x0000000780780000)
  object space 131072K, 0% used [0x0000000701600000,0x0000000701638020,0x0000000709600000)
 Metaspace       used 20047K, capacity 21222K, committed 21296K, reserved 1067008K
  class space    used 2933K, capacity 3166K, committed 3200K, reserved 1048576K
}
Event: 2.857 GC heap before
{Heap before GC invocations=3 (full 1):
 PSYoungGen      total 57344K, used 6240K [0x0000000780780000, 0x0000000787780000, 0x00000007c0000000)
  eden space 49152K, 0% used [0x0000000780780000,0x0000000780780000,0x0000000783780000)
  from space 8192K, 76% used [0x0000000783f80000,0x0000000784598060,0x0000000784780000)
  to   space 8192K, 0% used [0x0000000783780000,0x0000000783780000,0x0000000783f80000)
 ParOldGen       total 131072K, used 224K [0x0000000701600000, 0x0000000709600000, 0x0000000780780000)
  object space 131072K, 0% used [0x0000000701600000,0x0000000701638020,0x0000000709600000)
 Metaspace       used 20047K, capacity 21222K, committed 21296K, reserved 1067008K
  class space    used 2933K, capacity 3166K, committed 3200K, reserved 1048576K
Event: 2.896 GC heap after
Heap after GC invocations=3 (full 1):
 PSYoungGen      total 57344K, used 0K [0x0000000780780000, 0x0000000787780000, 0x00000007c0000000)
  eden space 49152K, 0% used [0x0000000780780000,0x0000000780780000,0x0000000783780000)
  from space 8192K, 0% used [0x0000000783f80000,0x0000000783f80000,0x0000000784780000)
  to   space 8192K, 0% used [0x0000000783780000,0x0000000783780000,0x0000000783f80000)
 ParOldGen       total 68608K, used 6274K [0x0000000701600000, 0x0000000705900000, 0x0000000780780000)
  object space 68608K, 9% used [0x0000000701600000,0x0000000701c20908,0x0000000705900000)
 Metaspace       used 20047K, capacity 21222K, committed 21296K, reserved 1067008K
  class space    used 2933K, capacity 3166K, committed 3200K, reserved 1048576K
}
Event: 5.392 GC heap before
{Heap before GC invocations=4 (full 1):
 PSYoungGen      total 57344K, used 49152K [0x0000000780780000, 0x0000000787780000, 0x00000007c0000000)
  eden space 49152K, 100% used [0x0000000780780000,0x0000000783780000,0x0000000783780000)
  from space 8192K, 0% used [0x0000000783f80000,0x0000000783f80000,0x0000000784780000)
  to   space 8192K, 0% used [0x0000000783780000,0x0000000783780000,0x0000000783f80000)
 ParOldGen       total 68608K, used 6274K [0x0000000701600000, 0x0000000705900000, 0x0000000780780000)
  object space 68608K, 9% used [0x0000000701600000,0x0000000701c20908,0x0000000705900000)
 Metaspace       used 23971K, capacity 25304K, committed 25472K, reserved 1071104K
  class space    used 3371K, capacity 3657K, committed 3712K, reserved 1048576K
Event: 5.397 GC heap after
Heap after GC invocations=4 (full 1):
 PSYoungGen      total 57344K, used 8165K [0x0000000780780000, 0x0000000786800000, 0x00000007c0000000)
  eden space 49152K, 0% used [0x0000000780780000,0x0000000780780000,0x0000000783780000)
  from space 8192K, 99% used [0x0000000783780000,0x0000000783f79668,0x0000000783f80000)
  to   space 8192K, 0% used [0x0000000786000000,0x0000000786000000,0x0000000786800000)
 ParOldGen       total 68608K, used 6309K [0x0000000701600000, 0x0000000705900000, 0x0000000780780000)
  object space 68608K, 9% used [0x0000000701600000,0x0000000701c29778,0x0000000705900000)
 Metaspace       used 23971K, capacity 25304K, committed 25472K, reserved 1071104K
  class space    used 3371K, capacity 3657K, committed 3712K, reserved 1048576K
}

Deoptimization events (10 events):
Event: 16.396 Thread 0x000000002075e800 Uncommon trap: reason=unstable_if action=reinterpret pc=0x000000000f91ebe4 method=java.util.concurrent.locks.AbstractQueuedSynchronizer$ConditionObject.awaitNanos(J)J @ 53
Event: 16.412 Thread 0x000000000d943000 Uncommon trap: reason=unstable_if action=reinterpret pc=0x000000000f91ebe4 method=java.util.concurrent.locks.AbstractQueuedSynchronizer$ConditionObject.awaitNanos(J)J @ 53
Event: 17.599 Thread 0x000000000d65b000 Uncommon trap: reason=class_check action=maybe_recompile pc=0x000000000f934edc method=com.sun.javafx.css.ParsedValueImpl.hashCode()I @ 226
Event: 17.599 Thread 0x000000000d65b000 Uncommon trap: reason=class_check action=maybe_recompile pc=0x000000000f934edc method=com.sun.javafx.css.ParsedValueImpl.hashCode()I @ 226
Event: 17.600 Thread 0x000000000d65b000 Uncommon trap: reason=unstable_if action=reinterpret pc=0x000000000f17e2f0 method=javafx.scene.Node.updateBounds()V @ 116
Event: 17.600 Thread 0x000000000d65b000 Uncommon trap: reason=unstable_if action=reinterpret pc=0x000000000f17e2f0 method=javafx.scene.Node.updateBounds()V @ 116
Event: 17.600 Thread 0x000000000d65b000 Uncommon trap: reason=unstable_if action=reinterpret pc=0x000000000f17e2f0 method=javafx.scene.Node.updateBounds()V @ 116
Event: 17.600 Thread 0x000000000d65b000 Uncommon trap: reason=unstable_if action=reinterpret pc=0x000000000f17e2f0 method=javafx.scene.Node.updateBounds()V @ 116
Event: 17.718 Thread 0x000000000d65b000 Uncommon trap: reason=unstable_if action=reinterpret pc=0x000000000f24b340 method=javafx.scene.Node.updateBounds()V @ 116
Event: 22.488 Thread 0x000000002047c000 Uncommon trap: reason=unstable_if action=reinterpret pc=0x000000000f36e03c method=com.busenzo.administratie.DatabaseKoppeling.getLineData(Ljava/util/List;)Ljava/util/ArrayList; @ 63

Internal exceptions (10 events):
Event: 0.934 Thread 0x000000000d65b000 Implicit null exception at 0x000000000f374f59 to 0x000000000f374f99
Event: 0.934 Thread 0x000000000d65b000 Implicit null exception at 0x000000000f377f59 to 0x000000000f377f99
Event: 2.513 Thread 0x000000000d65b000 Implicit null exception at 0x000000000f490bed to 0x000000000f490c35
Event: 2.672 Thread 0x000000000d65b000 Implicit null exception at 0x000000000f546bc5 to 0x000000000f54718d
Event: 3.238 Thread 0x0000000020762800 Implicit null exception at 0x000000000f76ad5d to 0x000000000f76aeb9
Event: 3.572 Thread 0x000000000d65b000 Exception <a 'java/io/FileNotFoundException'> (0x00000007808f4410) thrown at [D:\re\workspace\8-2-build-windows-amd64-cygwin\jdk8u92\6642\hotspot\src\share\vm\prims\jni.cpp, line 709]
Event: 3.574 Thread 0x000000000d65b000 Exception <a 'java/io/FileNotFoundException'> (0x0000000780906958) thrown at [D:\re\workspace\8-2-build-windows-amd64-cygwin\jdk8u92\6642\hotspot\src\share\vm\prims\jni.cpp, line 709]
Event: 3.575 Thread 0x000000000d65b000 Exception <a 'java/io/FileNotFoundException'> (0x0000000781d3dc68) thrown at [D:\re\workspace\8-2-build-windows-amd64-cygwin\jdk8u92\6642\hotspot\src\share\vm\prims\jni.cpp, line 709]
Event: 3.575 Thread 0x000000000d65b000 Exception <a 'java/io/FileNotFoundException'> (0x0000000781d3edb8) thrown at [D:\re\workspace\8-2-build-windows-amd64-cygwin\jdk8u92\6642\hotspot\src\share\vm\prims\jni.cpp, line 709]
Event: 5.519 Thread 0x000000000d65b000 Implicit null exception at 0x000000000f8f99ba to 0x000000000f8f9c21

Events (10 events):
Event: 22.497 Thread 0x000000000c802800 flushing nmethod 0x000000000f7f7b50
Event: 22.497 Thread 0x000000000c802800 flushing nmethod 0x000000000f7fed10
Event: 22.497 Thread 0x000000000c802800 flushing nmethod 0x000000000f80eed0
Event: 22.502 Thread 0x000000000c802800 flushing nmethod 0x000000000f85d890
Event: 22.510 Thread 0x000000000c802800 flushing nmethod 0x000000000f8da210
Event: 22.510 Thread 0x000000000c802800 flushing nmethod 0x000000000f8dc190
Event: 22.510 Thread 0x000000000c802800 flushing nmethod 0x000000000f94c5d0
Event: 22.510 Thread 0x000000000c802800 flushing nmethod 0x000000000f94d4d0
Event: 22.510 Thread 0x000000000c802800 flushing nmethod 0x000000000f9514d0
Event: 22.510 Thread 0x000000000c802800 flushing nmethod 0x000000000f95fd10


Dynamic libraries:
0x00007ff6db2c0000 - 0x00007ff6db2f7000 	C:\Program Files\Java\jdk1.8.0_92\jre\bin\java.exe
0x00007ffb065e0000 - 0x00007ffb067a1000 	C:\WINDOWS\SYSTEM32\ntdll.dll
0x00007ffb03eb0000 - 0x00007ffb03f5d000 	C:\WINDOWS\system32\KERNEL32.DLL
0x00007ffb02e00000 - 0x00007ffb02fe8000 	C:\WINDOWS\system32\KERNELBASE.dll
0x00007ffb060b0000 - 0x00007ffb06157000 	C:\WINDOWS\system32\ADVAPI32.dll
0x00007ffb04880000 - 0x00007ffb0491d000 	C:\WINDOWS\system32\msvcrt.dll
0x00007ffb03e50000 - 0x00007ffb03eab000 	C:\WINDOWS\system32\sechost.dll
0x00007ffb03d30000 - 0x00007ffb03e4c000 	C:\WINDOWS\system32\RPCRT4.dll
0x00007ffb045d0000 - 0x00007ffb04726000 	C:\WINDOWS\system32\USER32.dll
0x00007ffb06270000 - 0x00007ffb063f6000 	C:\WINDOWS\system32\GDI32.dll
0x00007ffafe0c0000 - 0x00007ffafe334000 	C:\WINDOWS\WinSxS\amd64_microsoft.windows.common-controls_6595b64144ccf1df_6.0.10586.0_none_8c15ae12515e1c22\COMCTL32.dll
0x00007ffb039e0000 - 0x00007ffb03c5d000 	C:\WINDOWS\system32\combase.dll
0x00007ffb03010000 - 0x00007ffb0307a000 	C:\WINDOWS\system32\bcryptPrimitives.dll
0x00007ffb04730000 - 0x00007ffb0476b000 	C:\WINDOWS\system32\IMM32.DLL
0x00007ffb02af0000 - 0x00007ffb02b21000 	C:\Windows\system32\nvinitx.dll
0x00007ffb02ae0000 - 0x00007ffb02aea000 	C:\WINDOWS\SYSTEM32\VERSION.dll
0x000000000f000000 - 0x000000000f006000 	C:\Program Files\NVIDIA Corporation\CoProcManager\_etoured.dll
0x00007ffb00eb0000 - 0x00007ffb00ee2000 	C:\Program Files\NVIDIA Corporation\CoProcManager\nvd3d9wrapx.dll
0x00007ffb04120000 - 0x00007ffb04549000 	C:\WINDOWS\system32\SETUPAPI.dll
0x00007ffb02d50000 - 0x00007ffb02d93000 	C:\WINDOWS\system32\CFGMGR32.dll
0x00007ffb00e80000 - 0x00007ffb00ea2000 	C:\Program Files\NVIDIA Corporation\CoProcManager\nvdxgiwrapx.dll
0x0000000070de0000 - 0x0000000070eb2000 	C:\Program Files\Java\jdk1.8.0_92\jre\bin\msvcr100.dll
0x0000000070ec0000 - 0x0000000071756000 	C:\Program Files\Java\jdk1.8.0_92\jre\bin\server\jvm.dll
0x00007ffb06480000 - 0x00007ffb06488000 	C:\WINDOWS\system32\PSAPI.DLL
0x00007ffafea90000 - 0x00007ffafea99000 	C:\WINDOWS\SYSTEM32\WSOCK32.dll
0x00007ffb00e30000 - 0x00007ffb00e53000 	C:\WINDOWS\SYSTEM32\WINMM.dll
0x00007ffb06400000 - 0x00007ffb0646b000 	C:\WINDOWS\system32\WS2_32.dll
0x00007ffb00dd0000 - 0x00007ffb00dfc000 	C:\WINDOWS\SYSTEM32\WINMMBASE.dll
0x0000000070d90000 - 0x0000000070d9f000 	C:\Program Files\Java\jdk1.8.0_92\jre\bin\verify.dll
0x0000000070d60000 - 0x0000000070d89000 	C:\Program Files\Java\jdk1.8.0_92\jre\bin\java.dll
0x0000000070d40000 - 0x0000000070d56000 	C:\Program Files\Java\jdk1.8.0_92\jre\bin\zip.dll
0x00007ffb04980000 - 0x00007ffb05edc000 	C:\WINDOWS\system32\SHELL32.dll
0x00007ffb032e0000 - 0x00007ffb03924000 	C:\WINDOWS\system32\windows.storage.dll
0x00007ffb04820000 - 0x00007ffb04872000 	C:\WINDOWS\system32\shlwapi.dll
0x00007ffb02c60000 - 0x00007ffb02c6f000 	C:\WINDOWS\system32\kernel.appcore.dll
0x00007ffb02c90000 - 0x00007ffb02d45000 	C:\WINDOWS\system32\shcore.dll
0x00007ffb02c10000 - 0x00007ffb02c5b000 	C:\WINDOWS\system32\powrprof.dll
0x00007ffb02c70000 - 0x00007ffb02c84000 	C:\WINDOWS\system32\profapi.dll
0x00007ffae6610000 - 0x00007ffae66ff000 	C:\Program Files\Java\jdk1.8.0_92\jre\bin\msvcr120.dll
0x00007ffaf8240000 - 0x00007ffaf82e6000 	C:\Program Files\Java\jdk1.8.0_92\jre\bin\msvcp120.dll
0x0000000070a50000 - 0x0000000070a72000 	C:\Program Files\Java\jdk1.8.0_92\jre\bin\prism_d3d.dll
0x00007ffaf5120000 - 0x00007ffaf5330000 	C:\WINDOWS\system32\d3d9.dll
0x00007ffb001a0000 - 0x00007ffb001c2000 	C:\WINDOWS\SYSTEM32\dwmapi.dll
0x00007ffb01680000 - 0x00007ffb016a7000 	C:\WINDOWS\SYSTEM32\DEVOBJ.dll
0x0000000002150000 - 0x00000000021a5000 	C:\WINDOWS\system32\WINTRUST.dll
0x00007ffb02c00000 - 0x00007ffb02c10000 	C:\WINDOWS\system32\MSASN1.dll
0x00007ffb03080000 - 0x00007ffb03248000 	C:\WINDOWS\system32\CRYPT32.dll
0x00007ffb01530000 - 0x00007ffb015c6000 	C:\WINDOWS\system32\uxtheme.dll
0x00007ffafd400000 - 0x00007ffafd525000 	C:\WINDOWS\SYSTEM32\nvumdshimx.dll
0x00007ffade690000 - 0x00007ffadf2b0000 	C:\WINDOWS\system32\igdumd64.dll
0x0000000070a00000 - 0x0000000070a43000 	C:\Program Files\Java\jdk1.8.0_92\jre\bin\glass.dll
0x00007ffb06160000 - 0x00007ffb0626b000 	C:\WINDOWS\system32\COMDLG32.dll
0x00007ffb03250000 - 0x00007ffb032d6000 	C:\WINDOWS\system32\FirewallAPI.dll
0x00007ffb02ff0000 - 0x00007ffb03007000 	C:\WINDOWS\system32\NETAPI32.dll
0x00007ffb06490000 - 0x00007ffb065d3000 	C:\WINDOWS\system32\ole32.dll
0x00007ffb03c60000 - 0x00007ffb03d21000 	C:\WINDOWS\system32\OLEAUT32.dll
0x00007ffb00d70000 - 0x00007ffb00d7c000 	C:\WINDOWS\SYSTEM32\DAVHLPR.DLL
0x00007ffb01930000 - 0x00007ffb01962000 	C:\WINDOWS\SYSTEM32\fwbase.dll
0x00007ffb03f60000 - 0x00007ffb040ba000 	C:\WINDOWS\system32\MSCTF.dll
0x000000006e460000 - 0x00000000709f1000 	C:\Program Files\Java\jdk1.8.0_92\jre\bin\jfxwebkit.dll
0x00007ffb02530000 - 0x00007ffb02547000 	C:\WINDOWS\SYSTEM32\CRYPTSP.dll
0x00007ffb021c0000 - 0x00007ffb021f4000 	C:\WINDOWS\system32\rsaenh.dll
0x00007ffb02b30000 - 0x00007ffb02b59000 	C:\WINDOWS\SYSTEM32\bcrypt.dll
0x00007ffb02650000 - 0x00007ffb0265b000 	C:\WINDOWS\SYSTEM32\CRYPTBASE.dll
0x0000000070d20000 - 0x0000000070d3a000 	C:\Program Files\Java\jdk1.8.0_92\jre\bin\net.dll
0x00007ffb02480000 - 0x00007ffb024dc000 	C:\WINDOWS\system32\mswsock.dll
0x0000000070d00000 - 0x0000000070d11000 	C:\Program Files\Java\jdk1.8.0_92\jre\bin\nio.dll
0x000000006e440000 - 0x000000006e454000 	C:\Program Files\Java\jdk1.8.0_92\jre\bin\javafx_font.dll
0x00007ffaf84e0000 - 0x00007ffaf8740000 	C:\WINDOWS\SYSTEM32\dwrite.dll
0x00007ffb04770000 - 0x00007ffb04817000 	C:\WINDOWS\system32\clbcatq.dll
0x00007ffafc1c0000 - 0x00007ffafc371000 	C:\WINDOWS\SYSTEM32\WindowsCodecs.dll
0x00007ffaf6840000 - 0x00007ffaf688a000 	C:\WINDOWS\system32\dataexchange.dll
0x00007ffaffee0000 - 0x00007ffb00188000 	C:\WINDOWS\system32\d3d11.dll
0x00007ffb00fb0000 - 0x00007ffb01093000 	C:\WINDOWS\system32\dcomp.dll
0x00007ffaffe30000 - 0x00007ffaffed2000 	C:\WINDOWS\system32\dxgi.dll
0x00007ffb016d0000 - 0x00007ffb017d0000 	C:\WINDOWS\system32\twinapi.appcore.dll
0x00007ffafe5e0000 - 0x00007ffafe614000 	C:\Program Files\Common Files\Microsoft Shared\Ink\rtscom.dll
0x000000006e410000 - 0x000000006e434000 	C:\Program Files\Java\jdk1.8.0_92\jre\bin\sunec.dll
0x000000006e3f0000 - 0x000000006e401000 	C:\Program Files\Java\jdk1.8.0_92\jre\bin\prism_common.dll
0x00007ffb02310000 - 0x00007ffb0232f000 	C:\WINDOWS\SYSTEM32\USERENV.dll
0x00007ffaff390000 - 0x00007ffaff3c8000 	C:\WINDOWS\SYSTEM32\IPHLPAPI.DLL
0x00007ffb06470000 - 0x00007ffb06478000 	C:\WINDOWS\system32\NSI.dll
0x00007ffafabd0000 - 0x00007ffafabe6000 	C:\WINDOWS\SYSTEM32\dhcpcsvc6.DLL
0x00007ffafab60000 - 0x00007ffafab7a000 	C:\WINDOWS\SYSTEM32\dhcpcsvc.DLL
0x000000006e3e0000 - 0x000000006e3eb000 	C:\Program Files\Java\jdk1.8.0_92\jre\bin\sunmscapi.dll
0x00007ffaf16f0000 - 0x00007ffaf1706000 	C:\WINDOWS\system32\napinsp.dll
0x00007ffaf2bc0000 - 0x00007ffaf2bda000 	C:\WINDOWS\system32\pnrpnsp.dll
0x00007ffb00aa0000 - 0x00007ffb00ab8000 	C:\WINDOWS\system32\NLAapi.dll
0x00007ffb015d0000 - 0x00007ffb0167a000 	C:\WINDOWS\SYSTEM32\DNSAPI.dll
0x00007ffaf57f0000 - 0x00007ffaf57fd000 	C:\WINDOWS\System32\winrnr.dll
0x00007ffafeb50000 - 0x00007ffafeb65000 	C:\WINDOWS\System32\wshbth.dll
0x00007ffaf67f0000 - 0x00007ffaf67fa000 	C:\Windows\System32\rasadhlp.dll
0x00007ffafac40000 - 0x00007ffafaca7000 	C:\WINDOWS\System32\fwpuclnt.dll
0x00007ffae4bd0000 - 0x00007ffae4d5c000 	C:\WINDOWS\SYSTEM32\dbghelp.dll

VM Arguments:
jvm_args: -Dfile.encoding=UTF-8 
java_command: com.busenzo.gui.BusTracker
java_class_path (initial): C:\Users\Jean Paul\Documents\NetBeansProjects\busTracking\Bus-Tracker\GMapsFX-2.0.5-SNAPSHOT.jar;C:\Program Files\NetBeans 8.1\platform\modules\ext\junit-4.12.jar;C:\Users\Jean Paul\Documents\NetBeansProjects\busTracking\Bus-Tracker\json-simple-1.1.1.jar;C:\Users\Jean Paul\Documents\NetBeansProjects\busTracking\Bus-Tracker\build\classes
Launcher Type: SUN_STANDARD

Environment Variables:
PATH=C:\ProgramData\Oracle\Java\javapath;C:\app\JeanPaul\product\12.1.0\dbhome_2\bin;C:\app\jeanpaul\product\12.1.0\dbhome_1\bin;C:\Program Files (x86)\NVIDIA Corporation\PhysX\Common;C:\WINDOWS\system32;C:\WINDOWS;C:\WINDOWS\System32\Wbem;C:\WINDOWS\System32\WindowsPowerShell\v1.0\;C:\Program Files (x86)\Windows Kits\8.1\Windows Performance Toolkit\;C:\Program Files\Microsoft SQL Server\110\Tools\Binn\;C:\Users\Jean Paul\.dnx\bin;C:\Program Files\Microsoft DNX\Dnvm\;C:\Program Files\Microsoft SQL Server\120\Tools\Binn\;C:\Program Files\Microsoft\Web Platform Installer\;C:\Program Files (x86)\Windows Live\Shared;C:\Program Files (x86)\Bitvise SSH Client;C:\Program Files (x86)\GNU\GnuPG\pub;C:\Program Files (x86)\Skype\Phone\;C:\Go\bin;C:\Users\Jean Paul\.dnx\bin;C:\Users\Jean Paul\AppData\Local\atom\bin
USERNAME=Jean Paul
OS=Windows_NT
PROCESSOR_IDENTIFIER=Intel64 Family 6 Model 42 Stepping 7, GenuineIntel



---------------  S Y S T E M  ---------------

OS: Windows 10.0 , 64 bit Build 10586 (10.0.10586.0)

CPU:total 8 (4 cores per cpu, 2 threads per core) family 6 model 42 stepping 7, cmov, cx8, fxsr, mmx, sse, sse2, sse3, ssse3, sse4.1, sse4.2, popcnt, avx, aes, clmul, ht, tsc, tscinvbit

Memory: 4k page, physical 12492496k(8974120k free), swap 14393040k(10769436k free)

vm_info: Java HotSpot(TM) 64-Bit Server VM (25.92-b14) for windows-amd64 JRE (1.8.0_92-b14), built on Mar 31 2016 21:03:04 by "java_re" with MS VC++ 10.0 (VS2010)

time: Wed May 25 10:46:08 2016
elapsed time: 22 seconds (0d 0h 0m 22s)

