#
# A fatal error has been detected by the Java Runtime Environment:
#
#  SIGSEGV (0xb) at pc=0x000000012536db0e, pid=13734, tid=56067
#
# JRE version: Java(TM) SE Runtime Environment (8.0_73-b02) (build 1.8.0_73-b02)
# Java VM: Java HotSpot(TM) 64-Bit Server VM (25.73-b02 mixed mode bsd-amd64 compressed oops)
# Problematic frame:
# C  [libjfxwebkit.dylib+0xe2db0e]  WTFCrash+0x3e
#
# Failed to write core dump. Core dumps have been disabled. To enable core dumping, try "ulimit -c unlimited" before starting Java again
#
# If you would like to submit a bug report, please visit:
#   http://bugreport.java.com/bugreport/crash.jsp
# The crash happened outside the Java Virtual Machine in native code.
# See problematic frame for where to report the bug.
#

---------------  T H R E A D  ---------------

Current thread (0x00007f8c0c981000):  JavaThread "pool-3-thread-1" [_thread_in_native, id=56067, stack(0x0000700001c74000,0x0000700001d74000)]

siginfo: si_signo: 11 (SIGSEGV), si_code: 1 (SEGV_MAPERR), si_addr: 0x00000000bbadbeef

Registers:
RAX=0x00000000bbadbeef, RBX=0x0000700001d73040, RCX=0x0000060000000703, RDX=0x0000070000000700
RSP=0x0000700001d72f00, RBP=0x0000700001d73010, RSI=0x0000000000012068, RDI=0x0000000000000000
R8 =0x0000000000000040, R9 =0x00007fff76ea81e0, R10=0xffffffffffffffff, R11=0x0000000000000246
R12=0x0000700001d73210, R13=0x0000000000000002, R14=0x00007f8c0c102400, R15=0x000000012cf7f9b0
RIP=0x000000012536db0e, EFLAGS=0x0000000000010202, ERR=0x0000000000000006
  TRAPNO=0x000000000000000e

Top of Stack: (sp=0x0000700001d72f00)
0x0000700001d72f00:   000000012536dafa 00000001256641ee
0x0000700001d72f10:   00000001256662fc 000000012551b1f0
0x0000700001d72f20:   000000012564b13e 00000001253a9c46
0x0000700001d72f30:   0000000124faa773 00000001089a68be
0x0000700001d72f40:   00000001089a18e4 00007fff9770c5b1
0x0000700001d72f50:   0000000105ecc000 0000000000000118
0x0000700001d72f60:   0000000000000118 00007f8c0c102400
0x0000700001d72f70:   0000700001d72f90 00007fff9770b0dc
0x0000700001d72f80:   000000000000001b 000000012d1af2c0
0x0000700001d72f90:   0000700001d72fb0 0000000125380a92
0x0000700001d72fa0:   000000012d1af2c0 0000000000000004
0x0000700001d72fb0:   0000700001d72fd0 0000000105e9c000
0x0000700001d72fc0:   0000700001d73060 00007fff9770edfc
0x0000700001d72fd0:   0000700001d73000 000000012570b93e
0x0000700001d72fe0:   0000000000000006 0000000000000000
0x0000700001d72ff0:   00000001269dc480 0000700001d730e0
0x0000700001d73000:   00007f8c145fc080 00007f8c1452caa0
0x0000700001d73010:   0000700001d73030 00000001256641ee
0x0000700001d73020:   000000012cf70000 000000012cf7f9b0
0x0000700001d73030:   0000700001d73060 00000001256662fc
0x0000700001d73040:   00007f8c0c102400 0000000000000002
0x0000700001d73050:   00007f8c0c102400 0000000000000002
0x0000700001d73060:   0000700001d73130 000000012551b1f0
0x0000700001d73070:   0000000000000001 00007f8c11a17d50
0x0000700001d73080:   0000000000000003 00000001269efdd0
0x0000700001d73090:   0000700001d73198 000000012d1b4770
0x0000700001d730a0:   0000000000000008 0000000130046590
0x0000700001d730b0:   0000000105e9fa00 0000000000000002
0x0000700001d730c0:   0000000105e9c000 0000000105e9fa00
0x0000700001d730d0:   0000000000000001 00007f8c14779112
0x0000700001d730e0:   00007f8c0c102400 000000012cf7f970
0x0000700001d730f0:   00007f8c0c102400 000000012ffede70 

Instructions: (pc=0x000000012536db0e)
0x000000012536daee:   ff ff be 21 00 00 00 e8 3e fc 49 00 48 8d bd 00
0x000000012536dafe:   ff ff ff 8d 70 fe e8 d7 fe ff ff b8 ef be ad bb
0x000000012536db0e:   c7 00 00 00 00 00 0f 0b 66 2e 0f 1f 84 00 00 00
0x000000012536db1e:   00 00 55 48 89 e5 48 81 ec 10 01 00 00 48 8b 05 

Register to memory mapping:

RAX=0x00000000bbadbeef is an unknown value
RBX=0x0000700001d73040 is pointing into the stack for thread: 0x00007f8c0c981000
RCX=0x0000060000000703 is an unknown value
RDX=0x0000070000000700 is an unknown value
RSP=0x0000700001d72f00 is pointing into the stack for thread: 0x00007f8c0c981000
RBP=0x0000700001d73010 is pointing into the stack for thread: 0x00007f8c0c981000
RSI=0x0000000000012068 is an unknown value
RDI=0x0000000000000000 is an unknown value
R8 =0x0000000000000040 is an unknown value
R9 =0x00007fff76ea81e0: __sFX+0x1c0 in /usr/lib/system/libsystem_c.dylib at 0x00007fff86eb3000
R10=0xffffffffffffffff is an unknown value
R11=0x0000000000000246 is an unknown value
R12=0x0000700001d73210 is pointing into the stack for thread: 0x00007f8c0c981000
R13=0x0000000000000002 is an unknown value
R14=0x00007f8c0c102400 is an unknown value
R15=0x000000012cf7f9b0 is an unknown value


Stack: [0x0000700001c74000,0x0000700001d74000],  sp=0x0000700001d72f00,  free space=1019k
Native frames: (J=compiled Java code, j=interpreted, Vv=VM code, C=native code)
C  [libjfxwebkit.dylib+0xe2db0e]  WTFCrash+0x3e
C  [libjfxwebkit.dylib+0x11241ee]  JSC::ErrorHandlingScope::ErrorHandlingScope(JSC::VM&)+0x3e
C  [libjfxwebkit.dylib+0x11262fc]  JSC::throwStackOverflowError(JSC::ExecState*)+0x2c
C  [libjfxwebkit.dylib+0xfdb1f0]  JSC::Interpreter::executeCall(JSC::ExecState*, JSC::JSObject*, JSC::CallType, JSC::CallData const&, JSC::JSValue, JSC::ArgList const&)+0xb0
C  [libjfxwebkit.dylib+0x110b13e]  JSC::call(JSC::ExecState*, JSC::JSValue, JSC::CallType, JSC::CallData const&, JSC::JSValue, JSC::ArgList const&)+0x3e
C  [libjfxwebkit.dylib+0xe69c46]  JSObjectCallAsFunction+0x256
C  [libjfxwebkit.dylib+0xa6a773]  Java_com_sun_webkit_dom_JSObject_callImpl+0x253
J 2525  com.sun.webkit.dom.JSObject.callImpl(JILjava/lang/String;[Ljava/lang/Object;Ljava/security/AccessControlContext;)Ljava/lang/Object; (0 bytes) @ 0x00000001089a68be [0x00000001089a67c0+0xfe]
J 2510 C1 com.sun.webkit.dom.JSObject.call(Ljava/lang/String;[Ljava/lang/Object;)Ljava/lang/Object; (17 bytes) @ 0x00000001089a18e4 [0x00000001089a1600+0x2e4]
J 2509 C1 com.lynden.gmapsfx.javascript.JavascriptObject.invokeJavascript(Ljava/lang/String;[Ljava/lang/Object;)Ljava/lang/Object; (101 bytes) @ 0x00000001089a0a94 [0x000000010899ff20+0xb74]
J 2582 C1 com.lynden.gmapsfx.javascript.object.Marker.setMap(Lcom/lynden/gmapsfx/javascript/object/GoogleMap;)V (16 bytes) @ 0x00000001089ce92c [0x00000001089ce680+0x2ac]
j  com.lynden.gmapsfx.javascript.object.GoogleMap.removeMarker(Lcom/lynden/gmapsfx/javascript/object/Marker;)V+2
j  com.busenzo.gui.FXMLDocumentController.clearBusMarkers()V+89
j  com.busenzo.gui.FXMLDocumentController.reloadData()V+16
j  com.busenzo.gui.FXMLDocumentController$1.run()V+4
j  java.util.concurrent.Executors$RunnableAdapter.call()Ljava/lang/Object;+4
j  java.util.concurrent.FutureTask.runAndReset()Z+47
j  java.util.concurrent.ScheduledThreadPoolExecutor$ScheduledFutureTask.access$301(Ljava/util/concurrent/ScheduledThreadPoolExecutor$ScheduledFutureTask;)Z+1
j  java.util.concurrent.ScheduledThreadPoolExecutor$ScheduledFutureTask.run()V+37
j  java.util.concurrent.ThreadPoolExecutor.runWorker(Ljava/util/concurrent/ThreadPoolExecutor$Worker;)V+95
j  java.util.concurrent.ThreadPoolExecutor$Worker.run()V+5
j  java.lang.Thread.run()V+11
v  ~StubRoutines::call_stub
V  [libjvm.dylib+0x2eae7a]  JavaCalls::call_helper(JavaValue*, methodHandle*, JavaCallArguments*, Thread*)+0x6ae
V  [libjvm.dylib+0x2eb608]  JavaCalls::call_virtual(JavaValue*, KlassHandle, Symbol*, Symbol*, JavaCallArguments*, Thread*)+0x164
V  [libjvm.dylib+0x2eb7b4]  JavaCalls::call_virtual(JavaValue*, Handle, KlassHandle, Symbol*, Symbol*, Thread*)+0x4a
V  [libjvm.dylib+0x345d31]  thread_entry(JavaThread*, Thread*)+0x7c
V  [libjvm.dylib+0x561753]  JavaThread::thread_main_inner()+0x9b
V  [libjvm.dylib+0x562e4e]  JavaThread::run()+0x1c2
V  [libjvm.dylib+0x4838a2]  java_start(Thread*)+0xf6
C  [libsystem_pthread.dylib+0x3c13]  _pthread_body+0x83
C  [libsystem_pthread.dylib+0x3b90]  _pthread_body+0x0
C  [libsystem_pthread.dylib+0x1375]  thread_start+0xd
C  0x0000000000000000

Java frames: (J=compiled Java code, j=interpreted, Vv=VM code)
J 2525  com.sun.webkit.dom.JSObject.callImpl(JILjava/lang/String;[Ljava/lang/Object;Ljava/security/AccessControlContext;)Ljava/lang/Object; (0 bytes) @ 0x00000001089a6844 [0x00000001089a67c0+0x84]
J 2510 C1 com.sun.webkit.dom.JSObject.call(Ljava/lang/String;[Ljava/lang/Object;)Ljava/lang/Object; (17 bytes) @ 0x00000001089a18e4 [0x00000001089a1600+0x2e4]
J 2509 C1 com.lynden.gmapsfx.javascript.JavascriptObject.invokeJavascript(Ljava/lang/String;[Ljava/lang/Object;)Ljava/lang/Object; (101 bytes) @ 0x00000001089a0a94 [0x000000010899ff20+0xb74]
J 2582 C1 com.lynden.gmapsfx.javascript.object.Marker.setMap(Lcom/lynden/gmapsfx/javascript/object/GoogleMap;)V (16 bytes) @ 0x00000001089ce92c [0x00000001089ce680+0x2ac]
j  com.lynden.gmapsfx.javascript.object.GoogleMap.removeMarker(Lcom/lynden/gmapsfx/javascript/object/Marker;)V+2
j  com.busenzo.gui.FXMLDocumentController.clearBusMarkers()V+89
j  com.busenzo.gui.FXMLDocumentController.reloadData()V+16
j  com.busenzo.gui.FXMLDocumentController$1.run()V+4
j  java.util.concurrent.Executors$RunnableAdapter.call()Ljava/lang/Object;+4
j  java.util.concurrent.FutureTask.runAndReset()Z+47
j  java.util.concurrent.ScheduledThreadPoolExecutor$ScheduledFutureTask.access$301(Ljava/util/concurrent/ScheduledThreadPoolExecutor$ScheduledFutureTask;)Z+1
j  java.util.concurrent.ScheduledThreadPoolExecutor$ScheduledFutureTask.run()V+37
j  java.util.concurrent.ThreadPoolExecutor.runWorker(Ljava/util/concurrent/ThreadPoolExecutor$Worker;)V+95
j  java.util.concurrent.ThreadPoolExecutor$Worker.run()V+5
j  java.lang.Thread.run()V+11
v  ~StubRoutines::call_stub

---------------  P R O C E S S  ---------------

Java Threads: ( => current thread )
  0x00007f8c0c38b000 JavaThread "Keep-Alive-Timer" daemon [_thread_blocked, id=24367, stack(0x0000700001b71000,0x0000700001c71000)]
  0x00007f8c0cae7000 JavaThread "Watchdog-Timer-1" daemon [_thread_blocked, id=71439, stack(0x000070000228f000,0x000070000238f000)]
  0x00007f8c0ca39800 JavaThread "Prism Font Disposer" daemon [_thread_blocked, id=58887, stack(0x0000700001d77000,0x0000700001e77000)]
=>0x00007f8c0c981000 JavaThread "pool-3-thread-1" [_thread_in_native, id=56067, stack(0x0000700001c74000,0x0000700001d74000)]
  0x00007f8c0d8ce000 JavaThread "Disposer" daemon [_thread_blocked, id=54019, stack(0x0000700001a6e000,0x0000700001b6e000)]
  0x00007f8c0c8bc800 JavaThread "JavaFX-Launcher" [_thread_blocked, id=52995, stack(0x00007000018e8000,0x00007000019e8000)]
  0x00007f8c0d8fb000 JavaThread "Thread-3" daemon [_thread_in_native, id=40963, stack(0x00007000017e2000,0x0000700001862000)]
  0x00007f8c0b9f7800 JavaThread "JavaFX Application Thread" [_thread_in_native, id=2571, stack(0x00007fff5957f000,0x00007fff59d7f000)]
  0x00007f8c0b9ca800 JavaThread "Thread-1" daemon [_thread_blocked, id=27907, stack(0x000070000165c000,0x000070000175c000)]
  0x00007f8c0c078000 JavaThread "QuantumRenderer-0" daemon [_thread_blocked, id=22019, stack(0x00007000014d6000,0x00007000015d6000)]
  0x00007f8c0b833000 JavaThread "Service Thread" daemon [_thread_blocked, id=20995, stack(0x00007000012d0000,0x00007000013d0000)]
  0x00007f8c0c018800 JavaThread "C1 CompilerThread3" daemon [_thread_blocked, id=20483, stack(0x00007000011cd000,0x00007000012cd000)]
  0x00007f8c0c842800 JavaThread "C2 CompilerThread2" daemon [_thread_blocked, id=19971, stack(0x00007000010ca000,0x00007000011ca000)]
  0x00007f8c0c841800 JavaThread "C2 CompilerThread1" daemon [_thread_blocked, id=19459, stack(0x0000700000fc7000,0x00007000010c7000)]
  0x00007f8c0c004000 JavaThread "C2 CompilerThread0" daemon [_thread_blocked, id=18947, stack(0x0000700000ec4000,0x0000700000fc4000)]
  0x00007f8c0c00c000 JavaThread "Signal Dispatcher" daemon [_thread_blocked, id=15887, stack(0x0000700000dc1000,0x0000700000ec1000)]
  0x00007f8c0d831800 JavaThread "Finalizer" daemon [_thread_blocked, id=14339, stack(0x0000700000c3b000,0x0000700000d3b000)]
  0x00007f8c0c80e800 JavaThread "Reference Handler" daemon [_thread_blocked, id=13827, stack(0x0000700000b38000,0x0000700000c38000)]
  0x00007f8c0b80b000 JavaThread "main" [_thread_blocked, id=5891, stack(0x000070000011a000,0x000070000021a000)]

Other Threads:
  0x00007f8c0c80b800 VMThread [stack: 0x0000700000a35000,0x0000700000b35000] [id=13315]
  0x00007f8c0c00b800 WatcherThread [stack: 0x00007000013d3000,0x00007000014d3000] [id=21507]

VM state:not at safepoint (normal execution)

VM Mutex/Monitor currently owned by a thread: None

Heap:
 PSYoungGen      total 46080K, used 29850K [0x0000000795580000, 0x0000000798c80000, 0x00000007c0000000)
  eden space 40960K, 60% used [0x0000000795580000,0x0000000796da80f8,0x0000000797d80000)
  from space 5120K, 99% used [0x0000000798280000,0x000000079877e9a0,0x0000000798780000)
  to   space 5120K, 0% used [0x0000000797d80000,0x0000000797d80000,0x0000000798280000)
 ParOldGen       total 71680K, used 20200K [0x0000000740000000, 0x0000000744600000, 0x0000000795580000)
  object space 71680K, 28% used [0x0000000740000000,0x00000007413ba3b8,0x0000000744600000)
 Metaspace       used 24462K, capacity 25568K, committed 25600K, reserved 1071104K
  class space    used 3341K, capacity 3558K, committed 3584K, reserved 1048576K

Card table byte_map: [0x000000011754d000,0x000000011794e000] byte_map_base: 0x0000000113b4d000

Marking Bits: (ParMarkBitMap*) 0x0000000107ae3ea0
 Begin Bits: [0x0000000117bf9000, 0x0000000119bf9000)
 End Bits:   [0x0000000119bf9000, 0x000000011bbf9000)

Polling page: 0x0000000106144000

CodeCache: size=245760Kb used=9070Kb max_used=9070Kb free=236689Kb
 bounds [0x000000010818d000, 0x0000000108a7d000, 0x000000011718d000]
 total_blobs=3662 nmethods=2916 adapters=659
 compilation: enabled

Compilation events (10 events):
Event: 124.744 Thread 0x00007f8c0c018800 3335       3       java.time.format.Parsed::query (101 bytes)
Event: 124.744 Thread 0x00007f8c0c018800 nmethod 3335 0x0000000108a4de50 code [0x0000000108a4e040, 0x0000000108a4e868]
Event: 124.744 Thread 0x00007f8c0c018800 3336       3       java.time.temporal.TemporalQueries::zoneId (4 bytes)
Event: 124.744 Thread 0x00007f8c0c018800 nmethod 3336 0x0000000108a4db50 code [0x0000000108a4dca0, 0x0000000108a4ddd0]
Event: 124.744 Thread 0x00007f8c0c018800 3337       3       java.time.temporal.TemporalQueries::chronology (4 bytes)
Event: 124.744 Thread 0x00007f8c0c018800 nmethod 3337 0x0000000108a4d850 code [0x0000000108a4d9a0, 0x0000000108a4dad0]
Event: 124.744 Thread 0x00007f8c0c018800 3338       3       java.time.temporal.TemporalQueries::localTime (4 bytes)
Event: 124.744 Thread 0x00007f8c0c018800 nmethod 3338 0x0000000108a4d550 code [0x0000000108a4d6a0, 0x0000000108a4d7d0]
Event: 124.744 Thread 0x00007f8c0c018800 3339       1       com.busenzo.domein.Rit::getVerwachteAankomstTijd (5 bytes)
Event: 124.744 Thread 0x00007f8c0c018800 nmethod 3339 0x0000000108a4d290 code [0x0000000108a4d3e0, 0x0000000108a4d4f0]

GC Heap History (10 events):
Event: 1.264 GC heap before
{Heap before GC invocations=1 (full 0):
 PSYoungGen      total 38400K, used 33280K [0x0000000795580000, 0x0000000798000000, 0x00000007c0000000)
  eden space 33280K, 100% used [0x0000000795580000,0x0000000797600000,0x0000000797600000)
  from space 5120K, 0% used [0x0000000797b00000,0x0000000797b00000,0x0000000798000000)
  to   space 5120K, 0% used [0x0000000797600000,0x0000000797600000,0x0000000797b00000)
 ParOldGen       total 87552K, used 0K [0x0000000740000000, 0x0000000745580000, 0x0000000795580000)
  object space 87552K, 0% used [0x0000000740000000,0x0000000740000000,0x0000000745580000)
 Metaspace       used 15471K, capacity 16046K, committed 16256K, reserved 1062912K
  class space    used 2016K, capacity 2163K, committed 2176K, reserved 1048576K
Event: 1.270 GC heap after
Heap after GC invocations=1 (full 0):
 PSYoungGen      total 38400K, used 5088K [0x0000000795580000, 0x0000000798000000, 0x00000007c0000000)
  eden space 33280K, 0% used [0x0000000795580000,0x0000000795580000,0x0000000797600000)
  from space 5120K, 99% used [0x0000000797600000,0x0000000797af8040,0x0000000797b00000)
  to   space 5120K, 0% used [0x0000000797b00000,0x0000000797b00000,0x0000000798000000)
 ParOldGen       total 87552K, used 313K [0x0000000740000000, 0x0000000745580000, 0x0000000795580000)
  object space 87552K, 0% used [0x0000000740000000,0x000000074004e7b8,0x0000000745580000)
 Metaspace       used 15471K, capacity 16046K, committed 16256K, reserved 1062912K
  class space    used 2016K, capacity 2163K, committed 2176K, reserved 1048576K
}
Event: 3.868 GC heap before
{Heap before GC invocations=2 (full 0):
 PSYoungGen      total 38400K, used 30256K [0x0000000795580000, 0x0000000798000000, 0x00000007c0000000)
  eden space 33280K, 75% used [0x0000000795580000,0x0000000796e14270,0x0000000797600000)
  from space 5120K, 99% used [0x0000000797600000,0x0000000797af8040,0x0000000797b00000)
  to   space 5120K, 0% used [0x0000000797b00000,0x0000000797b00000,0x0000000798000000)
 ParOldGen       total 87552K, used 313K [0x0000000740000000, 0x0000000745580000, 0x0000000795580000)
  object space 87552K, 0% used [0x0000000740000000,0x000000074004e7b8,0x0000000745580000)
 Metaspace       used 20466K, capacity 21260K, committed 21296K, reserved 1067008K
  class space    used 2759K, capacity 2930K, committed 2944K, reserved 1048576K
Event: 3.877 GC heap after
Heap after GC invocations=2 (full 0):
 PSYoungGen      total 38400K, used 5104K [0x0000000795580000, 0x0000000798000000, 0x00000007c0000000)
  eden space 33280K, 0% used [0x0000000795580000,0x0000000795580000,0x0000000797600000)
  from space 5120K, 99% used [0x0000000797b00000,0x0000000797ffc050,0x0000000798000000)
  to   space 5120K, 0% used [0x0000000797600000,0x0000000797600000,0x0000000797b00000)
 ParOldGen       total 87552K, used 4176K [0x0000000740000000, 0x0000000745580000, 0x0000000795580000)
  object space 87552K, 4% used [0x0000000740000000,0x00000007404140d8,0x0000000745580000)
 Metaspace       used 20466K, capacity 21260K, committed 21296K, reserved 1067008K
  class space    used 2759K, capacity 2930K, committed 2944K, reserved 1048576K
}
Event: 3.877 GC heap before
{Heap before GC invocations=3 (full 1):
 PSYoungGen      total 38400K, used 5104K [0x0000000795580000, 0x0000000798000000, 0x00000007c0000000)
  eden space 33280K, 0% used [0x0000000795580000,0x0000000795580000,0x0000000797600000)
  from space 5120K, 99% used [0x0000000797b00000,0x0000000797ffc050,0x0000000798000000)
  to   space 5120K, 0% used [0x0000000797600000,0x0000000797600000,0x0000000797b00000)
 ParOldGen       total 87552K, used 4176K [0x0000000740000000, 0x0000000745580000, 0x0000000795580000)
  object space 87552K, 4% used [0x0000000740000000,0x00000007404140d8,0x0000000745580000)
 Metaspace       used 20466K, capacity 21260K, committed 21296K, reserved 1067008K
  class space    used 2759K, capacity 2930K, committed 2944K, reserved 1048576K
Event: 3.920 GC heap after
Heap after GC invocations=3 (full 1):
 PSYoungGen      total 38400K, used 0K [0x0000000795580000, 0x0000000798000000, 0x00000007c0000000)
  eden space 33280K, 0% used [0x0000000795580000,0x0000000795580000,0x0000000797600000)
  from space 5120K, 0% used [0x0000000797b00000,0x0000000797b00000,0x0000000798000000)
  to   space 5120K, 0% used [0x0000000797600000,0x0000000797600000,0x0000000797b00000)
 ParOldGen       total 71680K, used 8825K [0x0000000740000000, 0x0000000744600000, 0x0000000795580000)
  object space 71680K, 12% used [0x0000000740000000,0x000000074089e620,0x0000000744600000)
 Metaspace       used 20466K, capacity 21260K, committed 21296K, reserved 1067008K
  class space    used 2759K, capacity 2930K, committed 2944K, reserved 1048576K
}
Event: 5.934 GC heap before
{Heap before GC invocations=4 (full 1):
 PSYoungGen      total 38400K, used 33280K [0x0000000795580000, 0x0000000798000000, 0x00000007c0000000)
  eden space 33280K, 100% used [0x0000000795580000,0x0000000797600000,0x0000000797600000)
  from space 5120K, 0% used [0x0000000797b00000,0x0000000797b00000,0x0000000798000000)
  to   space 5120K, 0% used [0x0000000797600000,0x0000000797600000,0x0000000797b00000)
 ParOldGen       total 71680K, used 8825K [0x0000000740000000, 0x0000000744600000, 0x0000000795580000)
  object space 71680K, 12% used [0x0000000740000000,0x000000074089e620,0x0000000744600000)
 Metaspace       used 23572K, capacity 24668K, committed 24832K, reserved 1071104K
  class space    used 3270K, capacity 3506K, committed 3584K, reserved 1048576K
Event: 5.937 GC heap after
Heap after GC invocations=4 (full 1):
 PSYoungGen      total 38400K, used 5119K [0x0000000795580000, 0x0000000798780000, 0x00000007c0000000)
  eden space 33280K, 0% used [0x0000000795580000,0x0000000795580000,0x0000000797600000)
  from space 5120K, 99% used [0x0000000797600000,0x0000000797affea8,0x0000000797b00000)
  to   space 5120K, 0% used [0x0000000798280000,0x0000000798280000,0x0000000798780000)
 ParOldGen       total 71680K, used 9439K [0x0000000740000000, 0x0000000744600000, 0x0000000795580000)
  object space 71680K, 13% used [0x0000000740000000,0x0000000740937ce8,0x0000000744600000)
 Metaspace       used 23572K, capacity 24668K, committed 24832K, reserved 1071104K
  class space    used 3270K, capacity 3506K, committed 3584K, reserved 1048576K
}
Event: 6.366 GC heap before
{Heap before GC invocations=5 (full 1):
 PSYoungGen      total 38400K, used 37927K [0x0000000795580000, 0x0000000798780000, 0x00000007c0000000)
  eden space 33280K, 98% used [0x0000000795580000,0x0000000797589ea0,0x0000000797600000)
  from space 5120K, 99% used [0x0000000797600000,0x0000000797affea8,0x0000000797b00000)
  to   space 5120K, 0% used [0x0000000798280000,0x0000000798280000,0x0000000798780000)
 ParOldGen       total 71680K, used 9439K [0x0000000740000000, 0x0000000744600000, 0x0000000795580000)
  object space 71680K, 13% used [0x0000000740000000,0x0000000740937ce8,0x0000000744600000)
 Metaspace       used 24161K, capacity 25332K, committed 25600K, reserved 1071104K
  class space    used 3329K, capacity 3552K, committed 3584K, reserved 1048576K
Event: 6.374 GC heap after
Heap after GC invocations=5 (full 1):
 PSYoungGen      total 46080K, used 5114K [0x0000000795580000, 0x0000000798c80000, 0x00000007c0000000)
  eden space 40960K, 0% used [0x0000000795580000,0x0000000795580000,0x0000000797d80000)
  from space 5120K, 99% used [0x0000000798280000,0x000000079877e9a0,0x0000000798780000)
  to   space 5120K, 0% used [0x0000000797d80000,0x0000000797d80000,0x0000000798280000)
 ParOldGen       total 71680K, used 20200K [0x0000000740000000, 0x0000000744600000, 0x0000000795580000)
  object space 71680K, 28% used [0x0000000740000000,0x00000007413ba3b8,0x0000000744600000)
 Metaspace       used 24161K, capacity 25332K, committed 25600K, reserved 1071104K
  class space    used 3329K, capacity 3552K, committed 3584K, reserved 1048576K
}

Deoptimization events (10 events):
Event: 4.154 Thread 0x00007f8c0b9f7800 Uncommon trap: reason=unstable_if action=reinterpret pc=0x0000000108483a74 method=jdk.internal.org.objectweb.asm.Type.getArgumentsAndReturnSizes(Ljava/lang/String;)I @ 47
Event: 4.236 Thread 0x00007f8c0cac7800 Uncommon trap: reason=unstable_if action=reinterpret pc=0x000000010842e59c method=java.lang.String.indexOf([CII[CIII)I @ 27
Event: 4.239 Thread 0x00007f8c0cac7800 Uncommon trap: reason=predicate action=maybe_recompile pc=0x00000001088a6030 method=java.util.regex.Pattern$SliceI.match(Ljava/util/regex/Matcher;ILjava/lang/CharSequence;)Z @ 21
Event: 4.247 Thread 0x00007f8c0cac7800 Uncommon trap: reason=unstable_if action=reinterpret pc=0x0000000108652934 method=java.util.regex.Pattern$Start.match(Ljava/util/regex/Matcher;ILjava/lang/CharSequence;)Z @ 10
Event: 5.789 Thread 0x00007f8c0b9f7800 Uncommon trap: reason=unstable_if action=reinterpret pc=0x00000001089ba6f0 method=java.security.AccessControlContext.combine([Ljava/security/ProtectionDomain;[Ljava/security/ProtectionDomain;)[Ljava/security/ProtectionDomain; @ 11
Event: 5.806 Thread 0x00007f8c0c2c0000 Uncommon trap: reason=unstable_if action=reinterpret pc=0x00000001089d8020 method=java.util.concurrent.locks.AbstractQueuedSynchronizer$ConditionObject.addConditionWaiter()Ljava/util/concurrent/locks/AbstractQueuedSynchronizer$Node; @ 6
Event: 6.180 Thread 0x00007f8c0b9f7800 Uncommon trap: reason=unstable_if action=reinterpret pc=0x00000001089d5c08 method=java.util.concurrent.locks.AbstractQueuedSynchronizer$ConditionObject.doSignal(Ljava/util/concurrent/locks/AbstractQueuedSynchronizer$Node;)V @ 9
Event: 6.269 Thread 0x00007f8c0b9f7800 Uncommon trap: reason=unstable_if action=reinterpret pc=0x000000010830e2d8 method=com.sun.javafx.iio.png.PNGImageLoader2.decodePalette([BLcom/sun/javafx/iio/ImageMetadata;)Lcom/sun/javafx/iio/ImageFrame; @ 155
Event: 7.093 Thread 0x00007f8c0b9f7800 Uncommon trap: reason=unstable_if action=reinterpret pc=0x0000000108982378 method=java.lang.Long.stringSize(J)I @ 11
Event: 15.817 Thread 0x00007f8c0b9f7800 Uncommon trap: reason=unstable_if action=reinterpret pc=0x0000000108956d48 method=java.util.concurrent.locks.ReentrantLock$Sync.isHeldExclusively()Z @ 7

Internal exceptions (10 events):
Event: 0.979 Thread 0x00007f8c0b9f7800 Exception <a 'sun/nio/fs/UnixException'> (0x0000000796ab80a8) thrown at [/HUDSON3/workspace/8-2-build-macosx-x86_64/jdk8u73/6086/hotspot/src/share/vm/prims/jni.cpp, line 709]
Event: 0.987 Thread 0x00007f8c0b9f7800 Implicit null exception at 0x00000001083e2ff5 to 0x00000001083e3379
Event: 1.012 Thread 0x00007f8c0b9f7800 Exception <a 'java/lang/ArrayIndexOutOfBoundsException'> (0x0000000796baebc0) thrown at [/HUDSON3/workspace/8-2-build-macosx-x86_64/jdk8u73/6086/hotspot/src/share/vm/runtime/sharedRuntime.cpp, line 605]
Event: 1.012 Thread 0x00007f8c0b9f7800 Exception <a 'java/lang/ArrayIndexOutOfBoundsException'> (0x0000000796baf6d8) thrown at [/HUDSON3/workspace/8-2-build-macosx-x86_64/jdk8u73/6086/hotspot/src/share/vm/runtime/sharedRuntime.cpp, line 605]
Event: 1.012 Thread 0x00007f8c0b9f7800 Exception <a 'java/lang/ArrayIndexOutOfBoundsException'> (0x0000000796bb0a80) thrown at [/HUDSON3/workspace/8-2-build-macosx-x86_64/jdk8u73/6086/hotspot/src/share/vm/runtime/sharedRuntime.cpp, line 605]
Event: 1.862 Thread 0x00007f8c0b9f7800 Implicit null exception at 0x00000001084730f5 to 0x0000000108473331
Event: 1.862 Thread 0x00007f8c0b9f7800 Implicit null exception at 0x00000001084f4f7b to 0x00000001084f5441
Event: 1.863 Thread 0x00007f8c0b9f7800 Implicit null exception at 0x000000010857a62f to 0x000000010857a699
Event: 3.790 Thread 0x00007f8c0b9f7800 Implicit null exception at 0x00000001087362ed to 0x000000010873633d
Event: 5.789 Thread 0x00007f8c0b9f7800 Implicit null exception at 0x00000001089ba45a to 0x00000001089ba6d9

Events (10 events):
Event: 26.738 Thread 0x00007f8c0c018800 flushing nmethod 0x000000010887b410
Event: 29.104 Thread 0x00007f8c0c842800 flushing nmethod 0x00000001088a1990
Event: 29.105 Thread 0x00007f8c0c842800 flushing nmethod 0x00000001088aa090
Event: 29.105 Thread 0x00007f8c0c842800 flushing nmethod 0x00000001088eb550
Event: 31.772 Thread 0x00007f8c0c018800 flushing nmethod 0x000000010890b650
Event: 31.772 Thread 0x00007f8c0c018800 flushing nmethod 0x000000010890e950
Event: 31.772 Thread 0x00007f8c0c018800 flushing nmethod 0x0000000108958dd0
Event: 35.456 loading class java/lang/ref/ReferenceQueue$1
Event: 35.456 loading class java/lang/ref/ReferenceQueue$1 done
Event: 123.368 Thread 0x00007f8c0c38b000 Thread added: 0x00007f8c0c38b000


Dynamic libraries:
0x0000000006ea3000 	/System/Library/Frameworks/Cocoa.framework/Versions/A/Cocoa
0x0000000006ea3000 	/System/Library/Frameworks/Security.framework/Versions/A/Security
0x0000000006ea3000 	/System/Library/Frameworks/ApplicationServices.framework/Versions/A/ApplicationServices
0x0000000006ea3000 	/usr/lib/libz.1.dylib
0x0000000006ea3000 	/usr/lib/libSystem.B.dylib
0x0000000006ea3000 	/usr/lib/libobjc.A.dylib
0x0000000006ea3000 	/System/Library/Frameworks/CoreFoundation.framework/Versions/A/CoreFoundation
0x0000000006ea3000 	/System/Library/Frameworks/Foundation.framework/Versions/C/Foundation
0x0000000006ea3000 	/System/Library/Frameworks/AppKit.framework/Versions/C/AppKit
0x0000000006ea3000 	/System/Library/Frameworks/CoreData.framework/Versions/A/CoreData
0x0000000006ea3000 	/System/Library/PrivateFrameworks/RemoteViewServices.framework/Versions/A/RemoteViewServices
0x0000000006ea3000 	/System/Library/PrivateFrameworks/UIFoundation.framework/Versions/A/UIFoundation
0x0000000006ea3000 	/usr/lib/libScreenReader.dylib
0x0000000006ea3000 	/System/Library/Frameworks/Accelerate.framework/Versions/A/Accelerate
0x0000000006ea3000 	/System/Library/Frameworks/IOSurface.framework/Versions/A/IOSurface
0x0000000006ea3000 	/System/Library/Frameworks/AudioToolbox.framework/Versions/A/AudioToolbox
0x0000000006ea3000 	/System/Library/Frameworks/AudioUnit.framework/Versions/A/AudioUnit
0x0000000006ea3000 	/System/Library/PrivateFrameworks/DataDetectorsCore.framework/Versions/A/DataDetectorsCore
0x0000000006ea3000 	/System/Library/PrivateFrameworks/DesktopServicesPriv.framework/Versions/A/DesktopServicesPriv
0x0000000006ea3000 	/System/Library/Frameworks/Carbon.framework/Versions/A/Frameworks/HIToolbox.framework/Versions/A/HIToolbox
0x0000000006ea3000 	/System/Library/Frameworks/QuartzCore.framework/Versions/A/QuartzCore
0x0000000006ea3000 	/System/Library/Frameworks/Carbon.framework/Versions/A/Frameworks/SpeechRecognition.framework/Versions/A/SpeechRecognition
0x0000000006ea3000 	/usr/lib/libauto.dylib
0x0000000006ea3000 	/usr/lib/libicucore.A.dylib
0x0000000006ea3000 	/usr/lib/libxml2.2.dylib
0x0000000006ea3000 	/System/Library/PrivateFrameworks/CoreUI.framework/Versions/A/CoreUI
0x0000000006ea3000 	/System/Library/Frameworks/CoreAudio.framework/Versions/A/CoreAudio
0x0000000006ea3000 	/System/Library/Frameworks/DiskArbitration.framework/Versions/A/DiskArbitration
0x0000000006ea3000 	/usr/lib/liblangid.dylib
0x0000000006ea3000 	/System/Library/PrivateFrameworks/MultitouchSupport.framework/Versions/A/MultitouchSupport
0x0000000006ea3000 	/System/Library/Frameworks/IOKit.framework/Versions/A/IOKit
0x0000000006ea3000 	/usr/lib/libDiagnosticMessagesClient.dylib
0x0000000006ea3000 	/System/Library/Frameworks/CoreServices.framework/Versions/A/CoreServices
0x0000000006ea3000 	/System/Library/PrivateFrameworks/PerformanceAnalysis.framework/Versions/A/PerformanceAnalysis
0x0000000006ea3000 	/System/Library/PrivateFrameworks/GenerationalStorage.framework/Versions/A/GenerationalStorage
0x0000000006ea3000 	/System/Library/Frameworks/OpenGL.framework/Versions/A/OpenGL
0x0000000006ea3000 	/System/Library/PrivateFrameworks/Sharing.framework/Versions/A/Sharing
0x0000000006ea3000 	/System/Library/Frameworks/CoreGraphics.framework/Versions/A/CoreGraphics
0x0000000006ea3000 	/System/Library/Frameworks/CoreImage.framework/Versions/A/CoreImage
0x0000000006ea3000 	/System/Library/Frameworks/CoreText.framework/Versions/A/CoreText
0x0000000006ea3000 	/System/Library/Frameworks/ImageIO.framework/Versions/A/ImageIO
0x0000000006ea3000 	/System/Library/PrivateFrameworks/Backup.framework/Versions/A/Backup
0x0000000006ea3000 	/usr/lib/libextension.dylib
0x0000000006ea3000 	/usr/lib/libarchive.2.dylib
0x0000000006ea3000 	/System/Library/Frameworks/CFNetwork.framework/Versions/A/CFNetwork
0x0000000006ea3000 	/System/Library/Frameworks/SystemConfiguration.framework/Versions/A/SystemConfiguration
0x0000000006ea3000 	/usr/lib/libCRFSuite.dylib
0x0000000006ea3000 	/usr/lib/libc++.1.dylib
0x0000000006ea3000 	/usr/lib/libc++abi.dylib
0x0000000006ea3000 	/usr/lib/system/libcache.dylib
0x0000000006ea3000 	/usr/lib/system/libcommonCrypto.dylib
0x0000000006ea3000 	/usr/lib/system/libcompiler_rt.dylib
0x0000000006ea3000 	/usr/lib/system/libcopyfile.dylib
0x0000000006ea3000 	/usr/lib/system/libcorecrypto.dylib
0x0000000006ea3000 	/usr/lib/system/libdispatch.dylib
0x0000000006ea3000 	/usr/lib/system/libdyld.dylib
0x0000000006ea3000 	/usr/lib/system/libkeymgr.dylib
0x0000000006ea3000 	/usr/lib/system/liblaunch.dylib
0x0000000006ea3000 	/usr/lib/system/libmacho.dylib
0x0000000006ea3000 	/usr/lib/system/libquarantine.dylib
0x0000000006ea3000 	/usr/lib/system/libremovefile.dylib
0x0000000006ea3000 	/usr/lib/system/libsystem_asl.dylib
0x0000000006ea3000 	/usr/lib/system/libsystem_blocks.dylib
0x0000000006ea3000 	/usr/lib/system/libsystem_c.dylib
0x0000000006ea3000 	/usr/lib/system/libsystem_configuration.dylib
0x0000000006ea3000 	/usr/lib/system/libsystem_coreservices.dylib
0x0000000006ea3000 	/usr/lib/system/libsystem_coretls.dylib
0x0000000006ea3000 	/usr/lib/system/libsystem_dnssd.dylib
0x0000000006ea3000 	/usr/lib/system/libsystem_info.dylib
0x0000000006ea3000 	/usr/lib/system/libsystem_kernel.dylib
0x0000000006ea3000 	/usr/lib/system/libsystem_m.dylib
0x0000000006ea3000 	/usr/lib/system/libsystem_malloc.dylib
0x0000000006ea3000 	/usr/lib/system/libsystem_network.dylib
0x0000000006ea3000 	/usr/lib/system/libsystem_networkextension.dylib
0x0000000006ea3000 	/usr/lib/system/libsystem_notify.dylib
0x0000000006ea3000 	/usr/lib/system/libsystem_platform.dylib
0x0000000006ea3000 	/usr/lib/system/libsystem_pthread.dylib
0x0000000006ea3000 	/usr/lib/system/libsystem_sandbox.dylib
0x0000000006ea3000 	/usr/lib/system/libsystem_secinit.dylib
0x0000000006ea3000 	/usr/lib/system/libsystem_trace.dylib
0x0000000006ea3000 	/usr/lib/system/libunc.dylib
0x0000000006ea3000 	/usr/lib/system/libunwind.dylib
0x0000000006ea3000 	/usr/lib/system/libxpc.dylib
0x0000000006ea3000 	/usr/lib/libenergytrace.dylib
0x0000000006ea3000 	/usr/lib/libbsm.0.dylib
0x0000000006ea3000 	/usr/lib/system/libkxld.dylib
0x0000000006ea3000 	/usr/lib/libxar.1.dylib
0x0000000006ea3000 	/usr/lib/libsqlite3.dylib
0x0000000006ea3000 	/usr/lib/libpam.2.dylib
0x0000000006ea3000 	/usr/lib/libOpenScriptingUtil.dylib
0x0000000006ea3000 	/usr/lib/libbz2.1.0.dylib
0x0000000006ea3000 	/usr/lib/liblzma.5.dylib
0x0000000006ea3000 	/System/Library/Frameworks/CoreServices.framework/Versions/A/Frameworks/FSEvents.framework/Versions/A/FSEvents
0x0000000006ea3000 	/System/Library/Frameworks/CoreServices.framework/Versions/A/Frameworks/CarbonCore.framework/Versions/A/CarbonCore
0x0000000006ea3000 	/System/Library/Frameworks/CoreServices.framework/Versions/A/Frameworks/Metadata.framework/Versions/A/Metadata
0x0000000006ea3000 	/System/Library/Frameworks/CoreServices.framework/Versions/A/Frameworks/OSServices.framework/Versions/A/OSServices
0x0000000006ea3000 	/System/Library/Frameworks/CoreServices.framework/Versions/A/Frameworks/SearchKit.framework/Versions/A/SearchKit
0x0000000006ea3000 	/System/Library/Frameworks/CoreServices.framework/Versions/A/Frameworks/AE.framework/Versions/A/AE
0x0000000006ea3000 	/System/Library/Frameworks/CoreServices.framework/Versions/A/Frameworks/LaunchServices.framework/Versions/A/LaunchServices
0x0000000006ea3000 	/System/Library/Frameworks/CoreServices.framework/Versions/A/Frameworks/DictionaryServices.framework/Versions/A/DictionaryServices
0x0000000006ea3000 	/System/Library/Frameworks/CoreServices.framework/Versions/A/Frameworks/SharedFileList.framework/Versions/A/SharedFileList
0x0000000006ea3000 	/System/Library/Frameworks/NetFS.framework/Versions/A/NetFS
0x0000000006ea3000 	/System/Library/PrivateFrameworks/NetAuth.framework/Versions/A/NetAuth
0x0000000006ea3000 	/System/Library/PrivateFrameworks/login.framework/Versions/A/Frameworks/loginsupport.framework/Versions/A/loginsupport
0x0000000006ea3000 	/System/Library/PrivateFrameworks/TCC.framework/Versions/A/TCC
0x0000000006ea3000 	/usr/lib/libmecabra.dylib
0x0000000006ea3000 	/System/Library/Frameworks/ApplicationServices.framework/Versions/A/Frameworks/ATS.framework/Versions/A/ATS
0x0000000006ea3000 	/System/Library/Frameworks/ApplicationServices.framework/Versions/A/Frameworks/ColorSync.framework/Versions/A/ColorSync
0x0000000006ea3000 	/System/Library/Frameworks/ApplicationServices.framework/Versions/A/Frameworks/HIServices.framework/Versions/A/HIServices
0x0000000006ea3000 	/System/Library/Frameworks/ApplicationServices.framework/Versions/A/Frameworks/LangAnalysis.framework/Versions/A/LangAnalysis
0x0000000006ea3000 	/System/Library/Frameworks/ApplicationServices.framework/Versions/A/Frameworks/PrintCore.framework/Versions/A/PrintCore
0x0000000006ea3000 	/System/Library/Frameworks/ApplicationServices.framework/Versions/A/Frameworks/QD.framework/Versions/A/QD
0x0000000006ea3000 	/System/Library/Frameworks/ApplicationServices.framework/Versions/A/Frameworks/SpeechSynthesis.framework/Versions/A/SpeechSynthesis
0x0000000006ea3000 	/System/Library/Frameworks/Metal.framework/Versions/A/Metal
0x0000000006ea3000 	/System/Library/Frameworks/Accelerate.framework/Versions/A/Frameworks/vImage.framework/Versions/A/vImage
0x0000000006ea3000 	/System/Library/Frameworks/Accelerate.framework/Versions/A/Frameworks/vecLib.framework/Versions/A/vecLib
0x0000000006ea3000 	/System/Library/Frameworks/Accelerate.framework/Versions/A/Frameworks/vecLib.framework/Versions/A/libvDSP.dylib
0x0000000006ea3000 	/System/Library/Frameworks/Accelerate.framework/Versions/A/Frameworks/vecLib.framework/Versions/A/libvMisc.dylib
0x0000000006ea3000 	/System/Library/Frameworks/Accelerate.framework/Versions/A/Frameworks/vecLib.framework/Versions/A/libLAPACK.dylib
0x0000000006ea3000 	/System/Library/Frameworks/Accelerate.framework/Versions/A/Frameworks/vecLib.framework/Versions/A/libBLAS.dylib
0x0000000006ea3000 	/System/Library/Frameworks/Accelerate.framework/Versions/A/Frameworks/vecLib.framework/Versions/A/libLinearAlgebra.dylib
0x0000000006ea3000 	/System/Library/Frameworks/Accelerate.framework/Versions/A/Frameworks/vecLib.framework/Versions/A/libSparseBLAS.dylib
0x0000000006ea3000 	/System/Library/PrivateFrameworks/GPUCompiler.framework/libmetal_timestamp.dylib
0x0000000006ea3000 	/System/Library/Frameworks/OpenGL.framework/Versions/A/Libraries/libCoreFSCache.dylib
0x0000000006ea3000 	/System/Library/PrivateFrameworks/IOAccelerator.framework/Versions/A/IOAccelerator
0x0000000006ea3000 	/System/Library/Frameworks/ApplicationServices.framework/Versions/A/Frameworks/ATS.framework/Versions/A/Resources/libFontParser.dylib
0x0000000006ea3000 	/System/Library/Frameworks/ApplicationServices.framework/Versions/A/Frameworks/ATS.framework/Versions/A/Resources/libFontRegistry.dylib
0x0000000006ea3000 	/System/Library/PrivateFrameworks/AppleVPA.framework/Versions/A/AppleVPA
0x0000000006ea3000 	/System/Library/PrivateFrameworks/AppleJPEG.framework/Versions/A/AppleJPEG
0x0000000006ea3000 	/System/Library/Frameworks/ImageIO.framework/Versions/A/Resources/libJPEG.dylib
0x0000000006ea3000 	/System/Library/Frameworks/ImageIO.framework/Versions/A/Resources/libTIFF.dylib
0x0000000006ea3000 	/System/Library/Frameworks/ImageIO.framework/Versions/A/Resources/libPng.dylib
0x0000000006ea3000 	/System/Library/Frameworks/ImageIO.framework/Versions/A/Resources/libGIF.dylib
0x0000000006ea3000 	/System/Library/Frameworks/ImageIO.framework/Versions/A/Resources/libJP2.dylib
0x0000000006ea3000 	/System/Library/Frameworks/ImageIO.framework/Versions/A/Resources/libRadiance.dylib
0x0000000006ea3000 	/System/Library/Frameworks/CoreVideo.framework/Versions/A/CoreVideo
0x0000000006ea3000 	/System/Library/Frameworks/OpenGL.framework/Versions/A/Libraries/libGLU.dylib
0x0000000006ea3000 	/System/Library/Frameworks/OpenGL.framework/Versions/A/Libraries/libGFXShared.dylib
0x0000000006ea3000 	/System/Library/Frameworks/OpenGL.framework/Versions/A/Libraries/libGL.dylib
0x0000000006ea3000 	/System/Library/Frameworks/OpenGL.framework/Versions/A/Libraries/libGLImage.dylib
0x0000000006ea3000 	/System/Library/Frameworks/OpenGL.framework/Versions/A/Libraries/libCVMSPluginSupport.dylib
0x0000000006ea3000 	/System/Library/Frameworks/OpenGL.framework/Versions/A/Libraries/libCoreVMClient.dylib
0x0000000006ea3000 	/usr/lib/libcups.2.dylib
0x0000000006ea3000 	/System/Library/Frameworks/Kerberos.framework/Versions/A/Kerberos
0x0000000006ea3000 	/System/Library/Frameworks/GSS.framework/Versions/A/GSS
0x0000000006ea3000 	/usr/lib/libresolv.9.dylib
0x0000000006ea3000 	/usr/lib/libiconv.2.dylib
0x0000000006ea3000 	/System/Library/PrivateFrameworks/Heimdal.framework/Versions/A/Heimdal
0x0000000006ea3000 	/usr/lib/libheimdal-asn1.dylib
0x0000000006ea3000 	/System/Library/Frameworks/OpenDirectory.framework/Versions/A/OpenDirectory
0x0000000006ea3000 	/System/Library/PrivateFrameworks/CommonAuth.framework/Versions/A/CommonAuth
0x0000000006ea3000 	/System/Library/Frameworks/OpenDirectory.framework/Versions/A/Frameworks/CFOpenDirectory.framework/Versions/A/CFOpenDirectory
0x0000000006ea3000 	/System/Library/Frameworks/SecurityFoundation.framework/Versions/A/SecurityFoundation
0x0000000006ea3000 	/System/Library/PrivateFrameworks/LanguageModeling.framework/Versions/A/LanguageModeling
0x0000000006ea3000 	/usr/lib/libmarisa.dylib
0x0000000006ea3000 	/usr/lib/libChineseTokenizer.dylib
0x0000000006ea3000 	/usr/lib/libcmph.dylib
0x0000000006ea3000 	/usr/lib/libcompression.dylib
0x0000000006ea3000 	/System/Library/Frameworks/ServiceManagement.framework/Versions/A/ServiceManagement
0x0000000006ea3000 	/usr/lib/libxslt.1.dylib
0x0000000006ea3000 	/System/Library/Frameworks/Carbon.framework/Versions/A/Frameworks/Ink.framework/Versions/A/Ink
0x0000000006ea3000 	/usr/lib/libFosl_dynamic.dylib
0x0000000006ea3000 	/System/Library/PrivateFrameworks/FaceCore.framework/Versions/A/FaceCore
0x0000000006ea3000 	/System/Library/Frameworks/OpenCL.framework/Versions/A/OpenCL
0x0000000006ea3000 	/System/Library/PrivateFrameworks/CrashReporterSupport.framework/Versions/A/CrashReporterSupport
0x0000000006ea3000 	/System/Library/PrivateFrameworks/IconServices.framework/Versions/A/IconServices
0x0000000006ea3000 	/System/Library/PrivateFrameworks/Apple80211.framework/Versions/A/Apple80211
0x0000000006ea3000 	/System/Library/Frameworks/CoreWLAN.framework/Versions/A/CoreWLAN
0x0000000006ea3000 	/System/Library/Frameworks/IOBluetooth.framework/Versions/A/IOBluetooth
0x0000000006ea3000 	/System/Library/PrivateFrameworks/CoreWiFi.framework/Versions/A/CoreWiFi
0x0000000006ea3000 	/System/Library/Frameworks/CoreBluetooth.framework/Versions/A/CoreBluetooth
0x0000000006ea3000 	/System/Library/PrivateFrameworks/ChunkingLibrary.framework/Versions/A/ChunkingLibrary
0x0000000006ea3000 	/System/Library/PrivateFrameworks/DebugSymbols.framework/Versions/A/DebugSymbols
0x0000000006ea3000 	/System/Library/PrivateFrameworks/CoreSymbolication.framework/Versions/A/CoreSymbolication
0x0000000006ea3000 	/System/Library/PrivateFrameworks/Symbolication.framework/Versions/A/Symbolication
0x0000000006ea3000 	/System/Library/PrivateFrameworks/SpeechRecognitionCore.framework/Versions/A/SpeechRecognitionCore
0x0000000107200000 	/Library/Java/JavaVirtualMachines/jdk1.8.0_73.jdk/Contents/Home/jre/lib/server/libjvm.dylib
0x0000000006ea3000 	/usr/lib/libstdc++.6.dylib
0x0000000106101000 	/Library/Java/JavaVirtualMachines/jdk1.8.0_73.jdk/Contents/Home/jre/lib/libverify.dylib
0x000000010610f000 	/Library/Java/JavaVirtualMachines/jdk1.8.0_73.jdk/Contents/Home/jre/lib/libjava.dylib
0x000000010614e000 	/Library/Java/JavaVirtualMachines/jdk1.8.0_73.jdk/Contents/Home/jre/lib/libzip.dylib
0x000000011e6ce000 	/System/Library/Frameworks/JavaVM.framework/Frameworks/JavaRuntimeSupport.framework/JavaRuntimeSupport
0x000000011e6e9000 	/System/Library/Frameworks/JavaVM.framework/Versions/A/Frameworks/JavaNativeFoundation.framework/Versions/A/JavaNativeFoundation
0x000000011e6fe000 	/System/Library/Frameworks/JavaVM.framework/Versions/A/JavaVM
0x0000000006ea3000 	/System/Library/Frameworks/Carbon.framework/Versions/A/Carbon
0x000000011e70b000 	/System/Library/PrivateFrameworks/JavaLaunching.framework/Versions/A/JavaLaunching
0x0000000006ea3000 	/System/Library/Frameworks/Carbon.framework/Versions/A/Frameworks/CommonPanels.framework/Versions/A/CommonPanels
0x0000000006ea3000 	/System/Library/Frameworks/Carbon.framework/Versions/A/Frameworks/Help.framework/Versions/A/Help
0x0000000006ea3000 	/System/Library/Frameworks/Carbon.framework/Versions/A/Frameworks/ImageCapture.framework/Versions/A/ImageCapture
0x0000000006ea3000 	/System/Library/Frameworks/Carbon.framework/Versions/A/Frameworks/OpenScripting.framework/Versions/A/OpenScripting
0x0000000006ea3000 	/System/Library/Frameworks/Carbon.framework/Versions/A/Frameworks/Print.framework/Versions/A/Print
0x0000000006ea3000 	/System/Library/Frameworks/Carbon.framework/Versions/A/Frameworks/SecurityHI.framework/Versions/A/SecurityHI
0x0000000120103000 	/Library/Java/JavaVirtualMachines/jdk1.8.0_73.jdk/Contents/Home/jre/lib/libprism_es2.dylib
0x0000000006ea3000 	/System/Library/Frameworks/OpenGL.framework/Versions/A/Resources/GLEngine.bundle/GLEngine
0x0000000006ea3000 	/System/Library/Frameworks/OpenGL.framework/Versions/A/Libraries/libGLProgrammability.dylib
0x0000000120185000 	/System/Library/Extensions/AppleIntelHD4000GraphicsGLDriver.bundle/Contents/MacOS/AppleIntelHD4000GraphicsGLDriver
0x0000000006ea3000 	/System/Library/PrivateFrameworks/GPUSupport.framework/Versions/A/Libraries/libGPUSupportMercury.dylib
0x0000000006ea3000 	/System/Library/Extensions/GeForceGLDriver.bundle/Contents/MacOS/GeForceGLDriver
0x0000000006ea3000 	/System/Library/Extensions/GeForceGLDriver.bundle/Contents/MacOS/libclh.dylib
0x0000000006ea3000 	/System/Library/Frameworks/OpenGL.framework/Versions/A/Resources/GLRendererFloat.bundle/GLRendererFloat
0x0000000006ea3000 	/System/Library/Frameworks/OpenCL.framework/Versions/A/Libraries/libcldcpuengine.dylib
0x0000000006ea3000 	/System/Library/PrivateFrameworks/DiskImages.framework/Versions/A/DiskImages
0x0000000006ea3000 	/System/Library/Frameworks/DiscRecording.framework/Versions/A/DiscRecording
0x0000000006ea3000 	/usr/lib/libcsfde.dylib
0x0000000006ea3000 	/usr/lib/libcurl.4.dylib
0x0000000006ea3000 	/System/Library/PrivateFrameworks/MediaKit.framework/Versions/A/MediaKit
0x0000000006ea3000 	/System/Library/PrivateFrameworks/ProtectedCloudStorage.framework/Versions/A/ProtectedCloudStorage
0x0000000006ea3000 	/usr/lib/libCoreStorage.dylib
0x0000000006ea3000 	/System/Library/PrivateFrameworks/EFILogin.framework/Versions/A/EFILogin
0x0000000006ea3000 	/usr/lib/libutil.dylib
0x0000000006ea3000 	/System/Library/PrivateFrameworks/FindMyDevice.framework/Versions/A/FindMyDevice
0x0000000006ea3000 	/System/Library/Frameworks/LDAP.framework/Versions/A/LDAP
0x0000000006ea3000 	/usr/lib/libsasl2.2.dylib
0x0000000006ea3000 	/System/Library/PrivateFrameworks/CoreDaemon.framework/Versions/B/CoreDaemon
0x0000000006ea3000 	/usr/lib/libcrypto.0.9.8.dylib
0x0000000006ea3000 	/System/Library/PrivateFrameworks/AppleSRP.framework/Versions/A/AppleSRP
0x0000000006ea3000 	/System/Library/PrivateFrameworks/TrustEvaluationAgent.framework/Versions/A/TrustEvaluationAgent
0x0000000120aba000 	/Library/Java/JavaVirtualMachines/jdk1.8.0_73.jdk/Contents/Home/jre/lib/libglass.dylib
0x0000000006ea3000 	/System/Library/PrivateFrameworks/CoreServicesInternal.framework/Versions/A/CoreServicesInternal
0x0000000006ea3000 	/System/Library/CoreServices/RawCamera.bundle/Contents/MacOS/RawCamera
0x0000000006ea3000 	/System/Library/Frameworks/CoreGraphics.framework/Versions/A/Resources/libRIP.A.dylib
0x0000000006ea3000 	/System/Library/Frameworks/Accelerate.framework/Versions/A/Frameworks/vImage.framework/Versions/A/Libraries/libCGInterfaces.dylib
0x0000000006ea3000 	/System/Library/PrivateFrameworks/FamilyControls.framework/Versions/A/FamilyControls
0x0000000006ea3000 	/System/Library/PrivateFrameworks/CommerceKit.framework/Versions/A/Frameworks/CommerceCore.framework/Versions/A/CommerceCore
0x0000000006ea3000 	/System/Library/PrivateFrameworks/SystemAdministration.framework/Versions/A/SystemAdministration
0x0000000006ea3000 	/System/Library/PrivateFrameworks/AppContainer.framework/Versions/A/AppContainer
0x0000000006ea3000 	/System/Library/PrivateFrameworks/SecCodeWrapper.framework/Versions/A/SecCodeWrapper
0x0000000006ea3000 	/System/Library/Frameworks/DirectoryService.framework/Versions/A/DirectoryService
0x0000000006ea3000 	/System/Library/PrivateFrameworks/LoginUIKit.framework/Versions/A/Frameworks/LoginUICore.framework/Versions/A/LoginUICore
0x0000000006ea3000 	/usr/lib/libodfde.dylib
0x0000000124540000 	/Library/Java/JavaVirtualMachines/jdk1.8.0_73.jdk/Contents/Home/jre/lib/libjfxwebkit.dylib
0x0000000126a00000 	/Library/Java/JavaVirtualMachines/jdk1.8.0_73.jdk/Contents/Home/jre/lib/libnio.dylib
0x0000000126a10000 	/Library/Java/JavaVirtualMachines/jdk1.8.0_73.jdk/Contents/Home/jre/lib/./libnet.dylib
0x0000000127025000 	/Library/Java/JavaVirtualMachines/jdk1.8.0_73.jdk/Contents/Home/jre/lib/libsunec.dylib
0x0000000120852000 	/Library/Java/JavaVirtualMachines/jdk1.8.0_73.jdk/Contents/Home/jre/lib/libjavafx_font.dylib
0x0000000006ea3000 	/System/Library/Frameworks/CoreGraphics.framework/Versions/A/Resources/libCGXType.A.dylib
0x0000000128142000 	cl_kernels
0x0000000006ea3000 	/System/Library/Frameworks/OpenCL.framework/Versions/A/Libraries/ImageFormats/unorm8_bgra.dylib
0x0000000006ea3000 	/System/Library/Frameworks/OpenCL.framework/Versions/A/Libraries/ImageFormats/unorm8_rgba.dylib
0x000000012ce3e000 	/Library/Java/JavaVirtualMachines/jdk1.8.0_73.jdk/Contents/Home/jre/lib/libprism_common.dylib
0x000000012eb53000 	/System/Library/Extensions/GeForceMTLDriver.bundle/Contents/MacOS/GeForceMTLDriver
0x000000012ec03000 	/System/Library/Extensions/AppleIntelHD4000GraphicsMTLDriver.bundle/Contents/MacOS/AppleIntelHD4000GraphicsMTLDriver

VM Arguments:
jvm_args: -Dfile.encoding=UTF-8 
java_command: com.busenzo.gui.BusTracker
java_class_path (initial): /Users/fhict/Bus-Tracker/GMapsFX-2.0.5-SNAPSHOT.jar:/Applications/NetBeans/NetBeans 8.1.app/Contents/Resources/NetBeans/platform/modules/ext/junit-4.12.jar:/Users/fhict/Bus-Tracker/json-simple-1.1.1.jar:/Users/fhict/Bus-Tracker/build/classes
Launcher Type: SUN_STANDARD

Environment Variables:
PATH=/usr/bin:/bin:/usr/sbin:/sbin
LD_LIBRARY_PATH=/Library/Java/JavaVirtualMachines/jdk1.8.0_73.jdk/Contents/Home/jre/lib/amd64:/Library/Java/JavaVirtualMachines/jdk1.8.0_73.jdk/Contents/Home/jre/lib/i386:
SHELL=/bin/bash

Signal Handlers:
SIGSEGV: [libjvm.dylib+0x5a71a5], sa_mask[0]=11111111011111110111111111111111, sa_flags=SA_ONSTACK|SA_RESTART|SA_SIGINFO
SIGBUS: [libjvm.dylib+0x5a71a5], sa_mask[0]=11111111011111110111111111111111, sa_flags=SA_RESTART|SA_SIGINFO
SIGFPE: [libjvm.dylib+0x480eb4], sa_mask[0]=11111111011111110111111111111111, sa_flags=SA_RESTART|SA_SIGINFO
SIGPIPE: [libjvm.dylib+0x480eb4], sa_mask[0]=11111111011111110111111111111111, sa_flags=SA_RESTART|SA_SIGINFO
SIGXFSZ: [libjvm.dylib+0x480eb4], sa_mask[0]=11111111011111110111111111111111, sa_flags=SA_RESTART|SA_SIGINFO
SIGILL: [libjvm.dylib+0x480eb4], sa_mask[0]=11111111011111110111111111111111, sa_flags=SA_RESTART|SA_SIGINFO
SIGUSR1: SIG_DFL, sa_mask[0]=00000000000000000000000000000000, sa_flags=none
SIGUSR2: [libjvm.dylib+0x4809d2], sa_mask[0]=00100000000000000000000000000000, sa_flags=SA_RESTART|SA_SIGINFO
SIGHUP: [libjvm.dylib+0x47efa9], sa_mask[0]=11111111011111110111111111111111, sa_flags=SA_RESTART|SA_SIGINFO
SIGINT: SIG_IGN, sa_mask[0]=00000000000000000000000000000000, sa_flags=none
SIGTERM: [libjvm.dylib+0x47efa9], sa_mask[0]=11111111011111110111111111111111, sa_flags=SA_RESTART|SA_SIGINFO
SIGQUIT: [libjvm.dylib+0x47efa9], sa_mask[0]=11111111011111110111111111111111, sa_flags=SA_RESTART|SA_SIGINFO


---------------  S Y S T E M  ---------------

OS:Bsduname:Darwin 15.3.0 Darwin Kernel Version 15.3.0: Thu Dec 10 18:40:58 PST 2015; root:xnu-3248.30.4~1/RELEASE_X86_64 x86_64
rlimit: STACK 8192k, CORE 0k, NPROC 709, NOFILE 10240, AS infinity
load average:2.45 2.17 2.13

CPU:total 8 (4 cores per cpu, 2 threads per core) family 6 model 58 stepping 9, cmov, cx8, fxsr, mmx, sse, sse2, sse3, ssse3, sse4.1, sse4.2, popcnt, avx, aes, clmul, erms, ht, tsc, tscinvbit, tscinv

Memory: 4k page, physical 8388608k(180916k free)

/proc/meminfo:


vm_info: Java HotSpot(TM) 64-Bit Server VM (25.73-b02) for bsd-amd64 JRE (1.8.0_73-b02), built on Jan 29 2016 15:02:00 by "java_re" with gcc 4.2.1 (Based on Apple Inc. build 5658) (LLVM build 2336.11.00)

time: Mon Apr 25 09:07:26 2016
elapsed time: 124 seconds (0d 0h 2m 4s)

